<?xml version="1.0" encoding="UTF-8"?>
<testsuites name="verificationHod" time="170" tests="3" failures="1" errors="0">
   <testsuite name="verificationHod" tests="3" failures="1" errors="0" time="170" timestamp="2019-04-17 17:45:15" hostname="HP - DESKTOP-2D7LI1O" id="Test Suites/verificationHod">
      <properties>
         <property name="deviceName" value=""/>
         <property name="devicePlatform" value=""/>
         <property name="logFolder" value="C:\\Users\\HP\\git\\chiraghAdminPanel\\Reports\\verificationHod\\20190417_174507"/>
         <property name="logFiles" value="C:\\Users\\HP\\git\\chiraghAdminPanel\\Reports\\verificationHod\\20190417_174507\\execution0.log"/>
         <property name="attachments" value="C:\\Users\\HP\\git\\chiraghAdminPanel\\Reports\\verificationHod\\20190417_174507\\1555505284166.png"/>
         <property name="hostName" value="HP - DESKTOP-2D7LI1O"/>
         <property name="os" value="Windows 10 64bit"/>
         <property name="katalonVersion" value="5.10.1.1"/>
         <property name="browser" value="Chrome 73.0.3683.103"/>
         <property name="hostAddress" value="192.168.0.163"/>
         <property name="sessionId" value="a017ac54b9ad8ae7f60a15fb1ef83777"/>
         <property name="seleniumVersion" value="3.7.1"/>
         <property name="proxyInformation" value="ProxyInformation{proxyOption=NO_PROXY, proxyServerType=HTTP, password=, proxyServerAddress=, proxyServerPort=0}"/>
         <property name="platform" value="Windows 10"/>
      </properties>
      <testcase name="Test Cases/verification hod/buyer/approved" classname="Test Cases/verification hod/buyer/approved" status="PASSED">
         <system-out><![CDATA[2019-04-17 17:45:15 - [TEST_CASE][PASSED] - Test Cases/verification hod/buyer/approved: Test Cases/verification hod/buyer/approved

2019-04-17 17:45:16 - [TEST_STEP][PASSED] - openBrowser(""): Browser is opened with url: ''

2019-04-17 17:45:16 - [MESSAGE][INFO] - Starting 'Chrome' driver

2019-04-17 17:45:16 - [MESSAGE][INFO] - Action delay is set to 0 seconds

2019-04-17 17:45:20 - [MESSAGE][PASSED] - Browser is opened with url: ''

2019-04-17 17:45:20 - [TEST_STEP][PASSED] - navigateToUrl("http://admin-chiragh.surge.sh/"): Navigate to 'http://admin-chiragh.surge.sh/' successfully

2019-04-17 17:45:29 - [MESSAGE][PASSED] - Navigate to 'http://admin-chiragh.surge.sh/' successfully

2019-04-17 17:45:29 - [TEST_STEP][PASSED] - maximizeWindow(): Current window maximized

2019-04-17 17:45:30 - [MESSAGE][PASSED] - Current window maximized

2019-04-17 17:45:30 - [TEST_STEP][PASSED] - waitForPageLoad(8): Wait for page load successfully

2019-04-17 17:45:30 - [MESSAGE][PASSED] - Wait for page load successfully

2019-04-17 17:45:30 - [TEST_STEP][PASSED] - click(findTestObject("Object Repository/verification hod/approved leads tab/Page_Chiragh.com Admin/div_Username")): Object: 'Object Repository/verification hod/approved leads tab/Page_Chiragh.com Admin/div_Username' is clicked on

2019-04-17 17:45:30 - [MESSAGE][PASSED] - Object: 'Object Repository/verification hod/approved leads tab/Page_Chiragh.com Admin/div_Username' is clicked on

2019-04-17 17:45:30 - [TEST_STEP][PASSED] - setText(findTestObject("Object Repository/verification hod/approved leads tab/Page_Chiragh.com Admin/input_Admin Panel_userName"), "arsalankhalid"): Text 'arsalankhalid' is set on object 'Object Repository/verification hod/approved leads tab/Page_Chiragh.com Admin/input_Admin Panel_userName'

2019-04-17 17:45:31 - [MESSAGE][PASSED] - Text 'arsalankhalid' is set on object 'Object Repository/verification hod/approved leads tab/Page_Chiragh.com Admin/input_Admin Panel_userName'

2019-04-17 17:45:31 - [TEST_STEP][PASSED] - setEncryptedText(findTestObject("Object Repository/verification hod/approved leads tab/Page_Chiragh.com Admin/input_Username_password"), "RigbBhfdqODKcAsiUrg+1Q=="): Text ****** has been set on object 'Object Repository/verification hod/approved leads tab/Page_Chiragh.com Admin/input_Username_password'

2019-04-17 17:45:31 - [MESSAGE][PASSED] - Text ****** has been set on object 'Object Repository/verification hod/approved leads tab/Page_Chiragh.com Admin/input_Username_password'

2019-04-17 17:45:31 - [TEST_STEP][PASSED] - click(findTestObject("Object Repository/verification hod/approved leads tab/Page_Chiragh.com Admin/button_Login")): Object: 'Object Repository/verification hod/approved leads tab/Page_Chiragh.com Admin/button_Login' is clicked on

2019-04-17 17:45:31 - [MESSAGE][PASSED] - Object: 'Object Repository/verification hod/approved leads tab/Page_Chiragh.com Admin/button_Login' is clicked on

2019-04-17 17:45:31 - [TEST_STEP][PASSED] - click(findTestObject("Object Repository/verification hod/buyer/Page_Chiragh.com Admin/a_Buyer")): Object: 'Object Repository/verification hod/buyer/Page_Chiragh.com Admin/a_Buyer' is clicked on

2019-04-17 17:45:35 - [MESSAGE][PASSED] - Object: 'Object Repository/verification hod/buyer/Page_Chiragh.com Admin/a_Buyer' is clicked on

2019-04-17 17:45:35 - [TEST_STEP][PASSED] - delay(5): Delayed 5 second(s)

2019-04-17 17:45:40 - [MESSAGE][PASSED] - Delayed 5 second(s)

2019-04-17 17:45:40 - [TEST_STEP][PASSED] - click(findTestObject("Object Repository/verification hod/approved leads tab/Page_Chiragh.com Admin/a_Approved Leads")): Object: 'Object Repository/verification hod/approved leads tab/Page_Chiragh.com Admin/a_Approved Leads' is clicked on

2019-04-17 17:45:40 - [MESSAGE][PASSED] - Object: 'Object Repository/verification hod/approved leads tab/Page_Chiragh.com Admin/a_Approved Leads' is clicked on

2019-04-17 17:45:40 - [TEST_STEP][PASSED] - delay(15): Delayed 15 second(s)

2019-04-17 17:45:55 - [MESSAGE][PASSED] - Delayed 15 second(s)

2019-04-17 17:45:55 - [TEST_STEP][PASSED] - if (verifyElementPresent(findTestObject("Object Repository/verification hod/approved leads tab/Page_Chiragh.com Admin/th_Assignee"), 4) && verifyElementPresent(findTestObject("Object Repository/verification hod/approved leads tab/Page_Chiragh.com Admin/span_Approved"), 4)): Browser is closed

2019-04-17 17:45:55 - [MESSAGE][PASSED] - Object 'Object Repository/verification hod/approved leads tab/Page_Chiragh.com Admin/th_Assignee' is present

2019-04-17 17:45:55 - [MESSAGE][PASSED] - Object 'Object Repository/verification hod/approved leads tab/Page_Chiragh.com Admin/span_Approved' is present

2019-04-17 17:45:55 - [TEST_STEP][PASSED] - closeBrowser(): Browser is closed

2019-04-17 17:45:56 - [MESSAGE][PASSED] - Browser is closed]]></system-out>
         <system-err><![CDATA[]]></system-err>
      </testcase>
      <testcase name="Test Cases/verification hod/buyer/archived" classname="Test Cases/verification hod/buyer/archived" status="PASSED">
         <system-out><![CDATA[2019-04-17 17:45:56 - [TEST_CASE][PASSED] - Test Cases/verification hod/buyer/archived: Test Cases/verification hod/buyer/archived

2019-04-17 17:45:56 - [TEST_STEP][PASSED] - openBrowser(""): Browser is opened with url: ''

2019-04-17 17:45:56 - [MESSAGE][INFO] - Starting 'Chrome' driver

2019-04-17 17:45:59 - [MESSAGE][PASSED] - Browser is opened with url: ''

2019-04-17 17:45:59 - [TEST_STEP][PASSED] - navigateToUrl("http://admin-chiragh.surge.sh/"): Navigate to 'http://admin-chiragh.surge.sh/' successfully

2019-04-17 17:46:07 - [MESSAGE][PASSED] - Navigate to 'http://admin-chiragh.surge.sh/' successfully

2019-04-17 17:46:07 - [TEST_STEP][PASSED] - maximizeWindow(): Current window maximized

2019-04-17 17:46:08 - [MESSAGE][PASSED] - Current window maximized

2019-04-17 17:46:08 - [TEST_STEP][PASSED] - waitForPageLoad(8): Wait for page load successfully

2019-04-17 17:46:08 - [MESSAGE][PASSED] - Wait for page load successfully

2019-04-17 17:46:08 - [TEST_STEP][PASSED] - click(findTestObject("Object Repository/verification hod/archived leads tab/Page_Chiragh.com Admin/div_Username")): Object: 'Object Repository/verification hod/archived leads tab/Page_Chiragh.com Admin/div_Username' is clicked on

2019-04-17 17:46:08 - [MESSAGE][PASSED] - Object: 'Object Repository/verification hod/archived leads tab/Page_Chiragh.com Admin/div_Username' is clicked on

2019-04-17 17:46:08 - [TEST_STEP][PASSED] - setText(findTestObject("Object Repository/verification hod/archived leads tab/Page_Chiragh.com Admin/input_Admin Panel_userName"), "arsalankhalid"): Text 'arsalankhalid' is set on object 'Object Repository/verification hod/archived leads tab/Page_Chiragh.com Admin/input_Admin Panel_userName'

2019-04-17 17:46:08 - [MESSAGE][PASSED] - Text 'arsalankhalid' is set on object 'Object Repository/verification hod/archived leads tab/Page_Chiragh.com Admin/input_Admin Panel_userName'

2019-04-17 17:46:08 - [TEST_STEP][PASSED] - click(findTestObject("Object Repository/verification hod/archived leads tab/Page_Chiragh.com Admin/div_Password")): Object: 'Object Repository/verification hod/archived leads tab/Page_Chiragh.com Admin/div_Password' is clicked on

2019-04-17 17:46:08 - [MESSAGE][PASSED] - Object: 'Object Repository/verification hod/archived leads tab/Page_Chiragh.com Admin/div_Password' is clicked on

2019-04-17 17:46:08 - [TEST_STEP][PASSED] - setEncryptedText(findTestObject("Object Repository/verification hod/archived leads tab/Page_Chiragh.com Admin/input_Username_password"), "RigbBhfdqODKcAsiUrg+1Q=="): Text ****** has been set on object 'Object Repository/verification hod/archived leads tab/Page_Chiragh.com Admin/input_Username_password'

2019-04-17 17:46:09 - [MESSAGE][PASSED] - Text ****** has been set on object 'Object Repository/verification hod/archived leads tab/Page_Chiragh.com Admin/input_Username_password'

2019-04-17 17:46:09 - [TEST_STEP][PASSED] - doubleClick(findTestObject("Object Repository/verification hod/archived leads tab/Page_Chiragh.com Admin/span_Login")): Object: 'Object Repository/verification hod/archived leads tab/Page_Chiragh.com Admin/span_Login' is double clicked on

2019-04-17 17:46:09 - [MESSAGE][PASSED] - Object: 'Object Repository/verification hod/archived leads tab/Page_Chiragh.com Admin/span_Login' is double clicked on

2019-04-17 17:46:09 - [TEST_STEP][PASSED] - click(findTestObject("Object Repository/verification hod/buyer/Page_Chiragh.com Admin/a_Buyer")): Object: 'Object Repository/verification hod/buyer/Page_Chiragh.com Admin/a_Buyer' is clicked on

2019-04-17 17:46:12 - [MESSAGE][PASSED] - Object: 'Object Repository/verification hod/buyer/Page_Chiragh.com Admin/a_Buyer' is clicked on

2019-04-17 17:46:12 - [TEST_STEP][PASSED] - click(findTestObject("Object Repository/verification hod/archived leads tab/Page_Chiragh.com Admin/a_Archived Leads")): Object: 'Object Repository/verification hod/archived leads tab/Page_Chiragh.com Admin/a_Archived Leads' is clicked on

2019-04-17 17:46:12 - [MESSAGE][PASSED] - Object: 'Object Repository/verification hod/archived leads tab/Page_Chiragh.com Admin/a_Archived Leads' is clicked on

2019-04-17 17:46:12 - [TEST_STEP][PASSED] - delay(10): Delayed 10 second(s)

2019-04-17 17:46:22 - [MESSAGE][PASSED] - Delayed 10 second(s)

2019-04-17 17:46:22 - [TEST_STEP][PASSED] - if (verifyElementPresent(findTestObject("Object Repository/verification hod/archived leads tab/Page_Chiragh.com Admin/th_Assignee"), 4) && verifyElementPresent(findTestObject("Object Repository/verification hod/archived leads tab/Page_Chiragh.com Admin/span_archived"), 4)): Browser is closed

2019-04-17 17:46:22 - [MESSAGE][PASSED] - Object 'Object Repository/verification hod/archived leads tab/Page_Chiragh.com Admin/th_Assignee' is present

2019-04-17 17:46:22 - [MESSAGE][PASSED] - Object 'Object Repository/verification hod/archived leads tab/Page_Chiragh.com Admin/span_archived' is present

2019-04-17 17:46:22 - [TEST_STEP][PASSED] - closeBrowser(): Browser is closed

2019-04-17 17:46:23 - [MESSAGE][PASSED] - Browser is closed]]></system-out>
         <system-err><![CDATA[]]></system-err>
      </testcase>
      <testcase name="Test Cases/verification hod/buyer/new leads tab" classname="Test Cases/verification hod/buyer/new leads tab" status="PASSED">
         <system-out><![CDATA[2019-04-17 17:46:23 - [TEST_CASE][PASSED] - Test Cases/verification hod/buyer/new leads tab: Test Cases/verification hod/buyer/new leads tab

2019-04-17 17:46:23 - [TEST_STEP][PASSED] - openBrowser(""): Browser is opened with url: ''

2019-04-17 17:46:23 - [MESSAGE][INFO] - Starting 'Chrome' driver

2019-04-17 17:46:26 - [MESSAGE][PASSED] - Browser is opened with url: ''

2019-04-17 17:46:26 - [TEST_STEP][PASSED] - navigateToUrl(url): Navigate to 'http://admin-chiragh.surge.sh' successfully

2019-04-17 17:46:26 - [MESSAGE][WARNING] - Test object with id 'Object Repository/property by name/Page_Chiragh/h2_Project 51468 Penthouse wit' does not exist

2019-04-17 17:46:34 - [MESSAGE][PASSED] - Navigate to 'http://admin-chiragh.surge.sh' successfully

2019-04-17 17:46:34 - [TEST_STEP][PASSED] - maximizeWindow(): Current window maximized

2019-04-17 17:46:35 - [MESSAGE][PASSED] - Current window maximized

2019-04-17 17:46:35 - [TEST_STEP][PASSED] - waitForPageLoad(8): Wait for page load successfully

2019-04-17 17:46:35 - [MESSAGE][PASSED] - Wait for page load successfully

2019-04-17 17:46:35 - [TEST_STEP][PASSED] - setText(findTestObject("Object Repository/verification hod/new leads tab/Page_Chiragh.com Admin/input_Admin Panel_userName"), "arsalankhalid"): Text 'arsalankhalid' is set on object 'Object Repository/verification hod/new leads tab/Page_Chiragh.com Admin/input_Admin Panel_userName'

2019-04-17 17:46:36 - [MESSAGE][PASSED] - Text 'arsalankhalid' is set on object 'Object Repository/verification hod/new leads tab/Page_Chiragh.com Admin/input_Admin Panel_userName'

2019-04-17 17:46:36 - [TEST_STEP][PASSED] - click(findTestObject("Object Repository/verification hod/new leads tab/Page_Chiragh.com Admin/div_Password")): Object: 'Object Repository/verification hod/new leads tab/Page_Chiragh.com Admin/div_Password' is clicked on

2019-04-17 17:46:36 - [MESSAGE][PASSED] - Object: 'Object Repository/verification hod/new leads tab/Page_Chiragh.com Admin/div_Password' is clicked on

2019-04-17 17:46:36 - [TEST_STEP][PASSED] - setEncryptedText(findTestObject("Object Repository/verification hod/new leads tab/Page_Chiragh.com Admin/input_Username_password"), "RigbBhfdqODKcAsiUrg+1Q=="): Text ****** has been set on object 'Object Repository/verification hod/new leads tab/Page_Chiragh.com Admin/input_Username_password'

2019-04-17 17:46:36 - [MESSAGE][PASSED] - Text ****** has been set on object 'Object Repository/verification hod/new leads tab/Page_Chiragh.com Admin/input_Username_password'

2019-04-17 17:46:36 - [TEST_STEP][PASSED] - click(findTestObject("Object Repository/verification hod/new leads tab/Page_Chiragh.com Admin/button_Login")): Object: 'Object Repository/verification hod/new leads tab/Page_Chiragh.com Admin/button_Login' is clicked on

2019-04-17 17:46:36 - [MESSAGE][PASSED] - Object: 'Object Repository/verification hod/new leads tab/Page_Chiragh.com Admin/button_Login' is clicked on

2019-04-17 17:46:36 - [TEST_STEP][PASSED] - waitForPageLoad(8): Wait for page load successfully

2019-04-17 17:46:36 - [MESSAGE][PASSED] - Wait for page load successfully

2019-04-17 17:46:36 - [TEST_STEP][PASSED] - click(findTestObject("Object Repository/verification hod/buyer/Page_Chiragh.com Admin/a_Buyer")): Object: 'Object Repository/verification hod/buyer/Page_Chiragh.com Admin/a_Buyer' is clicked on

2019-04-17 17:46:40 - [MESSAGE][PASSED] - Object: 'Object Repository/verification hod/buyer/Page_Chiragh.com Admin/a_Buyer' is clicked on

2019-04-17 17:46:40 - [TEST_STEP][PASSED] - delay(5): Delayed 5 second(s)

2019-04-17 17:46:45 - [MESSAGE][PASSED] - Delayed 5 second(s)

2019-04-17 17:46:45 - [TEST_STEP][PASSED] - click(findTestObject("Object Repository/verification hod/new leads tab/Page_Chiragh.com Admin/a_New Leads")): Object: 'Object Repository/verification hod/new leads tab/Page_Chiragh.com Admin/a_New Leads' is clicked on

2019-04-17 17:46:45 - [MESSAGE][PASSED] - Object: 'Object Repository/verification hod/new leads tab/Page_Chiragh.com Admin/a_New Leads' is clicked on

2019-04-17 17:46:45 - [TEST_STEP][PASSED] - delay(7): Delayed 7 second(s)

2019-04-17 17:46:52 - [MESSAGE][PASSED] - Delayed 7 second(s)

2019-04-17 17:46:52 - [TEST_STEP][PASSED] - if (verifyElementPresent(findTestObject("Object Repository/verification hod/new leads tab/Page_Chiragh.com Admin/th_Assign To"), 4) || verifyElementPresent("Object Repository/verification hod/new leads tab/Page_Chiragh.com Admin/h3_This collection is empty..", 4)): Browser is closed

2019-04-17 17:46:52 - [MESSAGE][PASSED] - Object 'Object Repository/verification hod/new leads tab/Page_Chiragh.com Admin/th_Assign To' is present

2019-04-17 17:46:52 - [TEST_STEP][PASSED] - closeBrowser(): Browser is closed

2019-04-17 17:46:53 - [MESSAGE][PASSED] - Browser is closed]]></system-out>
         <system-err><![CDATA[]]></system-err>
      </testcase>
      <testcase name="Test Cases/verification hod/buyer/owner documents" classname="Test Cases/verification hod/buyer/owner documents" status="FAILED">
         <failure type="FAILED" message="Test Cases/verification hod/buyer/owner documents FAILED.
Reason:
com.kms.katalon.core.exception.StepFailedException: Unable to click on object 'Object Repository/verification hod/owner document/Page_Chiragh.com Admin/a_Owner 1 Bradley Jena_attachm' (Root cause: com.kms.katalon.core.webui.exception.WebElementNotFoundException: Web element with id: 'Object Repository/verification hod/owner document/Page_Chiragh.com Admin/a_Owner 1 Bradley Jena_attachm' located by 'By.xpath: //mat-tab-body[@id='mat-tab-content-0-0']/div/app-owners/div/div/div/div/div/a' not found)
	at com.kms.katalon.core.keyword.internal.KeywordMain.stepFailed(KeywordMain.groovy:36)
	at com.kms.katalon.core.webui.keyword.internal.WebUIKeywordMain.stepFailed(WebUIKeywordMain.groovy:65)
	at com.kms.katalon.core.webui.keyword.internal.WebUIKeywordMain.runKeyword(WebUIKeywordMain.groovy:27)
	at com.kms.katalon.core.webui.keyword.builtin.ClickKeyword.click(ClickKeyword.groovy:86)
	at com.kms.katalon.core.webui.keyword.builtin.ClickKeyword.execute(ClickKeyword.groovy:67)
	at com.kms.katalon.core.keyword.internal.KeywordExecutor.executeKeywordForPlatform(KeywordExecutor.groovy:53)
	at com.kms.katalon.core.webui.keyword.WebUiBuiltInKeywords.click(WebUiBuiltInKeywords.groovy:616)
	at com.kms.katalon.core.webui.keyword.WebUiBuiltInKeywords$click$3.call(Unknown Source)
	at owner documents.run(owner documents:52)
	at com.kms.katalon.core.main.ScriptEngine.run(ScriptEngine.java:194)
	at com.kms.katalon.core.main.ScriptEngine.runScriptAsRawText(ScriptEngine.java:119)
	at com.kms.katalon.core.main.TestCaseExecutor.runScript(TestCaseExecutor.java:328)
	at com.kms.katalon.core.main.TestCaseExecutor.doExecute(TestCaseExecutor.java:319)
	at com.kms.katalon.core.main.TestCaseExecutor.processExecutionPhase(TestCaseExecutor.java:298)
	at com.kms.katalon.core.main.TestCaseExecutor.accessMainPhase(TestCaseExecutor.java:290)
	at com.kms.katalon.core.main.TestCaseExecutor.execute(TestCaseExecutor.java:224)
	at com.kms.katalon.core.main.TestSuiteExecutor.accessTestCaseMainPhase(TestSuiteExecutor.java:129)
	at com.kms.katalon.core.main.TestSuiteExecutor.accessTestSuiteMainPhase(TestSuiteExecutor.java:112)
	at com.kms.katalon.core.main.TestSuiteExecutor.execute(TestSuiteExecutor.java:81)
	at com.kms.katalon.core.main.TestCaseMain.startTestSuite(TestCaseMain.java:149)
	at com.kms.katalon.core.main.TestCaseMain$startTestSuite$0.call(Unknown Source)
	at TempTestSuite1555505107196.run(TempTestSuite1555505107196.groovy:36)
"/>
         <system-out><![CDATA[2019-04-17 17:46:53 - [TEST_CASE][FAILED] - Test Cases/verification hod/buyer/owner documents: Test Cases/verification hod/buyer/owner documents FAILED.
Reason:
com.kms.katalon.core.exception.StepFailedException: Unable to click on object 'Object Repository/verification hod/owner document/Page_Chiragh.com Admin/a_Owner 1 Bradley Jena_attachm' (Root cause: com.kms.katalon.core.webui.exception.WebElementNotFoundException: Web element with id: 'Object Repository/verification hod/owner document/Page_Chiragh.com Admin/a_Owner 1 Bradley Jena_attachm' located by 'By.xpath: //mat-tab-body[@id='mat-tab-content-0-0']/div/app-owners/div/div/div/div/div/a' not found)
	at com.kms.katalon.core.keyword.internal.KeywordMain.stepFailed(KeywordMain.groovy:36)
	at com.kms.katalon.core.webui.keyword.internal.WebUIKeywordMain.stepFailed(WebUIKeywordMain.groovy:65)
	at com.kms.katalon.core.webui.keyword.internal.WebUIKeywordMain.runKeyword(WebUIKeywordMain.groovy:27)
	at com.kms.katalon.core.webui.keyword.builtin.ClickKeyword.click(ClickKeyword.groovy:86)
	at com.kms.katalon.core.webui.keyword.builtin.ClickKeyword.execute(ClickKeyword.groovy:67)
	at com.kms.katalon.core.keyword.internal.KeywordExecutor.executeKeywordForPlatform(KeywordExecutor.groovy:53)
	at com.kms.katalon.core.webui.keyword.WebUiBuiltInKeywords.click(WebUiBuiltInKeywords.groovy:616)
	at com.kms.katalon.core.webui.keyword.WebUiBuiltInKeywords$click$3.call(Unknown Source)
	at owner documents.run(owner documents:52)
	at com.kms.katalon.core.main.ScriptEngine.run(ScriptEngine.java:194)
	at com.kms.katalon.core.main.ScriptEngine.runScriptAsRawText(ScriptEngine.java:119)
	at com.kms.katalon.core.main.TestCaseExecutor.runScript(TestCaseExecutor.java:328)
	at com.kms.katalon.core.main.TestCaseExecutor.doExecute(TestCaseExecutor.java:319)
	at com.kms.katalon.core.main.TestCaseExecutor.processExecutionPhase(TestCaseExecutor.java:298)
	at com.kms.katalon.core.main.TestCaseExecutor.accessMainPhase(TestCaseExecutor.java:290)
	at com.kms.katalon.core.main.TestCaseExecutor.execute(TestCaseExecutor.java:224)
	at com.kms.katalon.core.main.TestSuiteExecutor.accessTestCaseMainPhase(TestSuiteExecutor.java:129)
	at com.kms.katalon.core.main.TestSuiteExecutor.accessTestSuiteMainPhase(TestSuiteExecutor.java:112)
	at com.kms.katalon.core.main.TestSuiteExecutor.execute(TestSuiteExecutor.java:81)
	at com.kms.katalon.core.main.TestCaseMain.startTestSuite(TestCaseMain.java:149)
	at com.kms.katalon.core.main.TestCaseMain$startTestSuite$0.call(Unknown Source)
	at TempTestSuite1555505107196.run(TempTestSuite1555505107196.groovy:36)


2019-04-17 17:46:53 - [TEST_STEP][PASSED] - openBrowser(""): Browser is opened with url: ''

2019-04-17 17:46:53 - [MESSAGE][INFO] - Starting 'Chrome' driver

2019-04-17 17:46:56 - [MESSAGE][PASSED] - Browser is opened with url: ''

2019-04-17 17:46:56 - [TEST_STEP][PASSED] - navigateToUrl(url): Navigate to 'http://admin-chiragh.surge.sh' successfully

2019-04-17 17:47:05 - [MESSAGE][PASSED] - Navigate to 'http://admin-chiragh.surge.sh' successfully

2019-04-17 17:47:05 - [TEST_STEP][PASSED] - maximizeWindow(): Current window maximized

2019-04-17 17:47:06 - [MESSAGE][PASSED] - Current window maximized

2019-04-17 17:47:06 - [TEST_STEP][PASSED] - waitForPageLoad(8): Wait for page load successfully

2019-04-17 17:47:06 - [MESSAGE][PASSED] - Wait for page load successfully

2019-04-17 17:47:06 - [TEST_STEP][PASSED] - click(findTestObject("Object Repository/verification hod/property details present/Page_Chiragh.com Admin/form_Admin PanelUsernamePasswo")): Object: 'Object Repository/verification hod/property details present/Page_Chiragh.com Admin/form_Admin PanelUsernamePasswo' is clicked on

2019-04-17 17:47:06 - [MESSAGE][PASSED] - Object: 'Object Repository/verification hod/property details present/Page_Chiragh.com Admin/form_Admin PanelUsernamePasswo' is clicked on

2019-04-17 17:47:06 - [TEST_STEP][PASSED] - click(findTestObject("Object Repository/verification hod/property details present/Page_Chiragh.com Admin/div_Username")): Object: 'Object Repository/verification hod/property details present/Page_Chiragh.com Admin/div_Username' is clicked on

2019-04-17 17:47:06 - [MESSAGE][PASSED] - Object: 'Object Repository/verification hod/property details present/Page_Chiragh.com Admin/div_Username' is clicked on

2019-04-17 17:47:06 - [TEST_STEP][PASSED] - setText(findTestObject("Object Repository/verification hod/property details present/Page_Chiragh.com Admin/input_Admin Panel_userName"), "arsalankhalid"): Text 'arsalankhalid' is set on object 'Object Repository/verification hod/property details present/Page_Chiragh.com Admin/input_Admin Panel_userName'

2019-04-17 17:47:06 - [MESSAGE][PASSED] - Text 'arsalankhalid' is set on object 'Object Repository/verification hod/property details present/Page_Chiragh.com Admin/input_Admin Panel_userName'

2019-04-17 17:47:06 - [TEST_STEP][PASSED] - setEncryptedText(findTestObject("Object Repository/verification hod/property details present/Page_Chiragh.com Admin/input_Username_password"), "RigbBhfdqODKcAsiUrg+1Q=="): Text ****** has been set on object 'Object Repository/verification hod/property details present/Page_Chiragh.com Admin/input_Username_password'

2019-04-17 17:47:06 - [MESSAGE][PASSED] - Text ****** has been set on object 'Object Repository/verification hod/property details present/Page_Chiragh.com Admin/input_Username_password'

2019-04-17 17:47:06 - [TEST_STEP][PASSED] - click(findTestObject("Object Repository/verification hod/property details present/Page_Chiragh.com Admin/button_Login")): Object: 'Object Repository/verification hod/property details present/Page_Chiragh.com Admin/button_Login' is clicked on

2019-04-17 17:47:06 - [MESSAGE][PASSED] - Object: 'Object Repository/verification hod/property details present/Page_Chiragh.com Admin/button_Login' is clicked on

2019-04-17 17:47:06 - [TEST_STEP][PASSED] - click(findTestObject("Object Repository/verification hod/property details present/Page_Chiragh.com Admin/a_In Process")): Object: 'Object Repository/verification hod/property details present/Page_Chiragh.com Admin/a_In Process' is clicked on

2019-04-17 17:47:10 - [MESSAGE][PASSED] - Object: 'Object Repository/verification hod/property details present/Page_Chiragh.com Admin/a_In Process' is clicked on

2019-04-17 17:47:10 - [TEST_STEP][PASSED] - click(findTestObject("Object Repository/verification hod/buyer/Page_Chiragh.com Admin/a_Buyer")): Object: 'Object Repository/verification hod/buyer/Page_Chiragh.com Admin/a_Buyer' is clicked on

2019-04-17 17:47:10 - [MESSAGE][PASSED] - Object: 'Object Repository/verification hod/buyer/Page_Chiragh.com Admin/a_Buyer' is clicked on

2019-04-17 17:47:10 - [TEST_STEP][PASSED] - delay(5): Delayed 5 second(s)

2019-04-17 17:47:15 - [MESSAGE][PASSED] - Delayed 5 second(s)

2019-04-17 17:47:15 - [TEST_STEP][PASSED] - click(findTestObject("Object Repository/verification hod/in process tab/Page_Chiragh.com Admin/a_In Process")): Object: 'Object Repository/verification hod/in process tab/Page_Chiragh.com Admin/a_In Process' is clicked on

2019-04-17 17:47:15 - [MESSAGE][PASSED] - Object: 'Object Repository/verification hod/in process tab/Page_Chiragh.com Admin/a_In Process' is clicked on

2019-04-17 17:47:15 - [TEST_STEP][PASSED] - delay(8): Delayed 8 second(s)

2019-04-17 17:47:23 - [MESSAGE][PASSED] - Delayed 8 second(s)

2019-04-17 17:47:23 - [TEST_STEP][PASSED] - click(findTestObject("Object Repository/verification hod/buyer/Page_Chiragh.com Admin/a_Project 51463 Most Desired 0")): Object: 'Object Repository/verification hod/buyer/Page_Chiragh.com Admin/a_Project 51463 Most Desired 0' is clicked on

2019-04-17 17:47:24 - [MESSAGE][PASSED] - Object: 'Object Repository/verification hod/buyer/Page_Chiragh.com Admin/a_Project 51463 Most Desired 0' is clicked on

2019-04-17 17:47:24 - [TEST_STEP][PASSED] - delay(8): Delayed 8 second(s)

2019-04-17 17:47:32 - [MESSAGE][PASSED] - Delayed 8 second(s)

2019-04-17 17:47:32 - [TEST_STEP][FAILED] - click(findTestObject("Object Repository/verification hod/owner document/Page_Chiragh.com Admin/a_Owner 1 Bradley Jena_attachm")): click(findTestObject("Object Repository/verification hod/owner document/Page_Chiragh.com Admin/a_Owner 1 Bradley Jena_attachm")) FAILED.
Reason:
com.kms.katalon.core.exception.StepFailedException: Unable to click on object 'Object Repository/verification hod/owner document/Page_Chiragh.com Admin/a_Owner 1 Bradley Jena_attachm' (Root cause: com.kms.katalon.core.webui.exception.WebElementNotFoundException: Web element with id: 'Object Repository/verification hod/owner document/Page_Chiragh.com Admin/a_Owner 1 Bradley Jena_attachm' located by 'By.xpath: //mat-tab-body[@id='mat-tab-content-0-0']/div/app-owners/div/div/div/div/div/a' not found)
	at com.kms.katalon.core.keyword.internal.KeywordMain.stepFailed(KeywordMain.groovy:36)
	at com.kms.katalon.core.webui.keyword.internal.WebUIKeywordMain.stepFailed(WebUIKeywordMain.groovy:65)
	at com.kms.katalon.core.webui.keyword.internal.WebUIKeywordMain.runKeyword(WebUIKeywordMain.groovy:27)
	at com.kms.katalon.core.webui.keyword.builtin.ClickKeyword.click(ClickKeyword.groovy:86)
	at com.kms.katalon.core.webui.keyword.builtin.ClickKeyword.execute(ClickKeyword.groovy:67)
	at com.kms.katalon.core.keyword.internal.KeywordExecutor.executeKeywordForPlatform(KeywordExecutor.groovy:53)
	at com.kms.katalon.core.webui.keyword.WebUiBuiltInKeywords.click(WebUiBuiltInKeywords.groovy:616)
	at com.kms.katalon.core.webui.keyword.WebUiBuiltInKeywords$click$3.call(Unknown Source)
	at owner documents.run(owner documents:52)
	at com.kms.katalon.core.main.ScriptEngine.run(ScriptEngine.java:194)
	at com.kms.katalon.core.main.ScriptEngine.runScriptAsRawText(ScriptEngine.java:119)
	at com.kms.katalon.core.main.TestCaseExecutor.runScript(TestCaseExecutor.java:328)
	at com.kms.katalon.core.main.TestCaseExecutor.doExecute(TestCaseExecutor.java:319)
	at com.kms.katalon.core.main.TestCaseExecutor.processExecutionPhase(TestCaseExecutor.java:298)
	at com.kms.katalon.core.main.TestCaseExecutor.accessMainPhase(TestCaseExecutor.java:290)
	at com.kms.katalon.core.main.TestCaseExecutor.execute(TestCaseExecutor.java:224)
	at com.kms.katalon.core.main.TestSuiteExecutor.accessTestCaseMainPhase(TestSuiteExecutor.java:129)
	at com.kms.katalon.core.main.TestSuiteExecutor.accessTestSuiteMainPhase(TestSuiteExecutor.java:112)
	at com.kms.katalon.core.main.TestSuiteExecutor.execute(TestSuiteExecutor.java:81)
	at com.kms.katalon.core.main.TestCaseMain.startTestSuite(TestCaseMain.java:149)
	at com.kms.katalon.core.main.TestCaseMain$startTestSuite$0.call(Unknown Source)
	at TempTestSuite1555505107196.run(TempTestSuite1555505107196.groovy:36)


2019-04-17 17:48:04 - [MESSAGE][INFO] - Unable to find the element located by 'By.xpath: //mat-tab-body[@id='mat-tab-content-0-0']/div/app-owners/div/div/div/div/div/a'. Please recheck the objects properties to make sure the desired element is located. 

2019-04-17 17:48:04 - [MESSAGE][FAILED] - Unable to click on object 'Object Repository/verification hod/owner document/Page_Chiragh.com Admin/a_Owner 1 Bradley Jena_attachm' (Root cause: com.kms.katalon.core.webui.exception.WebElementNotFoundException: Web element with id: 'Object Repository/verification hod/owner document/Page_Chiragh.com Admin/a_Owner 1 Bradley Jena_attachm' located by 'By.xpath: //mat-tab-body[@id='mat-tab-content-0-0']/div/app-owners/div/div/div/div/div/a' not found)
[[ATTACHMENT|C:\\Users\\HP\\git\\chiraghAdminPanel\\Reports\\verificationHod\\20190417_174507\\1555505284166.png]]

2019-04-17 17:48:04 - [MESSAGE][FAILED] - click(findTestObject("Object Repository/verification hod/owner document/Page_Chiragh.com Admin/a_Owner 1 Bradley Jena_attachm")) FAILED.
Reason:
com.kms.katalon.core.exception.StepFailedException: Unable to click on object 'Object Repository/verification hod/owner document/Page_Chiragh.com Admin/a_Owner 1 Bradley Jena_attachm' (Root cause: com.kms.katalon.core.webui.exception.WebElementNotFoundException: Web element with id: 'Object Repository/verification hod/owner document/Page_Chiragh.com Admin/a_Owner 1 Bradley Jena_attachm' located by 'By.xpath: //mat-tab-body[@id='mat-tab-content-0-0']/div/app-owners/div/div/div/div/div/a' not found)
	at com.kms.katalon.core.keyword.internal.KeywordMain.stepFailed(KeywordMain.groovy:36)
	at com.kms.katalon.core.webui.keyword.internal.WebUIKeywordMain.stepFailed(WebUIKeywordMain.groovy:65)
	at com.kms.katalon.core.webui.keyword.internal.WebUIKeywordMain.runKeyword(WebUIKeywordMain.groovy:27)
	at com.kms.katalon.core.webui.keyword.builtin.ClickKeyword.click(ClickKeyword.groovy:86)
	at com.kms.katalon.core.webui.keyword.builtin.ClickKeyword.execute(ClickKeyword.groovy:67)
	at com.kms.katalon.core.keyword.internal.KeywordExecutor.executeKeywordForPlatform(KeywordExecutor.groovy:53)
	at com.kms.katalon.core.webui.keyword.WebUiBuiltInKeywords.click(WebUiBuiltInKeywords.groovy:616)
	at com.kms.katalon.core.webui.keyword.WebUiBuiltInKeywords$click$3.call(Unknown Source)
	at owner documents.run(owner documents:52)
	at com.kms.katalon.core.main.ScriptEngine.run(ScriptEngine.java:194)
	at com.kms.katalon.core.main.ScriptEngine.runScriptAsRawText(ScriptEngine.java:119)
	at com.kms.katalon.core.main.TestCaseExecutor.runScript(TestCaseExecutor.java:328)
	at com.kms.katalon.core.main.TestCaseExecutor.doExecute(TestCaseExecutor.java:319)
	at com.kms.katalon.core.main.TestCaseExecutor.processExecutionPhase(TestCaseExecutor.java:298)
	at com.kms.katalon.core.main.TestCaseExecutor.accessMainPhase(TestCaseExecutor.java:290)
	at com.kms.katalon.core.main.TestCaseExecutor.execute(TestCaseExecutor.java:224)
	at com.kms.katalon.core.main.TestSuiteExecutor.accessTestCaseMainPhase(TestSuiteExecutor.java:129)
	at com.kms.katalon.core.main.TestSuiteExecutor.accessTestSuiteMainPhase(TestSuiteExecutor.java:112)
	at com.kms.katalon.core.main.TestSuiteExecutor.execute(TestSuiteExecutor.java:81)
	at com.kms.katalon.core.main.TestCaseMain.startTestSuite(TestCaseMain.java:149)
	at com.kms.katalon.core.main.TestCaseMain$startTestSuite$0.call(Unknown Source)
	at TempTestSuite1555505107196.run(TempTestSuite1555505107196.groovy:36)]]></system-out>
         <system-err><![CDATA[2019-04-17 17:46:53 - [TEST_CASE][FAILED] - Test Cases/verification hod/buyer/owner documents: Test Cases/verification hod/buyer/owner documents FAILED.
Reason:
com.kms.katalon.core.exception.StepFailedException: Unable to click on object 'Object Repository/verification hod/owner document/Page_Chiragh.com Admin/a_Owner 1 Bradley Jena_attachm' (Root cause: com.kms.katalon.core.webui.exception.WebElementNotFoundException: Web element with id: 'Object Repository/verification hod/owner document/Page_Chiragh.com Admin/a_Owner 1 Bradley Jena_attachm' located by 'By.xpath: //mat-tab-body[@id='mat-tab-content-0-0']/div/app-owners/div/div/div/div/div/a' not found)
	at com.kms.katalon.core.keyword.internal.KeywordMain.stepFailed(KeywordMain.groovy:36)
	at com.kms.katalon.core.webui.keyword.internal.WebUIKeywordMain.stepFailed(WebUIKeywordMain.groovy:65)
	at com.kms.katalon.core.webui.keyword.internal.WebUIKeywordMain.runKeyword(WebUIKeywordMain.groovy:27)
	at com.kms.katalon.core.webui.keyword.builtin.ClickKeyword.click(ClickKeyword.groovy:86)
	at com.kms.katalon.core.webui.keyword.builtin.ClickKeyword.execute(ClickKeyword.groovy:67)
	at com.kms.katalon.core.keyword.internal.KeywordExecutor.executeKeywordForPlatform(KeywordExecutor.groovy:53)
	at com.kms.katalon.core.webui.keyword.WebUiBuiltInKeywords.click(WebUiBuiltInKeywords.groovy:616)
	at com.kms.katalon.core.webui.keyword.WebUiBuiltInKeywords$click$3.call(Unknown Source)
	at owner documents.run(owner documents:52)
	at com.kms.katalon.core.main.ScriptEngine.run(ScriptEngine.java:194)
	at com.kms.katalon.core.main.ScriptEngine.runScriptAsRawText(ScriptEngine.java:119)
	at com.kms.katalon.core.main.TestCaseExecutor.runScript(TestCaseExecutor.java:328)
	at com.kms.katalon.core.main.TestCaseExecutor.doExecute(TestCaseExecutor.java:319)
	at com.kms.katalon.core.main.TestCaseExecutor.processExecutionPhase(TestCaseExecutor.java:298)
	at com.kms.katalon.core.main.TestCaseExecutor.accessMainPhase(TestCaseExecutor.java:290)
	at com.kms.katalon.core.main.TestCaseExecutor.execute(TestCaseExecutor.java:224)
	at com.kms.katalon.core.main.TestSuiteExecutor.accessTestCaseMainPhase(TestSuiteExecutor.java:129)
	at com.kms.katalon.core.main.TestSuiteExecutor.accessTestSuiteMainPhase(TestSuiteExecutor.java:112)
	at com.kms.katalon.core.main.TestSuiteExecutor.execute(TestSuiteExecutor.java:81)
	at com.kms.katalon.core.main.TestCaseMain.startTestSuite(TestCaseMain.java:149)
	at com.kms.katalon.core.main.TestCaseMain$startTestSuite$0.call(Unknown Source)
	at TempTestSuite1555505107196.run(TempTestSuite1555505107196.groovy:36)]]></system-err>
      </testcase>
      <system-out><![CDATA[2019-04-17 17:45:15 - [TEST_SUITE][FAILED] - verificationHod: Test Cases/verification hod/buyer/owner documents FAILED.
Reason:
com.kms.katalon.core.exception.StepFailedException: Unable to click on object 'Object Repository/verification hod/owner document/Page_Chiragh.com Admin/a_Owner 1 Bradley Jena_attachm' (Root cause: com.kms.katalon.core.webui.exception.WebElementNotFoundException: Web element with id: 'Object Repository/verification hod/owner document/Page_Chiragh.com Admin/a_Owner 1 Bradley Jena_attachm' located by 'By.xpath: //mat-tab-body[@id='mat-tab-content-0-0']/div/app-owners/div/div/div/div/div/a' not found)
	at com.kms.katalon.core.keyword.internal.KeywordMain.stepFailed(KeywordMain.groovy:36)
	at com.kms.katalon.core.webui.keyword.internal.WebUIKeywordMain.stepFailed(WebUIKeywordMain.groovy:65)
	at com.kms.katalon.core.webui.keyword.internal.WebUIKeywordMain.runKeyword(WebUIKeywordMain.groovy:27)
	at com.kms.katalon.core.webui.keyword.builtin.ClickKeyword.click(ClickKeyword.groovy:86)
	at com.kms.katalon.core.webui.keyword.builtin.ClickKeyword.execute(ClickKeyword.groovy:67)
	at com.kms.katalon.core.keyword.internal.KeywordExecutor.executeKeywordForPlatform(KeywordExecutor.groovy:53)
	at com.kms.katalon.core.webui.keyword.WebUiBuiltInKeywords.click(WebUiBuiltInKeywords.groovy:616)
	at com.kms.katalon.core.webui.keyword.WebUiBuiltInKeywords$click$3.call(Unknown Source)
	at owner documents.run(owner documents:52)
	at com.kms.katalon.core.main.ScriptEngine.run(ScriptEngine.java:194)
	at com.kms.katalon.core.main.ScriptEngine.runScriptAsRawText(ScriptEngine.java:119)
	at com.kms.katalon.core.main.TestCaseExecutor.runScript(TestCaseExecutor.java:328)
	at com.kms.katalon.core.main.TestCaseExecutor.doExecute(TestCaseExecutor.java:319)
	at com.kms.katalon.core.main.TestCaseExecutor.processExecutionPhase(TestCaseExecutor.java:298)
	at com.kms.katalon.core.main.TestCaseExecutor.accessMainPhase(TestCaseExecutor.java:290)
	at com.kms.katalon.core.main.TestCaseExecutor.execute(TestCaseExecutor.java:224)
	at com.kms.katalon.core.main.TestSuiteExecutor.accessTestCaseMainPhase(TestSuiteExecutor.java:129)
	at com.kms.katalon.core.main.TestSuiteExecutor.accessTestSuiteMainPhase(TestSuiteExecutor.java:112)
	at com.kms.katalon.core.main.TestSuiteExecutor.execute(TestSuiteExecutor.java:81)
	at com.kms.katalon.core.main.TestCaseMain.startTestSuite(TestCaseMain.java:149)
	at com.kms.katalon.core.main.TestCaseMain$startTestSuite$0.call(Unknown Source)
	at TempTestSuite1555505107196.run(TempTestSuite1555505107196.groovy:36)]]></system-out>
      <system-err><![CDATA[2019-04-17 17:45:15 - [TEST_SUITE][FAILED] - verificationHod: Test Cases/verification hod/buyer/owner documents FAILED.
Reason:
com.kms.katalon.core.exception.StepFailedException: Unable to click on object 'Object Repository/verification hod/owner document/Page_Chiragh.com Admin/a_Owner 1 Bradley Jena_attachm' (Root cause: com.kms.katalon.core.webui.exception.WebElementNotFoundException: Web element with id: 'Object Repository/verification hod/owner document/Page_Chiragh.com Admin/a_Owner 1 Bradley Jena_attachm' located by 'By.xpath: //mat-tab-body[@id='mat-tab-content-0-0']/div/app-owners/div/div/div/div/div/a' not found)
	at com.kms.katalon.core.keyword.internal.KeywordMain.stepFailed(KeywordMain.groovy:36)
	at com.kms.katalon.core.webui.keyword.internal.WebUIKeywordMain.stepFailed(WebUIKeywordMain.groovy:65)
	at com.kms.katalon.core.webui.keyword.internal.WebUIKeywordMain.runKeyword(WebUIKeywordMain.groovy:27)
	at com.kms.katalon.core.webui.keyword.builtin.ClickKeyword.click(ClickKeyword.groovy:86)
	at com.kms.katalon.core.webui.keyword.builtin.ClickKeyword.execute(ClickKeyword.groovy:67)
	at com.kms.katalon.core.keyword.internal.KeywordExecutor.executeKeywordForPlatform(KeywordExecutor.groovy:53)
	at com.kms.katalon.core.webui.keyword.WebUiBuiltInKeywords.click(WebUiBuiltInKeywords.groovy:616)
	at com.kms.katalon.core.webui.keyword.WebUiBuiltInKeywords$click$3.call(Unknown Source)
	at owner documents.run(owner documents:52)
	at com.kms.katalon.core.main.ScriptEngine.run(ScriptEngine.java:194)
	at com.kms.katalon.core.main.ScriptEngine.runScriptAsRawText(ScriptEngine.java:119)
	at com.kms.katalon.core.main.TestCaseExecutor.runScript(TestCaseExecutor.java:328)
	at com.kms.katalon.core.main.TestCaseExecutor.doExecute(TestCaseExecutor.java:319)
	at com.kms.katalon.core.main.TestCaseExecutor.processExecutionPhase(TestCaseExecutor.java:298)
	at com.kms.katalon.core.main.TestCaseExecutor.accessMainPhase(TestCaseExecutor.java:290)
	at com.kms.katalon.core.main.TestCaseExecutor.execute(TestCaseExecutor.java:224)
	at com.kms.katalon.core.main.TestSuiteExecutor.accessTestCaseMainPhase(TestSuiteExecutor.java:129)
	at com.kms.katalon.core.main.TestSuiteExecutor.accessTestSuiteMainPhase(TestSuiteExecutor.java:112)
	at com.kms.katalon.core.main.TestSuiteExecutor.execute(TestSuiteExecutor.java:81)
	at com.kms.katalon.core.main.TestCaseMain.startTestSuite(TestCaseMain.java:149)
	at com.kms.katalon.core.main.TestCaseMain$startTestSuite$0.call(Unknown Source)
	at TempTestSuite1555505107196.run(TempTestSuite1555505107196.groovy:36)]]></system-err>
   </testsuite>
</testsuites>
