<?xml version="1.0" encoding="UTF-8"?>
<testsuites name="verificationHod" time="543" tests="13" failures="5" errors="0">
   <testsuite name="verificationHod" tests="13" failures="5" errors="0" time="543" timestamp="2019-04-26 15:16:49" hostname="HP - DESKTOP-2D7LI1O" id="Test Suites/verificationHod">
      <properties>
         <property name="deviceName" value=""/>
         <property name="devicePlatform" value=""/>
         <property name="logFolder" value="C:\\Users\\HP\\git\\chiraghAdminPanel\\Reports\\verificationHod\\20190426_151641"/>
         <property name="logFiles" value="C:\\Users\\HP\\git\\chiraghAdminPanel\\Reports\\verificationHod\\20190426_151641\\execution0.log"/>
         <property name="attachments" value="C:\\Users\\HP\\git\\chiraghAdminPanel\\Reports\\verificationHod\\20190426_151641\\1556273997643.png, C:\\Users\\HP\\git\\chiraghAdminPanel\\Reports\\verificationHod\\20190426_151641\\1556274035330.png, C:\\Users\\HP\\git\\chiraghAdminPanel\\Reports\\verificationHod\\20190426_151641\\1556274035611.png, C:\\Users\\HP\\git\\chiraghAdminPanel\\Reports\\verificationHod\\20190426_151641\\1556274164953.png, C:\\Users\\HP\\git\\chiraghAdminPanel\\Reports\\verificationHod\\20190426_151641\\1556274205822.png, C:\\Users\\HP\\git\\chiraghAdminPanel\\Reports\\verificationHod\\20190426_151641\\1556274206132.png, C:\\Users\\HP\\git\\chiraghAdminPanel\\Reports\\verificationHod\\20190426_151641\\1556274351581.png"/>
         <property name="hostName" value="HP - DESKTOP-2D7LI1O"/>
         <property name="os" value="Windows 10 64bit"/>
         <property name="katalonVersion" value="5.10.1.1"/>
         <property name="browser" value="Chrome 73.0.3683.103"/>
         <property name="hostAddress" value="192.168.0.163"/>
         <property name="sessionId" value="9f3eacada3fdfa43aeb8efbc8d036f41"/>
         <property name="seleniumVersion" value="3.7.1"/>
         <property name="proxyInformation" value="ProxyInformation{proxyOption=NO_PROXY, proxyServerType=HTTP, password=, proxyServerAddress=, proxyServerPort=0}"/>
         <property name="platform" value="Windows 10"/>
      </properties>
      <testcase name="Test Cases/verification hod/buyer/approved" classname="Test Cases/verification hod/buyer/approved" status="PASSED">
         <system-out><![CDATA[2019-04-26 15:16:49 - [TEST_CASE][PASSED] - Test Cases/verification hod/buyer/approved: Test Cases/verification hod/buyer/approved

2019-04-26 15:16:50 - [TEST_STEP][PASSED] - openBrowser(""): Browser is opened with url: ''

2019-04-26 15:16:50 - [MESSAGE][INFO] - Starting 'Chrome' driver

2019-04-26 15:16:50 - [MESSAGE][INFO] - Action delay is set to 0 seconds

2019-04-26 15:16:54 - [MESSAGE][PASSED] - Browser is opened with url: ''

2019-04-26 15:16:54 - [TEST_STEP][PASSED] - navigateToUrl("http://admin-chiragh.surge.sh/"): Navigate to 'http://admin-chiragh.surge.sh/' successfully

2019-04-26 15:17:01 - [MESSAGE][PASSED] - Navigate to 'http://admin-chiragh.surge.sh/' successfully

2019-04-26 15:17:01 - [TEST_STEP][PASSED] - maximizeWindow(): Current window maximized

2019-04-26 15:17:02 - [MESSAGE][PASSED] - Current window maximized

2019-04-26 15:17:02 - [TEST_STEP][PASSED] - waitForPageLoad(8): Wait for page load successfully

2019-04-26 15:17:02 - [MESSAGE][PASSED] - Wait for page load successfully

2019-04-26 15:17:02 - [TEST_STEP][PASSED] - click(findTestObject("Object Repository/verification hod/approved leads tab/Page_Chiragh.com Admin/div_Username")): Object: 'Object Repository/verification hod/approved leads tab/Page_Chiragh.com Admin/div_Username' is clicked on

2019-04-26 15:17:03 - [MESSAGE][PASSED] - Object: 'Object Repository/verification hod/approved leads tab/Page_Chiragh.com Admin/div_Username' is clicked on

2019-04-26 15:17:03 - [TEST_STEP][PASSED] - setText(findTestObject("Object Repository/verification hod/approved leads tab/Page_Chiragh.com Admin/input_Admin Panel_userName"), "arsalankhalid"): Text 'arsalankhalid' is set on object 'Object Repository/verification hod/approved leads tab/Page_Chiragh.com Admin/input_Admin Panel_userName'

2019-04-26 15:17:03 - [MESSAGE][PASSED] - Text 'arsalankhalid' is set on object 'Object Repository/verification hod/approved leads tab/Page_Chiragh.com Admin/input_Admin Panel_userName'

2019-04-26 15:17:03 - [TEST_STEP][PASSED] - setEncryptedText(findTestObject("Object Repository/verification hod/approved leads tab/Page_Chiragh.com Admin/input_Username_password"), "RigbBhfdqODKcAsiUrg+1Q=="): Text ****** has been set on object 'Object Repository/verification hod/approved leads tab/Page_Chiragh.com Admin/input_Username_password'

2019-04-26 15:17:03 - [MESSAGE][PASSED] - Text ****** has been set on object 'Object Repository/verification hod/approved leads tab/Page_Chiragh.com Admin/input_Username_password'

2019-04-26 15:17:03 - [TEST_STEP][PASSED] - click(findTestObject("Object Repository/verification hod/approved leads tab/Page_Chiragh.com Admin/button_Login")): Object: 'Object Repository/verification hod/approved leads tab/Page_Chiragh.com Admin/button_Login' is clicked on

2019-04-26 15:17:03 - [MESSAGE][PASSED] - Object: 'Object Repository/verification hod/approved leads tab/Page_Chiragh.com Admin/button_Login' is clicked on

2019-04-26 15:17:03 - [TEST_STEP][PASSED] - click(findTestObject("Object Repository/verification hod/buyer/Page_Chiragh.com Admin/a_Buyer")): Object: 'Object Repository/verification hod/buyer/Page_Chiragh.com Admin/a_Buyer' is clicked on

2019-04-26 15:17:06 - [MESSAGE][PASSED] - Object: 'Object Repository/verification hod/buyer/Page_Chiragh.com Admin/a_Buyer' is clicked on

2019-04-26 15:17:06 - [TEST_STEP][PASSED] - delay(5): Delayed 5 second(s)

2019-04-26 15:17:12 - [MESSAGE][PASSED] - Delayed 5 second(s)

2019-04-26 15:17:12 - [TEST_STEP][PASSED] - click(findTestObject("Object Repository/verification hod/approved leads tab/Page_Chiragh.com Admin/a_Approved Leads")): Object: 'Object Repository/verification hod/approved leads tab/Page_Chiragh.com Admin/a_Approved Leads' is clicked on

2019-04-26 15:17:12 - [MESSAGE][PASSED] - Object: 'Object Repository/verification hod/approved leads tab/Page_Chiragh.com Admin/a_Approved Leads' is clicked on

2019-04-26 15:17:12 - [TEST_STEP][PASSED] - delay(15): Delayed 15 second(s)

2019-04-26 15:17:27 - [MESSAGE][PASSED] - Delayed 15 second(s)

2019-04-26 15:17:27 - [TEST_STEP][PASSED] - if (verifyElementPresent(findTestObject("Object Repository/verification hod/approved leads tab/Page_Chiragh.com Admin/th_Assignee"), 4) && verifyElementPresent(findTestObject("Object Repository/verification hod/approved leads tab/Page_Chiragh.com Admin/span_Approved"), 4)): Browser is closed

2019-04-26 15:17:27 - [MESSAGE][PASSED] - Object 'Object Repository/verification hod/approved leads tab/Page_Chiragh.com Admin/th_Assignee' is present

2019-04-26 15:17:27 - [MESSAGE][PASSED] - Object 'Object Repository/verification hod/approved leads tab/Page_Chiragh.com Admin/span_Approved' is present

2019-04-26 15:17:27 - [TEST_STEP][PASSED] - closeBrowser(): Browser is closed

2019-04-26 15:17:28 - [MESSAGE][PASSED] - Browser is closed]]></system-out>
         <system-err><![CDATA[]]></system-err>
      </testcase>
      <testcase name="Test Cases/verification hod/buyer/archived" classname="Test Cases/verification hod/buyer/archived" status="PASSED">
         <system-out><![CDATA[2019-04-26 15:17:28 - [TEST_CASE][PASSED] - Test Cases/verification hod/buyer/archived: Test Cases/verification hod/buyer/archived

2019-04-26 15:17:28 - [TEST_STEP][PASSED] - openBrowser(""): Browser is opened with url: ''

2019-04-26 15:17:28 - [MESSAGE][INFO] - Starting 'Chrome' driver

2019-04-26 15:17:31 - [MESSAGE][PASSED] - Browser is opened with url: ''

2019-04-26 15:17:31 - [TEST_STEP][PASSED] - navigateToUrl("http://admin-chiragh.surge.sh/"): Navigate to 'http://admin-chiragh.surge.sh/' successfully

2019-04-26 15:17:38 - [MESSAGE][PASSED] - Navigate to 'http://admin-chiragh.surge.sh/' successfully

2019-04-26 15:17:38 - [TEST_STEP][PASSED] - maximizeWindow(): Current window maximized

2019-04-26 15:17:39 - [MESSAGE][PASSED] - Current window maximized

2019-04-26 15:17:39 - [TEST_STEP][PASSED] - waitForPageLoad(8): Wait for page load successfully

2019-04-26 15:17:39 - [MESSAGE][PASSED] - Wait for page load successfully

2019-04-26 15:17:39 - [TEST_STEP][PASSED] - click(findTestObject("Object Repository/verification hod/archived leads tab/Page_Chiragh.com Admin/div_Username")): Object: 'Object Repository/verification hod/archived leads tab/Page_Chiragh.com Admin/div_Username' is clicked on

2019-04-26 15:17:39 - [MESSAGE][PASSED] - Object: 'Object Repository/verification hod/archived leads tab/Page_Chiragh.com Admin/div_Username' is clicked on

2019-04-26 15:17:39 - [TEST_STEP][PASSED] - setText(findTestObject("Object Repository/verification hod/archived leads tab/Page_Chiragh.com Admin/input_Admin Panel_userName"), "arsalankhalid"): Text 'arsalankhalid' is set on object 'Object Repository/verification hod/archived leads tab/Page_Chiragh.com Admin/input_Admin Panel_userName'

2019-04-26 15:17:39 - [MESSAGE][PASSED] - Text 'arsalankhalid' is set on object 'Object Repository/verification hod/archived leads tab/Page_Chiragh.com Admin/input_Admin Panel_userName'

2019-04-26 15:17:39 - [TEST_STEP][PASSED] - click(findTestObject("Object Repository/verification hod/archived leads tab/Page_Chiragh.com Admin/div_Password")): Object: 'Object Repository/verification hod/archived leads tab/Page_Chiragh.com Admin/div_Password' is clicked on

2019-04-26 15:17:39 - [MESSAGE][PASSED] - Object: 'Object Repository/verification hod/archived leads tab/Page_Chiragh.com Admin/div_Password' is clicked on

2019-04-26 15:17:39 - [TEST_STEP][PASSED] - setEncryptedText(findTestObject("Object Repository/verification hod/archived leads tab/Page_Chiragh.com Admin/input_Username_password"), "RigbBhfdqODKcAsiUrg+1Q=="): Text ****** has been set on object 'Object Repository/verification hod/archived leads tab/Page_Chiragh.com Admin/input_Username_password'

2019-04-26 15:17:39 - [MESSAGE][PASSED] - Text ****** has been set on object 'Object Repository/verification hod/archived leads tab/Page_Chiragh.com Admin/input_Username_password'

2019-04-26 15:17:39 - [TEST_STEP][PASSED] - doubleClick(findTestObject("Object Repository/verification hod/archived leads tab/Page_Chiragh.com Admin/span_Login")): Object: 'Object Repository/verification hod/archived leads tab/Page_Chiragh.com Admin/span_Login' is double clicked on

2019-04-26 15:17:40 - [MESSAGE][PASSED] - Object: 'Object Repository/verification hod/archived leads tab/Page_Chiragh.com Admin/span_Login' is double clicked on

2019-04-26 15:17:40 - [TEST_STEP][PASSED] - click(findTestObject("Object Repository/verification hod/buyer/Page_Chiragh.com Admin/a_Buyer")): Object: 'Object Repository/verification hod/buyer/Page_Chiragh.com Admin/a_Buyer' is clicked on

2019-04-26 15:17:43 - [MESSAGE][PASSED] - Object: 'Object Repository/verification hod/buyer/Page_Chiragh.com Admin/a_Buyer' is clicked on

2019-04-26 15:17:43 - [TEST_STEP][PASSED] - click(findTestObject("Object Repository/verification hod/archived leads tab/Page_Chiragh.com Admin/a_Archived Leads")): Object: 'Object Repository/verification hod/archived leads tab/Page_Chiragh.com Admin/a_Archived Leads' is clicked on

2019-04-26 15:17:43 - [MESSAGE][PASSED] - Object: 'Object Repository/verification hod/archived leads tab/Page_Chiragh.com Admin/a_Archived Leads' is clicked on

2019-04-26 15:17:43 - [TEST_STEP][PASSED] - delay(10): Delayed 10 second(s)

2019-04-26 15:17:53 - [MESSAGE][PASSED] - Delayed 10 second(s)

2019-04-26 15:17:53 - [TEST_STEP][PASSED] - if (verifyElementPresent(findTestObject("Object Repository/verification hod/archived leads tab/Page_Chiragh.com Admin/th_Assignee"), 4) && verifyElementPresent(findTestObject("Object Repository/verification hod/archived leads tab/Page_Chiragh.com Admin/span_archived"), 4)): Browser is closed

2019-04-26 15:17:53 - [MESSAGE][PASSED] - Object 'Object Repository/verification hod/archived leads tab/Page_Chiragh.com Admin/th_Assignee' is present

2019-04-26 15:17:53 - [MESSAGE][PASSED] - Object 'Object Repository/verification hod/archived leads tab/Page_Chiragh.com Admin/span_archived' is present

2019-04-26 15:17:53 - [TEST_STEP][PASSED] - closeBrowser(): Browser is closed

2019-04-26 15:17:54 - [MESSAGE][PASSED] - Browser is closed]]></system-out>
         <system-err><![CDATA[]]></system-err>
      </testcase>
      <testcase name="Test Cases/verification hod/buyer/In process" classname="Test Cases/verification hod/buyer/In process" status="PASSED">
         <system-out><![CDATA[2019-04-26 15:17:54 - [TEST_CASE][PASSED] - Test Cases/verification hod/buyer/In process: Test Cases/verification hod/buyer/In process

2019-04-26 15:17:54 - [TEST_STEP][PASSED] - openBrowser(""): Browser is opened with url: ''

2019-04-26 15:17:54 - [MESSAGE][INFO] - Starting 'Chrome' driver

2019-04-26 15:17:57 - [MESSAGE][PASSED] - Browser is opened with url: ''

2019-04-26 15:17:57 - [TEST_STEP][PASSED] - navigateToUrl("http://admin-chiragh.surge.sh/"): Navigate to 'http://admin-chiragh.surge.sh/' successfully

2019-04-26 15:18:04 - [MESSAGE][PASSED] - Navigate to 'http://admin-chiragh.surge.sh/' successfully

2019-04-26 15:18:04 - [TEST_STEP][PASSED] - maximizeWindow(): Current window maximized

2019-04-26 15:18:05 - [MESSAGE][PASSED] - Current window maximized

2019-04-26 15:18:05 - [TEST_STEP][PASSED] - waitForPageLoad(8): Wait for page load successfully

2019-04-26 15:18:05 - [MESSAGE][PASSED] - Wait for page load successfully

2019-04-26 15:18:05 - [TEST_STEP][PASSED] - setText(findTestObject("Object Repository/verification hod/in process tab/Page_Chiragh.com Admin/input_Admin Panel_userName"), "arsalankhalid"): Text 'arsalankhalid' is set on object 'Object Repository/verification hod/in process tab/Page_Chiragh.com Admin/input_Admin Panel_userName'

2019-04-26 15:18:05 - [MESSAGE][PASSED] - Text 'arsalankhalid' is set on object 'Object Repository/verification hod/in process tab/Page_Chiragh.com Admin/input_Admin Panel_userName'

2019-04-26 15:18:05 - [TEST_STEP][PASSED] - click(findTestObject("Object Repository/verification hod/in process tab/Page_Chiragh.com Admin/div_Password")): Object: 'Object Repository/verification hod/in process tab/Page_Chiragh.com Admin/div_Password' is clicked on

2019-04-26 15:18:06 - [MESSAGE][PASSED] - Object: 'Object Repository/verification hod/in process tab/Page_Chiragh.com Admin/div_Password' is clicked on

2019-04-26 15:18:06 - [TEST_STEP][PASSED] - setEncryptedText(findTestObject("Object Repository/verification hod/in process tab/Page_Chiragh.com Admin/input_Username_password"), "RigbBhfdqODKcAsiUrg+1Q=="): Text ****** has been set on object 'Object Repository/verification hod/in process tab/Page_Chiragh.com Admin/input_Username_password'

2019-04-26 15:18:06 - [MESSAGE][PASSED] - Text ****** has been set on object 'Object Repository/verification hod/in process tab/Page_Chiragh.com Admin/input_Username_password'

2019-04-26 15:18:06 - [TEST_STEP][PASSED] - click(findTestObject("Object Repository/verification hod/in process tab/Page_Chiragh.com Admin/button_Login")): Object: 'Object Repository/verification hod/in process tab/Page_Chiragh.com Admin/button_Login' is clicked on

2019-04-26 15:18:06 - [MESSAGE][PASSED] - Object: 'Object Repository/verification hod/in process tab/Page_Chiragh.com Admin/button_Login' is clicked on

2019-04-26 15:18:06 - [TEST_STEP][PASSED] - click(findTestObject("Object Repository/verification hod/buyer/Page_Chiragh.com Admin/a_Buyer")): Object: 'Object Repository/verification hod/buyer/Page_Chiragh.com Admin/a_Buyer' is clicked on

2019-04-26 15:18:09 - [MESSAGE][PASSED] - Object: 'Object Repository/verification hod/buyer/Page_Chiragh.com Admin/a_Buyer' is clicked on

2019-04-26 15:18:09 - [TEST_STEP][PASSED] - delay(5): Delayed 5 second(s)

2019-04-26 15:18:14 - [MESSAGE][PASSED] - Delayed 5 second(s)

2019-04-26 15:18:14 - [TEST_STEP][PASSED] - click(findTestObject("Object Repository/verification hod/in process tab/Page_Chiragh.com Admin/a_In Process")): Object: 'Object Repository/verification hod/in process tab/Page_Chiragh.com Admin/a_In Process' is clicked on

2019-04-26 15:18:14 - [MESSAGE][PASSED] - Object: 'Object Repository/verification hod/in process tab/Page_Chiragh.com Admin/a_In Process' is clicked on

2019-04-26 15:18:14 - [TEST_STEP][PASSED] - delay(10): Delayed 10 second(s)

2019-04-26 15:18:24 - [MESSAGE][PASSED] - Delayed 10 second(s)

2019-04-26 15:18:24 - [TEST_STEP][PASSED] - if (verifyElementPresent(findTestObject("Object Repository/verification hod/in process tab/Page_Chiragh.com Admin/th_Assignee"), 4) && verifyElementPresent(findTestObject("Object Repository/verification hod/in process tab/Page_Chiragh.com Admin/span_in process"), 4)): Browser is closed

2019-04-26 15:18:24 - [MESSAGE][PASSED] - Object 'Object Repository/verification hod/in process tab/Page_Chiragh.com Admin/th_Assignee' is present

2019-04-26 15:18:24 - [MESSAGE][PASSED] - Object 'Object Repository/verification hod/in process tab/Page_Chiragh.com Admin/span_in process' is present

2019-04-26 15:18:24 - [TEST_STEP][PASSED] - closeBrowser(): Browser is closed

2019-04-26 15:18:25 - [MESSAGE][PASSED] - Browser is closed]]></system-out>
         <system-err><![CDATA[]]></system-err>
      </testcase>
      <testcase name="Test Cases/verification hod/buyer/new leads tab" classname="Test Cases/verification hod/buyer/new leads tab" status="PASSED">
         <system-out><![CDATA[2019-04-26 15:18:25 - [TEST_CASE][PASSED] - Test Cases/verification hod/buyer/new leads tab: Test Cases/verification hod/buyer/new leads tab

2019-04-26 15:18:25 - [TEST_STEP][PASSED] - openBrowser(""): Browser is opened with url: ''

2019-04-26 15:18:25 - [MESSAGE][INFO] - Starting 'Chrome' driver

2019-04-26 15:18:27 - [MESSAGE][PASSED] - Browser is opened with url: ''

2019-04-26 15:18:27 - [TEST_STEP][PASSED] - navigateToUrl(url): Navigate to 'http://admin-chiragh.surge.sh' successfully

2019-04-26 15:18:27 - [MESSAGE][WARNING] - Test object with id 'Object Repository/property by name/Page_Chiragh/h2_Project 51468 Penthouse wit' does not exist

2019-04-26 15:18:34 - [MESSAGE][PASSED] - Navigate to 'http://admin-chiragh.surge.sh' successfully

2019-04-26 15:18:34 - [TEST_STEP][PASSED] - maximizeWindow(): Current window maximized

2019-04-26 15:18:35 - [MESSAGE][PASSED] - Current window maximized

2019-04-26 15:18:35 - [TEST_STEP][PASSED] - waitForPageLoad(8): Wait for page load successfully

2019-04-26 15:18:35 - [MESSAGE][PASSED] - Wait for page load successfully

2019-04-26 15:18:35 - [TEST_STEP][PASSED] - setText(findTestObject("Object Repository/verification hod/new leads tab/Page_Chiragh.com Admin/input_Admin Panel_userName"), "arsalankhalid"): Text 'arsalankhalid' is set on object 'Object Repository/verification hod/new leads tab/Page_Chiragh.com Admin/input_Admin Panel_userName'

2019-04-26 15:18:35 - [MESSAGE][PASSED] - Text 'arsalankhalid' is set on object 'Object Repository/verification hod/new leads tab/Page_Chiragh.com Admin/input_Admin Panel_userName'

2019-04-26 15:18:35 - [TEST_STEP][PASSED] - click(findTestObject("Object Repository/verification hod/new leads tab/Page_Chiragh.com Admin/div_Password")): Object: 'Object Repository/verification hod/new leads tab/Page_Chiragh.com Admin/div_Password' is clicked on

2019-04-26 15:18:35 - [MESSAGE][PASSED] - Object: 'Object Repository/verification hod/new leads tab/Page_Chiragh.com Admin/div_Password' is clicked on

2019-04-26 15:18:35 - [TEST_STEP][PASSED] - setEncryptedText(findTestObject("Object Repository/verification hod/new leads tab/Page_Chiragh.com Admin/input_Username_password"), "RigbBhfdqODKcAsiUrg+1Q=="): Text ****** has been set on object 'Object Repository/verification hod/new leads tab/Page_Chiragh.com Admin/input_Username_password'

2019-04-26 15:18:35 - [MESSAGE][PASSED] - Text ****** has been set on object 'Object Repository/verification hod/new leads tab/Page_Chiragh.com Admin/input_Username_password'

2019-04-26 15:18:35 - [TEST_STEP][PASSED] - click(findTestObject("Object Repository/verification hod/new leads tab/Page_Chiragh.com Admin/button_Login")): Object: 'Object Repository/verification hod/new leads tab/Page_Chiragh.com Admin/button_Login' is clicked on

2019-04-26 15:18:35 - [MESSAGE][PASSED] - Object: 'Object Repository/verification hod/new leads tab/Page_Chiragh.com Admin/button_Login' is clicked on

2019-04-26 15:18:35 - [TEST_STEP][PASSED] - waitForPageLoad(8): Wait for page load successfully

2019-04-26 15:18:35 - [MESSAGE][PASSED] - Wait for page load successfully

2019-04-26 15:18:35 - [TEST_STEP][PASSED] - click(findTestObject("Object Repository/verification hod/buyer/Page_Chiragh.com Admin/a_Buyer")): Object: 'Object Repository/verification hod/buyer/Page_Chiragh.com Admin/a_Buyer' is clicked on

2019-04-26 15:18:38 - [MESSAGE][PASSED] - Object: 'Object Repository/verification hod/buyer/Page_Chiragh.com Admin/a_Buyer' is clicked on

2019-04-26 15:18:38 - [TEST_STEP][PASSED] - delay(5): Delayed 5 second(s)

2019-04-26 15:18:43 - [MESSAGE][PASSED] - Delayed 5 second(s)

2019-04-26 15:18:43 - [TEST_STEP][PASSED] - click(findTestObject("Object Repository/verification hod/new leads tab/Page_Chiragh.com Admin/a_New Leads")): Object: 'Object Repository/verification hod/new leads tab/Page_Chiragh.com Admin/a_New Leads' is clicked on

2019-04-26 15:18:43 - [MESSAGE][PASSED] - Object: 'Object Repository/verification hod/new leads tab/Page_Chiragh.com Admin/a_New Leads' is clicked on

2019-04-26 15:18:43 - [TEST_STEP][PASSED] - delay(7): Delayed 7 second(s)

2019-04-26 15:18:50 - [MESSAGE][PASSED] - Delayed 7 second(s)

2019-04-26 15:18:50 - [TEST_STEP][PASSED] - if (verifyElementPresent(findTestObject("Object Repository/verification hod/new leads tab/Page_Chiragh.com Admin/th_Assign To"), 4) || verifyElementPresent("Object Repository/verification hod/new leads tab/Page_Chiragh.com Admin/h3_This collection is empty..", 4)): Browser is closed

2019-04-26 15:18:50 - [MESSAGE][PASSED] - Object 'Object Repository/verification hod/new leads tab/Page_Chiragh.com Admin/th_Assign To' is present

2019-04-26 15:18:50 - [TEST_STEP][PASSED] - closeBrowser(): Browser is closed

2019-04-26 15:18:51 - [MESSAGE][PASSED] - Browser is closed]]></system-out>
         <system-err><![CDATA[]]></system-err>
      </testcase>
      <testcase name="Test Cases/verification hod/buyer/owner documents" classname="Test Cases/verification hod/buyer/owner documents" status="FAILED">
         <failure type="FAILED" message="Test Cases/verification hod/buyer/owner documents FAILED.
Reason:
com.kms.katalon.core.exception.StepFailedException: Unable to click on object 'Object Repository/verification hod/owner document/Page_Chiragh.com Admin/a_Owner 1 Bradley Jena_attachm' (Root cause: com.kms.katalon.core.webui.exception.WebElementNotFoundException: Web element with id: 'Object Repository/verification hod/owner document/Page_Chiragh.com Admin/a_Owner 1 Bradley Jena_attachm' located by 'By.xpath: //mat-tab-body[@id='mat-tab-content-0-0']/div/app-owners/div/div/div/div/div/a' not found)
	at com.kms.katalon.core.keyword.internal.KeywordMain.stepFailed(KeywordMain.groovy:36)
	at com.kms.katalon.core.webui.keyword.internal.WebUIKeywordMain.stepFailed(WebUIKeywordMain.groovy:65)
	at com.kms.katalon.core.webui.keyword.internal.WebUIKeywordMain.runKeyword(WebUIKeywordMain.groovy:27)
	at com.kms.katalon.core.webui.keyword.builtin.ClickKeyword.click(ClickKeyword.groovy:86)
	at com.kms.katalon.core.webui.keyword.builtin.ClickKeyword.execute(ClickKeyword.groovy:67)
	at com.kms.katalon.core.keyword.internal.KeywordExecutor.executeKeywordForPlatform(KeywordExecutor.groovy:53)
	at com.kms.katalon.core.webui.keyword.WebUiBuiltInKeywords.click(WebUiBuiltInKeywords.groovy:616)
	at com.kms.katalon.core.webui.keyword.WebUiBuiltInKeywords$click$3.call(Unknown Source)
	at owner documents.run(owner documents:52)
	at com.kms.katalon.core.main.ScriptEngine.run(ScriptEngine.java:194)
	at com.kms.katalon.core.main.ScriptEngine.runScriptAsRawText(ScriptEngine.java:119)
	at com.kms.katalon.core.main.TestCaseExecutor.runScript(TestCaseExecutor.java:328)
	at com.kms.katalon.core.main.TestCaseExecutor.doExecute(TestCaseExecutor.java:319)
	at com.kms.katalon.core.main.TestCaseExecutor.processExecutionPhase(TestCaseExecutor.java:298)
	at com.kms.katalon.core.main.TestCaseExecutor.accessMainPhase(TestCaseExecutor.java:290)
	at com.kms.katalon.core.main.TestCaseExecutor.execute(TestCaseExecutor.java:224)
	at com.kms.katalon.core.main.TestSuiteExecutor.accessTestCaseMainPhase(TestSuiteExecutor.java:129)
	at com.kms.katalon.core.main.TestSuiteExecutor.accessTestSuiteMainPhase(TestSuiteExecutor.java:112)
	at com.kms.katalon.core.main.TestSuiteExecutor.execute(TestSuiteExecutor.java:81)
	at com.kms.katalon.core.main.TestCaseMain.startTestSuite(TestCaseMain.java:149)
	at com.kms.katalon.core.main.TestCaseMain$startTestSuite$0.call(Unknown Source)
	at TempTestSuite1556273802009.run(TempTestSuite1556273802009.groovy:36)
"/>
         <system-out><![CDATA[2019-04-26 15:18:51 - [TEST_CASE][FAILED] - Test Cases/verification hod/buyer/owner documents: Test Cases/verification hod/buyer/owner documents FAILED.
Reason:
com.kms.katalon.core.exception.StepFailedException: Unable to click on object 'Object Repository/verification hod/owner document/Page_Chiragh.com Admin/a_Owner 1 Bradley Jena_attachm' (Root cause: com.kms.katalon.core.webui.exception.WebElementNotFoundException: Web element with id: 'Object Repository/verification hod/owner document/Page_Chiragh.com Admin/a_Owner 1 Bradley Jena_attachm' located by 'By.xpath: //mat-tab-body[@id='mat-tab-content-0-0']/div/app-owners/div/div/div/div/div/a' not found)
	at com.kms.katalon.core.keyword.internal.KeywordMain.stepFailed(KeywordMain.groovy:36)
	at com.kms.katalon.core.webui.keyword.internal.WebUIKeywordMain.stepFailed(WebUIKeywordMain.groovy:65)
	at com.kms.katalon.core.webui.keyword.internal.WebUIKeywordMain.runKeyword(WebUIKeywordMain.groovy:27)
	at com.kms.katalon.core.webui.keyword.builtin.ClickKeyword.click(ClickKeyword.groovy:86)
	at com.kms.katalon.core.webui.keyword.builtin.ClickKeyword.execute(ClickKeyword.groovy:67)
	at com.kms.katalon.core.keyword.internal.KeywordExecutor.executeKeywordForPlatform(KeywordExecutor.groovy:53)
	at com.kms.katalon.core.webui.keyword.WebUiBuiltInKeywords.click(WebUiBuiltInKeywords.groovy:616)
	at com.kms.katalon.core.webui.keyword.WebUiBuiltInKeywords$click$3.call(Unknown Source)
	at owner documents.run(owner documents:52)
	at com.kms.katalon.core.main.ScriptEngine.run(ScriptEngine.java:194)
	at com.kms.katalon.core.main.ScriptEngine.runScriptAsRawText(ScriptEngine.java:119)
	at com.kms.katalon.core.main.TestCaseExecutor.runScript(TestCaseExecutor.java:328)
	at com.kms.katalon.core.main.TestCaseExecutor.doExecute(TestCaseExecutor.java:319)
	at com.kms.katalon.core.main.TestCaseExecutor.processExecutionPhase(TestCaseExecutor.java:298)
	at com.kms.katalon.core.main.TestCaseExecutor.accessMainPhase(TestCaseExecutor.java:290)
	at com.kms.katalon.core.main.TestCaseExecutor.execute(TestCaseExecutor.java:224)
	at com.kms.katalon.core.main.TestSuiteExecutor.accessTestCaseMainPhase(TestSuiteExecutor.java:129)
	at com.kms.katalon.core.main.TestSuiteExecutor.accessTestSuiteMainPhase(TestSuiteExecutor.java:112)
	at com.kms.katalon.core.main.TestSuiteExecutor.execute(TestSuiteExecutor.java:81)
	at com.kms.katalon.core.main.TestCaseMain.startTestSuite(TestCaseMain.java:149)
	at com.kms.katalon.core.main.TestCaseMain$startTestSuite$0.call(Unknown Source)
	at TempTestSuite1556273802009.run(TempTestSuite1556273802009.groovy:36)


2019-04-26 15:18:51 - [TEST_STEP][PASSED] - openBrowser(""): Browser is opened with url: ''

2019-04-26 15:18:51 - [MESSAGE][INFO] - Starting 'Chrome' driver

2019-04-26 15:18:54 - [MESSAGE][PASSED] - Browser is opened with url: ''

2019-04-26 15:18:54 - [TEST_STEP][PASSED] - navigateToUrl(url): Navigate to 'http://admin-chiragh.surge.sh' successfully

2019-04-26 15:19:00 - [MESSAGE][PASSED] - Navigate to 'http://admin-chiragh.surge.sh' successfully

2019-04-26 15:19:00 - [TEST_STEP][PASSED] - maximizeWindow(): Current window maximized

2019-04-26 15:19:01 - [MESSAGE][PASSED] - Current window maximized

2019-04-26 15:19:01 - [TEST_STEP][PASSED] - waitForPageLoad(8): Wait for page load successfully

2019-04-26 15:19:01 - [MESSAGE][PASSED] - Wait for page load successfully

2019-04-26 15:19:01 - [TEST_STEP][PASSED] - click(findTestObject("Object Repository/verification hod/property details present/Page_Chiragh.com Admin/form_Admin PanelUsernamePasswo")): Object: 'Object Repository/verification hod/property details present/Page_Chiragh.com Admin/form_Admin PanelUsernamePasswo' is clicked on

2019-04-26 15:19:01 - [MESSAGE][PASSED] - Object: 'Object Repository/verification hod/property details present/Page_Chiragh.com Admin/form_Admin PanelUsernamePasswo' is clicked on

2019-04-26 15:19:01 - [TEST_STEP][PASSED] - click(findTestObject("Object Repository/verification hod/property details present/Page_Chiragh.com Admin/div_Username")): Object: 'Object Repository/verification hod/property details present/Page_Chiragh.com Admin/div_Username' is clicked on

2019-04-26 15:19:01 - [MESSAGE][PASSED] - Object: 'Object Repository/verification hod/property details present/Page_Chiragh.com Admin/div_Username' is clicked on

2019-04-26 15:19:01 - [TEST_STEP][PASSED] - setText(findTestObject("Object Repository/verification hod/property details present/Page_Chiragh.com Admin/input_Admin Panel_userName"), "arsalankhalid"): Text 'arsalankhalid' is set on object 'Object Repository/verification hod/property details present/Page_Chiragh.com Admin/input_Admin Panel_userName'

2019-04-26 15:19:01 - [MESSAGE][PASSED] - Text 'arsalankhalid' is set on object 'Object Repository/verification hod/property details present/Page_Chiragh.com Admin/input_Admin Panel_userName'

2019-04-26 15:19:01 - [TEST_STEP][PASSED] - setEncryptedText(findTestObject("Object Repository/verification hod/property details present/Page_Chiragh.com Admin/input_Username_password"), "RigbBhfdqODKcAsiUrg+1Q=="): Text ****** has been set on object 'Object Repository/verification hod/property details present/Page_Chiragh.com Admin/input_Username_password'

2019-04-26 15:19:01 - [MESSAGE][PASSED] - Text ****** has been set on object 'Object Repository/verification hod/property details present/Page_Chiragh.com Admin/input_Username_password'

2019-04-26 15:19:01 - [TEST_STEP][PASSED] - click(findTestObject("Object Repository/verification hod/property details present/Page_Chiragh.com Admin/button_Login")): Object: 'Object Repository/verification hod/property details present/Page_Chiragh.com Admin/button_Login' is clicked on

2019-04-26 15:19:02 - [MESSAGE][PASSED] - Object: 'Object Repository/verification hod/property details present/Page_Chiragh.com Admin/button_Login' is clicked on

2019-04-26 15:19:02 - [TEST_STEP][PASSED] - click(findTestObject("Object Repository/verification hod/property details present/Page_Chiragh.com Admin/a_In Process")): Object: 'Object Repository/verification hod/property details present/Page_Chiragh.com Admin/a_In Process' is clicked on

2019-04-26 15:19:05 - [MESSAGE][PASSED] - Object: 'Object Repository/verification hod/property details present/Page_Chiragh.com Admin/a_In Process' is clicked on

2019-04-26 15:19:05 - [TEST_STEP][PASSED] - click(findTestObject("Object Repository/verification hod/buyer/Page_Chiragh.com Admin/a_Buyer")): Object: 'Object Repository/verification hod/buyer/Page_Chiragh.com Admin/a_Buyer' is clicked on

2019-04-26 15:19:05 - [MESSAGE][PASSED] - Object: 'Object Repository/verification hod/buyer/Page_Chiragh.com Admin/a_Buyer' is clicked on

2019-04-26 15:19:05 - [TEST_STEP][PASSED] - delay(5): Delayed 5 second(s)

2019-04-26 15:19:10 - [MESSAGE][PASSED] - Delayed 5 second(s)

2019-04-26 15:19:10 - [TEST_STEP][PASSED] - click(findTestObject("Object Repository/verification hod/in process tab/Page_Chiragh.com Admin/a_In Process")): Object: 'Object Repository/verification hod/in process tab/Page_Chiragh.com Admin/a_In Process' is clicked on

2019-04-26 15:19:10 - [MESSAGE][PASSED] - Object: 'Object Repository/verification hod/in process tab/Page_Chiragh.com Admin/a_In Process' is clicked on

2019-04-26 15:19:10 - [TEST_STEP][PASSED] - delay(8): Delayed 8 second(s)

2019-04-26 15:19:18 - [MESSAGE][PASSED] - Delayed 8 second(s)

2019-04-26 15:19:18 - [TEST_STEP][PASSED] - click(findTestObject("Object Repository/verification hod/buyer/Page_Chiragh.com Admin/a_Project 51463 Most Desired 0")): Object: 'Object Repository/verification hod/buyer/Page_Chiragh.com Admin/a_Project 51463 Most Desired 0' is clicked on

2019-04-26 15:19:18 - [MESSAGE][PASSED] - Object: 'Object Repository/verification hod/buyer/Page_Chiragh.com Admin/a_Project 51463 Most Desired 0' is clicked on

2019-04-26 15:19:18 - [TEST_STEP][PASSED] - delay(8): Delayed 8 second(s)

2019-04-26 15:19:26 - [MESSAGE][PASSED] - Delayed 8 second(s)

2019-04-26 15:19:26 - [TEST_STEP][FAILED] - click(findTestObject("Object Repository/verification hod/owner document/Page_Chiragh.com Admin/a_Owner 1 Bradley Jena_attachm")): click(findTestObject("Object Repository/verification hod/owner document/Page_Chiragh.com Admin/a_Owner 1 Bradley Jena_attachm")) FAILED.
Reason:
com.kms.katalon.core.exception.StepFailedException: Unable to click on object 'Object Repository/verification hod/owner document/Page_Chiragh.com Admin/a_Owner 1 Bradley Jena_attachm' (Root cause: com.kms.katalon.core.webui.exception.WebElementNotFoundException: Web element with id: 'Object Repository/verification hod/owner document/Page_Chiragh.com Admin/a_Owner 1 Bradley Jena_attachm' located by 'By.xpath: //mat-tab-body[@id='mat-tab-content-0-0']/div/app-owners/div/div/div/div/div/a' not found)
	at com.kms.katalon.core.keyword.internal.KeywordMain.stepFailed(KeywordMain.groovy:36)
	at com.kms.katalon.core.webui.keyword.internal.WebUIKeywordMain.stepFailed(WebUIKeywordMain.groovy:65)
	at com.kms.katalon.core.webui.keyword.internal.WebUIKeywordMain.runKeyword(WebUIKeywordMain.groovy:27)
	at com.kms.katalon.core.webui.keyword.builtin.ClickKeyword.click(ClickKeyword.groovy:86)
	at com.kms.katalon.core.webui.keyword.builtin.ClickKeyword.execute(ClickKeyword.groovy:67)
	at com.kms.katalon.core.keyword.internal.KeywordExecutor.executeKeywordForPlatform(KeywordExecutor.groovy:53)
	at com.kms.katalon.core.webui.keyword.WebUiBuiltInKeywords.click(WebUiBuiltInKeywords.groovy:616)
	at com.kms.katalon.core.webui.keyword.WebUiBuiltInKeywords$click$3.call(Unknown Source)
	at owner documents.run(owner documents:52)
	at com.kms.katalon.core.main.ScriptEngine.run(ScriptEngine.java:194)
	at com.kms.katalon.core.main.ScriptEngine.runScriptAsRawText(ScriptEngine.java:119)
	at com.kms.katalon.core.main.TestCaseExecutor.runScript(TestCaseExecutor.java:328)
	at com.kms.katalon.core.main.TestCaseExecutor.doExecute(TestCaseExecutor.java:319)
	at com.kms.katalon.core.main.TestCaseExecutor.processExecutionPhase(TestCaseExecutor.java:298)
	at com.kms.katalon.core.main.TestCaseExecutor.accessMainPhase(TestCaseExecutor.java:290)
	at com.kms.katalon.core.main.TestCaseExecutor.execute(TestCaseExecutor.java:224)
	at com.kms.katalon.core.main.TestSuiteExecutor.accessTestCaseMainPhase(TestSuiteExecutor.java:129)
	at com.kms.katalon.core.main.TestSuiteExecutor.accessTestSuiteMainPhase(TestSuiteExecutor.java:112)
	at com.kms.katalon.core.main.TestSuiteExecutor.execute(TestSuiteExecutor.java:81)
	at com.kms.katalon.core.main.TestCaseMain.startTestSuite(TestCaseMain.java:149)
	at com.kms.katalon.core.main.TestCaseMain$startTestSuite$0.call(Unknown Source)
	at TempTestSuite1556273802009.run(TempTestSuite1556273802009.groovy:36)


2019-04-26 15:19:57 - [MESSAGE][INFO] - Unable to find the element located by 'By.xpath: //mat-tab-body[@id='mat-tab-content-0-0']/div/app-owners/div/div/div/div/div/a'. Please recheck the objects properties to make sure the desired element is located. 

2019-04-26 15:19:57 - [MESSAGE][FAILED] - Unable to click on object 'Object Repository/verification hod/owner document/Page_Chiragh.com Admin/a_Owner 1 Bradley Jena_attachm' (Root cause: com.kms.katalon.core.webui.exception.WebElementNotFoundException: Web element with id: 'Object Repository/verification hod/owner document/Page_Chiragh.com Admin/a_Owner 1 Bradley Jena_attachm' located by 'By.xpath: //mat-tab-body[@id='mat-tab-content-0-0']/div/app-owners/div/div/div/div/div/a' not found)
[[ATTACHMENT|C:\\Users\\HP\\git\\chiraghAdminPanel\\Reports\\verificationHod\\20190426_151641\\1556273997643.png]]

2019-04-26 15:19:57 - [MESSAGE][FAILED] - click(findTestObject("Object Repository/verification hod/owner document/Page_Chiragh.com Admin/a_Owner 1 Bradley Jena_attachm")) FAILED.
Reason:
com.kms.katalon.core.exception.StepFailedException: Unable to click on object 'Object Repository/verification hod/owner document/Page_Chiragh.com Admin/a_Owner 1 Bradley Jena_attachm' (Root cause: com.kms.katalon.core.webui.exception.WebElementNotFoundException: Web element with id: 'Object Repository/verification hod/owner document/Page_Chiragh.com Admin/a_Owner 1 Bradley Jena_attachm' located by 'By.xpath: //mat-tab-body[@id='mat-tab-content-0-0']/div/app-owners/div/div/div/div/div/a' not found)
	at com.kms.katalon.core.keyword.internal.KeywordMain.stepFailed(KeywordMain.groovy:36)
	at com.kms.katalon.core.webui.keyword.internal.WebUIKeywordMain.stepFailed(WebUIKeywordMain.groovy:65)
	at com.kms.katalon.core.webui.keyword.internal.WebUIKeywordMain.runKeyword(WebUIKeywordMain.groovy:27)
	at com.kms.katalon.core.webui.keyword.builtin.ClickKeyword.click(ClickKeyword.groovy:86)
	at com.kms.katalon.core.webui.keyword.builtin.ClickKeyword.execute(ClickKeyword.groovy:67)
	at com.kms.katalon.core.keyword.internal.KeywordExecutor.executeKeywordForPlatform(KeywordExecutor.groovy:53)
	at com.kms.katalon.core.webui.keyword.WebUiBuiltInKeywords.click(WebUiBuiltInKeywords.groovy:616)
	at com.kms.katalon.core.webui.keyword.WebUiBuiltInKeywords$click$3.call(Unknown Source)
	at owner documents.run(owner documents:52)
	at com.kms.katalon.core.main.ScriptEngine.run(ScriptEngine.java:194)
	at com.kms.katalon.core.main.ScriptEngine.runScriptAsRawText(ScriptEngine.java:119)
	at com.kms.katalon.core.main.TestCaseExecutor.runScript(TestCaseExecutor.java:328)
	at com.kms.katalon.core.main.TestCaseExecutor.doExecute(TestCaseExecutor.java:319)
	at com.kms.katalon.core.main.TestCaseExecutor.processExecutionPhase(TestCaseExecutor.java:298)
	at com.kms.katalon.core.main.TestCaseExecutor.accessMainPhase(TestCaseExecutor.java:290)
	at com.kms.katalon.core.main.TestCaseExecutor.execute(TestCaseExecutor.java:224)
	at com.kms.katalon.core.main.TestSuiteExecutor.accessTestCaseMainPhase(TestSuiteExecutor.java:129)
	at com.kms.katalon.core.main.TestSuiteExecutor.accessTestSuiteMainPhase(TestSuiteExecutor.java:112)
	at com.kms.katalon.core.main.TestSuiteExecutor.execute(TestSuiteExecutor.java:81)
	at com.kms.katalon.core.main.TestCaseMain.startTestSuite(TestCaseMain.java:149)
	at com.kms.katalon.core.main.TestCaseMain$startTestSuite$0.call(Unknown Source)
	at TempTestSuite1556273802009.run(TempTestSuite1556273802009.groovy:36)]]></system-out>
         <system-err><![CDATA[2019-04-26 15:18:51 - [TEST_CASE][FAILED] - Test Cases/verification hod/buyer/owner documents: Test Cases/verification hod/buyer/owner documents FAILED.
Reason:
com.kms.katalon.core.exception.StepFailedException: Unable to click on object 'Object Repository/verification hod/owner document/Page_Chiragh.com Admin/a_Owner 1 Bradley Jena_attachm' (Root cause: com.kms.katalon.core.webui.exception.WebElementNotFoundException: Web element with id: 'Object Repository/verification hod/owner document/Page_Chiragh.com Admin/a_Owner 1 Bradley Jena_attachm' located by 'By.xpath: //mat-tab-body[@id='mat-tab-content-0-0']/div/app-owners/div/div/div/div/div/a' not found)
	at com.kms.katalon.core.keyword.internal.KeywordMain.stepFailed(KeywordMain.groovy:36)
	at com.kms.katalon.core.webui.keyword.internal.WebUIKeywordMain.stepFailed(WebUIKeywordMain.groovy:65)
	at com.kms.katalon.core.webui.keyword.internal.WebUIKeywordMain.runKeyword(WebUIKeywordMain.groovy:27)
	at com.kms.katalon.core.webui.keyword.builtin.ClickKeyword.click(ClickKeyword.groovy:86)
	at com.kms.katalon.core.webui.keyword.builtin.ClickKeyword.execute(ClickKeyword.groovy:67)
	at com.kms.katalon.core.keyword.internal.KeywordExecutor.executeKeywordForPlatform(KeywordExecutor.groovy:53)
	at com.kms.katalon.core.webui.keyword.WebUiBuiltInKeywords.click(WebUiBuiltInKeywords.groovy:616)
	at com.kms.katalon.core.webui.keyword.WebUiBuiltInKeywords$click$3.call(Unknown Source)
	at owner documents.run(owner documents:52)
	at com.kms.katalon.core.main.ScriptEngine.run(ScriptEngine.java:194)
	at com.kms.katalon.core.main.ScriptEngine.runScriptAsRawText(ScriptEngine.java:119)
	at com.kms.katalon.core.main.TestCaseExecutor.runScript(TestCaseExecutor.java:328)
	at com.kms.katalon.core.main.TestCaseExecutor.doExecute(TestCaseExecutor.java:319)
	at com.kms.katalon.core.main.TestCaseExecutor.processExecutionPhase(TestCaseExecutor.java:298)
	at com.kms.katalon.core.main.TestCaseExecutor.accessMainPhase(TestCaseExecutor.java:290)
	at com.kms.katalon.core.main.TestCaseExecutor.execute(TestCaseExecutor.java:224)
	at com.kms.katalon.core.main.TestSuiteExecutor.accessTestCaseMainPhase(TestSuiteExecutor.java:129)
	at com.kms.katalon.core.main.TestSuiteExecutor.accessTestSuiteMainPhase(TestSuiteExecutor.java:112)
	at com.kms.katalon.core.main.TestSuiteExecutor.execute(TestSuiteExecutor.java:81)
	at com.kms.katalon.core.main.TestCaseMain.startTestSuite(TestCaseMain.java:149)
	at com.kms.katalon.core.main.TestCaseMain$startTestSuite$0.call(Unknown Source)
	at TempTestSuite1556273802009.run(TempTestSuite1556273802009.groovy:36)]]></system-err>
      </testcase>
      <testcase name="Test Cases/verification hod/buyer/poa documents" classname="Test Cases/verification hod/buyer/poa documents" status="FAILED">
         <failure type="FAILED" message="Test Cases/verification hod/buyer/poa documents FAILED.
Reason:
com.kms.katalon.core.exception.StepFailedException: Unable to verify object 'Object Repository/verification hod/property details present/Page_Chiragh.com Admin/span_POA Status' is present (Root cause: com.kms.katalon.core.exception.StepFailedException: com.kms.katalon.core.webui.exception.WebElementNotFoundException: Web element with id: 'Object Repository/verification hod/property details present/Page_Chiragh.com Admin/span_POA Status' located by 'By.xpath: //*[@id=&quot;mat-tab-content-0-1&quot;]/div/app-poas/div/div[2]/div/div[1]/span[2]' not found)
	at com.kms.katalon.core.keyword.internal.KeywordMain.stepFailed(KeywordMain.groovy:36)
	at com.kms.katalon.core.webui.keyword.internal.WebUIKeywordMain.stepFailed(WebUIKeywordMain.groovy:65)
	at com.kms.katalon.core.webui.keyword.internal.WebUIKeywordMain.runKeyword(WebUIKeywordMain.groovy:27)
	at com.kms.katalon.core.webui.keyword.builtin.VerifyElementPresentKeyword.verifyElementPresent(VerifyElementPresentKeyword.groovy:92)
	at com.kms.katalon.core.webui.keyword.builtin.VerifyElementPresentKeyword.execute(VerifyElementPresentKeyword.groovy:68)
	at com.kms.katalon.core.keyword.internal.KeywordExecutor.executeKeywordForPlatform(KeywordExecutor.groovy:53)
	at com.kms.katalon.core.webui.keyword.WebUiBuiltInKeywords.verifyElementPresent(WebUiBuiltInKeywords.groovy:1434)
	at com.kms.katalon.core.webui.keyword.WebUiBuiltInKeywords$verifyElementPresent$6.call(Unknown Source)
	at poa documents.run(poa documents:50)
	at com.kms.katalon.core.main.ScriptEngine.run(ScriptEngine.java:194)
	at com.kms.katalon.core.main.ScriptEngine.runScriptAsRawText(ScriptEngine.java:119)
	at com.kms.katalon.core.main.TestCaseExecutor.runScript(TestCaseExecutor.java:328)
	at com.kms.katalon.core.main.TestCaseExecutor.doExecute(TestCaseExecutor.java:319)
	at com.kms.katalon.core.main.TestCaseExecutor.processExecutionPhase(TestCaseExecutor.java:298)
	at com.kms.katalon.core.main.TestCaseExecutor.accessMainPhase(TestCaseExecutor.java:290)
	at com.kms.katalon.core.main.TestCaseExecutor.execute(TestCaseExecutor.java:224)
	at com.kms.katalon.core.main.TestSuiteExecutor.accessTestCaseMainPhase(TestSuiteExecutor.java:129)
	at com.kms.katalon.core.main.TestSuiteExecutor.accessTestSuiteMainPhase(TestSuiteExecutor.java:112)
	at com.kms.katalon.core.main.TestSuiteExecutor.execute(TestSuiteExecutor.java:81)
	at com.kms.katalon.core.main.TestCaseMain.startTestSuite(TestCaseMain.java:149)
	at com.kms.katalon.core.main.TestCaseMain$startTestSuite$0.call(Unknown Source)
	at TempTestSuite1556273802009.run(TempTestSuite1556273802009.groovy:36)
"/>
         <system-out><![CDATA[2019-04-26 15:19:57 - [TEST_CASE][FAILED] - Test Cases/verification hod/buyer/poa documents: Test Cases/verification hod/buyer/poa documents FAILED.
Reason:
com.kms.katalon.core.exception.StepFailedException: Unable to verify object 'Object Repository/verification hod/property details present/Page_Chiragh.com Admin/span_POA Status' is present (Root cause: com.kms.katalon.core.exception.StepFailedException: com.kms.katalon.core.webui.exception.WebElementNotFoundException: Web element with id: 'Object Repository/verification hod/property details present/Page_Chiragh.com Admin/span_POA Status' located by 'By.xpath: //*[@id="mat-tab-content-0-1"]/div/app-poas/div/div[2]/div/div[1]/span[2]' not found)
	at com.kms.katalon.core.keyword.internal.KeywordMain.stepFailed(KeywordMain.groovy:36)
	at com.kms.katalon.core.webui.keyword.internal.WebUIKeywordMain.stepFailed(WebUIKeywordMain.groovy:65)
	at com.kms.katalon.core.webui.keyword.internal.WebUIKeywordMain.runKeyword(WebUIKeywordMain.groovy:27)
	at com.kms.katalon.core.webui.keyword.builtin.VerifyElementPresentKeyword.verifyElementPresent(VerifyElementPresentKeyword.groovy:92)
	at com.kms.katalon.core.webui.keyword.builtin.VerifyElementPresentKeyword.execute(VerifyElementPresentKeyword.groovy:68)
	at com.kms.katalon.core.keyword.internal.KeywordExecutor.executeKeywordForPlatform(KeywordExecutor.groovy:53)
	at com.kms.katalon.core.webui.keyword.WebUiBuiltInKeywords.verifyElementPresent(WebUiBuiltInKeywords.groovy:1434)
	at com.kms.katalon.core.webui.keyword.WebUiBuiltInKeywords$verifyElementPresent$6.call(Unknown Source)
	at poa documents.run(poa documents:50)
	at com.kms.katalon.core.main.ScriptEngine.run(ScriptEngine.java:194)
	at com.kms.katalon.core.main.ScriptEngine.runScriptAsRawText(ScriptEngine.java:119)
	at com.kms.katalon.core.main.TestCaseExecutor.runScript(TestCaseExecutor.java:328)
	at com.kms.katalon.core.main.TestCaseExecutor.doExecute(TestCaseExecutor.java:319)
	at com.kms.katalon.core.main.TestCaseExecutor.processExecutionPhase(TestCaseExecutor.java:298)
	at com.kms.katalon.core.main.TestCaseExecutor.accessMainPhase(TestCaseExecutor.java:290)
	at com.kms.katalon.core.main.TestCaseExecutor.execute(TestCaseExecutor.java:224)
	at com.kms.katalon.core.main.TestSuiteExecutor.accessTestCaseMainPhase(TestSuiteExecutor.java:129)
	at com.kms.katalon.core.main.TestSuiteExecutor.accessTestSuiteMainPhase(TestSuiteExecutor.java:112)
	at com.kms.katalon.core.main.TestSuiteExecutor.execute(TestSuiteExecutor.java:81)
	at com.kms.katalon.core.main.TestCaseMain.startTestSuite(TestCaseMain.java:149)
	at com.kms.katalon.core.main.TestCaseMain$startTestSuite$0.call(Unknown Source)
	at TempTestSuite1556273802009.run(TempTestSuite1556273802009.groovy:36)


2019-04-26 15:19:58 - [TEST_STEP][PASSED] - openBrowser(""): Browser is opened with url: ''

2019-04-26 15:19:58 - [MESSAGE][WARNING] - A browser is already opened. Closing browser and opening a new one

2019-04-26 15:19:58 - [MESSAGE][INFO] - Starting 'Chrome' driver

2019-04-26 15:20:01 - [MESSAGE][PASSED] - Browser is opened with url: ''

2019-04-26 15:20:01 - [TEST_STEP][PASSED] - navigateToUrl(url): Navigate to 'http://admin-chiragh.surge.sh' successfully

2019-04-26 15:20:07 - [MESSAGE][PASSED] - Navigate to 'http://admin-chiragh.surge.sh' successfully

2019-04-26 15:20:07 - [TEST_STEP][PASSED] - maximizeWindow(): Current window maximized

2019-04-26 15:20:09 - [MESSAGE][PASSED] - Current window maximized

2019-04-26 15:20:09 - [TEST_STEP][PASSED] - waitForPageLoad(8): Wait for page load successfully

2019-04-26 15:20:09 - [MESSAGE][PASSED] - Wait for page load successfully

2019-04-26 15:20:09 - [TEST_STEP][PASSED] - click(findTestObject("Object Repository/verification hod/property details present/Page_Chiragh.com Admin/form_Admin PanelUsernamePasswo")): Object: 'Object Repository/verification hod/property details present/Page_Chiragh.com Admin/form_Admin PanelUsernamePasswo' is clicked on

2019-04-26 15:20:09 - [MESSAGE][PASSED] - Object: 'Object Repository/verification hod/property details present/Page_Chiragh.com Admin/form_Admin PanelUsernamePasswo' is clicked on

2019-04-26 15:20:09 - [TEST_STEP][PASSED] - click(findTestObject("Object Repository/verification hod/property details present/Page_Chiragh.com Admin/div_Username")): Object: 'Object Repository/verification hod/property details present/Page_Chiragh.com Admin/div_Username' is clicked on

2019-04-26 15:20:09 - [MESSAGE][PASSED] - Object: 'Object Repository/verification hod/property details present/Page_Chiragh.com Admin/div_Username' is clicked on

2019-04-26 15:20:09 - [TEST_STEP][PASSED] - setText(findTestObject("Object Repository/verification hod/property details present/Page_Chiragh.com Admin/input_Admin Panel_userName"), "arsalankhalid"): Text 'arsalankhalid' is set on object 'Object Repository/verification hod/property details present/Page_Chiragh.com Admin/input_Admin Panel_userName'

2019-04-26 15:20:09 - [MESSAGE][PASSED] - Text 'arsalankhalid' is set on object 'Object Repository/verification hod/property details present/Page_Chiragh.com Admin/input_Admin Panel_userName'

2019-04-26 15:20:09 - [TEST_STEP][PASSED] - setEncryptedText(findTestObject("Object Repository/verification hod/property details present/Page_Chiragh.com Admin/input_Username_password"), "RigbBhfdqODKcAsiUrg+1Q=="): Text ****** has been set on object 'Object Repository/verification hod/property details present/Page_Chiragh.com Admin/input_Username_password'

2019-04-26 15:20:09 - [MESSAGE][PASSED] - Text ****** has been set on object 'Object Repository/verification hod/property details present/Page_Chiragh.com Admin/input_Username_password'

2019-04-26 15:20:09 - [TEST_STEP][PASSED] - click(findTestObject("Object Repository/verification hod/property details present/Page_Chiragh.com Admin/button_Login")): Object: 'Object Repository/verification hod/property details present/Page_Chiragh.com Admin/button_Login' is clicked on

2019-04-26 15:20:09 - [MESSAGE][PASSED] - Object: 'Object Repository/verification hod/property details present/Page_Chiragh.com Admin/button_Login' is clicked on

2019-04-26 15:20:09 - [TEST_STEP][PASSED] - click(findTestObject("Object Repository/verification hod/buyer/Page_Chiragh.com Admin/a_Buyer")): Object: 'Object Repository/verification hod/buyer/Page_Chiragh.com Admin/a_Buyer' is clicked on

2019-04-26 15:20:12 - [MESSAGE][PASSED] - Object: 'Object Repository/verification hod/buyer/Page_Chiragh.com Admin/a_Buyer' is clicked on

2019-04-26 15:20:12 - [TEST_STEP][PASSED] - delay(5): Delayed 5 second(s)

2019-04-26 15:20:17 - [MESSAGE][PASSED] - Delayed 5 second(s)

2019-04-26 15:20:17 - [TEST_STEP][PASSED] - click(findTestObject("Object Repository/verification hod/in process tab/Page_Chiragh.com Admin/a_In Process")): Object: 'Object Repository/verification hod/in process tab/Page_Chiragh.com Admin/a_In Process' is clicked on

2019-04-26 15:20:17 - [MESSAGE][PASSED] - Object: 'Object Repository/verification hod/in process tab/Page_Chiragh.com Admin/a_In Process' is clicked on

2019-04-26 15:20:17 - [TEST_STEP][PASSED] - delay(8): Delayed 8 second(s)

2019-04-26 15:20:25 - [MESSAGE][PASSED] - Delayed 8 second(s)

2019-04-26 15:20:25 - [TEST_STEP][PASSED] - click(findTestObject("Object Repository/verification hod/buyer/Page_Chiragh.com Admin/a_Project 51463 Most Desired 0")): Object: 'Object Repository/verification hod/buyer/Page_Chiragh.com Admin/a_Project 51463 Most Desired 0' is clicked on

2019-04-26 15:20:26 - [MESSAGE][PASSED] - Object: 'Object Repository/verification hod/buyer/Page_Chiragh.com Admin/a_Project 51463 Most Desired 0' is clicked on

2019-04-26 15:20:26 - [TEST_STEP][PASSED] - delay(5): Delayed 5 second(s)

2019-04-26 15:20:31 - [MESSAGE][PASSED] - Delayed 5 second(s)

2019-04-26 15:20:31 - [TEST_STEP][PASSED] - doubleClick(findTestObject("Object Repository/verification hod/buyer/Page_Chiragh.com Admin/div_POAs")): Object: 'Object Repository/verification hod/buyer/Page_Chiragh.com Admin/div_POAs' is double clicked on

2019-04-26 15:20:31 - [MESSAGE][PASSED] - Object: 'Object Repository/verification hod/buyer/Page_Chiragh.com Admin/div_POAs' is double clicked on

2019-04-26 15:20:31 - [TEST_STEP][FAILED] - if (verifyElementPresent(findTestObject("Object Repository/verification hod/property details present/Page_Chiragh.com Admin/span_POA Status"), 4)): if (verifyElementPresent(findTestObject("Object Repository/verification hod/property details present/Page_Chiragh.com Admin/span_POA Status"), 4)) FAILED.
Reason:
com.kms.katalon.core.exception.StepFailedException: Unable to verify object 'Object Repository/verification hod/property details present/Page_Chiragh.com Admin/span_POA Status' is present (Root cause: com.kms.katalon.core.exception.StepFailedException: com.kms.katalon.core.webui.exception.WebElementNotFoundException: Web element with id: 'Object Repository/verification hod/property details present/Page_Chiragh.com Admin/span_POA Status' located by 'By.xpath: //*[@id="mat-tab-content-0-1"]/div/app-poas/div/div[2]/div/div[1]/span[2]' not found)
	at com.kms.katalon.core.keyword.internal.KeywordMain.stepFailed(KeywordMain.groovy:36)
	at com.kms.katalon.core.webui.keyword.internal.WebUIKeywordMain.stepFailed(WebUIKeywordMain.groovy:65)
	at com.kms.katalon.core.webui.keyword.internal.WebUIKeywordMain.runKeyword(WebUIKeywordMain.groovy:27)
	at com.kms.katalon.core.webui.keyword.builtin.VerifyElementPresentKeyword.verifyElementPresent(VerifyElementPresentKeyword.groovy:92)
	at com.kms.katalon.core.webui.keyword.builtin.VerifyElementPresentKeyword.execute(VerifyElementPresentKeyword.groovy:68)
	at com.kms.katalon.core.keyword.internal.KeywordExecutor.executeKeywordForPlatform(KeywordExecutor.groovy:53)
	at com.kms.katalon.core.webui.keyword.WebUiBuiltInKeywords.verifyElementPresent(WebUiBuiltInKeywords.groovy:1434)
	at com.kms.katalon.core.webui.keyword.WebUiBuiltInKeywords$verifyElementPresent$6.call(Unknown Source)
	at poa documents.run(poa documents:50)
	at com.kms.katalon.core.main.ScriptEngine.run(ScriptEngine.java:194)
	at com.kms.katalon.core.main.ScriptEngine.runScriptAsRawText(ScriptEngine.java:119)
	at com.kms.katalon.core.main.TestCaseExecutor.runScript(TestCaseExecutor.java:328)
	at com.kms.katalon.core.main.TestCaseExecutor.doExecute(TestCaseExecutor.java:319)
	at com.kms.katalon.core.main.TestCaseExecutor.processExecutionPhase(TestCaseExecutor.java:298)
	at com.kms.katalon.core.main.TestCaseExecutor.accessMainPhase(TestCaseExecutor.java:290)
	at com.kms.katalon.core.main.TestCaseExecutor.execute(TestCaseExecutor.java:224)
	at com.kms.katalon.core.main.TestSuiteExecutor.accessTestCaseMainPhase(TestSuiteExecutor.java:129)
	at com.kms.katalon.core.main.TestSuiteExecutor.accessTestSuiteMainPhase(TestSuiteExecutor.java:112)
	at com.kms.katalon.core.main.TestSuiteExecutor.execute(TestSuiteExecutor.java:81)
	at com.kms.katalon.core.main.TestCaseMain.startTestSuite(TestCaseMain.java:149)
	at com.kms.katalon.core.main.TestCaseMain$startTestSuite$0.call(Unknown Source)
	at TempTestSuite1556273802009.run(TempTestSuite1556273802009.groovy:36)


2019-04-26 15:20:35 - [MESSAGE][INFO] - Unable to find the element located by 'By.xpath: //*[@id="mat-tab-content-0-1"]/div/app-poas/div/div[2]/div/div[1]/span[2]'. Please recheck the objects properties to make sure the desired element is located. 

2019-04-26 15:20:35 - [MESSAGE][FAILED] - com.kms.katalon.core.webui.exception.WebElementNotFoundException: Web element with id: 'Object Repository/verification hod/property details present/Page_Chiragh.com Admin/span_POA Status' located by 'By.xpath: //*[@id="mat-tab-content-0-1"]/div/app-poas/div/div[2]/div/div[1]/span[2]' not found
[[ATTACHMENT|C:\\Users\\HP\\git\\chiraghAdminPanel\\Reports\\verificationHod\\20190426_151641\\1556274035330.png]]

2019-04-26 15:20:35 - [MESSAGE][FAILED] - Unable to verify object 'Object Repository/verification hod/property details present/Page_Chiragh.com Admin/span_POA Status' is present (Root cause: com.kms.katalon.core.exception.StepFailedException: com.kms.katalon.core.webui.exception.WebElementNotFoundException: Web element with id: 'Object Repository/verification hod/property details present/Page_Chiragh.com Admin/span_POA Status' located by 'By.xpath: //*[@id="mat-tab-content-0-1"]/div/app-poas/div/div[2]/div/div[1]/span[2]' not found)
[[ATTACHMENT|C:\\Users\\HP\\git\\chiraghAdminPanel\\Reports\\verificationHod\\20190426_151641\\1556274035611.png]]

2019-04-26 15:20:35 - [MESSAGE][FAILED] - if (verifyElementPresent(findTestObject("Object Repository/verification hod/property details present/Page_Chiragh.com Admin/span_POA Status"), 4)) FAILED.
Reason:
com.kms.katalon.core.exception.StepFailedException: Unable to verify object 'Object Repository/verification hod/property details present/Page_Chiragh.com Admin/span_POA Status' is present (Root cause: com.kms.katalon.core.exception.StepFailedException: com.kms.katalon.core.webui.exception.WebElementNotFoundException: Web element with id: 'Object Repository/verification hod/property details present/Page_Chiragh.com Admin/span_POA Status' located by 'By.xpath: //*[@id="mat-tab-content-0-1"]/div/app-poas/div/div[2]/div/div[1]/span[2]' not found)
	at com.kms.katalon.core.keyword.internal.KeywordMain.stepFailed(KeywordMain.groovy:36)
	at com.kms.katalon.core.webui.keyword.internal.WebUIKeywordMain.stepFailed(WebUIKeywordMain.groovy:65)
	at com.kms.katalon.core.webui.keyword.internal.WebUIKeywordMain.runKeyword(WebUIKeywordMain.groovy:27)
	at com.kms.katalon.core.webui.keyword.builtin.VerifyElementPresentKeyword.verifyElementPresent(VerifyElementPresentKeyword.groovy:92)
	at com.kms.katalon.core.webui.keyword.builtin.VerifyElementPresentKeyword.execute(VerifyElementPresentKeyword.groovy:68)
	at com.kms.katalon.core.keyword.internal.KeywordExecutor.executeKeywordForPlatform(KeywordExecutor.groovy:53)
	at com.kms.katalon.core.webui.keyword.WebUiBuiltInKeywords.verifyElementPresent(WebUiBuiltInKeywords.groovy:1434)
	at com.kms.katalon.core.webui.keyword.WebUiBuiltInKeywords$verifyElementPresent$6.call(Unknown Source)
	at poa documents.run(poa documents:50)
	at com.kms.katalon.core.main.ScriptEngine.run(ScriptEngine.java:194)
	at com.kms.katalon.core.main.ScriptEngine.runScriptAsRawText(ScriptEngine.java:119)
	at com.kms.katalon.core.main.TestCaseExecutor.runScript(TestCaseExecutor.java:328)
	at com.kms.katalon.core.main.TestCaseExecutor.doExecute(TestCaseExecutor.java:319)
	at com.kms.katalon.core.main.TestCaseExecutor.processExecutionPhase(TestCaseExecutor.java:298)
	at com.kms.katalon.core.main.TestCaseExecutor.accessMainPhase(TestCaseExecutor.java:290)
	at com.kms.katalon.core.main.TestCaseExecutor.execute(TestCaseExecutor.java:224)
	at com.kms.katalon.core.main.TestSuiteExecutor.accessTestCaseMainPhase(TestSuiteExecutor.java:129)
	at com.kms.katalon.core.main.TestSuiteExecutor.accessTestSuiteMainPhase(TestSuiteExecutor.java:112)
	at com.kms.katalon.core.main.TestSuiteExecutor.execute(TestSuiteExecutor.java:81)
	at com.kms.katalon.core.main.TestCaseMain.startTestSuite(TestCaseMain.java:149)
	at com.kms.katalon.core.main.TestCaseMain$startTestSuite$0.call(Unknown Source)
	at TempTestSuite1556273802009.run(TempTestSuite1556273802009.groovy:36)]]></system-out>
         <system-err><![CDATA[2019-04-26 15:19:57 - [TEST_CASE][FAILED] - Test Cases/verification hod/buyer/poa documents: Test Cases/verification hod/buyer/poa documents FAILED.
Reason:
com.kms.katalon.core.exception.StepFailedException: Unable to verify object 'Object Repository/verification hod/property details present/Page_Chiragh.com Admin/span_POA Status' is present (Root cause: com.kms.katalon.core.exception.StepFailedException: com.kms.katalon.core.webui.exception.WebElementNotFoundException: Web element with id: 'Object Repository/verification hod/property details present/Page_Chiragh.com Admin/span_POA Status' located by 'By.xpath: //*[@id="mat-tab-content-0-1"]/div/app-poas/div/div[2]/div/div[1]/span[2]' not found)
	at com.kms.katalon.core.keyword.internal.KeywordMain.stepFailed(KeywordMain.groovy:36)
	at com.kms.katalon.core.webui.keyword.internal.WebUIKeywordMain.stepFailed(WebUIKeywordMain.groovy:65)
	at com.kms.katalon.core.webui.keyword.internal.WebUIKeywordMain.runKeyword(WebUIKeywordMain.groovy:27)
	at com.kms.katalon.core.webui.keyword.builtin.VerifyElementPresentKeyword.verifyElementPresent(VerifyElementPresentKeyword.groovy:92)
	at com.kms.katalon.core.webui.keyword.builtin.VerifyElementPresentKeyword.execute(VerifyElementPresentKeyword.groovy:68)
	at com.kms.katalon.core.keyword.internal.KeywordExecutor.executeKeywordForPlatform(KeywordExecutor.groovy:53)
	at com.kms.katalon.core.webui.keyword.WebUiBuiltInKeywords.verifyElementPresent(WebUiBuiltInKeywords.groovy:1434)
	at com.kms.katalon.core.webui.keyword.WebUiBuiltInKeywords$verifyElementPresent$6.call(Unknown Source)
	at poa documents.run(poa documents:50)
	at com.kms.katalon.core.main.ScriptEngine.run(ScriptEngine.java:194)
	at com.kms.katalon.core.main.ScriptEngine.runScriptAsRawText(ScriptEngine.java:119)
	at com.kms.katalon.core.main.TestCaseExecutor.runScript(TestCaseExecutor.java:328)
	at com.kms.katalon.core.main.TestCaseExecutor.doExecute(TestCaseExecutor.java:319)
	at com.kms.katalon.core.main.TestCaseExecutor.processExecutionPhase(TestCaseExecutor.java:298)
	at com.kms.katalon.core.main.TestCaseExecutor.accessMainPhase(TestCaseExecutor.java:290)
	at com.kms.katalon.core.main.TestCaseExecutor.execute(TestCaseExecutor.java:224)
	at com.kms.katalon.core.main.TestSuiteExecutor.accessTestCaseMainPhase(TestSuiteExecutor.java:129)
	at com.kms.katalon.core.main.TestSuiteExecutor.accessTestSuiteMainPhase(TestSuiteExecutor.java:112)
	at com.kms.katalon.core.main.TestSuiteExecutor.execute(TestSuiteExecutor.java:81)
	at com.kms.katalon.core.main.TestCaseMain.startTestSuite(TestCaseMain.java:149)
	at com.kms.katalon.core.main.TestCaseMain$startTestSuite$0.call(Unknown Source)
	at TempTestSuite1556273802009.run(TempTestSuite1556273802009.groovy:36)]]></system-err>
      </testcase>
      <testcase name="Test Cases/verification hod/buyer/request for change" classname="Test Cases/verification hod/buyer/request for change" status="PASSED">
         <system-out><![CDATA[2019-04-26 15:20:35 - [TEST_CASE][PASSED] - Test Cases/verification hod/buyer/request for change: Test Cases/verification hod/buyer/request for change

2019-04-26 15:20:36 - [TEST_STEP][PASSED] - openBrowser(""): Browser is opened with url: ''

2019-04-26 15:20:36 - [MESSAGE][WARNING] - A browser is already opened. Closing browser and opening a new one

2019-04-26 15:20:36 - [MESSAGE][INFO] - Starting 'Chrome' driver

2019-04-26 15:20:38 - [MESSAGE][PASSED] - Browser is opened with url: ''

2019-04-26 15:20:38 - [TEST_STEP][PASSED] - navigateToUrl(url): Navigate to 'http://admin-chiragh.surge.sh' successfully

2019-04-26 15:20:45 - [MESSAGE][PASSED] - Navigate to 'http://admin-chiragh.surge.sh' successfully

2019-04-26 15:20:45 - [TEST_STEP][PASSED] - maximizeWindow(): Current window maximized

2019-04-26 15:20:46 - [MESSAGE][PASSED] - Current window maximized

2019-04-26 15:20:46 - [TEST_STEP][PASSED] - waitForPageLoad(8): Wait for page load successfully

2019-04-26 15:20:46 - [MESSAGE][PASSED] - Wait for page load successfully

2019-04-26 15:20:46 - [TEST_STEP][PASSED] - click(findTestObject("Object Repository/verification hod/request for change/Page_Chiragh.com Admin/div_Username")): Object: 'Object Repository/verification hod/request for change/Page_Chiragh.com Admin/div_Username' is clicked on

2019-04-26 15:20:46 - [MESSAGE][PASSED] - Object: 'Object Repository/verification hod/request for change/Page_Chiragh.com Admin/div_Username' is clicked on

2019-04-26 15:20:46 - [TEST_STEP][PASSED] - setText(findTestObject("Object Repository/verification hod/request for change/Page_Chiragh.com Admin/input_Admin Panel_userName"), "arsalankhalid"): Text 'arsalankhalid' is set on object 'Object Repository/verification hod/request for change/Page_Chiragh.com Admin/input_Admin Panel_userName'

2019-04-26 15:20:46 - [MESSAGE][PASSED] - Text 'arsalankhalid' is set on object 'Object Repository/verification hod/request for change/Page_Chiragh.com Admin/input_Admin Panel_userName'

2019-04-26 15:20:46 - [TEST_STEP][PASSED] - click(findTestObject("Object Repository/verification hod/request for change/Page_Chiragh.com Admin/div_Password")): Object: 'Object Repository/verification hod/request for change/Page_Chiragh.com Admin/div_Password' is clicked on

2019-04-26 15:20:46 - [MESSAGE][PASSED] - Object: 'Object Repository/verification hod/request for change/Page_Chiragh.com Admin/div_Password' is clicked on

2019-04-26 15:20:46 - [TEST_STEP][PASSED] - setEncryptedText(findTestObject("Object Repository/verification hod/request for change/Page_Chiragh.com Admin/input_Username_password"), "RigbBhfdqODKcAsiUrg+1Q=="): Text ****** has been set on object 'Object Repository/verification hod/request for change/Page_Chiragh.com Admin/input_Username_password'

2019-04-26 15:20:47 - [MESSAGE][PASSED] - Text ****** has been set on object 'Object Repository/verification hod/request for change/Page_Chiragh.com Admin/input_Username_password'

2019-04-26 15:20:47 - [TEST_STEP][PASSED] - click(findTestObject("Object Repository/verification hod/request for change/Page_Chiragh.com Admin/button_Login")): Object: 'Object Repository/verification hod/request for change/Page_Chiragh.com Admin/button_Login' is clicked on

2019-04-26 15:20:47 - [MESSAGE][PASSED] - Object: 'Object Repository/verification hod/request for change/Page_Chiragh.com Admin/button_Login' is clicked on

2019-04-26 15:20:47 - [TEST_STEP][PASSED] - click(findTestObject("Object Repository/verification hod/buyer/Page_Chiragh.com Admin/a_Buyer")): Object: 'Object Repository/verification hod/buyer/Page_Chiragh.com Admin/a_Buyer' is clicked on

2019-04-26 15:20:50 - [MESSAGE][PASSED] - Object: 'Object Repository/verification hod/buyer/Page_Chiragh.com Admin/a_Buyer' is clicked on

2019-04-26 15:20:50 - [TEST_STEP][PASSED] - delay(5): Delayed 5 second(s)

2019-04-26 15:20:55 - [MESSAGE][PASSED] - Delayed 5 second(s)

2019-04-26 15:20:55 - [TEST_STEP][PASSED] - click(findTestObject("Object Repository/verification hod/request for change/Page_Chiragh.com Admin/a_Request for Change")): Object: 'Object Repository/verification hod/request for change/Page_Chiragh.com Admin/a_Request for Change' is clicked on

2019-04-26 15:20:55 - [MESSAGE][PASSED] - Object: 'Object Repository/verification hod/request for change/Page_Chiragh.com Admin/a_Request for Change' is clicked on

2019-04-26 15:20:55 - [TEST_STEP][PASSED] - delay(8): Delayed 8 second(s)

2019-04-26 15:21:03 - [MESSAGE][PASSED] - Delayed 8 second(s)

2019-04-26 15:21:03 - [TEST_STEP][PASSED] - click(findTestObject("Object Repository/verification hod/buyer/Page_Chiragh.com Admin/a_Project 51463 Most Desired 0")): Object: 'Object Repository/verification hod/buyer/Page_Chiragh.com Admin/a_Project 51463 Most Desired 0' is clicked on

2019-04-26 15:21:03 - [MESSAGE][PASSED] - Object: 'Object Repository/verification hod/buyer/Page_Chiragh.com Admin/a_Project 51463 Most Desired 0' is clicked on

2019-04-26 15:21:03 - [TEST_STEP][PASSED] - verifyElementPresent(findTestObject("Object Repository/verification hod/request for change/Page_Chiragh.com Admin/span_Your are in request for c"), 4): Object 'Object Repository/verification hod/request for change/Page_Chiragh.com Admin/span_Your are in request for c' is present

2019-04-26 15:21:04 - [MESSAGE][PASSED] - Object 'Object Repository/verification hod/request for change/Page_Chiragh.com Admin/span_Your are in request for c' is present

2019-04-26 15:21:04 - [TEST_STEP][PASSED] - verifyElementPresent(findTestObject("Object Repository/verification hod/request for change/Page_Chiragh.com Admin/span_Total Requests"), 4): Object 'Object Repository/verification hod/request for change/Page_Chiragh.com Admin/span_Total Requests' is present

2019-04-26 15:21:04 - [MESSAGE][PASSED] - Object 'Object Repository/verification hod/request for change/Page_Chiragh.com Admin/span_Total Requests' is present

2019-04-26 15:21:04 - [TEST_STEP][PASSED] - click(findTestObject("Object Repository/verification hod/request for change/Page_Chiragh.com Admin/img")): Object: 'Object Repository/verification hod/request for change/Page_Chiragh.com Admin/img' is clicked on

2019-04-26 15:21:04 - [MESSAGE][PASSED] - Object: 'Object Repository/verification hod/request for change/Page_Chiragh.com Admin/img' is clicked on

2019-04-26 15:21:04 - [TEST_STEP][PASSED] - closeBrowser(): Browser is closed

2019-04-26 15:21:04 - [MESSAGE][PASSED] - Browser is closed]]></system-out>
         <system-err><![CDATA[]]></system-err>
      </testcase>
      <testcase name="Test Cases/verification hod/seller/approved leads" classname="Test Cases/verification hod/seller/approved leads" status="PASSED">
         <system-out><![CDATA[2019-04-26 15:21:04 - [TEST_CASE][PASSED] - Test Cases/verification hod/seller/approved leads: Test Cases/verification hod/seller/approved leads

2019-04-26 15:21:05 - [TEST_STEP][PASSED] - openBrowser(""): Browser is opened with url: ''

2019-04-26 15:21:05 - [MESSAGE][INFO] - Starting 'Chrome' driver

2019-04-26 15:21:07 - [MESSAGE][PASSED] - Browser is opened with url: ''

2019-04-26 15:21:07 - [TEST_STEP][PASSED] - navigateToUrl("http://admin-chiragh.surge.sh/"): Navigate to 'http://admin-chiragh.surge.sh/' successfully

2019-04-26 15:21:13 - [MESSAGE][PASSED] - Navigate to 'http://admin-chiragh.surge.sh/' successfully

2019-04-26 15:21:13 - [TEST_STEP][PASSED] - maximizeWindow(): Current window maximized

2019-04-26 15:21:14 - [MESSAGE][PASSED] - Current window maximized

2019-04-26 15:21:14 - [TEST_STEP][PASSED] - waitForPageLoad(8): Wait for page load successfully

2019-04-26 15:21:14 - [MESSAGE][PASSED] - Wait for page load successfully

2019-04-26 15:21:14 - [TEST_STEP][PASSED] - click(findTestObject("Object Repository/verification hod/approved leads tab/Page_Chiragh.com Admin/div_Username")): Object: 'Object Repository/verification hod/approved leads tab/Page_Chiragh.com Admin/div_Username' is clicked on

2019-04-26 15:21:15 - [MESSAGE][PASSED] - Object: 'Object Repository/verification hod/approved leads tab/Page_Chiragh.com Admin/div_Username' is clicked on

2019-04-26 15:21:15 - [TEST_STEP][PASSED] - setText(findTestObject("Object Repository/verification hod/approved leads tab/Page_Chiragh.com Admin/input_Admin Panel_userName"), "arsalankhalid"): Text 'arsalankhalid' is set on object 'Object Repository/verification hod/approved leads tab/Page_Chiragh.com Admin/input_Admin Panel_userName'

2019-04-26 15:21:15 - [MESSAGE][PASSED] - Text 'arsalankhalid' is set on object 'Object Repository/verification hod/approved leads tab/Page_Chiragh.com Admin/input_Admin Panel_userName'

2019-04-26 15:21:15 - [TEST_STEP][PASSED] - setEncryptedText(findTestObject("Object Repository/verification hod/approved leads tab/Page_Chiragh.com Admin/input_Username_password"), "RigbBhfdqODKcAsiUrg+1Q=="): Text ****** has been set on object 'Object Repository/verification hod/approved leads tab/Page_Chiragh.com Admin/input_Username_password'

2019-04-26 15:21:15 - [MESSAGE][PASSED] - Text ****** has been set on object 'Object Repository/verification hod/approved leads tab/Page_Chiragh.com Admin/input_Username_password'

2019-04-26 15:21:15 - [TEST_STEP][PASSED] - click(findTestObject("Object Repository/verification hod/approved leads tab/Page_Chiragh.com Admin/button_Login")): Object: 'Object Repository/verification hod/approved leads tab/Page_Chiragh.com Admin/button_Login' is clicked on

2019-04-26 15:21:15 - [MESSAGE][PASSED] - Object: 'Object Repository/verification hod/approved leads tab/Page_Chiragh.com Admin/button_Login' is clicked on

2019-04-26 15:21:15 - [TEST_STEP][PASSED] - click(findTestObject("Object Repository/verification hod/approved leads tab/Page_Chiragh.com Admin/a_Approved Leads")): Object: 'Object Repository/verification hod/approved leads tab/Page_Chiragh.com Admin/a_Approved Leads' is clicked on

2019-04-26 15:21:18 - [MESSAGE][PASSED] - Object: 'Object Repository/verification hod/approved leads tab/Page_Chiragh.com Admin/a_Approved Leads' is clicked on

2019-04-26 15:21:18 - [TEST_STEP][PASSED] - delay(15): Delayed 15 second(s)

2019-04-26 15:21:33 - [MESSAGE][PASSED] - Delayed 15 second(s)

2019-04-26 15:21:33 - [TEST_STEP][PASSED] - if (verifyElementPresent(findTestObject("Object Repository/verification hod/approved leads tab/Page_Chiragh.com Admin/th_Assignee"), 4) && verifyElementPresent(findTestObject("Object Repository/verification hod/approved leads tab/Page_Chiragh.com Admin/span_Approved"), 4)): Browser is closed

2019-04-26 15:21:33 - [MESSAGE][PASSED] - Object 'Object Repository/verification hod/approved leads tab/Page_Chiragh.com Admin/th_Assignee' is present

2019-04-26 15:21:33 - [MESSAGE][PASSED] - Object 'Object Repository/verification hod/approved leads tab/Page_Chiragh.com Admin/span_Approved' is present

2019-04-26 15:21:33 - [TEST_STEP][PASSED] - closeBrowser(): Browser is closed

2019-04-26 15:21:34 - [MESSAGE][PASSED] - Browser is closed]]></system-out>
         <system-err><![CDATA[]]></system-err>
      </testcase>
      <testcase name="Test Cases/verification hod/seller/archived leads tab" classname="Test Cases/verification hod/seller/archived leads tab" status="PASSED">
         <system-out><![CDATA[2019-04-26 15:21:34 - [TEST_CASE][PASSED] - Test Cases/verification hod/seller/archived leads tab: Test Cases/verification hod/seller/archived leads tab

2019-04-26 15:21:34 - [TEST_STEP][PASSED] - openBrowser(""): Browser is opened with url: ''

2019-04-26 15:21:34 - [MESSAGE][INFO] - Starting 'Chrome' driver

2019-04-26 15:21:36 - [MESSAGE][PASSED] - Browser is opened with url: ''

2019-04-26 15:21:36 - [TEST_STEP][PASSED] - navigateToUrl("http://admin-chiragh.surge.sh/"): Navigate to 'http://admin-chiragh.surge.sh/' successfully

2019-04-26 15:21:43 - [MESSAGE][PASSED] - Navigate to 'http://admin-chiragh.surge.sh/' successfully

2019-04-26 15:21:43 - [TEST_STEP][PASSED] - maximizeWindow(): Current window maximized

2019-04-26 15:21:44 - [MESSAGE][PASSED] - Current window maximized

2019-04-26 15:21:44 - [TEST_STEP][PASSED] - waitForPageLoad(8): Wait for page load successfully

2019-04-26 15:21:44 - [MESSAGE][PASSED] - Wait for page load successfully

2019-04-26 15:21:44 - [TEST_STEP][PASSED] - click(findTestObject("Object Repository/verification hod/archived leads tab/Page_Chiragh.com Admin/div_Username")): Object: 'Object Repository/verification hod/archived leads tab/Page_Chiragh.com Admin/div_Username' is clicked on

2019-04-26 15:21:44 - [MESSAGE][PASSED] - Object: 'Object Repository/verification hod/archived leads tab/Page_Chiragh.com Admin/div_Username' is clicked on

2019-04-26 15:21:44 - [TEST_STEP][PASSED] - setText(findTestObject("Object Repository/verification hod/archived leads tab/Page_Chiragh.com Admin/input_Admin Panel_userName"), "arsalankhalid"): Text 'arsalankhalid' is set on object 'Object Repository/verification hod/archived leads tab/Page_Chiragh.com Admin/input_Admin Panel_userName'

2019-04-26 15:21:44 - [MESSAGE][PASSED] - Text 'arsalankhalid' is set on object 'Object Repository/verification hod/archived leads tab/Page_Chiragh.com Admin/input_Admin Panel_userName'

2019-04-26 15:21:44 - [TEST_STEP][PASSED] - click(findTestObject("Object Repository/verification hod/archived leads tab/Page_Chiragh.com Admin/div_Password")): Object: 'Object Repository/verification hod/archived leads tab/Page_Chiragh.com Admin/div_Password' is clicked on

2019-04-26 15:21:44 - [MESSAGE][PASSED] - Object: 'Object Repository/verification hod/archived leads tab/Page_Chiragh.com Admin/div_Password' is clicked on

2019-04-26 15:21:44 - [TEST_STEP][PASSED] - setEncryptedText(findTestObject("Object Repository/verification hod/archived leads tab/Page_Chiragh.com Admin/input_Username_password"), "RigbBhfdqODKcAsiUrg+1Q=="): Text ****** has been set on object 'Object Repository/verification hod/archived leads tab/Page_Chiragh.com Admin/input_Username_password'

2019-04-26 15:21:44 - [MESSAGE][PASSED] - Text ****** has been set on object 'Object Repository/verification hod/archived leads tab/Page_Chiragh.com Admin/input_Username_password'

2019-04-26 15:21:44 - [TEST_STEP][PASSED] - doubleClick(findTestObject("Object Repository/verification hod/archived leads tab/Page_Chiragh.com Admin/span_Login")): Object: 'Object Repository/verification hod/archived leads tab/Page_Chiragh.com Admin/span_Login' is double clicked on

2019-04-26 15:21:44 - [MESSAGE][PASSED] - Object: 'Object Repository/verification hod/archived leads tab/Page_Chiragh.com Admin/span_Login' is double clicked on

2019-04-26 15:21:44 - [TEST_STEP][PASSED] - click(findTestObject("Object Repository/verification hod/archived leads tab/Page_Chiragh.com Admin/a_Archived Leads")): Object: 'Object Repository/verification hod/archived leads tab/Page_Chiragh.com Admin/a_Archived Leads' is clicked on

2019-04-26 15:21:47 - [MESSAGE][PASSED] - Object: 'Object Repository/verification hod/archived leads tab/Page_Chiragh.com Admin/a_Archived Leads' is clicked on

2019-04-26 15:21:47 - [TEST_STEP][PASSED] - delay(10): Delayed 10 second(s)

2019-04-26 15:21:57 - [MESSAGE][PASSED] - Delayed 10 second(s)

2019-04-26 15:21:57 - [TEST_STEP][PASSED] - if (verifyElementPresent(findTestObject("Object Repository/verification hod/archived leads tab/Page_Chiragh.com Admin/th_Assignee"), 4) && verifyElementPresent(findTestObject("Object Repository/verification hod/archived leads tab/Page_Chiragh.com Admin/span_archived"), 4)): Browser is closed

2019-04-26 15:21:58 - [MESSAGE][PASSED] - Object 'Object Repository/verification hod/archived leads tab/Page_Chiragh.com Admin/th_Assignee' is present

2019-04-26 15:21:58 - [MESSAGE][PASSED] - Object 'Object Repository/verification hod/archived leads tab/Page_Chiragh.com Admin/span_archived' is present

2019-04-26 15:21:58 - [TEST_STEP][PASSED] - closeBrowser(): Browser is closed

2019-04-26 15:21:58 - [MESSAGE][PASSED] - Browser is closed]]></system-out>
         <system-err><![CDATA[]]></system-err>
      </testcase>
      <testcase name="Test Cases/verification hod/seller/In process tab" classname="Test Cases/verification hod/seller/In process tab" status="PASSED">
         <system-out><![CDATA[2019-04-26 15:21:58 - [TEST_CASE][PASSED] - Test Cases/verification hod/seller/In process tab: Test Cases/verification hod/seller/In process tab

2019-04-26 15:21:58 - [TEST_STEP][PASSED] - openBrowser(""): Browser is opened with url: ''

2019-04-26 15:21:58 - [MESSAGE][INFO] - Starting 'Chrome' driver

2019-04-26 15:22:01 - [MESSAGE][PASSED] - Browser is opened with url: ''

2019-04-26 15:22:01 - [TEST_STEP][PASSED] - navigateToUrl("http://admin-chiragh.surge.sh/"): Navigate to 'http://admin-chiragh.surge.sh/' successfully

2019-04-26 15:22:07 - [MESSAGE][PASSED] - Navigate to 'http://admin-chiragh.surge.sh/' successfully

2019-04-26 15:22:07 - [TEST_STEP][PASSED] - maximizeWindow(): Current window maximized

2019-04-26 15:22:08 - [MESSAGE][PASSED] - Current window maximized

2019-04-26 15:22:08 - [TEST_STEP][PASSED] - waitForPageLoad(8): Wait for page load successfully

2019-04-26 15:22:08 - [MESSAGE][PASSED] - Wait for page load successfully

2019-04-26 15:22:08 - [TEST_STEP][PASSED] - setText(findTestObject("Object Repository/verification hod/in process tab/Page_Chiragh.com Admin/input_Admin Panel_userName"), "arsalankhalid"): Text 'arsalankhalid' is set on object 'Object Repository/verification hod/in process tab/Page_Chiragh.com Admin/input_Admin Panel_userName'

2019-04-26 15:22:08 - [MESSAGE][PASSED] - Text 'arsalankhalid' is set on object 'Object Repository/verification hod/in process tab/Page_Chiragh.com Admin/input_Admin Panel_userName'

2019-04-26 15:22:08 - [TEST_STEP][PASSED] - click(findTestObject("Object Repository/verification hod/in process tab/Page_Chiragh.com Admin/div_Password")): Object: 'Object Repository/verification hod/in process tab/Page_Chiragh.com Admin/div_Password' is clicked on

2019-04-26 15:22:08 - [MESSAGE][PASSED] - Object: 'Object Repository/verification hod/in process tab/Page_Chiragh.com Admin/div_Password' is clicked on

2019-04-26 15:22:08 - [TEST_STEP][PASSED] - setEncryptedText(findTestObject("Object Repository/verification hod/in process tab/Page_Chiragh.com Admin/input_Username_password"), "RigbBhfdqODKcAsiUrg+1Q=="): Text ****** has been set on object 'Object Repository/verification hod/in process tab/Page_Chiragh.com Admin/input_Username_password'

2019-04-26 15:22:09 - [MESSAGE][PASSED] - Text ****** has been set on object 'Object Repository/verification hod/in process tab/Page_Chiragh.com Admin/input_Username_password'

2019-04-26 15:22:09 - [TEST_STEP][PASSED] - click(findTestObject("Object Repository/verification hod/in process tab/Page_Chiragh.com Admin/button_Login")): Object: 'Object Repository/verification hod/in process tab/Page_Chiragh.com Admin/button_Login' is clicked on

2019-04-26 15:22:09 - [MESSAGE][PASSED] - Object: 'Object Repository/verification hod/in process tab/Page_Chiragh.com Admin/button_Login' is clicked on

2019-04-26 15:22:09 - [TEST_STEP][PASSED] - click(findTestObject("Object Repository/verification hod/in process tab/Page_Chiragh.com Admin/a_In Process")): Object: 'Object Repository/verification hod/in process tab/Page_Chiragh.com Admin/a_In Process' is clicked on

2019-04-26 15:22:12 - [MESSAGE][PASSED] - Object: 'Object Repository/verification hod/in process tab/Page_Chiragh.com Admin/a_In Process' is clicked on

2019-04-26 15:22:12 - [TEST_STEP][PASSED] - delay(10): Delayed 10 second(s)

2019-04-26 15:22:22 - [MESSAGE][PASSED] - Delayed 10 second(s)

2019-04-26 15:22:22 - [TEST_STEP][PASSED] - if (verifyElementPresent(findTestObject("Object Repository/verification hod/in process tab/Page_Chiragh.com Admin/th_Assignee"), 4) && verifyElementPresent(findTestObject("Object Repository/verification hod/in process tab/Page_Chiragh.com Admin/span_in process"), 4)): Browser is closed

2019-04-26 15:22:22 - [MESSAGE][PASSED] - Object 'Object Repository/verification hod/in process tab/Page_Chiragh.com Admin/th_Assignee' is present

2019-04-26 15:22:22 - [MESSAGE][PASSED] - Object 'Object Repository/verification hod/in process tab/Page_Chiragh.com Admin/span_in process' is present

2019-04-26 15:22:22 - [TEST_STEP][PASSED] - closeBrowser(): Browser is closed

2019-04-26 15:22:23 - [MESSAGE][PASSED] - Browser is closed]]></system-out>
         <system-err><![CDATA[]]></system-err>
      </testcase>
      <testcase name="Test Cases/verification hod/seller/mortgage document" classname="Test Cases/verification hod/seller/mortgage document" status="FAILED">
         <failure type="FAILED" message="Test Cases/verification hod/seller/mortgage document FAILED.
Reason:
com.kms.katalon.core.exception.StepFailedException: Unable to click on object 'Object Repository/verification hod/mortgage documents/Page_Chiragh.com Admin/p_Scanned NOC Form' (Root cause: org.openqa.selenium.ElementNotVisibleException: element not interactable
  (Session info: chrome=73.0.3683.103)
  (Driver info: chromedriver=2.43.600210 (68dcf5eebde37173d4027fa8635e332711d2874a),platform=Windows NT 10.0.17134 x86_64) (WARNING: The server did not provide any stacktrace information)
Command duration or timeout: 0 milliseconds
Build info: version: '3.7.1', revision: '8a0099a', time: '2017-11-06T21:07:36.161Z'
System info: host: 'DESKTOP-2D7LI1O', ip: '192.168.0.163', os.name: 'Windows 10', os.arch: 'amd64', os.version: '10.0', java.version: '1.8.0_181'
Driver info: com.kms.katalon.selenium.driver.CChromeDriver
Capabilities {acceptInsecureCerts: false, acceptSslCerts: false, applicationCacheEnabled: false, browserConnectionEnabled: false, browserName: chrome, chrome: {chromedriverVersion: 2.43.600210 (68dcf5eebde371..., userDataDir: C:\Users\HP\AppData\Local\T...}, cssSelectorsEnabled: true, databaseEnabled: false, goog:chromeOptions: {debuggerAddress: localhost:60253}, handlesAlerts: true, hasTouchScreen: false, javascriptEnabled: true, locationContextEnabled: true, mobileEmulationEnabled: false, nativeEvents: true, networkConnectionEnabled: false, pageLoadStrategy: normal, platform: XP, platformName: XP, rotatable: false, setWindowRect: true, takesHeapSnapshot: true, takesScreenshot: true, unexpectedAlertBehaviour: , unhandledPromptBehavior: , version: 73.0.3683.103, webStorageEnabled: true}
Session ID: a08c25fd53019611570222a0e6f80db9)
	at com.kms.katalon.core.keyword.internal.KeywordMain.stepFailed(KeywordMain.groovy:36)
	at com.kms.katalon.core.webui.keyword.internal.WebUIKeywordMain.stepFailed(WebUIKeywordMain.groovy:65)
	at com.kms.katalon.core.webui.keyword.internal.WebUIKeywordMain.runKeyword(WebUIKeywordMain.groovy:27)
	at com.kms.katalon.core.webui.keyword.builtin.ClickKeyword.click(ClickKeyword.groovy:86)
	at com.kms.katalon.core.webui.keyword.builtin.ClickKeyword.execute(ClickKeyword.groovy:67)
	at com.kms.katalon.core.keyword.internal.KeywordExecutor.executeKeywordForPlatform(KeywordExecutor.groovy:53)
	at com.kms.katalon.core.webui.keyword.WebUiBuiltInKeywords.click(WebUiBuiltInKeywords.groovy:616)
	at com.kms.katalon.core.webui.keyword.WebUiBuiltInKeywords$click$3.call(Unknown Source)
	at mortgage document.run(mortgage document:52)
	at com.kms.katalon.core.main.ScriptEngine.run(ScriptEngine.java:194)
	at com.kms.katalon.core.main.ScriptEngine.runScriptAsRawText(ScriptEngine.java:119)
	at com.kms.katalon.core.main.TestCaseExecutor.runScript(TestCaseExecutor.java:328)
	at com.kms.katalon.core.main.TestCaseExecutor.doExecute(TestCaseExecutor.java:319)
	at com.kms.katalon.core.main.TestCaseExecutor.processExecutionPhase(TestCaseExecutor.java:298)
	at com.kms.katalon.core.main.TestCaseExecutor.accessMainPhase(TestCaseExecutor.java:290)
	at com.kms.katalon.core.main.TestCaseExecutor.execute(TestCaseExecutor.java:224)
	at com.kms.katalon.core.main.TestSuiteExecutor.accessTestCaseMainPhase(TestSuiteExecutor.java:129)
	at com.kms.katalon.core.main.TestSuiteExecutor.accessTestSuiteMainPhase(TestSuiteExecutor.java:112)
	at com.kms.katalon.core.main.TestSuiteExecutor.execute(TestSuiteExecutor.java:81)
	at com.kms.katalon.core.main.TestCaseMain.startTestSuite(TestCaseMain.java:149)
	at com.kms.katalon.core.main.TestCaseMain$startTestSuite$0.call(Unknown Source)
	at TempTestSuite1556273802009.run(TempTestSuite1556273802009.groovy:36)
"/>
         <system-out><![CDATA[2019-04-26 15:22:23 - [TEST_CASE][FAILED] - Test Cases/verification hod/seller/mortgage document: Test Cases/verification hod/seller/mortgage document FAILED.
Reason:
com.kms.katalon.core.exception.StepFailedException: Unable to click on object 'Object Repository/verification hod/mortgage documents/Page_Chiragh.com Admin/p_Scanned NOC Form' (Root cause: org.openqa.selenium.ElementNotVisibleException: element not interactable
  (Session info: chrome=73.0.3683.103)
  (Driver info: chromedriver=2.43.600210 (68dcf5eebde37173d4027fa8635e332711d2874a),platform=Windows NT 10.0.17134 x86_64) (WARNING: The server did not provide any stacktrace information)
Command duration or timeout: 0 milliseconds
Build info: version: '3.7.1', revision: '8a0099a', time: '2017-11-06T21:07:36.161Z'
System info: host: 'DESKTOP-2D7LI1O', ip: '192.168.0.163', os.name: 'Windows 10', os.arch: 'amd64', os.version: '10.0', java.version: '1.8.0_181'
Driver info: com.kms.katalon.selenium.driver.CChromeDriver
Capabilities {acceptInsecureCerts: false, acceptSslCerts: false, applicationCacheEnabled: false, browserConnectionEnabled: false, browserName: chrome, chrome: {chromedriverVersion: 2.43.600210 (68dcf5eebde371..., userDataDir: C:\Users\HP\AppData\Local\T...}, cssSelectorsEnabled: true, databaseEnabled: false, goog:chromeOptions: {debuggerAddress: localhost:60253}, handlesAlerts: true, hasTouchScreen: false, javascriptEnabled: true, locationContextEnabled: true, mobileEmulationEnabled: false, nativeEvents: true, networkConnectionEnabled: false, pageLoadStrategy: normal, platform: XP, platformName: XP, rotatable: false, setWindowRect: true, takesHeapSnapshot: true, takesScreenshot: true, unexpectedAlertBehaviour: , unhandledPromptBehavior: , version: 73.0.3683.103, webStorageEnabled: true}
Session ID: a08c25fd53019611570222a0e6f80db9)
	at com.kms.katalon.core.keyword.internal.KeywordMain.stepFailed(KeywordMain.groovy:36)
	at com.kms.katalon.core.webui.keyword.internal.WebUIKeywordMain.stepFailed(WebUIKeywordMain.groovy:65)
	at com.kms.katalon.core.webui.keyword.internal.WebUIKeywordMain.runKeyword(WebUIKeywordMain.groovy:27)
	at com.kms.katalon.core.webui.keyword.builtin.ClickKeyword.click(ClickKeyword.groovy:86)
	at com.kms.katalon.core.webui.keyword.builtin.ClickKeyword.execute(ClickKeyword.groovy:67)
	at com.kms.katalon.core.keyword.internal.KeywordExecutor.executeKeywordForPlatform(KeywordExecutor.groovy:53)
	at com.kms.katalon.core.webui.keyword.WebUiBuiltInKeywords.click(WebUiBuiltInKeywords.groovy:616)
	at com.kms.katalon.core.webui.keyword.WebUiBuiltInKeywords$click$3.call(Unknown Source)
	at mortgage document.run(mortgage document:52)
	at com.kms.katalon.core.main.ScriptEngine.run(ScriptEngine.java:194)
	at com.kms.katalon.core.main.ScriptEngine.runScriptAsRawText(ScriptEngine.java:119)
	at com.kms.katalon.core.main.TestCaseExecutor.runScript(TestCaseExecutor.java:328)
	at com.kms.katalon.core.main.TestCaseExecutor.doExecute(TestCaseExecutor.java:319)
	at com.kms.katalon.core.main.TestCaseExecutor.processExecutionPhase(TestCaseExecutor.java:298)
	at com.kms.katalon.core.main.TestCaseExecutor.accessMainPhase(TestCaseExecutor.java:290)
	at com.kms.katalon.core.main.TestCaseExecutor.execute(TestCaseExecutor.java:224)
	at com.kms.katalon.core.main.TestSuiteExecutor.accessTestCaseMainPhase(TestSuiteExecutor.java:129)
	at com.kms.katalon.core.main.TestSuiteExecutor.accessTestSuiteMainPhase(TestSuiteExecutor.java:112)
	at com.kms.katalon.core.main.TestSuiteExecutor.execute(TestSuiteExecutor.java:81)
	at com.kms.katalon.core.main.TestCaseMain.startTestSuite(TestCaseMain.java:149)
	at com.kms.katalon.core.main.TestCaseMain$startTestSuite$0.call(Unknown Source)
	at TempTestSuite1556273802009.run(TempTestSuite1556273802009.groovy:36)


2019-04-26 15:22:23 - [TEST_STEP][PASSED] - openBrowser(""): Browser is opened with url: ''

2019-04-26 15:22:23 - [MESSAGE][INFO] - Starting 'Chrome' driver

2019-04-26 15:22:25 - [MESSAGE][PASSED] - Browser is opened with url: ''

2019-04-26 15:22:25 - [TEST_STEP][PASSED] - navigateToUrl(url): Navigate to 'http://admin-chiragh.surge.sh' successfully

2019-04-26 15:22:31 - [MESSAGE][PASSED] - Navigate to 'http://admin-chiragh.surge.sh' successfully

2019-04-26 15:22:31 - [TEST_STEP][PASSED] - maximizeWindow(): Current window maximized

2019-04-26 15:22:33 - [MESSAGE][PASSED] - Current window maximized

2019-04-26 15:22:33 - [TEST_STEP][PASSED] - waitForPageLoad(8): Wait for page load successfully

2019-04-26 15:22:33 - [MESSAGE][PASSED] - Wait for page load successfully

2019-04-26 15:22:33 - [TEST_STEP][PASSED] - click(findTestObject("Object Repository/verification hod/property details present/Page_Chiragh.com Admin/form_Admin PanelUsernamePasswo")): Object: 'Object Repository/verification hod/property details present/Page_Chiragh.com Admin/form_Admin PanelUsernamePasswo' is clicked on

2019-04-26 15:22:33 - [MESSAGE][PASSED] - Object: 'Object Repository/verification hod/property details present/Page_Chiragh.com Admin/form_Admin PanelUsernamePasswo' is clicked on

2019-04-26 15:22:33 - [TEST_STEP][PASSED] - click(findTestObject("Object Repository/verification hod/property details present/Page_Chiragh.com Admin/div_Username")): Object: 'Object Repository/verification hod/property details present/Page_Chiragh.com Admin/div_Username' is clicked on

2019-04-26 15:22:33 - [MESSAGE][PASSED] - Object: 'Object Repository/verification hod/property details present/Page_Chiragh.com Admin/div_Username' is clicked on

2019-04-26 15:22:33 - [TEST_STEP][PASSED] - setText(findTestObject("Object Repository/verification hod/property details present/Page_Chiragh.com Admin/input_Admin Panel_userName"), "arsalankhalid"): Text 'arsalankhalid' is set on object 'Object Repository/verification hod/property details present/Page_Chiragh.com Admin/input_Admin Panel_userName'

2019-04-26 15:22:33 - [MESSAGE][PASSED] - Text 'arsalankhalid' is set on object 'Object Repository/verification hod/property details present/Page_Chiragh.com Admin/input_Admin Panel_userName'

2019-04-26 15:22:33 - [TEST_STEP][PASSED] - setEncryptedText(findTestObject("Object Repository/verification hod/property details present/Page_Chiragh.com Admin/input_Username_password"), "RigbBhfdqODKcAsiUrg+1Q=="): Text ****** has been set on object 'Object Repository/verification hod/property details present/Page_Chiragh.com Admin/input_Username_password'

2019-04-26 15:22:33 - [MESSAGE][PASSED] - Text ****** has been set on object 'Object Repository/verification hod/property details present/Page_Chiragh.com Admin/input_Username_password'

2019-04-26 15:22:33 - [TEST_STEP][PASSED] - click(findTestObject("Object Repository/verification hod/property details present/Page_Chiragh.com Admin/button_Login")): Object: 'Object Repository/verification hod/property details present/Page_Chiragh.com Admin/button_Login' is clicked on

2019-04-26 15:22:33 - [MESSAGE][PASSED] - Object: 'Object Repository/verification hod/property details present/Page_Chiragh.com Admin/button_Login' is clicked on

2019-04-26 15:22:33 - [TEST_STEP][PASSED] - click(findTestObject("Object Repository/verification hod/property details present/Page_Chiragh.com Admin/a_In Process")): Object: 'Object Repository/verification hod/property details present/Page_Chiragh.com Admin/a_In Process' is clicked on

2019-04-26 15:22:36 - [MESSAGE][PASSED] - Object: 'Object Repository/verification hod/property details present/Page_Chiragh.com Admin/a_In Process' is clicked on

2019-04-26 15:22:36 - [TEST_STEP][PASSED] - click(findTestObject("Object Repository/verification hod/property details present/Page_Chiragh.com Admin/a_Murazik Manors 6 Beds Villa")): Object: 'Object Repository/verification hod/property details present/Page_Chiragh.com Admin/a_Murazik Manors 6 Beds Villa' is clicked on

2019-04-26 15:22:39 - [MESSAGE][PASSED] - Object: 'Object Repository/verification hod/property details present/Page_Chiragh.com Admin/a_Murazik Manors 6 Beds Villa' is clicked on

2019-04-26 15:22:39 - [TEST_STEP][PASSED] - delay(5): Delayed 5 second(s)

2019-04-26 15:22:44 - [MESSAGE][PASSED] - Delayed 5 second(s)

2019-04-26 15:22:44 - [TEST_STEP][PASSED] - doubleClick(findTestObject("Object Repository/verification hod/mortgage documents/Page_Chiragh.com Admin/div_Mortgage")): Object: 'Object Repository/verification hod/mortgage documents/Page_Chiragh.com Admin/div_Mortgage' is double clicked on

2019-04-26 15:22:44 - [MESSAGE][PASSED] - Object: 'Object Repository/verification hod/mortgage documents/Page_Chiragh.com Admin/div_Mortgage' is double clicked on

2019-04-26 15:22:44 - [TEST_STEP][PASSED] - if (verifyElementPresent(findTestObject("Object Repository/verification hod/mortgage documents/Page_Chiragh.com Admin/div_Mortgage StatusYes"), 4)): if (verifyElementPresent(findTestObject("Object Repository/verification hod/mortgage documents/Page_Chiragh.com Admin/div_Mortgage StatusYes"), 4)) FAILED.
Reason:
com.kms.katalon.core.exception.StepFailedException: Unable to click on object 'Object Repository/verification hod/mortgage documents/Page_Chiragh.com Admin/p_Scanned NOC Form' (Root cause: org.openqa.selenium.ElementNotVisibleException: element not interactable
  (Session info: chrome=73.0.3683.103)
  (Driver info: chromedriver=2.43.600210 (68dcf5eebde37173d4027fa8635e332711d2874a),platform=Windows NT 10.0.17134 x86_64) (WARNING: The server did not provide any stacktrace information)
Command duration or timeout: 0 milliseconds
Build info: version: '3.7.1', revision: '8a0099a', time: '2017-11-06T21:07:36.161Z'
System info: host: 'DESKTOP-2D7LI1O', ip: '192.168.0.163', os.name: 'Windows 10', os.arch: 'amd64', os.version: '10.0', java.version: '1.8.0_181'
Driver info: com.kms.katalon.selenium.driver.CChromeDriver
Capabilities {acceptInsecureCerts: false, acceptSslCerts: false, applicationCacheEnabled: false, browserConnectionEnabled: false, browserName: chrome, chrome: {chromedriverVersion: 2.43.600210 (68dcf5eebde371..., userDataDir: C:\Users\HP\AppData\Local\T...}, cssSelectorsEnabled: true, databaseEnabled: false, goog:chromeOptions: {debuggerAddress: localhost:60253}, handlesAlerts: true, hasTouchScreen: false, javascriptEnabled: true, locationContextEnabled: true, mobileEmulationEnabled: false, nativeEvents: true, networkConnectionEnabled: false, pageLoadStrategy: normal, platform: XP, platformName: XP, rotatable: false, setWindowRect: true, takesHeapSnapshot: true, takesScreenshot: true, unexpectedAlertBehaviour: , unhandledPromptBehavior: , version: 73.0.3683.103, webStorageEnabled: true}
Session ID: a08c25fd53019611570222a0e6f80db9)
	at com.kms.katalon.core.keyword.internal.KeywordMain.stepFailed(KeywordMain.groovy:36)
	at com.kms.katalon.core.webui.keyword.internal.WebUIKeywordMain.stepFailed(WebUIKeywordMain.groovy:65)
	at com.kms.katalon.core.webui.keyword.internal.WebUIKeywordMain.runKeyword(WebUIKeywordMain.groovy:27)
	at com.kms.katalon.core.webui.keyword.builtin.ClickKeyword.click(ClickKeyword.groovy:86)
	at com.kms.katalon.core.webui.keyword.builtin.ClickKeyword.execute(ClickKeyword.groovy:67)
	at com.kms.katalon.core.keyword.internal.KeywordExecutor.executeKeywordForPlatform(KeywordExecutor.groovy:53)
	at com.kms.katalon.core.webui.keyword.WebUiBuiltInKeywords.click(WebUiBuiltInKeywords.groovy:616)
	at com.kms.katalon.core.webui.keyword.WebUiBuiltInKeywords$click$3.call(Unknown Source)
	at mortgage document.run(mortgage document:52)
	at com.kms.katalon.core.main.ScriptEngine.run(ScriptEngine.java:194)
	at com.kms.katalon.core.main.ScriptEngine.runScriptAsRawText(ScriptEngine.java:119)
	at com.kms.katalon.core.main.TestCaseExecutor.runScript(TestCaseExecutor.java:328)
	at com.kms.katalon.core.main.TestCaseExecutor.doExecute(TestCaseExecutor.java:319)
	at com.kms.katalon.core.main.TestCaseExecutor.processExecutionPhase(TestCaseExecutor.java:298)
	at com.kms.katalon.core.main.TestCaseExecutor.accessMainPhase(TestCaseExecutor.java:290)
	at com.kms.katalon.core.main.TestCaseExecutor.execute(TestCaseExecutor.java:224)
	at com.kms.katalon.core.main.TestSuiteExecutor.accessTestCaseMainPhase(TestSuiteExecutor.java:129)
	at com.kms.katalon.core.main.TestSuiteExecutor.accessTestSuiteMainPhase(TestSuiteExecutor.java:112)
	at com.kms.katalon.core.main.TestSuiteExecutor.execute(TestSuiteExecutor.java:81)
	at com.kms.katalon.core.main.TestCaseMain.startTestSuite(TestCaseMain.java:149)
	at com.kms.katalon.core.main.TestCaseMain$startTestSuite$0.call(Unknown Source)
	at TempTestSuite1556273802009.run(TempTestSuite1556273802009.groovy:36)


2019-04-26 15:22:44 - [MESSAGE][PASSED] - Object 'Object Repository/verification hod/mortgage documents/Page_Chiragh.com Admin/div_Mortgage StatusYes' is present

2019-04-26 15:22:44 - [TEST_STEP][PASSED] - click(findTestObject("Object Repository/verification hod/mortgage documents/Page_Chiragh.com Admin/a_Property Mortgage Details_at")): Object: 'Object Repository/verification hod/mortgage documents/Page_Chiragh.com Admin/a_Property Mortgage Details_at' is clicked on

2019-04-26 15:22:44 - [MESSAGE][PASSED] - Object: 'Object Repository/verification hod/mortgage documents/Page_Chiragh.com Admin/a_Property Mortgage Details_at' is clicked on

2019-04-26 15:22:44 - [TEST_STEP][PASSED] - verifyElementPresent(findTestObject("Object Repository/verification hod/mortgage documents/Page_Chiragh.com Admin/div_Scanned NOC Form"), 4): Object 'Object Repository/verification hod/mortgage documents/Page_Chiragh.com Admin/div_Scanned NOC Form' is present

2019-04-26 15:22:44 - [MESSAGE][PASSED] - Object 'Object Repository/verification hod/mortgage documents/Page_Chiragh.com Admin/div_Scanned NOC Form' is present

2019-04-26 15:22:44 - [TEST_STEP][PASSED] - verifyElementPresent(findTestObject("Object Repository/verification hod/mortgage documents/Page_Chiragh.com Admin/p_Scanned NOC Form"), 4): Object 'Object Repository/verification hod/mortgage documents/Page_Chiragh.com Admin/p_Scanned NOC Form' is present

2019-04-26 15:22:44 - [MESSAGE][PASSED] - Object 'Object Repository/verification hod/mortgage documents/Page_Chiragh.com Admin/p_Scanned NOC Form' is present

2019-04-26 15:22:44 - [TEST_STEP][FAILED] - click(findTestObject("Object Repository/verification hod/mortgage documents/Page_Chiragh.com Admin/p_Scanned NOC Form")): if (verifyElementPresent(findTestObject("Object Repository/verification hod/mortgage documents/Page_Chiragh.com Admin/div_Mortgage StatusYes"), 4)) FAILED.
Reason:
com.kms.katalon.core.exception.StepFailedException: Unable to click on object 'Object Repository/verification hod/mortgage documents/Page_Chiragh.com Admin/p_Scanned NOC Form' (Root cause: org.openqa.selenium.ElementNotVisibleException: element not interactable
  (Session info: chrome=73.0.3683.103)
  (Driver info: chromedriver=2.43.600210 (68dcf5eebde37173d4027fa8635e332711d2874a),platform=Windows NT 10.0.17134 x86_64) (WARNING: The server did not provide any stacktrace information)
Command duration or timeout: 0 milliseconds
Build info: version: '3.7.1', revision: '8a0099a', time: '2017-11-06T21:07:36.161Z'
System info: host: 'DESKTOP-2D7LI1O', ip: '192.168.0.163', os.name: 'Windows 10', os.arch: 'amd64', os.version: '10.0', java.version: '1.8.0_181'
Driver info: com.kms.katalon.selenium.driver.CChromeDriver
Capabilities {acceptInsecureCerts: false, acceptSslCerts: false, applicationCacheEnabled: false, browserConnectionEnabled: false, browserName: chrome, chrome: {chromedriverVersion: 2.43.600210 (68dcf5eebde371..., userDataDir: C:\Users\HP\AppData\Local\T...}, cssSelectorsEnabled: true, databaseEnabled: false, goog:chromeOptions: {debuggerAddress: localhost:60253}, handlesAlerts: true, hasTouchScreen: false, javascriptEnabled: true, locationContextEnabled: true, mobileEmulationEnabled: false, nativeEvents: true, networkConnectionEnabled: false, pageLoadStrategy: normal, platform: XP, platformName: XP, rotatable: false, setWindowRect: true, takesHeapSnapshot: true, takesScreenshot: true, unexpectedAlertBehaviour: , unhandledPromptBehavior: , version: 73.0.3683.103, webStorageEnabled: true}
Session ID: a08c25fd53019611570222a0e6f80db9)
	at com.kms.katalon.core.keyword.internal.KeywordMain.stepFailed(KeywordMain.groovy:36)
	at com.kms.katalon.core.webui.keyword.internal.WebUIKeywordMain.stepFailed(WebUIKeywordMain.groovy:65)
	at com.kms.katalon.core.webui.keyword.internal.WebUIKeywordMain.runKeyword(WebUIKeywordMain.groovy:27)
	at com.kms.katalon.core.webui.keyword.builtin.ClickKeyword.click(ClickKeyword.groovy:86)
	at com.kms.katalon.core.webui.keyword.builtin.ClickKeyword.execute(ClickKeyword.groovy:67)
	at com.kms.katalon.core.keyword.internal.KeywordExecutor.executeKeywordForPlatform(KeywordExecutor.groovy:53)
	at com.kms.katalon.core.webui.keyword.WebUiBuiltInKeywords.click(WebUiBuiltInKeywords.groovy:616)
	at com.kms.katalon.core.webui.keyword.WebUiBuiltInKeywords$click$3.call(Unknown Source)
	at mortgage document.run(mortgage document:52)
	at com.kms.katalon.core.main.ScriptEngine.run(ScriptEngine.java:194)
	at com.kms.katalon.core.main.ScriptEngine.runScriptAsRawText(ScriptEngine.java:119)
	at com.kms.katalon.core.main.TestCaseExecutor.runScript(TestCaseExecutor.java:328)
	at com.kms.katalon.core.main.TestCaseExecutor.doExecute(TestCaseExecutor.java:319)
	at com.kms.katalon.core.main.TestCaseExecutor.processExecutionPhase(TestCaseExecutor.java:298)
	at com.kms.katalon.core.main.TestCaseExecutor.accessMainPhase(TestCaseExecutor.java:290)
	at com.kms.katalon.core.main.TestCaseExecutor.execute(TestCaseExecutor.java:224)
	at com.kms.katalon.core.main.TestSuiteExecutor.accessTestCaseMainPhase(TestSuiteExecutor.java:129)
	at com.kms.katalon.core.main.TestSuiteExecutor.accessTestSuiteMainPhase(TestSuiteExecutor.java:112)
	at com.kms.katalon.core.main.TestSuiteExecutor.execute(TestSuiteExecutor.java:81)
	at com.kms.katalon.core.main.TestCaseMain.startTestSuite(TestCaseMain.java:149)
	at com.kms.katalon.core.main.TestCaseMain$startTestSuite$0.call(Unknown Source)
	at TempTestSuite1556273802009.run(TempTestSuite1556273802009.groovy:36)


2019-04-26 15:22:45 - [MESSAGE][FAILED] - Unable to click on object 'Object Repository/verification hod/mortgage documents/Page_Chiragh.com Admin/p_Scanned NOC Form' (Root cause: org.openqa.selenium.ElementNotVisibleException: element not interactable
  (Session info: chrome=73.0.3683.103)
  (Driver info: chromedriver=2.43.600210 (68dcf5eebde37173d4027fa8635e332711d2874a),platform=Windows NT 10.0.17134 x86_64) (WARNING: The server did not provide any stacktrace information)
Command duration or timeout: 0 milliseconds
Build info: version: '3.7.1', revision: '8a0099a', time: '2017-11-06T21:07:36.161Z'
System info: host: 'DESKTOP-2D7LI1O', ip: '192.168.0.163', os.name: 'Windows 10', os.arch: 'amd64', os.version: '10.0', java.version: '1.8.0_181'
Driver info: com.kms.katalon.selenium.driver.CChromeDriver
Capabilities {acceptInsecureCerts: false, acceptSslCerts: false, applicationCacheEnabled: false, browserConnectionEnabled: false, browserName: chrome, chrome: {chromedriverVersion: 2.43.600210 (68dcf5eebde371..., userDataDir: C:\Users\HP\AppData\Local\T...}, cssSelectorsEnabled: true, databaseEnabled: false, goog:chromeOptions: {debuggerAddress: localhost:60253}, handlesAlerts: true, hasTouchScreen: false, javascriptEnabled: true, locationContextEnabled: true, mobileEmulationEnabled: false, nativeEvents: true, networkConnectionEnabled: false, pageLoadStrategy: normal, platform: XP, platformName: XP, rotatable: false, setWindowRect: true, takesHeapSnapshot: true, takesScreenshot: true, unexpectedAlertBehaviour: , unhandledPromptBehavior: , version: 73.0.3683.103, webStorageEnabled: true}
Session ID: a08c25fd53019611570222a0e6f80db9)
[[ATTACHMENT|C:\\Users\\HP\\git\\chiraghAdminPanel\\Reports\\verificationHod\\20190426_151641\\1556274164953.png]]

2019-04-26 15:22:45 - [MESSAGE][FAILED] - if (verifyElementPresent(findTestObject("Object Repository/verification hod/mortgage documents/Page_Chiragh.com Admin/div_Mortgage StatusYes"), 4)) FAILED.
Reason:
com.kms.katalon.core.exception.StepFailedException: Unable to click on object 'Object Repository/verification hod/mortgage documents/Page_Chiragh.com Admin/p_Scanned NOC Form' (Root cause: org.openqa.selenium.ElementNotVisibleException: element not interactable
  (Session info: chrome=73.0.3683.103)
  (Driver info: chromedriver=2.43.600210 (68dcf5eebde37173d4027fa8635e332711d2874a),platform=Windows NT 10.0.17134 x86_64) (WARNING: The server did not provide any stacktrace information)
Command duration or timeout: 0 milliseconds
Build info: version: '3.7.1', revision: '8a0099a', time: '2017-11-06T21:07:36.161Z'
System info: host: 'DESKTOP-2D7LI1O', ip: '192.168.0.163', os.name: 'Windows 10', os.arch: 'amd64', os.version: '10.0', java.version: '1.8.0_181'
Driver info: com.kms.katalon.selenium.driver.CChromeDriver
Capabilities {acceptInsecureCerts: false, acceptSslCerts: false, applicationCacheEnabled: false, browserConnectionEnabled: false, browserName: chrome, chrome: {chromedriverVersion: 2.43.600210 (68dcf5eebde371..., userDataDir: C:\Users\HP\AppData\Local\T...}, cssSelectorsEnabled: true, databaseEnabled: false, goog:chromeOptions: {debuggerAddress: localhost:60253}, handlesAlerts: true, hasTouchScreen: false, javascriptEnabled: true, locationContextEnabled: true, mobileEmulationEnabled: false, nativeEvents: true, networkConnectionEnabled: false, pageLoadStrategy: normal, platform: XP, platformName: XP, rotatable: false, setWindowRect: true, takesHeapSnapshot: true, takesScreenshot: true, unexpectedAlertBehaviour: , unhandledPromptBehavior: , version: 73.0.3683.103, webStorageEnabled: true}
Session ID: a08c25fd53019611570222a0e6f80db9)
	at com.kms.katalon.core.keyword.internal.KeywordMain.stepFailed(KeywordMain.groovy:36)
	at com.kms.katalon.core.webui.keyword.internal.WebUIKeywordMain.stepFailed(WebUIKeywordMain.groovy:65)
	at com.kms.katalon.core.webui.keyword.internal.WebUIKeywordMain.runKeyword(WebUIKeywordMain.groovy:27)
	at com.kms.katalon.core.webui.keyword.builtin.ClickKeyword.click(ClickKeyword.groovy:86)
	at com.kms.katalon.core.webui.keyword.builtin.ClickKeyword.execute(ClickKeyword.groovy:67)
	at com.kms.katalon.core.keyword.internal.KeywordExecutor.executeKeywordForPlatform(KeywordExecutor.groovy:53)
	at com.kms.katalon.core.webui.keyword.WebUiBuiltInKeywords.click(WebUiBuiltInKeywords.groovy:616)
	at com.kms.katalon.core.webui.keyword.WebUiBuiltInKeywords$click$3.call(Unknown Source)
	at mortgage document.run(mortgage document:52)
	at com.kms.katalon.core.main.ScriptEngine.run(ScriptEngine.java:194)
	at com.kms.katalon.core.main.ScriptEngine.runScriptAsRawText(ScriptEngine.java:119)
	at com.kms.katalon.core.main.TestCaseExecutor.runScript(TestCaseExecutor.java:328)
	at com.kms.katalon.core.main.TestCaseExecutor.doExecute(TestCaseExecutor.java:319)
	at com.kms.katalon.core.main.TestCaseExecutor.processExecutionPhase(TestCaseExecutor.java:298)
	at com.kms.katalon.core.main.TestCaseExecutor.accessMainPhase(TestCaseExecutor.java:290)
	at com.kms.katalon.core.main.TestCaseExecutor.execute(TestCaseExecutor.java:224)
	at com.kms.katalon.core.main.TestSuiteExecutor.accessTestCaseMainPhase(TestSuiteExecutor.java:129)
	at com.kms.katalon.core.main.TestSuiteExecutor.accessTestSuiteMainPhase(TestSuiteExecutor.java:112)
	at com.kms.katalon.core.main.TestSuiteExecutor.execute(TestSuiteExecutor.java:81)
	at com.kms.katalon.core.main.TestCaseMain.startTestSuite(TestCaseMain.java:149)
	at com.kms.katalon.core.main.TestCaseMain$startTestSuite$0.call(Unknown Source)
	at TempTestSuite1556273802009.run(TempTestSuite1556273802009.groovy:36)]]></system-out>
         <system-err><![CDATA[2019-04-26 15:22:23 - [TEST_CASE][FAILED] - Test Cases/verification hod/seller/mortgage document: Test Cases/verification hod/seller/mortgage document FAILED.
Reason:
com.kms.katalon.core.exception.StepFailedException: Unable to click on object 'Object Repository/verification hod/mortgage documents/Page_Chiragh.com Admin/p_Scanned NOC Form' (Root cause: org.openqa.selenium.ElementNotVisibleException: element not interactable
  (Session info: chrome=73.0.3683.103)
  (Driver info: chromedriver=2.43.600210 (68dcf5eebde37173d4027fa8635e332711d2874a),platform=Windows NT 10.0.17134 x86_64) (WARNING: The server did not provide any stacktrace information)
Command duration or timeout: 0 milliseconds
Build info: version: '3.7.1', revision: '8a0099a', time: '2017-11-06T21:07:36.161Z'
System info: host: 'DESKTOP-2D7LI1O', ip: '192.168.0.163', os.name: 'Windows 10', os.arch: 'amd64', os.version: '10.0', java.version: '1.8.0_181'
Driver info: com.kms.katalon.selenium.driver.CChromeDriver
Capabilities {acceptInsecureCerts: false, acceptSslCerts: false, applicationCacheEnabled: false, browserConnectionEnabled: false, browserName: chrome, chrome: {chromedriverVersion: 2.43.600210 (68dcf5eebde371..., userDataDir: C:\Users\HP\AppData\Local\T...}, cssSelectorsEnabled: true, databaseEnabled: false, goog:chromeOptions: {debuggerAddress: localhost:60253}, handlesAlerts: true, hasTouchScreen: false, javascriptEnabled: true, locationContextEnabled: true, mobileEmulationEnabled: false, nativeEvents: true, networkConnectionEnabled: false, pageLoadStrategy: normal, platform: XP, platformName: XP, rotatable: false, setWindowRect: true, takesHeapSnapshot: true, takesScreenshot: true, unexpectedAlertBehaviour: , unhandledPromptBehavior: , version: 73.0.3683.103, webStorageEnabled: true}
Session ID: a08c25fd53019611570222a0e6f80db9)
	at com.kms.katalon.core.keyword.internal.KeywordMain.stepFailed(KeywordMain.groovy:36)
	at com.kms.katalon.core.webui.keyword.internal.WebUIKeywordMain.stepFailed(WebUIKeywordMain.groovy:65)
	at com.kms.katalon.core.webui.keyword.internal.WebUIKeywordMain.runKeyword(WebUIKeywordMain.groovy:27)
	at com.kms.katalon.core.webui.keyword.builtin.ClickKeyword.click(ClickKeyword.groovy:86)
	at com.kms.katalon.core.webui.keyword.builtin.ClickKeyword.execute(ClickKeyword.groovy:67)
	at com.kms.katalon.core.keyword.internal.KeywordExecutor.executeKeywordForPlatform(KeywordExecutor.groovy:53)
	at com.kms.katalon.core.webui.keyword.WebUiBuiltInKeywords.click(WebUiBuiltInKeywords.groovy:616)
	at com.kms.katalon.core.webui.keyword.WebUiBuiltInKeywords$click$3.call(Unknown Source)
	at mortgage document.run(mortgage document:52)
	at com.kms.katalon.core.main.ScriptEngine.run(ScriptEngine.java:194)
	at com.kms.katalon.core.main.ScriptEngine.runScriptAsRawText(ScriptEngine.java:119)
	at com.kms.katalon.core.main.TestCaseExecutor.runScript(TestCaseExecutor.java:328)
	at com.kms.katalon.core.main.TestCaseExecutor.doExecute(TestCaseExecutor.java:319)
	at com.kms.katalon.core.main.TestCaseExecutor.processExecutionPhase(TestCaseExecutor.java:298)
	at com.kms.katalon.core.main.TestCaseExecutor.accessMainPhase(TestCaseExecutor.java:290)
	at com.kms.katalon.core.main.TestCaseExecutor.execute(TestCaseExecutor.java:224)
	at com.kms.katalon.core.main.TestSuiteExecutor.accessTestCaseMainPhase(TestSuiteExecutor.java:129)
	at com.kms.katalon.core.main.TestSuiteExecutor.accessTestSuiteMainPhase(TestSuiteExecutor.java:112)
	at com.kms.katalon.core.main.TestSuiteExecutor.execute(TestSuiteExecutor.java:81)
	at com.kms.katalon.core.main.TestCaseMain.startTestSuite(TestCaseMain.java:149)
	at com.kms.katalon.core.main.TestCaseMain$startTestSuite$0.call(Unknown Source)
	at TempTestSuite1556273802009.run(TempTestSuite1556273802009.groovy:36)]]></system-err>
      </testcase>
      <testcase name="Test Cases/verification hod/seller/new leads tab" classname="Test Cases/verification hod/seller/new leads tab" status="PASSED">
         <system-out><![CDATA[2019-04-26 15:22:45 - [TEST_CASE][PASSED] - Test Cases/verification hod/seller/new leads tab: Test Cases/verification hod/seller/new leads tab

2019-04-26 15:22:45 - [TEST_STEP][PASSED] - openBrowser(""): Browser is opened with url: ''

2019-04-26 15:22:45 - [MESSAGE][WARNING] - A browser is already opened. Closing browser and opening a new one

2019-04-26 15:22:46 - [MESSAGE][INFO] - Starting 'Chrome' driver

2019-04-26 15:22:48 - [MESSAGE][PASSED] - Browser is opened with url: ''

2019-04-26 15:22:48 - [TEST_STEP][PASSED] - navigateToUrl(url): Navigate to 'http://admin-chiragh.surge.sh' successfully

2019-04-26 15:22:54 - [MESSAGE][PASSED] - Navigate to 'http://admin-chiragh.surge.sh' successfully

2019-04-26 15:22:54 - [TEST_STEP][PASSED] - maximizeWindow(): Current window maximized

2019-04-26 15:22:55 - [MESSAGE][PASSED] - Current window maximized

2019-04-26 15:22:55 - [TEST_STEP][PASSED] - waitForPageLoad(8): Wait for page load successfully

2019-04-26 15:22:55 - [MESSAGE][PASSED] - Wait for page load successfully

2019-04-26 15:22:55 - [TEST_STEP][PASSED] - setText(findTestObject("Object Repository/verification hod/new leads tab/Page_Chiragh.com Admin/input_Admin Panel_userName"), "arsalankhalid"): Text 'arsalankhalid' is set on object 'Object Repository/verification hod/new leads tab/Page_Chiragh.com Admin/input_Admin Panel_userName'

2019-04-26 15:22:56 - [MESSAGE][PASSED] - Text 'arsalankhalid' is set on object 'Object Repository/verification hod/new leads tab/Page_Chiragh.com Admin/input_Admin Panel_userName'

2019-04-26 15:22:56 - [TEST_STEP][PASSED] - click(findTestObject("Object Repository/verification hod/new leads tab/Page_Chiragh.com Admin/div_Password")): Object: 'Object Repository/verification hod/new leads tab/Page_Chiragh.com Admin/div_Password' is clicked on

2019-04-26 15:22:56 - [MESSAGE][PASSED] - Object: 'Object Repository/verification hod/new leads tab/Page_Chiragh.com Admin/div_Password' is clicked on

2019-04-26 15:22:56 - [TEST_STEP][PASSED] - setEncryptedText(findTestObject("Object Repository/verification hod/new leads tab/Page_Chiragh.com Admin/input_Username_password"), "RigbBhfdqODKcAsiUrg+1Q=="): Text ****** has been set on object 'Object Repository/verification hod/new leads tab/Page_Chiragh.com Admin/input_Username_password'

2019-04-26 15:22:56 - [MESSAGE][PASSED] - Text ****** has been set on object 'Object Repository/verification hod/new leads tab/Page_Chiragh.com Admin/input_Username_password'

2019-04-26 15:22:56 - [TEST_STEP][PASSED] - click(findTestObject("Object Repository/verification hod/new leads tab/Page_Chiragh.com Admin/button_Login")): Object: 'Object Repository/verification hod/new leads tab/Page_Chiragh.com Admin/button_Login' is clicked on

2019-04-26 15:22:56 - [MESSAGE][PASSED] - Object: 'Object Repository/verification hod/new leads tab/Page_Chiragh.com Admin/button_Login' is clicked on

2019-04-26 15:22:56 - [TEST_STEP][PASSED] - waitForPageLoad(8): Wait for page load successfully

2019-04-26 15:22:56 - [MESSAGE][PASSED] - Wait for page load successfully

2019-04-26 15:22:56 - [TEST_STEP][PASSED] - click(findTestObject("Object Repository/verification hod/new leads tab/Page_Chiragh.com Admin/a_New Leads")): Object: 'Object Repository/verification hod/new leads tab/Page_Chiragh.com Admin/a_New Leads' is clicked on

2019-04-26 15:22:59 - [MESSAGE][PASSED] - Object: 'Object Repository/verification hod/new leads tab/Page_Chiragh.com Admin/a_New Leads' is clicked on

2019-04-26 15:22:59 - [TEST_STEP][PASSED] - if (verifyElementPresent(findTestObject("Object Repository/verification hod/new leads tab/Page_Chiragh.com Admin/th_Assign To"), 4) || verifyElementPresent("Object Repository/verification hod/new leads tab/Page_Chiragh.com Admin/h3_This collection is empty..", 4)): Browser is closed

2019-04-26 15:23:00 - [MESSAGE][PASSED] - Object 'Object Repository/verification hod/new leads tab/Page_Chiragh.com Admin/th_Assign To' is present

2019-04-26 15:23:00 - [TEST_STEP][PASSED] - closeBrowser(): Browser is closed

2019-04-26 15:23:01 - [MESSAGE][PASSED] - Browser is closed]]></system-out>
         <system-err><![CDATA[]]></system-err>
      </testcase>
      <testcase name="Test Cases/verification hod/seller/owner documents" classname="Test Cases/verification hod/seller/owner documents" status="FAILED">
         <failure type="FAILED" message="Test Cases/verification hod/seller/owner documents FAILED.
Reason:
com.kms.katalon.core.exception.StepFailedException: Unable to verify object 'Object Repository/verification hod/owner document/Page_Chiragh.com Admin/img' is present (Root cause: com.kms.katalon.core.exception.StepFailedException: com.kms.katalon.core.webui.exception.WebElementNotFoundException: Web element with id: 'Object Repository/verification hod/owner document/Page_Chiragh.com Admin/img' located by 'By.xpath: //div[@id='documentAttachModal']/div/div/div[2]/div[2]/div/app-documents/div/div/div/div/div/div/a/img' not found)
	at com.kms.katalon.core.keyword.internal.KeywordMain.stepFailed(KeywordMain.groovy:36)
	at com.kms.katalon.core.webui.keyword.internal.WebUIKeywordMain.stepFailed(WebUIKeywordMain.groovy:65)
	at com.kms.katalon.core.webui.keyword.internal.WebUIKeywordMain.runKeyword(WebUIKeywordMain.groovy:27)
	at com.kms.katalon.core.webui.keyword.builtin.VerifyElementPresentKeyword.verifyElementPresent(VerifyElementPresentKeyword.groovy:92)
	at com.kms.katalon.core.webui.keyword.builtin.VerifyElementPresentKeyword.execute(VerifyElementPresentKeyword.groovy:68)
	at com.kms.katalon.core.keyword.internal.KeywordExecutor.executeKeywordForPlatform(KeywordExecutor.groovy:53)
	at com.kms.katalon.core.webui.keyword.WebUiBuiltInKeywords.verifyElementPresent(WebUiBuiltInKeywords.groovy:1434)
	at com.kms.katalon.core.webui.keyword.WebUiBuiltInKeywords$verifyElementPresent$6.call(Unknown Source)
	at owner documents.run(owner documents:52)
	at com.kms.katalon.core.main.ScriptEngine.run(ScriptEngine.java:194)
	at com.kms.katalon.core.main.ScriptEngine.runScriptAsRawText(ScriptEngine.java:119)
	at com.kms.katalon.core.main.TestCaseExecutor.runScript(TestCaseExecutor.java:328)
	at com.kms.katalon.core.main.TestCaseExecutor.doExecute(TestCaseExecutor.java:319)
	at com.kms.katalon.core.main.TestCaseExecutor.processExecutionPhase(TestCaseExecutor.java:298)
	at com.kms.katalon.core.main.TestCaseExecutor.accessMainPhase(TestCaseExecutor.java:290)
	at com.kms.katalon.core.main.TestCaseExecutor.execute(TestCaseExecutor.java:224)
	at com.kms.katalon.core.main.TestSuiteExecutor.accessTestCaseMainPhase(TestSuiteExecutor.java:129)
	at com.kms.katalon.core.main.TestSuiteExecutor.accessTestSuiteMainPhase(TestSuiteExecutor.java:112)
	at com.kms.katalon.core.main.TestSuiteExecutor.execute(TestSuiteExecutor.java:81)
	at com.kms.katalon.core.main.TestCaseMain.startTestSuite(TestCaseMain.java:149)
	at com.kms.katalon.core.main.TestCaseMain$startTestSuite$0.call(Unknown Source)
	at TempTestSuite1556273802009.run(TempTestSuite1556273802009.groovy:36)
"/>
         <system-out><![CDATA[2019-04-26 15:23:01 - [TEST_CASE][FAILED] - Test Cases/verification hod/seller/owner documents: Test Cases/verification hod/seller/owner documents FAILED.
Reason:
com.kms.katalon.core.exception.StepFailedException: Unable to verify object 'Object Repository/verification hod/owner document/Page_Chiragh.com Admin/img' is present (Root cause: com.kms.katalon.core.exception.StepFailedException: com.kms.katalon.core.webui.exception.WebElementNotFoundException: Web element with id: 'Object Repository/verification hod/owner document/Page_Chiragh.com Admin/img' located by 'By.xpath: //div[@id='documentAttachModal']/div/div/div[2]/div[2]/div/app-documents/div/div/div/div/div/div/a/img' not found)
	at com.kms.katalon.core.keyword.internal.KeywordMain.stepFailed(KeywordMain.groovy:36)
	at com.kms.katalon.core.webui.keyword.internal.WebUIKeywordMain.stepFailed(WebUIKeywordMain.groovy:65)
	at com.kms.katalon.core.webui.keyword.internal.WebUIKeywordMain.runKeyword(WebUIKeywordMain.groovy:27)
	at com.kms.katalon.core.webui.keyword.builtin.VerifyElementPresentKeyword.verifyElementPresent(VerifyElementPresentKeyword.groovy:92)
	at com.kms.katalon.core.webui.keyword.builtin.VerifyElementPresentKeyword.execute(VerifyElementPresentKeyword.groovy:68)
	at com.kms.katalon.core.keyword.internal.KeywordExecutor.executeKeywordForPlatform(KeywordExecutor.groovy:53)
	at com.kms.katalon.core.webui.keyword.WebUiBuiltInKeywords.verifyElementPresent(WebUiBuiltInKeywords.groovy:1434)
	at com.kms.katalon.core.webui.keyword.WebUiBuiltInKeywords$verifyElementPresent$6.call(Unknown Source)
	at owner documents.run(owner documents:52)
	at com.kms.katalon.core.main.ScriptEngine.run(ScriptEngine.java:194)
	at com.kms.katalon.core.main.ScriptEngine.runScriptAsRawText(ScriptEngine.java:119)
	at com.kms.katalon.core.main.TestCaseExecutor.runScript(TestCaseExecutor.java:328)
	at com.kms.katalon.core.main.TestCaseExecutor.doExecute(TestCaseExecutor.java:319)
	at com.kms.katalon.core.main.TestCaseExecutor.processExecutionPhase(TestCaseExecutor.java:298)
	at com.kms.katalon.core.main.TestCaseExecutor.accessMainPhase(TestCaseExecutor.java:290)
	at com.kms.katalon.core.main.TestCaseExecutor.execute(TestCaseExecutor.java:224)
	at com.kms.katalon.core.main.TestSuiteExecutor.accessTestCaseMainPhase(TestSuiteExecutor.java:129)
	at com.kms.katalon.core.main.TestSuiteExecutor.accessTestSuiteMainPhase(TestSuiteExecutor.java:112)
	at com.kms.katalon.core.main.TestSuiteExecutor.execute(TestSuiteExecutor.java:81)
	at com.kms.katalon.core.main.TestCaseMain.startTestSuite(TestCaseMain.java:149)
	at com.kms.katalon.core.main.TestCaseMain$startTestSuite$0.call(Unknown Source)
	at TempTestSuite1556273802009.run(TempTestSuite1556273802009.groovy:36)


2019-04-26 15:23:01 - [TEST_STEP][PASSED] - openBrowser(""): Browser is opened with url: ''

2019-04-26 15:23:01 - [MESSAGE][INFO] - Starting 'Chrome' driver

2019-04-26 15:23:03 - [MESSAGE][PASSED] - Browser is opened with url: ''

2019-04-26 15:23:03 - [TEST_STEP][PASSED] - navigateToUrl(url): Navigate to 'http://admin-chiragh.surge.sh' successfully

2019-04-26 15:23:12 - [MESSAGE][PASSED] - Navigate to 'http://admin-chiragh.surge.sh' successfully

2019-04-26 15:23:12 - [TEST_STEP][PASSED] - maximizeWindow(): Current window maximized

2019-04-26 15:23:14 - [MESSAGE][PASSED] - Current window maximized

2019-04-26 15:23:14 - [TEST_STEP][PASSED] - waitForPageLoad(8): Wait for page load successfully

2019-04-26 15:23:14 - [MESSAGE][PASSED] - Wait for page load successfully

2019-04-26 15:23:14 - [TEST_STEP][PASSED] - click(findTestObject("Object Repository/verification hod/property details present/Page_Chiragh.com Admin/form_Admin PanelUsernamePasswo")): Object: 'Object Repository/verification hod/property details present/Page_Chiragh.com Admin/form_Admin PanelUsernamePasswo' is clicked on

2019-04-26 15:23:14 - [MESSAGE][PASSED] - Object: 'Object Repository/verification hod/property details present/Page_Chiragh.com Admin/form_Admin PanelUsernamePasswo' is clicked on

2019-04-26 15:23:14 - [TEST_STEP][PASSED] - click(findTestObject("Object Repository/verification hod/property details present/Page_Chiragh.com Admin/div_Username")): Object: 'Object Repository/verification hod/property details present/Page_Chiragh.com Admin/div_Username' is clicked on

2019-04-26 15:23:14 - [MESSAGE][PASSED] - Object: 'Object Repository/verification hod/property details present/Page_Chiragh.com Admin/div_Username' is clicked on

2019-04-26 15:23:14 - [TEST_STEP][PASSED] - setText(findTestObject("Object Repository/verification hod/property details present/Page_Chiragh.com Admin/input_Admin Panel_userName"), "arsalankhalid"): Text 'arsalankhalid' is set on object 'Object Repository/verification hod/property details present/Page_Chiragh.com Admin/input_Admin Panel_userName'

2019-04-26 15:23:14 - [MESSAGE][PASSED] - Text 'arsalankhalid' is set on object 'Object Repository/verification hod/property details present/Page_Chiragh.com Admin/input_Admin Panel_userName'

2019-04-26 15:23:14 - [TEST_STEP][PASSED] - setEncryptedText(findTestObject("Object Repository/verification hod/property details present/Page_Chiragh.com Admin/input_Username_password"), "RigbBhfdqODKcAsiUrg+1Q=="): Text ****** has been set on object 'Object Repository/verification hod/property details present/Page_Chiragh.com Admin/input_Username_password'

2019-04-26 15:23:14 - [MESSAGE][PASSED] - Text ****** has been set on object 'Object Repository/verification hod/property details present/Page_Chiragh.com Admin/input_Username_password'

2019-04-26 15:23:14 - [TEST_STEP][PASSED] - click(findTestObject("Object Repository/verification hod/property details present/Page_Chiragh.com Admin/button_Login")): Object: 'Object Repository/verification hod/property details present/Page_Chiragh.com Admin/button_Login' is clicked on

2019-04-26 15:23:14 - [MESSAGE][PASSED] - Object: 'Object Repository/verification hod/property details present/Page_Chiragh.com Admin/button_Login' is clicked on

2019-04-26 15:23:14 - [TEST_STEP][PASSED] - click(findTestObject("Object Repository/verification hod/property details present/Page_Chiragh.com Admin/a_In Process")): Object: 'Object Repository/verification hod/property details present/Page_Chiragh.com Admin/a_In Process' is clicked on

2019-04-26 15:23:17 - [MESSAGE][PASSED] - Object: 'Object Repository/verification hod/property details present/Page_Chiragh.com Admin/a_In Process' is clicked on

2019-04-26 15:23:17 - [TEST_STEP][PASSED] - click(findTestObject("Object Repository/verification hod/property details present/Page_Chiragh.com Admin/a_Murazik Manors 6 Beds Villa")): Object: 'Object Repository/verification hod/property details present/Page_Chiragh.com Admin/a_Murazik Manors 6 Beds Villa' is clicked on

2019-04-26 15:23:20 - [MESSAGE][PASSED] - Object: 'Object Repository/verification hod/property details present/Page_Chiragh.com Admin/a_Murazik Manors 6 Beds Villa' is clicked on

2019-04-26 15:23:20 - [TEST_STEP][PASSED] - click(findTestObject("Object Repository/verification hod/property details present/Page_Chiragh.com Admin/span_Edwin")): Object: 'Object Repository/verification hod/property details present/Page_Chiragh.com Admin/span_Edwin' is clicked on

2019-04-26 15:23:21 - [MESSAGE][PASSED] - Object: 'Object Repository/verification hod/property details present/Page_Chiragh.com Admin/span_Edwin' is clicked on

2019-04-26 15:23:21 - [TEST_STEP][PASSED] - click(findTestObject("Object Repository/verification hod/property details present/Page_Chiragh.com Admin/span_Last Name")): Object: 'Object Repository/verification hod/property details present/Page_Chiragh.com Admin/span_Last Name' is clicked on

2019-04-26 15:23:21 - [MESSAGE][PASSED] - Object: 'Object Repository/verification hod/property details present/Page_Chiragh.com Admin/span_Last Name' is clicked on

2019-04-26 15:23:21 - [TEST_STEP][PASSED] - click(findTestObject("Object Repository/verification hod/property details present/Page_Chiragh.com Admin/div_Owners")): Object: 'Object Repository/verification hod/property details present/Page_Chiragh.com Admin/div_Owners' is clicked on

2019-04-26 15:23:21 - [MESSAGE][PASSED] - Object: 'Object Repository/verification hod/property details present/Page_Chiragh.com Admin/div_Owners' is clicked on

2019-04-26 15:23:21 - [TEST_STEP][PASSED] - click(findTestObject("Object Repository/verification hod/owner document/Page_Chiragh.com Admin/a_Owner 1 Bradley Jena_attachm")): Object: 'Object Repository/verification hod/owner document/Page_Chiragh.com Admin/a_Owner 1 Bradley Jena_attachm' is clicked on

2019-04-26 15:23:21 - [MESSAGE][PASSED] - Object: 'Object Repository/verification hod/owner document/Page_Chiragh.com Admin/a_Owner 1 Bradley Jena_attachm' is clicked on

2019-04-26 15:23:21 - [TEST_STEP][PASSED] - verifyElementPresent(findTestObject("Object Repository/verification hod/owner document/Page_Chiragh.com Admin/div_Scanned Passport CopyScann"), 4): Object 'Object Repository/verification hod/owner document/Page_Chiragh.com Admin/div_Scanned Passport CopyScann' is present

2019-04-26 15:23:21 - [MESSAGE][PASSED] - Object 'Object Repository/verification hod/owner document/Page_Chiragh.com Admin/div_Scanned Passport CopyScann' is present

2019-04-26 15:23:21 - [TEST_STEP][PASSED] - verifyElementPresent(findTestObject("Object Repository/verification hod/owner document/Page_Chiragh.com Admin/div_Scanned Passport Copy"), 4): Object 'Object Repository/verification hod/owner document/Page_Chiragh.com Admin/div_Scanned Passport Copy' is present

2019-04-26 15:23:21 - [MESSAGE][PASSED] - Object 'Object Repository/verification hod/owner document/Page_Chiragh.com Admin/div_Scanned Passport Copy' is present

2019-04-26 15:23:21 - [TEST_STEP][FAILED] - verifyElementPresent(findTestObject("Object Repository/verification hod/owner document/Page_Chiragh.com Admin/img"), 4): verifyElementPresent(findTestObject("Object Repository/verification hod/owner document/Page_Chiragh.com Admin/img"), 4) FAILED.
Reason:
com.kms.katalon.core.exception.StepFailedException: Unable to verify object 'Object Repository/verification hod/owner document/Page_Chiragh.com Admin/img' is present (Root cause: com.kms.katalon.core.exception.StepFailedException: com.kms.katalon.core.webui.exception.WebElementNotFoundException: Web element with id: 'Object Repository/verification hod/owner document/Page_Chiragh.com Admin/img' located by 'By.xpath: //div[@id='documentAttachModal']/div/div/div[2]/div[2]/div/app-documents/div/div/div/div/div/div/a/img' not found)
	at com.kms.katalon.core.keyword.internal.KeywordMain.stepFailed(KeywordMain.groovy:36)
	at com.kms.katalon.core.webui.keyword.internal.WebUIKeywordMain.stepFailed(WebUIKeywordMain.groovy:65)
	at com.kms.katalon.core.webui.keyword.internal.WebUIKeywordMain.runKeyword(WebUIKeywordMain.groovy:27)
	at com.kms.katalon.core.webui.keyword.builtin.VerifyElementPresentKeyword.verifyElementPresent(VerifyElementPresentKeyword.groovy:92)
	at com.kms.katalon.core.webui.keyword.builtin.VerifyElementPresentKeyword.execute(VerifyElementPresentKeyword.groovy:68)
	at com.kms.katalon.core.keyword.internal.KeywordExecutor.executeKeywordForPlatform(KeywordExecutor.groovy:53)
	at com.kms.katalon.core.webui.keyword.WebUiBuiltInKeywords.verifyElementPresent(WebUiBuiltInKeywords.groovy:1434)
	at com.kms.katalon.core.webui.keyword.WebUiBuiltInKeywords$verifyElementPresent$6.call(Unknown Source)
	at owner documents.run(owner documents:52)
	at com.kms.katalon.core.main.ScriptEngine.run(ScriptEngine.java:194)
	at com.kms.katalon.core.main.ScriptEngine.runScriptAsRawText(ScriptEngine.java:119)
	at com.kms.katalon.core.main.TestCaseExecutor.runScript(TestCaseExecutor.java:328)
	at com.kms.katalon.core.main.TestCaseExecutor.doExecute(TestCaseExecutor.java:319)
	at com.kms.katalon.core.main.TestCaseExecutor.processExecutionPhase(TestCaseExecutor.java:298)
	at com.kms.katalon.core.main.TestCaseExecutor.accessMainPhase(TestCaseExecutor.java:290)
	at com.kms.katalon.core.main.TestCaseExecutor.execute(TestCaseExecutor.java:224)
	at com.kms.katalon.core.main.TestSuiteExecutor.accessTestCaseMainPhase(TestSuiteExecutor.java:129)
	at com.kms.katalon.core.main.TestSuiteExecutor.accessTestSuiteMainPhase(TestSuiteExecutor.java:112)
	at com.kms.katalon.core.main.TestSuiteExecutor.execute(TestSuiteExecutor.java:81)
	at com.kms.katalon.core.main.TestCaseMain.startTestSuite(TestCaseMain.java:149)
	at com.kms.katalon.core.main.TestCaseMain$startTestSuite$0.call(Unknown Source)
	at TempTestSuite1556273802009.run(TempTestSuite1556273802009.groovy:36)


2019-04-26 15:23:25 - [MESSAGE][INFO] - Unable to find the element located by 'By.xpath: //div[@id='documentAttachModal']/div/div/div[2]/div[2]/div/app-documents/div/div/div/div/div/div/a/img'. Please recheck the objects properties to make sure the desired element is located. 

2019-04-26 15:23:26 - [MESSAGE][FAILED] - com.kms.katalon.core.webui.exception.WebElementNotFoundException: Web element with id: 'Object Repository/verification hod/owner document/Page_Chiragh.com Admin/img' located by 'By.xpath: //div[@id='documentAttachModal']/div/div/div[2]/div[2]/div/app-documents/div/div/div/div/div/div/a/img' not found
[[ATTACHMENT|C:\\Users\\HP\\git\\chiraghAdminPanel\\Reports\\verificationHod\\20190426_151641\\1556274205822.png]]

2019-04-26 15:23:26 - [MESSAGE][FAILED] - Unable to verify object 'Object Repository/verification hod/owner document/Page_Chiragh.com Admin/img' is present (Root cause: com.kms.katalon.core.exception.StepFailedException: com.kms.katalon.core.webui.exception.WebElementNotFoundException: Web element with id: 'Object Repository/verification hod/owner document/Page_Chiragh.com Admin/img' located by 'By.xpath: //div[@id='documentAttachModal']/div/div/div[2]/div[2]/div/app-documents/div/div/div/div/div/div/a/img' not found)
[[ATTACHMENT|C:\\Users\\HP\\git\\chiraghAdminPanel\\Reports\\verificationHod\\20190426_151641\\1556274206132.png]]

2019-04-26 15:23:26 - [MESSAGE][FAILED] - verifyElementPresent(findTestObject("Object Repository/verification hod/owner document/Page_Chiragh.com Admin/img"), 4) FAILED.
Reason:
com.kms.katalon.core.exception.StepFailedException: Unable to verify object 'Object Repository/verification hod/owner document/Page_Chiragh.com Admin/img' is present (Root cause: com.kms.katalon.core.exception.StepFailedException: com.kms.katalon.core.webui.exception.WebElementNotFoundException: Web element with id: 'Object Repository/verification hod/owner document/Page_Chiragh.com Admin/img' located by 'By.xpath: //div[@id='documentAttachModal']/div/div/div[2]/div[2]/div/app-documents/div/div/div/div/div/div/a/img' not found)
	at com.kms.katalon.core.keyword.internal.KeywordMain.stepFailed(KeywordMain.groovy:36)
	at com.kms.katalon.core.webui.keyword.internal.WebUIKeywordMain.stepFailed(WebUIKeywordMain.groovy:65)
	at com.kms.katalon.core.webui.keyword.internal.WebUIKeywordMain.runKeyword(WebUIKeywordMain.groovy:27)
	at com.kms.katalon.core.webui.keyword.builtin.VerifyElementPresentKeyword.verifyElementPresent(VerifyElementPresentKeyword.groovy:92)
	at com.kms.katalon.core.webui.keyword.builtin.VerifyElementPresentKeyword.execute(VerifyElementPresentKeyword.groovy:68)
	at com.kms.katalon.core.keyword.internal.KeywordExecutor.executeKeywordForPlatform(KeywordExecutor.groovy:53)
	at com.kms.katalon.core.webui.keyword.WebUiBuiltInKeywords.verifyElementPresent(WebUiBuiltInKeywords.groovy:1434)
	at com.kms.katalon.core.webui.keyword.WebUiBuiltInKeywords$verifyElementPresent$6.call(Unknown Source)
	at owner documents.run(owner documents:52)
	at com.kms.katalon.core.main.ScriptEngine.run(ScriptEngine.java:194)
	at com.kms.katalon.core.main.ScriptEngine.runScriptAsRawText(ScriptEngine.java:119)
	at com.kms.katalon.core.main.TestCaseExecutor.runScript(TestCaseExecutor.java:328)
	at com.kms.katalon.core.main.TestCaseExecutor.doExecute(TestCaseExecutor.java:319)
	at com.kms.katalon.core.main.TestCaseExecutor.processExecutionPhase(TestCaseExecutor.java:298)
	at com.kms.katalon.core.main.TestCaseExecutor.accessMainPhase(TestCaseExecutor.java:290)
	at com.kms.katalon.core.main.TestCaseExecutor.execute(TestCaseExecutor.java:224)
	at com.kms.katalon.core.main.TestSuiteExecutor.accessTestCaseMainPhase(TestSuiteExecutor.java:129)
	at com.kms.katalon.core.main.TestSuiteExecutor.accessTestSuiteMainPhase(TestSuiteExecutor.java:112)
	at com.kms.katalon.core.main.TestSuiteExecutor.execute(TestSuiteExecutor.java:81)
	at com.kms.katalon.core.main.TestCaseMain.startTestSuite(TestCaseMain.java:149)
	at com.kms.katalon.core.main.TestCaseMain$startTestSuite$0.call(Unknown Source)
	at TempTestSuite1556273802009.run(TempTestSuite1556273802009.groovy:36)]]></system-out>
         <system-err><![CDATA[2019-04-26 15:23:01 - [TEST_CASE][FAILED] - Test Cases/verification hod/seller/owner documents: Test Cases/verification hod/seller/owner documents FAILED.
Reason:
com.kms.katalon.core.exception.StepFailedException: Unable to verify object 'Object Repository/verification hod/owner document/Page_Chiragh.com Admin/img' is present (Root cause: com.kms.katalon.core.exception.StepFailedException: com.kms.katalon.core.webui.exception.WebElementNotFoundException: Web element with id: 'Object Repository/verification hod/owner document/Page_Chiragh.com Admin/img' located by 'By.xpath: //div[@id='documentAttachModal']/div/div/div[2]/div[2]/div/app-documents/div/div/div/div/div/div/a/img' not found)
	at com.kms.katalon.core.keyword.internal.KeywordMain.stepFailed(KeywordMain.groovy:36)
	at com.kms.katalon.core.webui.keyword.internal.WebUIKeywordMain.stepFailed(WebUIKeywordMain.groovy:65)
	at com.kms.katalon.core.webui.keyword.internal.WebUIKeywordMain.runKeyword(WebUIKeywordMain.groovy:27)
	at com.kms.katalon.core.webui.keyword.builtin.VerifyElementPresentKeyword.verifyElementPresent(VerifyElementPresentKeyword.groovy:92)
	at com.kms.katalon.core.webui.keyword.builtin.VerifyElementPresentKeyword.execute(VerifyElementPresentKeyword.groovy:68)
	at com.kms.katalon.core.keyword.internal.KeywordExecutor.executeKeywordForPlatform(KeywordExecutor.groovy:53)
	at com.kms.katalon.core.webui.keyword.WebUiBuiltInKeywords.verifyElementPresent(WebUiBuiltInKeywords.groovy:1434)
	at com.kms.katalon.core.webui.keyword.WebUiBuiltInKeywords$verifyElementPresent$6.call(Unknown Source)
	at owner documents.run(owner documents:52)
	at com.kms.katalon.core.main.ScriptEngine.run(ScriptEngine.java:194)
	at com.kms.katalon.core.main.ScriptEngine.runScriptAsRawText(ScriptEngine.java:119)
	at com.kms.katalon.core.main.TestCaseExecutor.runScript(TestCaseExecutor.java:328)
	at com.kms.katalon.core.main.TestCaseExecutor.doExecute(TestCaseExecutor.java:319)
	at com.kms.katalon.core.main.TestCaseExecutor.processExecutionPhase(TestCaseExecutor.java:298)
	at com.kms.katalon.core.main.TestCaseExecutor.accessMainPhase(TestCaseExecutor.java:290)
	at com.kms.katalon.core.main.TestCaseExecutor.execute(TestCaseExecutor.java:224)
	at com.kms.katalon.core.main.TestSuiteExecutor.accessTestCaseMainPhase(TestSuiteExecutor.java:129)
	at com.kms.katalon.core.main.TestSuiteExecutor.accessTestSuiteMainPhase(TestSuiteExecutor.java:112)
	at com.kms.katalon.core.main.TestSuiteExecutor.execute(TestSuiteExecutor.java:81)
	at com.kms.katalon.core.main.TestCaseMain.startTestSuite(TestCaseMain.java:149)
	at com.kms.katalon.core.main.TestCaseMain$startTestSuite$0.call(Unknown Source)
	at TempTestSuite1556273802009.run(TempTestSuite1556273802009.groovy:36)]]></system-err>
      </testcase>
      <testcase name="Test Cases/verification hod/seller/poa documents" classname="Test Cases/verification hod/seller/poa documents" status="PASSED">
         <system-out><![CDATA[2019-04-26 15:23:26 - [TEST_CASE][PASSED] - Test Cases/verification hod/seller/poa documents: Test Cases/verification hod/seller/poa documents

2019-04-26 15:23:26 - [TEST_STEP][PASSED] - openBrowser(""): Browser is opened with url: ''

2019-04-26 15:23:26 - [MESSAGE][WARNING] - A browser is already opened. Closing browser and opening a new one

2019-04-26 15:23:27 - [MESSAGE][INFO] - Starting 'Chrome' driver

2019-04-26 15:23:29 - [MESSAGE][PASSED] - Browser is opened with url: ''

2019-04-26 15:23:29 - [TEST_STEP][PASSED] - navigateToUrl(url): Navigate to 'http://admin-chiragh.surge.sh' successfully

2019-04-26 15:23:37 - [MESSAGE][PASSED] - Navigate to 'http://admin-chiragh.surge.sh' successfully

2019-04-26 15:23:37 - [TEST_STEP][PASSED] - maximizeWindow(): Current window maximized

2019-04-26 15:23:38 - [MESSAGE][PASSED] - Current window maximized

2019-04-26 15:23:38 - [TEST_STEP][PASSED] - waitForPageLoad(8): Wait for page load successfully

2019-04-26 15:23:38 - [MESSAGE][PASSED] - Wait for page load successfully

2019-04-26 15:23:38 - [TEST_STEP][PASSED] - click(findTestObject("Object Repository/verification hod/property details present/Page_Chiragh.com Admin/form_Admin PanelUsernamePasswo")): Object: 'Object Repository/verification hod/property details present/Page_Chiragh.com Admin/form_Admin PanelUsernamePasswo' is clicked on

2019-04-26 15:23:39 - [MESSAGE][PASSED] - Object: 'Object Repository/verification hod/property details present/Page_Chiragh.com Admin/form_Admin PanelUsernamePasswo' is clicked on

2019-04-26 15:23:39 - [TEST_STEP][PASSED] - click(findTestObject("Object Repository/verification hod/property details present/Page_Chiragh.com Admin/div_Username")): Object: 'Object Repository/verification hod/property details present/Page_Chiragh.com Admin/div_Username' is clicked on

2019-04-26 15:23:39 - [MESSAGE][PASSED] - Object: 'Object Repository/verification hod/property details present/Page_Chiragh.com Admin/div_Username' is clicked on

2019-04-26 15:23:39 - [TEST_STEP][PASSED] - setText(findTestObject("Object Repository/verification hod/property details present/Page_Chiragh.com Admin/input_Admin Panel_userName"), "arsalankhalid"): Text 'arsalankhalid' is set on object 'Object Repository/verification hod/property details present/Page_Chiragh.com Admin/input_Admin Panel_userName'

2019-04-26 15:23:39 - [MESSAGE][PASSED] - Text 'arsalankhalid' is set on object 'Object Repository/verification hod/property details present/Page_Chiragh.com Admin/input_Admin Panel_userName'

2019-04-26 15:23:39 - [TEST_STEP][PASSED] - setEncryptedText(findTestObject("Object Repository/verification hod/property details present/Page_Chiragh.com Admin/input_Username_password"), "RigbBhfdqODKcAsiUrg+1Q=="): Text ****** has been set on object 'Object Repository/verification hod/property details present/Page_Chiragh.com Admin/input_Username_password'

2019-04-26 15:23:39 - [MESSAGE][PASSED] - Text ****** has been set on object 'Object Repository/verification hod/property details present/Page_Chiragh.com Admin/input_Username_password'

2019-04-26 15:23:39 - [TEST_STEP][PASSED] - click(findTestObject("Object Repository/verification hod/property details present/Page_Chiragh.com Admin/button_Login")): Object: 'Object Repository/verification hod/property details present/Page_Chiragh.com Admin/button_Login' is clicked on

2019-04-26 15:23:39 - [MESSAGE][PASSED] - Object: 'Object Repository/verification hod/property details present/Page_Chiragh.com Admin/button_Login' is clicked on

2019-04-26 15:23:39 - [TEST_STEP][PASSED] - click(findTestObject("Object Repository/verification hod/property details present/Page_Chiragh.com Admin/a_In Process")): Object: 'Object Repository/verification hod/property details present/Page_Chiragh.com Admin/a_In Process' is clicked on

2019-04-26 15:23:42 - [MESSAGE][PASSED] - Object: 'Object Repository/verification hod/property details present/Page_Chiragh.com Admin/a_In Process' is clicked on

2019-04-26 15:23:42 - [TEST_STEP][PASSED] - click(findTestObject("Object Repository/verification hod/property details present/Page_Chiragh.com Admin/a_Murazik Manors 6 Beds Villa")): Object: 'Object Repository/verification hod/property details present/Page_Chiragh.com Admin/a_Murazik Manors 6 Beds Villa' is clicked on

2019-04-26 15:23:45 - [MESSAGE][PASSED] - Object: 'Object Repository/verification hod/property details present/Page_Chiragh.com Admin/a_Murazik Manors 6 Beds Villa' is clicked on

2019-04-26 15:23:45 - [TEST_STEP][PASSED] - delay(5): Delayed 5 second(s)

2019-04-26 15:23:50 - [MESSAGE][PASSED] - Delayed 5 second(s)

2019-04-26 15:23:50 - [TEST_STEP][PASSED] - doubleClick(findTestObject("Object Repository/verification hod/poa documents/Page_Chiragh.com Admin/div_POAs")): Object: 'Object Repository/verification hod/poa documents/Page_Chiragh.com Admin/div_POAs' is double clicked on

2019-04-26 15:23:50 - [MESSAGE][PASSED] - Object: 'Object Repository/verification hod/poa documents/Page_Chiragh.com Admin/div_POAs' is double clicked on

2019-04-26 15:23:50 - [TEST_STEP][PASSED] - if (verifyElementPresent(findTestObject("Object Repository/verification hod/property details present/Page_Chiragh.com Admin/span_POA Status"), 4) == true): Browser is closed

2019-04-26 15:23:50 - [MESSAGE][PASSED] - Object 'Object Repository/verification hod/property details present/Page_Chiragh.com Admin/span_POA Status' is present

2019-04-26 15:23:50 - [TEST_STEP][PASSED] - click(findTestObject("Object Repository/verification hod/poa documents/Page_Chiragh.com Admin/a_POA 1 Mauricio Ophelia_attac")): Object: 'Object Repository/verification hod/poa documents/Page_Chiragh.com Admin/a_POA 1 Mauricio Ophelia_attac' is clicked on

2019-04-26 15:23:50 - [MESSAGE][PASSED] - Object: 'Object Repository/verification hod/poa documents/Page_Chiragh.com Admin/a_POA 1 Mauricio Ophelia_attac' is clicked on

2019-04-26 15:23:50 - [TEST_STEP][PASSED] - verifyElementPresent(findTestObject("Object Repository/verification hod/poa documents/Page_Chiragh.com Admin/div_Scanned Passport CopyScann"), 4): Object 'Object Repository/verification hod/poa documents/Page_Chiragh.com Admin/div_Scanned Passport CopyScann' is present

2019-04-26 15:23:50 - [MESSAGE][PASSED] - Object 'Object Repository/verification hod/poa documents/Page_Chiragh.com Admin/div_Scanned Passport CopyScann' is present

2019-04-26 15:23:50 - [TEST_STEP][PASSED] - verifyElementPresent(findTestObject("Object Repository/verification hod/poa documents/Page_Chiragh.com Admin/div_Scanned Passport Copy"), 4): Object 'Object Repository/verification hod/poa documents/Page_Chiragh.com Admin/div_Scanned Passport Copy' is present

2019-04-26 15:23:50 - [MESSAGE][PASSED] - Object 'Object Repository/verification hod/poa documents/Page_Chiragh.com Admin/div_Scanned Passport Copy' is present

2019-04-26 15:23:50 - [TEST_STEP][PASSED] - verifyElementPresent(findTestObject("Object Repository/verification hod/poa documents/Page_Chiragh.com Admin/div_Scanned Notarized POA"), 4): Object 'Object Repository/verification hod/poa documents/Page_Chiragh.com Admin/div_Scanned Notarized POA' is present

2019-04-26 15:23:50 - [MESSAGE][PASSED] - Object 'Object Repository/verification hod/poa documents/Page_Chiragh.com Admin/div_Scanned Notarized POA' is present

2019-04-26 15:23:50 - [TEST_STEP][PASSED] - closeBrowser(): Browser is closed

2019-04-26 15:23:51 - [MESSAGE][PASSED] - Browser is closed]]></system-out>
         <system-err><![CDATA[]]></system-err>
      </testcase>
      <testcase name="Test Cases/verification hod/seller/property detail present" classname="Test Cases/verification hod/seller/property detail present" status="PASSED">
         <system-out><![CDATA[2019-04-26 15:23:51 - [TEST_CASE][PASSED] - Test Cases/verification hod/seller/property detail present: Test Cases/verification hod/seller/property detail present

2019-04-26 15:23:51 - [TEST_STEP][PASSED] - openBrowser(""): Browser is opened with url: ''

2019-04-26 15:23:51 - [MESSAGE][INFO] - Starting 'Chrome' driver

2019-04-26 15:23:53 - [MESSAGE][PASSED] - Browser is opened with url: ''

2019-04-26 15:23:53 - [TEST_STEP][PASSED] - navigateToUrl(url): Navigate to 'http://admin-chiragh.surge.sh' successfully

2019-04-26 15:24:01 - [MESSAGE][PASSED] - Navigate to 'http://admin-chiragh.surge.sh' successfully

2019-04-26 15:24:01 - [TEST_STEP][PASSED] - maximizeWindow(): Current window maximized

2019-04-26 15:24:02 - [MESSAGE][PASSED] - Current window maximized

2019-04-26 15:24:02 - [TEST_STEP][PASSED] - waitForPageLoad(8): Wait for page load successfully

2019-04-26 15:24:02 - [MESSAGE][PASSED] - Wait for page load successfully

2019-04-26 15:24:02 - [TEST_STEP][PASSED] - click(findTestObject("Object Repository/verification hod/property details present/Page_Chiragh.com Admin/form_Admin PanelUsernamePasswo")): Object: 'Object Repository/verification hod/property details present/Page_Chiragh.com Admin/form_Admin PanelUsernamePasswo' is clicked on

2019-04-26 15:24:02 - [MESSAGE][PASSED] - Object: 'Object Repository/verification hod/property details present/Page_Chiragh.com Admin/form_Admin PanelUsernamePasswo' is clicked on

2019-04-26 15:24:02 - [TEST_STEP][PASSED] - click(findTestObject("Object Repository/verification hod/property details present/Page_Chiragh.com Admin/div_Username")): Object: 'Object Repository/verification hod/property details present/Page_Chiragh.com Admin/div_Username' is clicked on

2019-04-26 15:24:02 - [MESSAGE][PASSED] - Object: 'Object Repository/verification hod/property details present/Page_Chiragh.com Admin/div_Username' is clicked on

2019-04-26 15:24:02 - [TEST_STEP][PASSED] - setText(findTestObject("Object Repository/verification hod/property details present/Page_Chiragh.com Admin/input_Admin Panel_userName"), "arsalankhalid"): Text 'arsalankhalid' is set on object 'Object Repository/verification hod/property details present/Page_Chiragh.com Admin/input_Admin Panel_userName'

2019-04-26 15:24:02 - [MESSAGE][PASSED] - Text 'arsalankhalid' is set on object 'Object Repository/verification hod/property details present/Page_Chiragh.com Admin/input_Admin Panel_userName'

2019-04-26 15:24:02 - [TEST_STEP][PASSED] - setEncryptedText(findTestObject("Object Repository/verification hod/property details present/Page_Chiragh.com Admin/input_Username_password"), "RigbBhfdqODKcAsiUrg+1Q=="): Text ****** has been set on object 'Object Repository/verification hod/property details present/Page_Chiragh.com Admin/input_Username_password'

2019-04-26 15:24:02 - [MESSAGE][PASSED] - Text ****** has been set on object 'Object Repository/verification hod/property details present/Page_Chiragh.com Admin/input_Username_password'

2019-04-26 15:24:02 - [TEST_STEP][PASSED] - click(findTestObject("Object Repository/verification hod/property details present/Page_Chiragh.com Admin/button_Login")): Object: 'Object Repository/verification hod/property details present/Page_Chiragh.com Admin/button_Login' is clicked on

2019-04-26 15:24:02 - [MESSAGE][PASSED] - Object: 'Object Repository/verification hod/property details present/Page_Chiragh.com Admin/button_Login' is clicked on

2019-04-26 15:24:02 - [TEST_STEP][PASSED] - click(findTestObject("Object Repository/verification hod/property details present/Page_Chiragh.com Admin/a_In Process")): Object: 'Object Repository/verification hod/property details present/Page_Chiragh.com Admin/a_In Process' is clicked on

2019-04-26 15:24:06 - [MESSAGE][PASSED] - Object: 'Object Repository/verification hod/property details present/Page_Chiragh.com Admin/a_In Process' is clicked on

2019-04-26 15:24:06 - [TEST_STEP][PASSED] - click(findTestObject("Object Repository/verification hod/property details present/Page_Chiragh.com Admin/a_Murazik Manors 6 Beds Villa")): Object: 'Object Repository/verification hod/property details present/Page_Chiragh.com Admin/a_Murazik Manors 6 Beds Villa' is clicked on

2019-04-26 15:24:08 - [MESSAGE][PASSED] - Object: 'Object Repository/verification hod/property details present/Page_Chiragh.com Admin/a_Murazik Manors 6 Beds Villa' is clicked on

2019-04-26 15:24:08 - [TEST_STEP][PASSED] - click(findTestObject("Object Repository/verification hod/property details present/Page_Chiragh.com Admin/span_Edwin")): Object: 'Object Repository/verification hod/property details present/Page_Chiragh.com Admin/span_Edwin' is clicked on

2019-04-26 15:24:09 - [MESSAGE][PASSED] - Object: 'Object Repository/verification hod/property details present/Page_Chiragh.com Admin/span_Edwin' is clicked on

2019-04-26 15:24:09 - [TEST_STEP][PASSED] - click(findTestObject("Object Repository/verification hod/property details present/Page_Chiragh.com Admin/span_Last Name")): Object: 'Object Repository/verification hod/property details present/Page_Chiragh.com Admin/span_Last Name' is clicked on

2019-04-26 15:24:09 - [MESSAGE][PASSED] - Object: 'Object Repository/verification hod/property details present/Page_Chiragh.com Admin/span_Last Name' is clicked on

2019-04-26 15:24:09 - [TEST_STEP][PASSED] - click(findTestObject("Object Repository/verification hod/property details present/Page_Chiragh.com Admin/div_Owners")): Object: 'Object Repository/verification hod/property details present/Page_Chiragh.com Admin/div_Owners' is clicked on

2019-04-26 15:24:10 - [MESSAGE][PASSED] - Object: 'Object Repository/verification hod/property details present/Page_Chiragh.com Admin/div_Owners' is clicked on

2019-04-26 15:24:10 - [TEST_STEP][PASSED] - click(findTestObject("Object Repository/verification hod/property details present/Page_Chiragh.com Admin/div_POAs")): Object: 'Object Repository/verification hod/property details present/Page_Chiragh.com Admin/div_POAs' is clicked on

2019-04-26 15:24:10 - [MESSAGE][PASSED] - Object: 'Object Repository/verification hod/property details present/Page_Chiragh.com Admin/div_POAs' is clicked on

2019-04-26 15:24:10 - [TEST_STEP][PASSED] - click(findTestObject("Object Repository/verification hod/property details present/Page_Chiragh.com Admin/div_Property Details")): Object: 'Object Repository/verification hod/property details present/Page_Chiragh.com Admin/div_Property Details' is clicked on

2019-04-26 15:24:10 - [MESSAGE][PASSED] - Object: 'Object Repository/verification hod/property details present/Page_Chiragh.com Admin/div_Property Details' is clicked on

2019-04-26 15:24:10 - [TEST_STEP][PASSED] - click(findTestObject("Object Repository/verification hod/property details present/Page_Chiragh.com Admin/span_Project Name")): Object: 'Object Repository/verification hod/property details present/Page_Chiragh.com Admin/span_Project Name' is clicked on

2019-04-26 15:24:10 - [MESSAGE][PASSED] - Object: 'Object Repository/verification hod/property details present/Page_Chiragh.com Admin/span_Project Name' is clicked on

2019-04-26 15:24:10 - [TEST_STEP][PASSED] - click(findTestObject("Object Repository/verification hod/property details present/Page_Chiragh.com Admin/span_Murazik Manors")): Object: 'Object Repository/verification hod/property details present/Page_Chiragh.com Admin/span_Murazik Manors' is clicked on

2019-04-26 15:24:10 - [MESSAGE][PASSED] - Object: 'Object Repository/verification hod/property details present/Page_Chiragh.com Admin/span_Murazik Manors' is clicked on

2019-04-26 15:24:10 - [TEST_STEP][PASSED] - click(findTestObject("Object Repository/verification hod/property details present/Page_Chiragh.com Admin/div_Mortgage")): Object: 'Object Repository/verification hod/property details present/Page_Chiragh.com Admin/div_Mortgage' is clicked on

2019-04-26 15:24:11 - [MESSAGE][PASSED] - Object: 'Object Repository/verification hod/property details present/Page_Chiragh.com Admin/div_Mortgage' is clicked on

2019-04-26 15:24:11 - [TEST_STEP][PASSED] - click(findTestObject("Object Repository/verification hod/property details present/Page_Chiragh.com Admin/div_Rental")): Object: 'Object Repository/verification hod/property details present/Page_Chiragh.com Admin/div_Rental' is clicked on

2019-04-26 15:24:11 - [MESSAGE][PASSED] - Object: 'Object Repository/verification hod/property details present/Page_Chiragh.com Admin/div_Rental' is clicked on

2019-04-26 15:24:11 - [TEST_STEP][PASSED] - closeBrowser(): Browser is closed

2019-04-26 15:24:11 - [MESSAGE][PASSED] - Browser is closed]]></system-out>
         <system-err><![CDATA[]]></system-err>
      </testcase>
      <testcase name="Test Cases/verification hod/seller/property documents" classname="Test Cases/verification hod/seller/property documents" status="PASSED">
         <system-out><![CDATA[2019-04-26 15:24:12 - [TEST_CASE][PASSED] - Test Cases/verification hod/seller/property documents: Test Cases/verification hod/seller/property documents

2019-04-26 15:24:12 - [TEST_STEP][PASSED] - openBrowser(""): Browser is opened with url: ''

2019-04-26 15:24:12 - [MESSAGE][INFO] - Starting 'Chrome' driver

2019-04-26 15:24:14 - [MESSAGE][PASSED] - Browser is opened with url: ''

2019-04-26 15:24:14 - [TEST_STEP][PASSED] - navigateToUrl(url): Navigate to 'http://admin-chiragh.surge.sh' successfully

2019-04-26 15:24:21 - [MESSAGE][PASSED] - Navigate to 'http://admin-chiragh.surge.sh' successfully

2019-04-26 15:24:21 - [TEST_STEP][PASSED] - maximizeWindow(): Current window maximized

2019-04-26 15:24:22 - [MESSAGE][PASSED] - Current window maximized

2019-04-26 15:24:22 - [TEST_STEP][PASSED] - waitForPageLoad(8): Wait for page load successfully

2019-04-26 15:24:22 - [MESSAGE][PASSED] - Wait for page load successfully

2019-04-26 15:24:22 - [TEST_STEP][PASSED] - click(findTestObject("Object Repository/verification hod/property details present/Page_Chiragh.com Admin/form_Admin PanelUsernamePasswo")): Object: 'Object Repository/verification hod/property details present/Page_Chiragh.com Admin/form_Admin PanelUsernamePasswo' is clicked on

2019-04-26 15:24:22 - [MESSAGE][PASSED] - Object: 'Object Repository/verification hod/property details present/Page_Chiragh.com Admin/form_Admin PanelUsernamePasswo' is clicked on

2019-04-26 15:24:22 - [TEST_STEP][PASSED] - click(findTestObject("Object Repository/verification hod/property details present/Page_Chiragh.com Admin/div_Username")): Object: 'Object Repository/verification hod/property details present/Page_Chiragh.com Admin/div_Username' is clicked on

2019-04-26 15:24:23 - [MESSAGE][PASSED] - Object: 'Object Repository/verification hod/property details present/Page_Chiragh.com Admin/div_Username' is clicked on

2019-04-26 15:24:23 - [TEST_STEP][PASSED] - setText(findTestObject("Object Repository/verification hod/property details present/Page_Chiragh.com Admin/input_Admin Panel_userName"), "arsalankhalid"): Text 'arsalankhalid' is set on object 'Object Repository/verification hod/property details present/Page_Chiragh.com Admin/input_Admin Panel_userName'

2019-04-26 15:24:23 - [MESSAGE][PASSED] - Text 'arsalankhalid' is set on object 'Object Repository/verification hod/property details present/Page_Chiragh.com Admin/input_Admin Panel_userName'

2019-04-26 15:24:23 - [TEST_STEP][PASSED] - setEncryptedText(findTestObject("Object Repository/verification hod/property details present/Page_Chiragh.com Admin/input_Username_password"), "RigbBhfdqODKcAsiUrg+1Q=="): Text ****** has been set on object 'Object Repository/verification hod/property details present/Page_Chiragh.com Admin/input_Username_password'

2019-04-26 15:24:23 - [MESSAGE][PASSED] - Text ****** has been set on object 'Object Repository/verification hod/property details present/Page_Chiragh.com Admin/input_Username_password'

2019-04-26 15:24:23 - [TEST_STEP][PASSED] - click(findTestObject("Object Repository/verification hod/property details present/Page_Chiragh.com Admin/button_Login")): Object: 'Object Repository/verification hod/property details present/Page_Chiragh.com Admin/button_Login' is clicked on

2019-04-26 15:24:23 - [MESSAGE][PASSED] - Object: 'Object Repository/verification hod/property details present/Page_Chiragh.com Admin/button_Login' is clicked on

2019-04-26 15:24:23 - [TEST_STEP][PASSED] - click(findTestObject("Object Repository/verification hod/property details present/Page_Chiragh.com Admin/a_In Process")): Object: 'Object Repository/verification hod/property details present/Page_Chiragh.com Admin/a_In Process' is clicked on

2019-04-26 15:24:26 - [MESSAGE][PASSED] - Object: 'Object Repository/verification hod/property details present/Page_Chiragh.com Admin/a_In Process' is clicked on

2019-04-26 15:24:26 - [TEST_STEP][PASSED] - click(findTestObject("Object Repository/verification hod/property details present/Page_Chiragh.com Admin/a_Murazik Manors 6 Beds Villa")): Object: 'Object Repository/verification hod/property details present/Page_Chiragh.com Admin/a_Murazik Manors 6 Beds Villa' is clicked on

2019-04-26 15:24:29 - [MESSAGE][PASSED] - Object: 'Object Repository/verification hod/property details present/Page_Chiragh.com Admin/a_Murazik Manors 6 Beds Villa' is clicked on

2019-04-26 15:24:29 - [TEST_STEP][PASSED] - delay(5): Delayed 5 second(s)

2019-04-26 15:24:34 - [MESSAGE][PASSED] - Delayed 5 second(s)

2019-04-26 15:24:34 - [TEST_STEP][PASSED] - click(findTestObject("Object Repository/verification hod/property documents/Page_Chiragh.com Admin/div_Property Details")): Object: 'Object Repository/verification hod/property documents/Page_Chiragh.com Admin/div_Property Details' is clicked on

2019-04-26 15:24:34 - [MESSAGE][PASSED] - Object: 'Object Repository/verification hod/property documents/Page_Chiragh.com Admin/div_Property Details' is clicked on

2019-04-26 15:24:34 - [TEST_STEP][PASSED] - click(findTestObject("Object Repository/verification hod/property documents/Page_Chiragh.com Admin/a_Property Details_attachment-")): Object: 'Object Repository/verification hod/property documents/Page_Chiragh.com Admin/a_Property Details_attachment-' is clicked on

2019-04-26 15:24:34 - [MESSAGE][PASSED] - Object: 'Object Repository/verification hod/property documents/Page_Chiragh.com Admin/a_Property Details_attachment-' is clicked on

2019-04-26 15:24:34 - [TEST_STEP][PASSED] - verifyElementPresent(findTestObject("Object Repository/verification hod/property documents/Page_Chiragh.com Admin/div_Scanned Title Deed"), 4): Object 'Object Repository/verification hod/property documents/Page_Chiragh.com Admin/div_Scanned Title Deed' is present

2019-04-26 15:24:34 - [MESSAGE][PASSED] - Object 'Object Repository/verification hod/property documents/Page_Chiragh.com Admin/div_Scanned Title Deed' is present

2019-04-26 15:24:34 - [TEST_STEP][PASSED] - verifyElementPresent(findTestObject("Object Repository/verification hod/property documents/Page_Chiragh.com Admin/div_(Not Uploaded)_document-bo"), 4): Object 'Object Repository/verification hod/property documents/Page_Chiragh.com Admin/div_(Not Uploaded)_document-bo' is present

2019-04-26 15:24:34 - [MESSAGE][PASSED] - Object 'Object Repository/verification hod/property documents/Page_Chiragh.com Admin/div_(Not Uploaded)_document-bo' is present

2019-04-26 15:24:34 - [TEST_STEP][PASSED] - verifyElementPresent(findTestObject("Object Repository/verification hod/property documents/Page_Chiragh.com Admin/div_SPA Document"), 4): Object 'Object Repository/verification hod/property documents/Page_Chiragh.com Admin/div_SPA Document' is present

2019-04-26 15:24:34 - [MESSAGE][PASSED] - Object 'Object Repository/verification hod/property documents/Page_Chiragh.com Admin/div_SPA Document' is present

2019-04-26 15:24:34 - [TEST_STEP][PASSED] - closeBrowser(): Browser is closed

2019-04-26 15:24:35 - [MESSAGE][PASSED] - Browser is closed]]></system-out>
         <system-err><![CDATA[]]></system-err>
      </testcase>
      <testcase name="Test Cases/verification hod/seller/rental documents" classname="Test Cases/verification hod/seller/rental documents" status="PASSED">
         <system-out><![CDATA[2019-04-26 15:24:35 - [TEST_CASE][PASSED] - Test Cases/verification hod/seller/rental documents: Test Cases/verification hod/seller/rental documents

2019-04-26 15:24:35 - [TEST_STEP][PASSED] - openBrowser(""): Browser is opened with url: ''

2019-04-26 15:24:35 - [MESSAGE][INFO] - Starting 'Chrome' driver

2019-04-26 15:24:37 - [MESSAGE][PASSED] - Browser is opened with url: ''

2019-04-26 15:24:37 - [TEST_STEP][PASSED] - navigateToUrl(url): Navigate to 'http://admin-chiragh.surge.sh' successfully

2019-04-26 15:24:44 - [MESSAGE][PASSED] - Navigate to 'http://admin-chiragh.surge.sh' successfully

2019-04-26 15:24:44 - [TEST_STEP][PASSED] - maximizeWindow(): Current window maximized

2019-04-26 15:24:46 - [MESSAGE][PASSED] - Current window maximized

2019-04-26 15:24:46 - [TEST_STEP][PASSED] - waitForPageLoad(8): Wait for page load successfully

2019-04-26 15:24:46 - [MESSAGE][PASSED] - Wait for page load successfully

2019-04-26 15:24:46 - [TEST_STEP][PASSED] - click(findTestObject("Object Repository/verification hod/property details present/Page_Chiragh.com Admin/form_Admin PanelUsernamePasswo")): Object: 'Object Repository/verification hod/property details present/Page_Chiragh.com Admin/form_Admin PanelUsernamePasswo' is clicked on

2019-04-26 15:24:46 - [MESSAGE][PASSED] - Object: 'Object Repository/verification hod/property details present/Page_Chiragh.com Admin/form_Admin PanelUsernamePasswo' is clicked on

2019-04-26 15:24:46 - [TEST_STEP][PASSED] - click(findTestObject("Object Repository/verification hod/property details present/Page_Chiragh.com Admin/div_Username")): Object: 'Object Repository/verification hod/property details present/Page_Chiragh.com Admin/div_Username' is clicked on

2019-04-26 15:24:46 - [MESSAGE][PASSED] - Object: 'Object Repository/verification hod/property details present/Page_Chiragh.com Admin/div_Username' is clicked on

2019-04-26 15:24:46 - [TEST_STEP][PASSED] - setText(findTestObject("Object Repository/verification hod/property details present/Page_Chiragh.com Admin/input_Admin Panel_userName"), "arsalankhalid"): Text 'arsalankhalid' is set on object 'Object Repository/verification hod/property details present/Page_Chiragh.com Admin/input_Admin Panel_userName'

2019-04-26 15:24:46 - [MESSAGE][PASSED] - Text 'arsalankhalid' is set on object 'Object Repository/verification hod/property details present/Page_Chiragh.com Admin/input_Admin Panel_userName'

2019-04-26 15:24:46 - [TEST_STEP][PASSED] - setEncryptedText(findTestObject("Object Repository/verification hod/property details present/Page_Chiragh.com Admin/input_Username_password"), "RigbBhfdqODKcAsiUrg+1Q=="): Text ****** has been set on object 'Object Repository/verification hod/property details present/Page_Chiragh.com Admin/input_Username_password'

2019-04-26 15:24:46 - [MESSAGE][PASSED] - Text ****** has been set on object 'Object Repository/verification hod/property details present/Page_Chiragh.com Admin/input_Username_password'

2019-04-26 15:24:46 - [TEST_STEP][PASSED] - click(findTestObject("Object Repository/verification hod/property details present/Page_Chiragh.com Admin/button_Login")): Object: 'Object Repository/verification hod/property details present/Page_Chiragh.com Admin/button_Login' is clicked on

2019-04-26 15:24:46 - [MESSAGE][PASSED] - Object: 'Object Repository/verification hod/property details present/Page_Chiragh.com Admin/button_Login' is clicked on

2019-04-26 15:24:46 - [TEST_STEP][PASSED] - click(findTestObject("Object Repository/verification hod/property details present/Page_Chiragh.com Admin/a_In Process")): Object: 'Object Repository/verification hod/property details present/Page_Chiragh.com Admin/a_In Process' is clicked on

2019-04-26 15:24:49 - [MESSAGE][PASSED] - Object: 'Object Repository/verification hod/property details present/Page_Chiragh.com Admin/a_In Process' is clicked on

2019-04-26 15:24:49 - [TEST_STEP][PASSED] - click(findTestObject("Object Repository/verification hod/property details present/Page_Chiragh.com Admin/a_Murazik Manors 6 Beds Villa")): Object: 'Object Repository/verification hod/property details present/Page_Chiragh.com Admin/a_Murazik Manors 6 Beds Villa' is clicked on

2019-04-26 15:24:52 - [MESSAGE][PASSED] - Object: 'Object Repository/verification hod/property details present/Page_Chiragh.com Admin/a_Murazik Manors 6 Beds Villa' is clicked on

2019-04-26 15:24:52 - [TEST_STEP][PASSED] - delay(5): Delayed 5 second(s)

2019-04-26 15:24:57 - [MESSAGE][PASSED] - Delayed 5 second(s)

2019-04-26 15:24:57 - [TEST_STEP][PASSED] - doubleClick(findTestObject("Object Repository/verification hod/rental documents/Page_Chiragh.com Admin/div_Rental")): Object: 'Object Repository/verification hod/rental documents/Page_Chiragh.com Admin/div_Rental' is double clicked on

2019-04-26 15:24:57 - [MESSAGE][PASSED] - Object: 'Object Repository/verification hod/rental documents/Page_Chiragh.com Admin/div_Rental' is double clicked on

2019-04-26 15:24:57 - [TEST_STEP][PASSED] - if (verifyElementPresent(findTestObject("Object Repository/verification hod/rental documents/Page_Chiragh.com Admin/span_Yes"), 4)): Browser is closed

2019-04-26 15:24:57 - [MESSAGE][PASSED] - Object 'Object Repository/verification hod/rental documents/Page_Chiragh.com Admin/span_Yes' is present

2019-04-26 15:24:57 - [TEST_STEP][PASSED] - click(findTestObject("Object Repository/verification hod/rental documents/Page_Chiragh.com Admin/a_Property rental Details_atta")): Object: 'Object Repository/verification hod/rental documents/Page_Chiragh.com Admin/a_Property rental Details_atta' is clicked on

2019-04-26 15:24:57 - [MESSAGE][PASSED] - Object: 'Object Repository/verification hod/rental documents/Page_Chiragh.com Admin/a_Property rental Details_atta' is clicked on

2019-04-26 15:24:57 - [TEST_STEP][PASSED] - verifyElementPresent(findTestObject("Object Repository/verification hod/rental documents/Page_Chiragh.com Admin/img"), 4): Object 'Object Repository/verification hod/rental documents/Page_Chiragh.com Admin/img' is present

2019-04-26 15:24:57 - [MESSAGE][PASSED] - Object 'Object Repository/verification hod/rental documents/Page_Chiragh.com Admin/img' is present

2019-04-26 15:24:57 - [TEST_STEP][PASSED] - closeBrowser(): Browser is closed

2019-04-26 15:24:58 - [MESSAGE][PASSED] - Browser is closed]]></system-out>
         <system-err><![CDATA[]]></system-err>
      </testcase>
      <testcase name="Test Cases/verification hod/seller/request for change tab" classname="Test Cases/verification hod/seller/request for change tab" status="FAILED">
         <failure type="FAILED" message="Test Cases/verification hod/seller/request for change tab FAILED.
Reason:
com.kms.katalon.core.exception.StepFailedException: Unable to click on object 'Object Repository/verification hod/request for change/Page_Chiragh.com Admin/a_FIVE STAR HOTEL 30 Bed Hotel' (Root cause: com.kms.katalon.core.webui.exception.WebElementNotFoundException: Web element with id: 'Object Repository/verification hod/request for change/Page_Chiragh.com Admin/a_FIVE STAR HOTEL 30 Bed Hotel' located by 'By.xpath: //a[contains(text(),'FIVE STAR HOTEL, 30 Bed, Hotel')]' not found)
	at com.kms.katalon.core.keyword.internal.KeywordMain.stepFailed(KeywordMain.groovy:36)
	at com.kms.katalon.core.webui.keyword.internal.WebUIKeywordMain.stepFailed(WebUIKeywordMain.groovy:65)
	at com.kms.katalon.core.webui.keyword.internal.WebUIKeywordMain.runKeyword(WebUIKeywordMain.groovy:27)
	at com.kms.katalon.core.webui.keyword.builtin.ClickKeyword.click(ClickKeyword.groovy:86)
	at com.kms.katalon.core.webui.keyword.builtin.ClickKeyword.execute(ClickKeyword.groovy:67)
	at com.kms.katalon.core.keyword.internal.KeywordExecutor.executeKeywordForPlatform(KeywordExecutor.groovy:53)
	at com.kms.katalon.core.webui.keyword.WebUiBuiltInKeywords.click(WebUiBuiltInKeywords.groovy:616)
	at com.kms.katalon.core.webui.keyword.WebUiBuiltInKeywords$click$3.call(Unknown Source)
	at request for change tab.run(request for change tab:40)
	at com.kms.katalon.core.main.ScriptEngine.run(ScriptEngine.java:194)
	at com.kms.katalon.core.main.ScriptEngine.runScriptAsRawText(ScriptEngine.java:119)
	at com.kms.katalon.core.main.TestCaseExecutor.runScript(TestCaseExecutor.java:328)
	at com.kms.katalon.core.main.TestCaseExecutor.doExecute(TestCaseExecutor.java:319)
	at com.kms.katalon.core.main.TestCaseExecutor.processExecutionPhase(TestCaseExecutor.java:298)
	at com.kms.katalon.core.main.TestCaseExecutor.accessMainPhase(TestCaseExecutor.java:290)
	at com.kms.katalon.core.main.TestCaseExecutor.execute(TestCaseExecutor.java:224)
	at com.kms.katalon.core.main.TestSuiteExecutor.accessTestCaseMainPhase(TestSuiteExecutor.java:129)
	at com.kms.katalon.core.main.TestSuiteExecutor.accessTestSuiteMainPhase(TestSuiteExecutor.java:112)
	at com.kms.katalon.core.main.TestSuiteExecutor.execute(TestSuiteExecutor.java:81)
	at com.kms.katalon.core.main.TestCaseMain.startTestSuite(TestCaseMain.java:149)
	at com.kms.katalon.core.main.TestCaseMain$startTestSuite$0.call(Unknown Source)
	at TempTestSuite1556273802009.run(TempTestSuite1556273802009.groovy:36)
"/>
         <system-out><![CDATA[2019-04-26 15:24:58 - [TEST_CASE][FAILED] - Test Cases/verification hod/seller/request for change tab: Test Cases/verification hod/seller/request for change tab FAILED.
Reason:
com.kms.katalon.core.exception.StepFailedException: Unable to click on object 'Object Repository/verification hod/request for change/Page_Chiragh.com Admin/a_FIVE STAR HOTEL 30 Bed Hotel' (Root cause: com.kms.katalon.core.webui.exception.WebElementNotFoundException: Web element with id: 'Object Repository/verification hod/request for change/Page_Chiragh.com Admin/a_FIVE STAR HOTEL 30 Bed Hotel' located by 'By.xpath: //a[contains(text(),'FIVE STAR HOTEL, 30 Bed, Hotel')]' not found)
	at com.kms.katalon.core.keyword.internal.KeywordMain.stepFailed(KeywordMain.groovy:36)
	at com.kms.katalon.core.webui.keyword.internal.WebUIKeywordMain.stepFailed(WebUIKeywordMain.groovy:65)
	at com.kms.katalon.core.webui.keyword.internal.WebUIKeywordMain.runKeyword(WebUIKeywordMain.groovy:27)
	at com.kms.katalon.core.webui.keyword.builtin.ClickKeyword.click(ClickKeyword.groovy:86)
	at com.kms.katalon.core.webui.keyword.builtin.ClickKeyword.execute(ClickKeyword.groovy:67)
	at com.kms.katalon.core.keyword.internal.KeywordExecutor.executeKeywordForPlatform(KeywordExecutor.groovy:53)
	at com.kms.katalon.core.webui.keyword.WebUiBuiltInKeywords.click(WebUiBuiltInKeywords.groovy:616)
	at com.kms.katalon.core.webui.keyword.WebUiBuiltInKeywords$click$3.call(Unknown Source)
	at request for change tab.run(request for change tab:40)
	at com.kms.katalon.core.main.ScriptEngine.run(ScriptEngine.java:194)
	at com.kms.katalon.core.main.ScriptEngine.runScriptAsRawText(ScriptEngine.java:119)
	at com.kms.katalon.core.main.TestCaseExecutor.runScript(TestCaseExecutor.java:328)
	at com.kms.katalon.core.main.TestCaseExecutor.doExecute(TestCaseExecutor.java:319)
	at com.kms.katalon.core.main.TestCaseExecutor.processExecutionPhase(TestCaseExecutor.java:298)
	at com.kms.katalon.core.main.TestCaseExecutor.accessMainPhase(TestCaseExecutor.java:290)
	at com.kms.katalon.core.main.TestCaseExecutor.execute(TestCaseExecutor.java:224)
	at com.kms.katalon.core.main.TestSuiteExecutor.accessTestCaseMainPhase(TestSuiteExecutor.java:129)
	at com.kms.katalon.core.main.TestSuiteExecutor.accessTestSuiteMainPhase(TestSuiteExecutor.java:112)
	at com.kms.katalon.core.main.TestSuiteExecutor.execute(TestSuiteExecutor.java:81)
	at com.kms.katalon.core.main.TestCaseMain.startTestSuite(TestCaseMain.java:149)
	at com.kms.katalon.core.main.TestCaseMain$startTestSuite$0.call(Unknown Source)
	at TempTestSuite1556273802009.run(TempTestSuite1556273802009.groovy:36)


2019-04-26 15:24:58 - [TEST_STEP][PASSED] - openBrowser(""): Browser is opened with url: ''

2019-04-26 15:24:58 - [MESSAGE][INFO] - Starting 'Chrome' driver

2019-04-26 15:25:00 - [MESSAGE][PASSED] - Browser is opened with url: ''

2019-04-26 15:25:00 - [TEST_STEP][PASSED] - navigateToUrl(url): Navigate to 'http://admin-chiragh.surge.sh' successfully

2019-04-26 15:25:07 - [MESSAGE][PASSED] - Navigate to 'http://admin-chiragh.surge.sh' successfully

2019-04-26 15:25:07 - [TEST_STEP][PASSED] - maximizeWindow(): Current window maximized

2019-04-26 15:25:08 - [MESSAGE][PASSED] - Current window maximized

2019-04-26 15:25:08 - [TEST_STEP][PASSED] - waitForPageLoad(8): Wait for page load successfully

2019-04-26 15:25:08 - [MESSAGE][PASSED] - Wait for page load successfully

2019-04-26 15:25:08 - [TEST_STEP][PASSED] - click(findTestObject("Object Repository/verification hod/request for change/Page_Chiragh.com Admin/div_Username")): Object: 'Object Repository/verification hod/request for change/Page_Chiragh.com Admin/div_Username' is clicked on

2019-04-26 15:25:09 - [MESSAGE][PASSED] - Object: 'Object Repository/verification hod/request for change/Page_Chiragh.com Admin/div_Username' is clicked on

2019-04-26 15:25:09 - [TEST_STEP][PASSED] - setText(findTestObject("Object Repository/verification hod/request for change/Page_Chiragh.com Admin/input_Admin Panel_userName"), "arsalankhalid"): Text 'arsalankhalid' is set on object 'Object Repository/verification hod/request for change/Page_Chiragh.com Admin/input_Admin Panel_userName'

2019-04-26 15:25:09 - [MESSAGE][PASSED] - Text 'arsalankhalid' is set on object 'Object Repository/verification hod/request for change/Page_Chiragh.com Admin/input_Admin Panel_userName'

2019-04-26 15:25:09 - [TEST_STEP][PASSED] - click(findTestObject("Object Repository/verification hod/request for change/Page_Chiragh.com Admin/div_Password")): Object: 'Object Repository/verification hod/request for change/Page_Chiragh.com Admin/div_Password' is clicked on

2019-04-26 15:25:09 - [MESSAGE][PASSED] - Object: 'Object Repository/verification hod/request for change/Page_Chiragh.com Admin/div_Password' is clicked on

2019-04-26 15:25:09 - [TEST_STEP][PASSED] - setEncryptedText(findTestObject("Object Repository/verification hod/request for change/Page_Chiragh.com Admin/input_Username_password"), "RigbBhfdqODKcAsiUrg+1Q=="): Text ****** has been set on object 'Object Repository/verification hod/request for change/Page_Chiragh.com Admin/input_Username_password'

2019-04-26 15:25:09 - [MESSAGE][PASSED] - Text ****** has been set on object 'Object Repository/verification hod/request for change/Page_Chiragh.com Admin/input_Username_password'

2019-04-26 15:25:09 - [TEST_STEP][PASSED] - click(findTestObject("Object Repository/verification hod/request for change/Page_Chiragh.com Admin/button_Login")): Object: 'Object Repository/verification hod/request for change/Page_Chiragh.com Admin/button_Login' is clicked on

2019-04-26 15:25:09 - [MESSAGE][PASSED] - Object: 'Object Repository/verification hod/request for change/Page_Chiragh.com Admin/button_Login' is clicked on

2019-04-26 15:25:09 - [TEST_STEP][PASSED] - click(findTestObject("Object Repository/verification hod/request for change/Page_Chiragh.com Admin/a_Request for Change")): Object: 'Object Repository/verification hod/request for change/Page_Chiragh.com Admin/a_Request for Change' is clicked on

2019-04-26 15:25:12 - [MESSAGE][PASSED] - Object: 'Object Repository/verification hod/request for change/Page_Chiragh.com Admin/a_Request for Change' is clicked on

2019-04-26 15:25:12 - [TEST_STEP][PASSED] - delay(8): Delayed 8 second(s)

2019-04-26 15:25:20 - [MESSAGE][PASSED] - Delayed 8 second(s)

2019-04-26 15:25:20 - [TEST_STEP][FAILED] - click(findTestObject("Object Repository/verification hod/request for change/Page_Chiragh.com Admin/a_FIVE STAR HOTEL 30 Bed Hotel")): click(findTestObject("Object Repository/verification hod/request for change/Page_Chiragh.com Admin/a_FIVE STAR HOTEL 30 Bed Hotel")) FAILED.
Reason:
com.kms.katalon.core.exception.StepFailedException: Unable to click on object 'Object Repository/verification hod/request for change/Page_Chiragh.com Admin/a_FIVE STAR HOTEL 30 Bed Hotel' (Root cause: com.kms.katalon.core.webui.exception.WebElementNotFoundException: Web element with id: 'Object Repository/verification hod/request for change/Page_Chiragh.com Admin/a_FIVE STAR HOTEL 30 Bed Hotel' located by 'By.xpath: //a[contains(text(),'FIVE STAR HOTEL, 30 Bed, Hotel')]' not found)
	at com.kms.katalon.core.keyword.internal.KeywordMain.stepFailed(KeywordMain.groovy:36)
	at com.kms.katalon.core.webui.keyword.internal.WebUIKeywordMain.stepFailed(WebUIKeywordMain.groovy:65)
	at com.kms.katalon.core.webui.keyword.internal.WebUIKeywordMain.runKeyword(WebUIKeywordMain.groovy:27)
	at com.kms.katalon.core.webui.keyword.builtin.ClickKeyword.click(ClickKeyword.groovy:86)
	at com.kms.katalon.core.webui.keyword.builtin.ClickKeyword.execute(ClickKeyword.groovy:67)
	at com.kms.katalon.core.keyword.internal.KeywordExecutor.executeKeywordForPlatform(KeywordExecutor.groovy:53)
	at com.kms.katalon.core.webui.keyword.WebUiBuiltInKeywords.click(WebUiBuiltInKeywords.groovy:616)
	at com.kms.katalon.core.webui.keyword.WebUiBuiltInKeywords$click$3.call(Unknown Source)
	at request for change tab.run(request for change tab:40)
	at com.kms.katalon.core.main.ScriptEngine.run(ScriptEngine.java:194)
	at com.kms.katalon.core.main.ScriptEngine.runScriptAsRawText(ScriptEngine.java:119)
	at com.kms.katalon.core.main.TestCaseExecutor.runScript(TestCaseExecutor.java:328)
	at com.kms.katalon.core.main.TestCaseExecutor.doExecute(TestCaseExecutor.java:319)
	at com.kms.katalon.core.main.TestCaseExecutor.processExecutionPhase(TestCaseExecutor.java:298)
	at com.kms.katalon.core.main.TestCaseExecutor.accessMainPhase(TestCaseExecutor.java:290)
	at com.kms.katalon.core.main.TestCaseExecutor.execute(TestCaseExecutor.java:224)
	at com.kms.katalon.core.main.TestSuiteExecutor.accessTestCaseMainPhase(TestSuiteExecutor.java:129)
	at com.kms.katalon.core.main.TestSuiteExecutor.accessTestSuiteMainPhase(TestSuiteExecutor.java:112)
	at com.kms.katalon.core.main.TestSuiteExecutor.execute(TestSuiteExecutor.java:81)
	at com.kms.katalon.core.main.TestCaseMain.startTestSuite(TestCaseMain.java:149)
	at com.kms.katalon.core.main.TestCaseMain$startTestSuite$0.call(Unknown Source)
	at TempTestSuite1556273802009.run(TempTestSuite1556273802009.groovy:36)


2019-04-26 15:25:51 - [MESSAGE][INFO] - Unable to find the element located by 'By.xpath: //a[contains(text(),'FIVE STAR HOTEL, 30 Bed, Hotel')]'. Please recheck the objects properties to make sure the desired element is located. 

2019-04-26 15:25:51 - [MESSAGE][FAILED] - Unable to click on object 'Object Repository/verification hod/request for change/Page_Chiragh.com Admin/a_FIVE STAR HOTEL 30 Bed Hotel' (Root cause: com.kms.katalon.core.webui.exception.WebElementNotFoundException: Web element with id: 'Object Repository/verification hod/request for change/Page_Chiragh.com Admin/a_FIVE STAR HOTEL 30 Bed Hotel' located by 'By.xpath: //a[contains(text(),'FIVE STAR HOTEL, 30 Bed, Hotel')]' not found)
[[ATTACHMENT|C:\\Users\\HP\\git\\chiraghAdminPanel\\Reports\\verificationHod\\20190426_151641\\1556274351581.png]]

2019-04-26 15:25:51 - [MESSAGE][FAILED] - click(findTestObject("Object Repository/verification hod/request for change/Page_Chiragh.com Admin/a_FIVE STAR HOTEL 30 Bed Hotel")) FAILED.
Reason:
com.kms.katalon.core.exception.StepFailedException: Unable to click on object 'Object Repository/verification hod/request for change/Page_Chiragh.com Admin/a_FIVE STAR HOTEL 30 Bed Hotel' (Root cause: com.kms.katalon.core.webui.exception.WebElementNotFoundException: Web element with id: 'Object Repository/verification hod/request for change/Page_Chiragh.com Admin/a_FIVE STAR HOTEL 30 Bed Hotel' located by 'By.xpath: //a[contains(text(),'FIVE STAR HOTEL, 30 Bed, Hotel')]' not found)
	at com.kms.katalon.core.keyword.internal.KeywordMain.stepFailed(KeywordMain.groovy:36)
	at com.kms.katalon.core.webui.keyword.internal.WebUIKeywordMain.stepFailed(WebUIKeywordMain.groovy:65)
	at com.kms.katalon.core.webui.keyword.internal.WebUIKeywordMain.runKeyword(WebUIKeywordMain.groovy:27)
	at com.kms.katalon.core.webui.keyword.builtin.ClickKeyword.click(ClickKeyword.groovy:86)
	at com.kms.katalon.core.webui.keyword.builtin.ClickKeyword.execute(ClickKeyword.groovy:67)
	at com.kms.katalon.core.keyword.internal.KeywordExecutor.executeKeywordForPlatform(KeywordExecutor.groovy:53)
	at com.kms.katalon.core.webui.keyword.WebUiBuiltInKeywords.click(WebUiBuiltInKeywords.groovy:616)
	at com.kms.katalon.core.webui.keyword.WebUiBuiltInKeywords$click$3.call(Unknown Source)
	at request for change tab.run(request for change tab:40)
	at com.kms.katalon.core.main.ScriptEngine.run(ScriptEngine.java:194)
	at com.kms.katalon.core.main.ScriptEngine.runScriptAsRawText(ScriptEngine.java:119)
	at com.kms.katalon.core.main.TestCaseExecutor.runScript(TestCaseExecutor.java:328)
	at com.kms.katalon.core.main.TestCaseExecutor.doExecute(TestCaseExecutor.java:319)
	at com.kms.katalon.core.main.TestCaseExecutor.processExecutionPhase(TestCaseExecutor.java:298)
	at com.kms.katalon.core.main.TestCaseExecutor.accessMainPhase(TestCaseExecutor.java:290)
	at com.kms.katalon.core.main.TestCaseExecutor.execute(TestCaseExecutor.java:224)
	at com.kms.katalon.core.main.TestSuiteExecutor.accessTestCaseMainPhase(TestSuiteExecutor.java:129)
	at com.kms.katalon.core.main.TestSuiteExecutor.accessTestSuiteMainPhase(TestSuiteExecutor.java:112)
	at com.kms.katalon.core.main.TestSuiteExecutor.execute(TestSuiteExecutor.java:81)
	at com.kms.katalon.core.main.TestCaseMain.startTestSuite(TestCaseMain.java:149)
	at com.kms.katalon.core.main.TestCaseMain$startTestSuite$0.call(Unknown Source)
	at TempTestSuite1556273802009.run(TempTestSuite1556273802009.groovy:36)]]></system-out>
         <system-err><![CDATA[2019-04-26 15:24:58 - [TEST_CASE][FAILED] - Test Cases/verification hod/seller/request for change tab: Test Cases/verification hod/seller/request for change tab FAILED.
Reason:
com.kms.katalon.core.exception.StepFailedException: Unable to click on object 'Object Repository/verification hod/request for change/Page_Chiragh.com Admin/a_FIVE STAR HOTEL 30 Bed Hotel' (Root cause: com.kms.katalon.core.webui.exception.WebElementNotFoundException: Web element with id: 'Object Repository/verification hod/request for change/Page_Chiragh.com Admin/a_FIVE STAR HOTEL 30 Bed Hotel' located by 'By.xpath: //a[contains(text(),'FIVE STAR HOTEL, 30 Bed, Hotel')]' not found)
	at com.kms.katalon.core.keyword.internal.KeywordMain.stepFailed(KeywordMain.groovy:36)
	at com.kms.katalon.core.webui.keyword.internal.WebUIKeywordMain.stepFailed(WebUIKeywordMain.groovy:65)
	at com.kms.katalon.core.webui.keyword.internal.WebUIKeywordMain.runKeyword(WebUIKeywordMain.groovy:27)
	at com.kms.katalon.core.webui.keyword.builtin.ClickKeyword.click(ClickKeyword.groovy:86)
	at com.kms.katalon.core.webui.keyword.builtin.ClickKeyword.execute(ClickKeyword.groovy:67)
	at com.kms.katalon.core.keyword.internal.KeywordExecutor.executeKeywordForPlatform(KeywordExecutor.groovy:53)
	at com.kms.katalon.core.webui.keyword.WebUiBuiltInKeywords.click(WebUiBuiltInKeywords.groovy:616)
	at com.kms.katalon.core.webui.keyword.WebUiBuiltInKeywords$click$3.call(Unknown Source)
	at request for change tab.run(request for change tab:40)
	at com.kms.katalon.core.main.ScriptEngine.run(ScriptEngine.java:194)
	at com.kms.katalon.core.main.ScriptEngine.runScriptAsRawText(ScriptEngine.java:119)
	at com.kms.katalon.core.main.TestCaseExecutor.runScript(TestCaseExecutor.java:328)
	at com.kms.katalon.core.main.TestCaseExecutor.doExecute(TestCaseExecutor.java:319)
	at com.kms.katalon.core.main.TestCaseExecutor.processExecutionPhase(TestCaseExecutor.java:298)
	at com.kms.katalon.core.main.TestCaseExecutor.accessMainPhase(TestCaseExecutor.java:290)
	at com.kms.katalon.core.main.TestCaseExecutor.execute(TestCaseExecutor.java:224)
	at com.kms.katalon.core.main.TestSuiteExecutor.accessTestCaseMainPhase(TestSuiteExecutor.java:129)
	at com.kms.katalon.core.main.TestSuiteExecutor.accessTestSuiteMainPhase(TestSuiteExecutor.java:112)
	at com.kms.katalon.core.main.TestSuiteExecutor.execute(TestSuiteExecutor.java:81)
	at com.kms.katalon.core.main.TestCaseMain.startTestSuite(TestCaseMain.java:149)
	at com.kms.katalon.core.main.TestCaseMain$startTestSuite$0.call(Unknown Source)
	at TempTestSuite1556273802009.run(TempTestSuite1556273802009.groovy:36)]]></system-err>
      </testcase>
      <system-out><![CDATA[2019-04-26 15:16:49 - [TEST_SUITE][FAILED] - verificationHod: Test Cases/verification hod/buyer/owner documents FAILED.
Reason:
com.kms.katalon.core.exception.StepFailedException: Unable to click on object 'Object Repository/verification hod/owner document/Page_Chiragh.com Admin/a_Owner 1 Bradley Jena_attachm' (Root cause: com.kms.katalon.core.webui.exception.WebElementNotFoundException: Web element with id: 'Object Repository/verification hod/owner document/Page_Chiragh.com Admin/a_Owner 1 Bradley Jena_attachm' located by 'By.xpath: //mat-tab-body[@id='mat-tab-content-0-0']/div/app-owners/div/div/div/div/div/a' not found)
	at com.kms.katalon.core.keyword.internal.KeywordMain.stepFailed(KeywordMain.groovy:36)
	at com.kms.katalon.core.webui.keyword.internal.WebUIKeywordMain.stepFailed(WebUIKeywordMain.groovy:65)
	at com.kms.katalon.core.webui.keyword.internal.WebUIKeywordMain.runKeyword(WebUIKeywordMain.groovy:27)
	at com.kms.katalon.core.webui.keyword.builtin.ClickKeyword.click(ClickKeyword.groovy:86)
	at com.kms.katalon.core.webui.keyword.builtin.ClickKeyword.execute(ClickKeyword.groovy:67)
	at com.kms.katalon.core.keyword.internal.KeywordExecutor.executeKeywordForPlatform(KeywordExecutor.groovy:53)
	at com.kms.katalon.core.webui.keyword.WebUiBuiltInKeywords.click(WebUiBuiltInKeywords.groovy:616)
	at com.kms.katalon.core.webui.keyword.WebUiBuiltInKeywords$click$3.call(Unknown Source)
	at owner documents.run(owner documents:52)
	at com.kms.katalon.core.main.ScriptEngine.run(ScriptEngine.java:194)
	at com.kms.katalon.core.main.ScriptEngine.runScriptAsRawText(ScriptEngine.java:119)
	at com.kms.katalon.core.main.TestCaseExecutor.runScript(TestCaseExecutor.java:328)
	at com.kms.katalon.core.main.TestCaseExecutor.doExecute(TestCaseExecutor.java:319)
	at com.kms.katalon.core.main.TestCaseExecutor.processExecutionPhase(TestCaseExecutor.java:298)
	at com.kms.katalon.core.main.TestCaseExecutor.accessMainPhase(TestCaseExecutor.java:290)
	at com.kms.katalon.core.main.TestCaseExecutor.execute(TestCaseExecutor.java:224)
	at com.kms.katalon.core.main.TestSuiteExecutor.accessTestCaseMainPhase(TestSuiteExecutor.java:129)
	at com.kms.katalon.core.main.TestSuiteExecutor.accessTestSuiteMainPhase(TestSuiteExecutor.java:112)
	at com.kms.katalon.core.main.TestSuiteExecutor.execute(TestSuiteExecutor.java:81)
	at com.kms.katalon.core.main.TestCaseMain.startTestSuite(TestCaseMain.java:149)
	at com.kms.katalon.core.main.TestCaseMain$startTestSuite$0.call(Unknown Source)
	at TempTestSuite1556273802009.run(TempTestSuite1556273802009.groovy:36)]]></system-out>
      <system-err><![CDATA[2019-04-26 15:16:49 - [TEST_SUITE][FAILED] - verificationHod: Test Cases/verification hod/buyer/owner documents FAILED.
Reason:
com.kms.katalon.core.exception.StepFailedException: Unable to click on object 'Object Repository/verification hod/owner document/Page_Chiragh.com Admin/a_Owner 1 Bradley Jena_attachm' (Root cause: com.kms.katalon.core.webui.exception.WebElementNotFoundException: Web element with id: 'Object Repository/verification hod/owner document/Page_Chiragh.com Admin/a_Owner 1 Bradley Jena_attachm' located by 'By.xpath: //mat-tab-body[@id='mat-tab-content-0-0']/div/app-owners/div/div/div/div/div/a' not found)
	at com.kms.katalon.core.keyword.internal.KeywordMain.stepFailed(KeywordMain.groovy:36)
	at com.kms.katalon.core.webui.keyword.internal.WebUIKeywordMain.stepFailed(WebUIKeywordMain.groovy:65)
	at com.kms.katalon.core.webui.keyword.internal.WebUIKeywordMain.runKeyword(WebUIKeywordMain.groovy:27)
	at com.kms.katalon.core.webui.keyword.builtin.ClickKeyword.click(ClickKeyword.groovy:86)
	at com.kms.katalon.core.webui.keyword.builtin.ClickKeyword.execute(ClickKeyword.groovy:67)
	at com.kms.katalon.core.keyword.internal.KeywordExecutor.executeKeywordForPlatform(KeywordExecutor.groovy:53)
	at com.kms.katalon.core.webui.keyword.WebUiBuiltInKeywords.click(WebUiBuiltInKeywords.groovy:616)
	at com.kms.katalon.core.webui.keyword.WebUiBuiltInKeywords$click$3.call(Unknown Source)
	at owner documents.run(owner documents:52)
	at com.kms.katalon.core.main.ScriptEngine.run(ScriptEngine.java:194)
	at com.kms.katalon.core.main.ScriptEngine.runScriptAsRawText(ScriptEngine.java:119)
	at com.kms.katalon.core.main.TestCaseExecutor.runScript(TestCaseExecutor.java:328)
	at com.kms.katalon.core.main.TestCaseExecutor.doExecute(TestCaseExecutor.java:319)
	at com.kms.katalon.core.main.TestCaseExecutor.processExecutionPhase(TestCaseExecutor.java:298)
	at com.kms.katalon.core.main.TestCaseExecutor.accessMainPhase(TestCaseExecutor.java:290)
	at com.kms.katalon.core.main.TestCaseExecutor.execute(TestCaseExecutor.java:224)
	at com.kms.katalon.core.main.TestSuiteExecutor.accessTestCaseMainPhase(TestSuiteExecutor.java:129)
	at com.kms.katalon.core.main.TestSuiteExecutor.accessTestSuiteMainPhase(TestSuiteExecutor.java:112)
	at com.kms.katalon.core.main.TestSuiteExecutor.execute(TestSuiteExecutor.java:81)
	at com.kms.katalon.core.main.TestCaseMain.startTestSuite(TestCaseMain.java:149)
	at com.kms.katalon.core.main.TestCaseMain$startTestSuite$0.call(Unknown Source)
	at TempTestSuite1556273802009.run(TempTestSuite1556273802009.groovy:36)]]></system-err>
   </testsuite>
</testsuites>
