<?xml version="1.0" encoding="UTF-8"?>
<testsuites name="verificationHod" time="619" tests="13" failures="5" errors="0">
   <testsuite name="verificationHod" tests="13" failures="5" errors="0" time="619" timestamp="2019-04-17 16:02:59" hostname="HP - DESKTOP-2D7LI1O" id="Test Suites/verificationHod">
      <properties>
         <property name="deviceName" value=""/>
         <property name="devicePlatform" value=""/>
         <property name="logFolder" value="C:\\Users\\HP\\git\\chiraghAdminPanel\\Reports\\verificationHod\\20190417_160250"/>
         <property name="logFiles" value="C:\\Users\\HP\\git\\chiraghAdminPanel\\Reports\\verificationHod\\20190417_160250\\execution0.log"/>
         <property name="attachments" value="C:\\Users\\HP\\git\\chiraghAdminPanel\\Reports\\verificationHod\\20190417_160250\\1555499196763.png, C:\\Users\\HP\\git\\chiraghAdminPanel\\Reports\\verificationHod\\20190417_160250\\1555499239135.png, C:\\Users\\HP\\git\\chiraghAdminPanel\\Reports\\verificationHod\\20190417_160250\\1555499239566.png, C:\\Users\\HP\\git\\chiraghAdminPanel\\Reports\\verificationHod\\20190417_160250\\1555499388120.png, C:\\Users\\HP\\git\\chiraghAdminPanel\\Reports\\verificationHod\\20190417_160250\\1555499470233.png, C:\\Users\\HP\\git\\chiraghAdminPanel\\Reports\\verificationHod\\20190417_160250\\1555499470629.png, C:\\Users\\HP\\git\\chiraghAdminPanel\\Reports\\verificationHod\\20190417_160250\\1555499568536.png, C:\\Users\\HP\\git\\chiraghAdminPanel\\Reports\\verificationHod\\20190417_160250\\1555499568900.png"/>
         <property name="hostName" value="HP - DESKTOP-2D7LI1O"/>
         <property name="os" value="Windows 10 64bit"/>
         <property name="katalonVersion" value="5.10.1.1"/>
         <property name="browser" value="Chrome 73.0.3683.103"/>
         <property name="hostAddress" value="192.168.0.163"/>
         <property name="sessionId" value="2e098f665856e319186a6702f4037056"/>
         <property name="seleniumVersion" value="3.7.1"/>
         <property name="proxyInformation" value="ProxyInformation{proxyOption=NO_PROXY, proxyServerType=HTTP, password=, proxyServerAddress=, proxyServerPort=0}"/>
         <property name="platform" value="Windows 10"/>
      </properties>
      <testcase name="Test Cases/verification hod/buyer/approved" classname="Test Cases/verification hod/buyer/approved" status="PASSED">
         <system-out><![CDATA[2019-04-17 16:02:59 - [TEST_CASE][PASSED] - Test Cases/verification hod/buyer/approved: Test Cases/verification hod/buyer/approved

2019-04-17 16:03:00 - [TEST_STEP][PASSED] - openBrowser(""): Browser is opened with url: ''

2019-04-17 16:03:01 - [MESSAGE][INFO] - Starting 'Chrome' driver

2019-04-17 16:03:01 - [MESSAGE][INFO] - Action delay is set to 0 seconds

2019-04-17 16:03:06 - [MESSAGE][PASSED] - Browser is opened with url: ''

2019-04-17 16:03:06 - [TEST_STEP][PASSED] - navigateToUrl("http://admin-chiragh.surge.sh/"): Navigate to 'http://admin-chiragh.surge.sh/' successfully

2019-04-17 16:03:17 - [MESSAGE][PASSED] - Navigate to 'http://admin-chiragh.surge.sh/' successfully

2019-04-17 16:03:17 - [TEST_STEP][PASSED] - maximizeWindow(): Current window maximized

2019-04-17 16:03:18 - [MESSAGE][PASSED] - Current window maximized

2019-04-17 16:03:18 - [TEST_STEP][PASSED] - waitForPageLoad(8): Wait for page load successfully

2019-04-17 16:03:18 - [MESSAGE][PASSED] - Wait for page load successfully

2019-04-17 16:03:18 - [TEST_STEP][PASSED] - click(findTestObject("Object Repository/verification hod/approved leads tab/Page_Chiragh.com Admin/div_Username")): Object: 'Object Repository/verification hod/approved leads tab/Page_Chiragh.com Admin/div_Username' is clicked on

2019-04-17 16:03:18 - [MESSAGE][PASSED] - Object: 'Object Repository/verification hod/approved leads tab/Page_Chiragh.com Admin/div_Username' is clicked on

2019-04-17 16:03:18 - [TEST_STEP][PASSED] - setText(findTestObject("Object Repository/verification hod/approved leads tab/Page_Chiragh.com Admin/input_Admin Panel_userName"), "arsalankhalid"): Text 'arsalankhalid' is set on object 'Object Repository/verification hod/approved leads tab/Page_Chiragh.com Admin/input_Admin Panel_userName'

2019-04-17 16:03:19 - [MESSAGE][PASSED] - Text 'arsalankhalid' is set on object 'Object Repository/verification hod/approved leads tab/Page_Chiragh.com Admin/input_Admin Panel_userName'

2019-04-17 16:03:19 - [TEST_STEP][PASSED] - setEncryptedText(findTestObject("Object Repository/verification hod/approved leads tab/Page_Chiragh.com Admin/input_Username_password"), "RigbBhfdqODKcAsiUrg+1Q=="): Text ****** has been set on object 'Object Repository/verification hod/approved leads tab/Page_Chiragh.com Admin/input_Username_password'

2019-04-17 16:03:19 - [MESSAGE][PASSED] - Text ****** has been set on object 'Object Repository/verification hod/approved leads tab/Page_Chiragh.com Admin/input_Username_password'

2019-04-17 16:03:19 - [TEST_STEP][PASSED] - click(findTestObject("Object Repository/verification hod/approved leads tab/Page_Chiragh.com Admin/button_Login")): Object: 'Object Repository/verification hod/approved leads tab/Page_Chiragh.com Admin/button_Login' is clicked on

2019-04-17 16:03:19 - [MESSAGE][PASSED] - Object: 'Object Repository/verification hod/approved leads tab/Page_Chiragh.com Admin/button_Login' is clicked on

2019-04-17 16:03:19 - [TEST_STEP][PASSED] - click(findTestObject("Object Repository/verification hod/buyer/Page_Chiragh.com Admin/a_Buyer")): Object: 'Object Repository/verification hod/buyer/Page_Chiragh.com Admin/a_Buyer' is clicked on

2019-04-17 16:03:23 - [MESSAGE][PASSED] - Object: 'Object Repository/verification hod/buyer/Page_Chiragh.com Admin/a_Buyer' is clicked on

2019-04-17 16:03:23 - [TEST_STEP][PASSED] - delay(5): Delayed 5 second(s)

2019-04-17 16:03:28 - [MESSAGE][PASSED] - Delayed 5 second(s)

2019-04-17 16:03:28 - [TEST_STEP][PASSED] - click(findTestObject("Object Repository/verification hod/approved leads tab/Page_Chiragh.com Admin/a_Approved Leads")): Object: 'Object Repository/verification hod/approved leads tab/Page_Chiragh.com Admin/a_Approved Leads' is clicked on

2019-04-17 16:03:29 - [MESSAGE][PASSED] - Object: 'Object Repository/verification hod/approved leads tab/Page_Chiragh.com Admin/a_Approved Leads' is clicked on

2019-04-17 16:03:29 - [TEST_STEP][PASSED] - delay(15): Delayed 15 second(s)

2019-04-17 16:03:44 - [MESSAGE][PASSED] - Delayed 15 second(s)

2019-04-17 16:03:44 - [TEST_STEP][PASSED] - if (verifyElementPresent(findTestObject("Object Repository/verification hod/approved leads tab/Page_Chiragh.com Admin/th_Assignee"), 4) && verifyElementPresent(findTestObject("Object Repository/verification hod/approved leads tab/Page_Chiragh.com Admin/span_Approved"), 4)): Browser is closed

2019-04-17 16:03:44 - [MESSAGE][PASSED] - Object 'Object Repository/verification hod/approved leads tab/Page_Chiragh.com Admin/th_Assignee' is present

2019-04-17 16:03:44 - [MESSAGE][PASSED] - Object 'Object Repository/verification hod/approved leads tab/Page_Chiragh.com Admin/span_Approved' is present

2019-04-17 16:03:44 - [TEST_STEP][PASSED] - closeBrowser(): Browser is closed

2019-04-17 16:03:45 - [MESSAGE][PASSED] - Browser is closed]]></system-out>
         <system-err><![CDATA[]]></system-err>
      </testcase>
      <testcase name="Test Cases/verification hod/buyer/archived" classname="Test Cases/verification hod/buyer/archived" status="PASSED">
         <system-out><![CDATA[2019-04-17 16:03:45 - [TEST_CASE][PASSED] - Test Cases/verification hod/buyer/archived: Test Cases/verification hod/buyer/archived

2019-04-17 16:03:45 - [TEST_STEP][PASSED] - openBrowser(""): Browser is opened with url: ''

2019-04-17 16:03:45 - [MESSAGE][INFO] - Starting 'Chrome' driver

2019-04-17 16:03:47 - [MESSAGE][PASSED] - Browser is opened with url: ''

2019-04-17 16:03:47 - [TEST_STEP][PASSED] - navigateToUrl("http://admin-chiragh.surge.sh/"): Navigate to 'http://admin-chiragh.surge.sh/' successfully

2019-04-17 16:03:57 - [MESSAGE][PASSED] - Navigate to 'http://admin-chiragh.surge.sh/' successfully

2019-04-17 16:03:57 - [TEST_STEP][PASSED] - maximizeWindow(): Current window maximized

2019-04-17 16:03:58 - [MESSAGE][PASSED] - Current window maximized

2019-04-17 16:03:58 - [TEST_STEP][PASSED] - waitForPageLoad(8): Wait for page load successfully

2019-04-17 16:03:58 - [MESSAGE][PASSED] - Wait for page load successfully

2019-04-17 16:03:58 - [TEST_STEP][PASSED] - click(findTestObject("Object Repository/verification hod/archived leads tab/Page_Chiragh.com Admin/div_Username")): Object: 'Object Repository/verification hod/archived leads tab/Page_Chiragh.com Admin/div_Username' is clicked on

2019-04-17 16:03:58 - [MESSAGE][PASSED] - Object: 'Object Repository/verification hod/archived leads tab/Page_Chiragh.com Admin/div_Username' is clicked on

2019-04-17 16:03:58 - [TEST_STEP][PASSED] - setText(findTestObject("Object Repository/verification hod/archived leads tab/Page_Chiragh.com Admin/input_Admin Panel_userName"), "arsalankhalid"): Text 'arsalankhalid' is set on object 'Object Repository/verification hod/archived leads tab/Page_Chiragh.com Admin/input_Admin Panel_userName'

2019-04-17 16:03:59 - [MESSAGE][PASSED] - Text 'arsalankhalid' is set on object 'Object Repository/verification hod/archived leads tab/Page_Chiragh.com Admin/input_Admin Panel_userName'

2019-04-17 16:03:59 - [TEST_STEP][PASSED] - click(findTestObject("Object Repository/verification hod/archived leads tab/Page_Chiragh.com Admin/div_Password")): Object: 'Object Repository/verification hod/archived leads tab/Page_Chiragh.com Admin/div_Password' is clicked on

2019-04-17 16:03:59 - [MESSAGE][PASSED] - Object: 'Object Repository/verification hod/archived leads tab/Page_Chiragh.com Admin/div_Password' is clicked on

2019-04-17 16:03:59 - [TEST_STEP][PASSED] - setEncryptedText(findTestObject("Object Repository/verification hod/archived leads tab/Page_Chiragh.com Admin/input_Username_password"), "RigbBhfdqODKcAsiUrg+1Q=="): Text ****** has been set on object 'Object Repository/verification hod/archived leads tab/Page_Chiragh.com Admin/input_Username_password'

2019-04-17 16:03:59 - [MESSAGE][PASSED] - Text ****** has been set on object 'Object Repository/verification hod/archived leads tab/Page_Chiragh.com Admin/input_Username_password'

2019-04-17 16:03:59 - [TEST_STEP][PASSED] - doubleClick(findTestObject("Object Repository/verification hod/archived leads tab/Page_Chiragh.com Admin/span_Login")): Object: 'Object Repository/verification hod/archived leads tab/Page_Chiragh.com Admin/span_Login' is double clicked on

2019-04-17 16:03:59 - [MESSAGE][PASSED] - Object: 'Object Repository/verification hod/archived leads tab/Page_Chiragh.com Admin/span_Login' is double clicked on

2019-04-17 16:03:59 - [TEST_STEP][PASSED] - click(findTestObject("Object Repository/verification hod/buyer/Page_Chiragh.com Admin/a_Buyer")): Object: 'Object Repository/verification hod/buyer/Page_Chiragh.com Admin/a_Buyer' is clicked on

2019-04-17 16:04:03 - [MESSAGE][PASSED] - Object: 'Object Repository/verification hod/buyer/Page_Chiragh.com Admin/a_Buyer' is clicked on

2019-04-17 16:04:03 - [TEST_STEP][PASSED] - click(findTestObject("Object Repository/verification hod/archived leads tab/Page_Chiragh.com Admin/a_Archived Leads")): Object: 'Object Repository/verification hod/archived leads tab/Page_Chiragh.com Admin/a_Archived Leads' is clicked on

2019-04-17 16:04:03 - [MESSAGE][PASSED] - Object: 'Object Repository/verification hod/archived leads tab/Page_Chiragh.com Admin/a_Archived Leads' is clicked on

2019-04-17 16:04:03 - [TEST_STEP][PASSED] - delay(10): Delayed 10 second(s)

2019-04-17 16:04:13 - [MESSAGE][PASSED] - Delayed 10 second(s)

2019-04-17 16:04:13 - [TEST_STEP][PASSED] - if (verifyElementPresent(findTestObject("Object Repository/verification hod/archived leads tab/Page_Chiragh.com Admin/th_Assignee"), 4) && verifyElementPresent(findTestObject("Object Repository/verification hod/archived leads tab/Page_Chiragh.com Admin/span_archived"), 4)): Browser is closed

2019-04-17 16:04:13 - [MESSAGE][PASSED] - Object 'Object Repository/verification hod/archived leads tab/Page_Chiragh.com Admin/th_Assignee' is present

2019-04-17 16:04:13 - [MESSAGE][PASSED] - Object 'Object Repository/verification hod/archived leads tab/Page_Chiragh.com Admin/span_archived' is present

2019-04-17 16:04:13 - [TEST_STEP][PASSED] - closeBrowser(): Browser is closed

2019-04-17 16:04:14 - [MESSAGE][PASSED] - Browser is closed]]></system-out>
         <system-err><![CDATA[]]></system-err>
      </testcase>
      <testcase name="Test Cases/verification hod/buyer/In process" classname="Test Cases/verification hod/buyer/In process" status="PASSED">
         <system-out><![CDATA[2019-04-17 16:04:14 - [TEST_CASE][PASSED] - Test Cases/verification hod/buyer/In process: Test Cases/verification hod/buyer/In process

2019-04-17 16:04:14 - [TEST_STEP][PASSED] - openBrowser(""): Browser is opened with url: ''

2019-04-17 16:04:14 - [MESSAGE][INFO] - Starting 'Chrome' driver

2019-04-17 16:04:17 - [MESSAGE][PASSED] - Browser is opened with url: ''

2019-04-17 16:04:17 - [TEST_STEP][PASSED] - navigateToUrl("http://admin-chiragh.surge.sh/"): Navigate to 'http://admin-chiragh.surge.sh/' successfully

2019-04-17 16:04:25 - [MESSAGE][PASSED] - Navigate to 'http://admin-chiragh.surge.sh/' successfully

2019-04-17 16:04:25 - [TEST_STEP][PASSED] - maximizeWindow(): Current window maximized

2019-04-17 16:04:26 - [MESSAGE][PASSED] - Current window maximized

2019-04-17 16:04:26 - [TEST_STEP][PASSED] - waitForPageLoad(8): Wait for page load successfully

2019-04-17 16:04:26 - [MESSAGE][PASSED] - Wait for page load successfully

2019-04-17 16:04:26 - [TEST_STEP][PASSED] - setText(findTestObject("Object Repository/verification hod/in process tab/Page_Chiragh.com Admin/input_Admin Panel_userName"), "arsalankhalid"): Text 'arsalankhalid' is set on object 'Object Repository/verification hod/in process tab/Page_Chiragh.com Admin/input_Admin Panel_userName'

2019-04-17 16:04:26 - [MESSAGE][PASSED] - Text 'arsalankhalid' is set on object 'Object Repository/verification hod/in process tab/Page_Chiragh.com Admin/input_Admin Panel_userName'

2019-04-17 16:04:26 - [TEST_STEP][PASSED] - click(findTestObject("Object Repository/verification hod/in process tab/Page_Chiragh.com Admin/div_Password")): Object: 'Object Repository/verification hod/in process tab/Page_Chiragh.com Admin/div_Password' is clicked on

2019-04-17 16:04:27 - [MESSAGE][PASSED] - Object: 'Object Repository/verification hod/in process tab/Page_Chiragh.com Admin/div_Password' is clicked on

2019-04-17 16:04:27 - [TEST_STEP][PASSED] - setEncryptedText(findTestObject("Object Repository/verification hod/in process tab/Page_Chiragh.com Admin/input_Username_password"), "RigbBhfdqODKcAsiUrg+1Q=="): Text ****** has been set on object 'Object Repository/verification hod/in process tab/Page_Chiragh.com Admin/input_Username_password'

2019-04-17 16:04:27 - [MESSAGE][PASSED] - Text ****** has been set on object 'Object Repository/verification hod/in process tab/Page_Chiragh.com Admin/input_Username_password'

2019-04-17 16:04:27 - [TEST_STEP][PASSED] - click(findTestObject("Object Repository/verification hod/in process tab/Page_Chiragh.com Admin/button_Login")): Object: 'Object Repository/verification hod/in process tab/Page_Chiragh.com Admin/button_Login' is clicked on

2019-04-17 16:04:27 - [MESSAGE][PASSED] - Object: 'Object Repository/verification hod/in process tab/Page_Chiragh.com Admin/button_Login' is clicked on

2019-04-17 16:04:27 - [TEST_STEP][PASSED] - click(findTestObject("Object Repository/verification hod/buyer/Page_Chiragh.com Admin/a_Buyer")): Object: 'Object Repository/verification hod/buyer/Page_Chiragh.com Admin/a_Buyer' is clicked on

2019-04-17 16:04:31 - [MESSAGE][PASSED] - Object: 'Object Repository/verification hod/buyer/Page_Chiragh.com Admin/a_Buyer' is clicked on

2019-04-17 16:04:31 - [TEST_STEP][PASSED] - delay(5): Delayed 5 second(s)

2019-04-17 16:04:36 - [MESSAGE][PASSED] - Delayed 5 second(s)

2019-04-17 16:04:36 - [TEST_STEP][PASSED] - click(findTestObject("Object Repository/verification hod/in process tab/Page_Chiragh.com Admin/a_In Process")): Object: 'Object Repository/verification hod/in process tab/Page_Chiragh.com Admin/a_In Process' is clicked on

2019-04-17 16:04:36 - [MESSAGE][PASSED] - Object: 'Object Repository/verification hod/in process tab/Page_Chiragh.com Admin/a_In Process' is clicked on

2019-04-17 16:04:36 - [TEST_STEP][PASSED] - delay(10): Delayed 10 second(s)

2019-04-17 16:04:46 - [MESSAGE][PASSED] - Delayed 10 second(s)

2019-04-17 16:04:46 - [TEST_STEP][PASSED] - if (verifyElementPresent(findTestObject("Object Repository/verification hod/in process tab/Page_Chiragh.com Admin/th_Assignee"), 4) && verifyElementPresent(findTestObject("Object Repository/verification hod/in process tab/Page_Chiragh.com Admin/span_in process"), 4)): Browser is closed

2019-04-17 16:04:46 - [MESSAGE][PASSED] - Object 'Object Repository/verification hod/in process tab/Page_Chiragh.com Admin/th_Assignee' is present

2019-04-17 16:04:46 - [MESSAGE][PASSED] - Object 'Object Repository/verification hod/in process tab/Page_Chiragh.com Admin/span_in process' is present

2019-04-17 16:04:46 - [TEST_STEP][PASSED] - closeBrowser(): Browser is closed

2019-04-17 16:04:47 - [MESSAGE][PASSED] - Browser is closed]]></system-out>
         <system-err><![CDATA[]]></system-err>
      </testcase>
      <testcase name="Test Cases/verification hod/buyer/new leads tab" classname="Test Cases/verification hod/buyer/new leads tab" status="PASSED">
         <system-out><![CDATA[2019-04-17 16:04:47 - [TEST_CASE][PASSED] - Test Cases/verification hod/buyer/new leads tab: Test Cases/verification hod/buyer/new leads tab

2019-04-17 16:04:47 - [TEST_STEP][PASSED] - openBrowser(""): Browser is opened with url: ''

2019-04-17 16:04:47 - [MESSAGE][INFO] - Starting 'Chrome' driver

2019-04-17 16:04:50 - [MESSAGE][PASSED] - Browser is opened with url: ''

2019-04-17 16:04:50 - [TEST_STEP][PASSED] - navigateToUrl(url): Navigate to 'http://admin-chiragh.surge.sh' successfully

2019-04-17 16:04:50 - [MESSAGE][WARNING] - Test object with id 'Object Repository/property by name/Page_Chiragh/h2_Project 51468 Penthouse wit' does not exist

2019-04-17 16:04:58 - [MESSAGE][PASSED] - Navigate to 'http://admin-chiragh.surge.sh' successfully

2019-04-17 16:04:58 - [TEST_STEP][PASSED] - maximizeWindow(): Current window maximized

2019-04-17 16:05:00 - [MESSAGE][PASSED] - Current window maximized

2019-04-17 16:05:00 - [TEST_STEP][PASSED] - waitForPageLoad(8): Wait for page load successfully

2019-04-17 16:05:00 - [MESSAGE][PASSED] - Wait for page load successfully

2019-04-17 16:05:00 - [TEST_STEP][PASSED] - setText(findTestObject("Object Repository/verification hod/new leads tab/Page_Chiragh.com Admin/input_Admin Panel_userName"), "arsalankhalid"): Text 'arsalankhalid' is set on object 'Object Repository/verification hod/new leads tab/Page_Chiragh.com Admin/input_Admin Panel_userName'

2019-04-17 16:05:00 - [MESSAGE][PASSED] - Text 'arsalankhalid' is set on object 'Object Repository/verification hod/new leads tab/Page_Chiragh.com Admin/input_Admin Panel_userName'

2019-04-17 16:05:00 - [TEST_STEP][PASSED] - click(findTestObject("Object Repository/verification hod/new leads tab/Page_Chiragh.com Admin/div_Password")): Object: 'Object Repository/verification hod/new leads tab/Page_Chiragh.com Admin/div_Password' is clicked on

2019-04-17 16:05:00 - [MESSAGE][PASSED] - Object: 'Object Repository/verification hod/new leads tab/Page_Chiragh.com Admin/div_Password' is clicked on

2019-04-17 16:05:00 - [TEST_STEP][PASSED] - setEncryptedText(findTestObject("Object Repository/verification hod/new leads tab/Page_Chiragh.com Admin/input_Username_password"), "RigbBhfdqODKcAsiUrg+1Q=="): Text ****** has been set on object 'Object Repository/verification hod/new leads tab/Page_Chiragh.com Admin/input_Username_password'

2019-04-17 16:05:00 - [MESSAGE][PASSED] - Text ****** has been set on object 'Object Repository/verification hod/new leads tab/Page_Chiragh.com Admin/input_Username_password'

2019-04-17 16:05:00 - [TEST_STEP][PASSED] - click(findTestObject("Object Repository/verification hod/new leads tab/Page_Chiragh.com Admin/button_Login")): Object: 'Object Repository/verification hod/new leads tab/Page_Chiragh.com Admin/button_Login' is clicked on

2019-04-17 16:05:01 - [MESSAGE][PASSED] - Object: 'Object Repository/verification hod/new leads tab/Page_Chiragh.com Admin/button_Login' is clicked on

2019-04-17 16:05:01 - [TEST_STEP][PASSED] - waitForPageLoad(8): Wait for page load successfully

2019-04-17 16:05:01 - [MESSAGE][PASSED] - Wait for page load successfully

2019-04-17 16:05:01 - [TEST_STEP][PASSED] - click(findTestObject("Object Repository/verification hod/buyer/Page_Chiragh.com Admin/a_Buyer")): Object: 'Object Repository/verification hod/buyer/Page_Chiragh.com Admin/a_Buyer' is clicked on

2019-04-17 16:05:04 - [MESSAGE][PASSED] - Object: 'Object Repository/verification hod/buyer/Page_Chiragh.com Admin/a_Buyer' is clicked on

2019-04-17 16:05:04 - [TEST_STEP][PASSED] - delay(5): Delayed 5 second(s)

2019-04-17 16:05:09 - [MESSAGE][PASSED] - Delayed 5 second(s)

2019-04-17 16:05:09 - [TEST_STEP][PASSED] - click(findTestObject("Object Repository/verification hod/new leads tab/Page_Chiragh.com Admin/a_New Leads")): Object: 'Object Repository/verification hod/new leads tab/Page_Chiragh.com Admin/a_New Leads' is clicked on

2019-04-17 16:05:09 - [MESSAGE][PASSED] - Object: 'Object Repository/verification hod/new leads tab/Page_Chiragh.com Admin/a_New Leads' is clicked on

2019-04-17 16:05:09 - [TEST_STEP][PASSED] - delay(7): Delayed 7 second(s)

2019-04-17 16:05:16 - [MESSAGE][PASSED] - Delayed 7 second(s)

2019-04-17 16:05:16 - [TEST_STEP][PASSED] - if (verifyElementPresent(findTestObject("Object Repository/verification hod/new leads tab/Page_Chiragh.com Admin/th_Assign To"), 4) || verifyElementPresent("Object Repository/verification hod/new leads tab/Page_Chiragh.com Admin/h3_This collection is empty..", 4)): Browser is closed

2019-04-17 16:05:21 - [MESSAGE][PASSED] - Object 'Object Repository/verification hod/new leads tab/Page_Chiragh.com Admin/th_Assign To' is present

2019-04-17 16:05:21 - [TEST_STEP][PASSED] - closeBrowser(): Browser is closed

2019-04-17 16:05:22 - [MESSAGE][PASSED] - Browser is closed]]></system-out>
         <system-err><![CDATA[]]></system-err>
      </testcase>
      <testcase name="Test Cases/verification hod/buyer/owner documents" classname="Test Cases/verification hod/buyer/owner documents" status="FAILED">
         <failure type="FAILED" message="Test Cases/verification hod/buyer/owner documents FAILED.
Reason:
com.kms.katalon.core.exception.StepFailedException: Unable to click on object 'Object Repository/verification hod/owner document/Page_Chiragh.com Admin/a_Owner 1 Bradley Jena_attachm' (Root cause: com.kms.katalon.core.webui.exception.WebElementNotFoundException: Web element with id: 'Object Repository/verification hod/owner document/Page_Chiragh.com Admin/a_Owner 1 Bradley Jena_attachm' located by 'By.xpath: //mat-tab-body[@id='mat-tab-content-0-0']/div/app-owners/div/div/div/div/div/a' not found)
	at com.kms.katalon.core.keyword.internal.KeywordMain.stepFailed(KeywordMain.groovy:36)
	at com.kms.katalon.core.webui.keyword.internal.WebUIKeywordMain.stepFailed(WebUIKeywordMain.groovy:65)
	at com.kms.katalon.core.webui.keyword.internal.WebUIKeywordMain.runKeyword(WebUIKeywordMain.groovy:27)
	at com.kms.katalon.core.webui.keyword.builtin.ClickKeyword.click(ClickKeyword.groovy:86)
	at com.kms.katalon.core.webui.keyword.builtin.ClickKeyword.execute(ClickKeyword.groovy:67)
	at com.kms.katalon.core.keyword.internal.KeywordExecutor.executeKeywordForPlatform(KeywordExecutor.groovy:53)
	at com.kms.katalon.core.webui.keyword.WebUiBuiltInKeywords.click(WebUiBuiltInKeywords.groovy:616)
	at com.kms.katalon.core.webui.keyword.WebUiBuiltInKeywords$click$3.call(Unknown Source)
	at owner documents.run(owner documents:52)
	at com.kms.katalon.core.main.ScriptEngine.run(ScriptEngine.java:194)
	at com.kms.katalon.core.main.ScriptEngine.runScriptAsRawText(ScriptEngine.java:119)
	at com.kms.katalon.core.main.TestCaseExecutor.runScript(TestCaseExecutor.java:328)
	at com.kms.katalon.core.main.TestCaseExecutor.doExecute(TestCaseExecutor.java:319)
	at com.kms.katalon.core.main.TestCaseExecutor.processExecutionPhase(TestCaseExecutor.java:298)
	at com.kms.katalon.core.main.TestCaseExecutor.accessMainPhase(TestCaseExecutor.java:290)
	at com.kms.katalon.core.main.TestCaseExecutor.execute(TestCaseExecutor.java:224)
	at com.kms.katalon.core.main.TestSuiteExecutor.accessTestCaseMainPhase(TestSuiteExecutor.java:129)
	at com.kms.katalon.core.main.TestSuiteExecutor.accessTestSuiteMainPhase(TestSuiteExecutor.java:112)
	at com.kms.katalon.core.main.TestSuiteExecutor.execute(TestSuiteExecutor.java:81)
	at com.kms.katalon.core.main.TestCaseMain.startTestSuite(TestCaseMain.java:149)
	at com.kms.katalon.core.main.TestCaseMain$startTestSuite$0.call(Unknown Source)
	at TempTestSuite1555498970422.run(TempTestSuite1555498970422.groovy:36)
"/>
         <system-out><![CDATA[2019-04-17 16:05:22 - [TEST_CASE][FAILED] - Test Cases/verification hod/buyer/owner documents: Test Cases/verification hod/buyer/owner documents FAILED.
Reason:
com.kms.katalon.core.exception.StepFailedException: Unable to click on object 'Object Repository/verification hod/owner document/Page_Chiragh.com Admin/a_Owner 1 Bradley Jena_attachm' (Root cause: com.kms.katalon.core.webui.exception.WebElementNotFoundException: Web element with id: 'Object Repository/verification hod/owner document/Page_Chiragh.com Admin/a_Owner 1 Bradley Jena_attachm' located by 'By.xpath: //mat-tab-body[@id='mat-tab-content-0-0']/div/app-owners/div/div/div/div/div/a' not found)
	at com.kms.katalon.core.keyword.internal.KeywordMain.stepFailed(KeywordMain.groovy:36)
	at com.kms.katalon.core.webui.keyword.internal.WebUIKeywordMain.stepFailed(WebUIKeywordMain.groovy:65)
	at com.kms.katalon.core.webui.keyword.internal.WebUIKeywordMain.runKeyword(WebUIKeywordMain.groovy:27)
	at com.kms.katalon.core.webui.keyword.builtin.ClickKeyword.click(ClickKeyword.groovy:86)
	at com.kms.katalon.core.webui.keyword.builtin.ClickKeyword.execute(ClickKeyword.groovy:67)
	at com.kms.katalon.core.keyword.internal.KeywordExecutor.executeKeywordForPlatform(KeywordExecutor.groovy:53)
	at com.kms.katalon.core.webui.keyword.WebUiBuiltInKeywords.click(WebUiBuiltInKeywords.groovy:616)
	at com.kms.katalon.core.webui.keyword.WebUiBuiltInKeywords$click$3.call(Unknown Source)
	at owner documents.run(owner documents:52)
	at com.kms.katalon.core.main.ScriptEngine.run(ScriptEngine.java:194)
	at com.kms.katalon.core.main.ScriptEngine.runScriptAsRawText(ScriptEngine.java:119)
	at com.kms.katalon.core.main.TestCaseExecutor.runScript(TestCaseExecutor.java:328)
	at com.kms.katalon.core.main.TestCaseExecutor.doExecute(TestCaseExecutor.java:319)
	at com.kms.katalon.core.main.TestCaseExecutor.processExecutionPhase(TestCaseExecutor.java:298)
	at com.kms.katalon.core.main.TestCaseExecutor.accessMainPhase(TestCaseExecutor.java:290)
	at com.kms.katalon.core.main.TestCaseExecutor.execute(TestCaseExecutor.java:224)
	at com.kms.katalon.core.main.TestSuiteExecutor.accessTestCaseMainPhase(TestSuiteExecutor.java:129)
	at com.kms.katalon.core.main.TestSuiteExecutor.accessTestSuiteMainPhase(TestSuiteExecutor.java:112)
	at com.kms.katalon.core.main.TestSuiteExecutor.execute(TestSuiteExecutor.java:81)
	at com.kms.katalon.core.main.TestCaseMain.startTestSuite(TestCaseMain.java:149)
	at com.kms.katalon.core.main.TestCaseMain$startTestSuite$0.call(Unknown Source)
	at TempTestSuite1555498970422.run(TempTestSuite1555498970422.groovy:36)


2019-04-17 16:05:23 - [TEST_STEP][PASSED] - openBrowser(""): Browser is opened with url: ''

2019-04-17 16:05:23 - [MESSAGE][INFO] - Starting 'Chrome' driver

2019-04-17 16:05:27 - [MESSAGE][PASSED] - Browser is opened with url: ''

2019-04-17 16:05:27 - [TEST_STEP][PASSED] - navigateToUrl(url): Navigate to 'http://admin-chiragh.surge.sh' successfully

2019-04-17 16:05:36 - [MESSAGE][PASSED] - Navigate to 'http://admin-chiragh.surge.sh' successfully

2019-04-17 16:05:36 - [TEST_STEP][PASSED] - maximizeWindow(): Current window maximized

2019-04-17 16:05:38 - [MESSAGE][PASSED] - Current window maximized

2019-04-17 16:05:38 - [TEST_STEP][PASSED] - waitForPageLoad(8): Wait for page load successfully

2019-04-17 16:05:38 - [MESSAGE][PASSED] - Wait for page load successfully

2019-04-17 16:05:38 - [TEST_STEP][PASSED] - click(findTestObject("Object Repository/verification hod/property details present/Page_Chiragh.com Admin/form_Admin PanelUsernamePasswo")): Object: 'Object Repository/verification hod/property details present/Page_Chiragh.com Admin/form_Admin PanelUsernamePasswo' is clicked on

2019-04-17 16:05:38 - [MESSAGE][PASSED] - Object: 'Object Repository/verification hod/property details present/Page_Chiragh.com Admin/form_Admin PanelUsernamePasswo' is clicked on

2019-04-17 16:05:38 - [TEST_STEP][PASSED] - click(findTestObject("Object Repository/verification hod/property details present/Page_Chiragh.com Admin/div_Username")): Object: 'Object Repository/verification hod/property details present/Page_Chiragh.com Admin/div_Username' is clicked on

2019-04-17 16:05:38 - [MESSAGE][PASSED] - Object: 'Object Repository/verification hod/property details present/Page_Chiragh.com Admin/div_Username' is clicked on

2019-04-17 16:05:38 - [TEST_STEP][PASSED] - setText(findTestObject("Object Repository/verification hod/property details present/Page_Chiragh.com Admin/input_Admin Panel_userName"), "arsalankhalid"): Text 'arsalankhalid' is set on object 'Object Repository/verification hod/property details present/Page_Chiragh.com Admin/input_Admin Panel_userName'

2019-04-17 16:05:38 - [MESSAGE][PASSED] - Text 'arsalankhalid' is set on object 'Object Repository/verification hod/property details present/Page_Chiragh.com Admin/input_Admin Panel_userName'

2019-04-17 16:05:38 - [TEST_STEP][PASSED] - setEncryptedText(findTestObject("Object Repository/verification hod/property details present/Page_Chiragh.com Admin/input_Username_password"), "RigbBhfdqODKcAsiUrg+1Q=="): Text ****** has been set on object 'Object Repository/verification hod/property details present/Page_Chiragh.com Admin/input_Username_password'

2019-04-17 16:05:38 - [MESSAGE][PASSED] - Text ****** has been set on object 'Object Repository/verification hod/property details present/Page_Chiragh.com Admin/input_Username_password'

2019-04-17 16:05:38 - [TEST_STEP][PASSED] - click(findTestObject("Object Repository/verification hod/property details present/Page_Chiragh.com Admin/button_Login")): Object: 'Object Repository/verification hod/property details present/Page_Chiragh.com Admin/button_Login' is clicked on

2019-04-17 16:05:39 - [MESSAGE][PASSED] - Object: 'Object Repository/verification hod/property details present/Page_Chiragh.com Admin/button_Login' is clicked on

2019-04-17 16:05:39 - [TEST_STEP][PASSED] - click(findTestObject("Object Repository/verification hod/property details present/Page_Chiragh.com Admin/a_In Process")): Object: 'Object Repository/verification hod/property details present/Page_Chiragh.com Admin/a_In Process' is clicked on

2019-04-17 16:05:43 - [MESSAGE][PASSED] - Object: 'Object Repository/verification hod/property details present/Page_Chiragh.com Admin/a_In Process' is clicked on

2019-04-17 16:05:43 - [TEST_STEP][PASSED] - click(findTestObject("Object Repository/verification hod/buyer/Page_Chiragh.com Admin/a_Buyer")): Object: 'Object Repository/verification hod/buyer/Page_Chiragh.com Admin/a_Buyer' is clicked on

2019-04-17 16:05:43 - [MESSAGE][PASSED] - Object: 'Object Repository/verification hod/buyer/Page_Chiragh.com Admin/a_Buyer' is clicked on

2019-04-17 16:05:43 - [TEST_STEP][PASSED] - delay(5): Delayed 5 second(s)

2019-04-17 16:05:48 - [MESSAGE][PASSED] - Delayed 5 second(s)

2019-04-17 16:05:48 - [TEST_STEP][PASSED] - click(findTestObject("Object Repository/verification hod/in process tab/Page_Chiragh.com Admin/a_In Process")): Object: 'Object Repository/verification hod/in process tab/Page_Chiragh.com Admin/a_In Process' is clicked on

2019-04-17 16:05:48 - [MESSAGE][PASSED] - Object: 'Object Repository/verification hod/in process tab/Page_Chiragh.com Admin/a_In Process' is clicked on

2019-04-17 16:05:48 - [TEST_STEP][PASSED] - delay(8): Delayed 8 second(s)

2019-04-17 16:05:56 - [MESSAGE][PASSED] - Delayed 8 second(s)

2019-04-17 16:05:56 - [TEST_STEP][PASSED] - click(findTestObject("Object Repository/verification hod/buyer/Page_Chiragh.com Admin/a_Project 51463 Most Desired 0")): Object: 'Object Repository/verification hod/buyer/Page_Chiragh.com Admin/a_Project 51463 Most Desired 0' is clicked on

2019-04-17 16:05:56 - [MESSAGE][PASSED] - Object: 'Object Repository/verification hod/buyer/Page_Chiragh.com Admin/a_Project 51463 Most Desired 0' is clicked on

2019-04-17 16:05:56 - [TEST_STEP][PASSED] - delay(8): Delayed 8 second(s)

2019-04-17 16:06:04 - [MESSAGE][PASSED] - Delayed 8 second(s)

2019-04-17 16:06:04 - [TEST_STEP][FAILED] - click(findTestObject("Object Repository/verification hod/owner document/Page_Chiragh.com Admin/a_Owner 1 Bradley Jena_attachm")): click(findTestObject("Object Repository/verification hod/owner document/Page_Chiragh.com Admin/a_Owner 1 Bradley Jena_attachm")) FAILED.
Reason:
com.kms.katalon.core.exception.StepFailedException: Unable to click on object 'Object Repository/verification hod/owner document/Page_Chiragh.com Admin/a_Owner 1 Bradley Jena_attachm' (Root cause: com.kms.katalon.core.webui.exception.WebElementNotFoundException: Web element with id: 'Object Repository/verification hod/owner document/Page_Chiragh.com Admin/a_Owner 1 Bradley Jena_attachm' located by 'By.xpath: //mat-tab-body[@id='mat-tab-content-0-0']/div/app-owners/div/div/div/div/div/a' not found)
	at com.kms.katalon.core.keyword.internal.KeywordMain.stepFailed(KeywordMain.groovy:36)
	at com.kms.katalon.core.webui.keyword.internal.WebUIKeywordMain.stepFailed(WebUIKeywordMain.groovy:65)
	at com.kms.katalon.core.webui.keyword.internal.WebUIKeywordMain.runKeyword(WebUIKeywordMain.groovy:27)
	at com.kms.katalon.core.webui.keyword.builtin.ClickKeyword.click(ClickKeyword.groovy:86)
	at com.kms.katalon.core.webui.keyword.builtin.ClickKeyword.execute(ClickKeyword.groovy:67)
	at com.kms.katalon.core.keyword.internal.KeywordExecutor.executeKeywordForPlatform(KeywordExecutor.groovy:53)
	at com.kms.katalon.core.webui.keyword.WebUiBuiltInKeywords.click(WebUiBuiltInKeywords.groovy:616)
	at com.kms.katalon.core.webui.keyword.WebUiBuiltInKeywords$click$3.call(Unknown Source)
	at owner documents.run(owner documents:52)
	at com.kms.katalon.core.main.ScriptEngine.run(ScriptEngine.java:194)
	at com.kms.katalon.core.main.ScriptEngine.runScriptAsRawText(ScriptEngine.java:119)
	at com.kms.katalon.core.main.TestCaseExecutor.runScript(TestCaseExecutor.java:328)
	at com.kms.katalon.core.main.TestCaseExecutor.doExecute(TestCaseExecutor.java:319)
	at com.kms.katalon.core.main.TestCaseExecutor.processExecutionPhase(TestCaseExecutor.java:298)
	at com.kms.katalon.core.main.TestCaseExecutor.accessMainPhase(TestCaseExecutor.java:290)
	at com.kms.katalon.core.main.TestCaseExecutor.execute(TestCaseExecutor.java:224)
	at com.kms.katalon.core.main.TestSuiteExecutor.accessTestCaseMainPhase(TestSuiteExecutor.java:129)
	at com.kms.katalon.core.main.TestSuiteExecutor.accessTestSuiteMainPhase(TestSuiteExecutor.java:112)
	at com.kms.katalon.core.main.TestSuiteExecutor.execute(TestSuiteExecutor.java:81)
	at com.kms.katalon.core.main.TestCaseMain.startTestSuite(TestCaseMain.java:149)
	at com.kms.katalon.core.main.TestCaseMain$startTestSuite$0.call(Unknown Source)
	at TempTestSuite1555498970422.run(TempTestSuite1555498970422.groovy:36)


2019-04-17 16:06:36 - [MESSAGE][INFO] - Unable to find the element located by 'By.xpath: //mat-tab-body[@id='mat-tab-content-0-0']/div/app-owners/div/div/div/div/div/a'. Please recheck the objects properties to make sure the desired element is located. 

2019-04-17 16:06:37 - [MESSAGE][FAILED] - Unable to click on object 'Object Repository/verification hod/owner document/Page_Chiragh.com Admin/a_Owner 1 Bradley Jena_attachm' (Root cause: com.kms.katalon.core.webui.exception.WebElementNotFoundException: Web element with id: 'Object Repository/verification hod/owner document/Page_Chiragh.com Admin/a_Owner 1 Bradley Jena_attachm' located by 'By.xpath: //mat-tab-body[@id='mat-tab-content-0-0']/div/app-owners/div/div/div/div/div/a' not found)
[[ATTACHMENT|C:\\Users\\HP\\git\\chiraghAdminPanel\\Reports\\verificationHod\\20190417_160250\\1555499196763.png]]

2019-04-17 16:06:37 - [MESSAGE][FAILED] - click(findTestObject("Object Repository/verification hod/owner document/Page_Chiragh.com Admin/a_Owner 1 Bradley Jena_attachm")) FAILED.
Reason:
com.kms.katalon.core.exception.StepFailedException: Unable to click on object 'Object Repository/verification hod/owner document/Page_Chiragh.com Admin/a_Owner 1 Bradley Jena_attachm' (Root cause: com.kms.katalon.core.webui.exception.WebElementNotFoundException: Web element with id: 'Object Repository/verification hod/owner document/Page_Chiragh.com Admin/a_Owner 1 Bradley Jena_attachm' located by 'By.xpath: //mat-tab-body[@id='mat-tab-content-0-0']/div/app-owners/div/div/div/div/div/a' not found)
	at com.kms.katalon.core.keyword.internal.KeywordMain.stepFailed(KeywordMain.groovy:36)
	at com.kms.katalon.core.webui.keyword.internal.WebUIKeywordMain.stepFailed(WebUIKeywordMain.groovy:65)
	at com.kms.katalon.core.webui.keyword.internal.WebUIKeywordMain.runKeyword(WebUIKeywordMain.groovy:27)
	at com.kms.katalon.core.webui.keyword.builtin.ClickKeyword.click(ClickKeyword.groovy:86)
	at com.kms.katalon.core.webui.keyword.builtin.ClickKeyword.execute(ClickKeyword.groovy:67)
	at com.kms.katalon.core.keyword.internal.KeywordExecutor.executeKeywordForPlatform(KeywordExecutor.groovy:53)
	at com.kms.katalon.core.webui.keyword.WebUiBuiltInKeywords.click(WebUiBuiltInKeywords.groovy:616)
	at com.kms.katalon.core.webui.keyword.WebUiBuiltInKeywords$click$3.call(Unknown Source)
	at owner documents.run(owner documents:52)
	at com.kms.katalon.core.main.ScriptEngine.run(ScriptEngine.java:194)
	at com.kms.katalon.core.main.ScriptEngine.runScriptAsRawText(ScriptEngine.java:119)
	at com.kms.katalon.core.main.TestCaseExecutor.runScript(TestCaseExecutor.java:328)
	at com.kms.katalon.core.main.TestCaseExecutor.doExecute(TestCaseExecutor.java:319)
	at com.kms.katalon.core.main.TestCaseExecutor.processExecutionPhase(TestCaseExecutor.java:298)
	at com.kms.katalon.core.main.TestCaseExecutor.accessMainPhase(TestCaseExecutor.java:290)
	at com.kms.katalon.core.main.TestCaseExecutor.execute(TestCaseExecutor.java:224)
	at com.kms.katalon.core.main.TestSuiteExecutor.accessTestCaseMainPhase(TestSuiteExecutor.java:129)
	at com.kms.katalon.core.main.TestSuiteExecutor.accessTestSuiteMainPhase(TestSuiteExecutor.java:112)
	at com.kms.katalon.core.main.TestSuiteExecutor.execute(TestSuiteExecutor.java:81)
	at com.kms.katalon.core.main.TestCaseMain.startTestSuite(TestCaseMain.java:149)
	at com.kms.katalon.core.main.TestCaseMain$startTestSuite$0.call(Unknown Source)
	at TempTestSuite1555498970422.run(TempTestSuite1555498970422.groovy:36)]]></system-out>
         <system-err><![CDATA[2019-04-17 16:05:22 - [TEST_CASE][FAILED] - Test Cases/verification hod/buyer/owner documents: Test Cases/verification hod/buyer/owner documents FAILED.
Reason:
com.kms.katalon.core.exception.StepFailedException: Unable to click on object 'Object Repository/verification hod/owner document/Page_Chiragh.com Admin/a_Owner 1 Bradley Jena_attachm' (Root cause: com.kms.katalon.core.webui.exception.WebElementNotFoundException: Web element with id: 'Object Repository/verification hod/owner document/Page_Chiragh.com Admin/a_Owner 1 Bradley Jena_attachm' located by 'By.xpath: //mat-tab-body[@id='mat-tab-content-0-0']/div/app-owners/div/div/div/div/div/a' not found)
	at com.kms.katalon.core.keyword.internal.KeywordMain.stepFailed(KeywordMain.groovy:36)
	at com.kms.katalon.core.webui.keyword.internal.WebUIKeywordMain.stepFailed(WebUIKeywordMain.groovy:65)
	at com.kms.katalon.core.webui.keyword.internal.WebUIKeywordMain.runKeyword(WebUIKeywordMain.groovy:27)
	at com.kms.katalon.core.webui.keyword.builtin.ClickKeyword.click(ClickKeyword.groovy:86)
	at com.kms.katalon.core.webui.keyword.builtin.ClickKeyword.execute(ClickKeyword.groovy:67)
	at com.kms.katalon.core.keyword.internal.KeywordExecutor.executeKeywordForPlatform(KeywordExecutor.groovy:53)
	at com.kms.katalon.core.webui.keyword.WebUiBuiltInKeywords.click(WebUiBuiltInKeywords.groovy:616)
	at com.kms.katalon.core.webui.keyword.WebUiBuiltInKeywords$click$3.call(Unknown Source)
	at owner documents.run(owner documents:52)
	at com.kms.katalon.core.main.ScriptEngine.run(ScriptEngine.java:194)
	at com.kms.katalon.core.main.ScriptEngine.runScriptAsRawText(ScriptEngine.java:119)
	at com.kms.katalon.core.main.TestCaseExecutor.runScript(TestCaseExecutor.java:328)
	at com.kms.katalon.core.main.TestCaseExecutor.doExecute(TestCaseExecutor.java:319)
	at com.kms.katalon.core.main.TestCaseExecutor.processExecutionPhase(TestCaseExecutor.java:298)
	at com.kms.katalon.core.main.TestCaseExecutor.accessMainPhase(TestCaseExecutor.java:290)
	at com.kms.katalon.core.main.TestCaseExecutor.execute(TestCaseExecutor.java:224)
	at com.kms.katalon.core.main.TestSuiteExecutor.accessTestCaseMainPhase(TestSuiteExecutor.java:129)
	at com.kms.katalon.core.main.TestSuiteExecutor.accessTestSuiteMainPhase(TestSuiteExecutor.java:112)
	at com.kms.katalon.core.main.TestSuiteExecutor.execute(TestSuiteExecutor.java:81)
	at com.kms.katalon.core.main.TestCaseMain.startTestSuite(TestCaseMain.java:149)
	at com.kms.katalon.core.main.TestCaseMain$startTestSuite$0.call(Unknown Source)
	at TempTestSuite1555498970422.run(TempTestSuite1555498970422.groovy:36)]]></system-err>
      </testcase>
      <testcase name="Test Cases/verification hod/buyer/poa documents" classname="Test Cases/verification hod/buyer/poa documents" status="FAILED">
         <failure type="FAILED" message="Test Cases/verification hod/buyer/poa documents FAILED.
Reason:
com.kms.katalon.core.exception.StepFailedException: Unable to verify object 'Object Repository/verification hod/property details present/Page_Chiragh.com Admin/span_POA Status' is present (Root cause: com.kms.katalon.core.exception.StepFailedException: com.kms.katalon.core.webui.exception.WebElementNotFoundException: Web element with id: 'Object Repository/verification hod/property details present/Page_Chiragh.com Admin/span_POA Status' located by 'By.xpath: //*[@id=&quot;mat-tab-content-0-1&quot;]/div/app-poas/div/div[2]/div/div[1]/span[2]' not found)
	at com.kms.katalon.core.keyword.internal.KeywordMain.stepFailed(KeywordMain.groovy:36)
	at com.kms.katalon.core.webui.keyword.internal.WebUIKeywordMain.stepFailed(WebUIKeywordMain.groovy:65)
	at com.kms.katalon.core.webui.keyword.internal.WebUIKeywordMain.runKeyword(WebUIKeywordMain.groovy:27)
	at com.kms.katalon.core.webui.keyword.builtin.VerifyElementPresentKeyword.verifyElementPresent(VerifyElementPresentKeyword.groovy:92)
	at com.kms.katalon.core.webui.keyword.builtin.VerifyElementPresentKeyword.execute(VerifyElementPresentKeyword.groovy:68)
	at com.kms.katalon.core.keyword.internal.KeywordExecutor.executeKeywordForPlatform(KeywordExecutor.groovy:53)
	at com.kms.katalon.core.webui.keyword.WebUiBuiltInKeywords.verifyElementPresent(WebUiBuiltInKeywords.groovy:1434)
	at com.kms.katalon.core.webui.keyword.WebUiBuiltInKeywords$verifyElementPresent$6.call(Unknown Source)
	at poa documents.run(poa documents:50)
	at com.kms.katalon.core.main.ScriptEngine.run(ScriptEngine.java:194)
	at com.kms.katalon.core.main.ScriptEngine.runScriptAsRawText(ScriptEngine.java:119)
	at com.kms.katalon.core.main.TestCaseExecutor.runScript(TestCaseExecutor.java:328)
	at com.kms.katalon.core.main.TestCaseExecutor.doExecute(TestCaseExecutor.java:319)
	at com.kms.katalon.core.main.TestCaseExecutor.processExecutionPhase(TestCaseExecutor.java:298)
	at com.kms.katalon.core.main.TestCaseExecutor.accessMainPhase(TestCaseExecutor.java:290)
	at com.kms.katalon.core.main.TestCaseExecutor.execute(TestCaseExecutor.java:224)
	at com.kms.katalon.core.main.TestSuiteExecutor.accessTestCaseMainPhase(TestSuiteExecutor.java:129)
	at com.kms.katalon.core.main.TestSuiteExecutor.accessTestSuiteMainPhase(TestSuiteExecutor.java:112)
	at com.kms.katalon.core.main.TestSuiteExecutor.execute(TestSuiteExecutor.java:81)
	at com.kms.katalon.core.main.TestCaseMain.startTestSuite(TestCaseMain.java:149)
	at com.kms.katalon.core.main.TestCaseMain$startTestSuite$0.call(Unknown Source)
	at TempTestSuite1555498970422.run(TempTestSuite1555498970422.groovy:36)
"/>
         <system-out><![CDATA[2019-04-17 16:06:37 - [TEST_CASE][FAILED] - Test Cases/verification hod/buyer/poa documents: Test Cases/verification hod/buyer/poa documents FAILED.
Reason:
com.kms.katalon.core.exception.StepFailedException: Unable to verify object 'Object Repository/verification hod/property details present/Page_Chiragh.com Admin/span_POA Status' is present (Root cause: com.kms.katalon.core.exception.StepFailedException: com.kms.katalon.core.webui.exception.WebElementNotFoundException: Web element with id: 'Object Repository/verification hod/property details present/Page_Chiragh.com Admin/span_POA Status' located by 'By.xpath: //*[@id="mat-tab-content-0-1"]/div/app-poas/div/div[2]/div/div[1]/span[2]' not found)
	at com.kms.katalon.core.keyword.internal.KeywordMain.stepFailed(KeywordMain.groovy:36)
	at com.kms.katalon.core.webui.keyword.internal.WebUIKeywordMain.stepFailed(WebUIKeywordMain.groovy:65)
	at com.kms.katalon.core.webui.keyword.internal.WebUIKeywordMain.runKeyword(WebUIKeywordMain.groovy:27)
	at com.kms.katalon.core.webui.keyword.builtin.VerifyElementPresentKeyword.verifyElementPresent(VerifyElementPresentKeyword.groovy:92)
	at com.kms.katalon.core.webui.keyword.builtin.VerifyElementPresentKeyword.execute(VerifyElementPresentKeyword.groovy:68)
	at com.kms.katalon.core.keyword.internal.KeywordExecutor.executeKeywordForPlatform(KeywordExecutor.groovy:53)
	at com.kms.katalon.core.webui.keyword.WebUiBuiltInKeywords.verifyElementPresent(WebUiBuiltInKeywords.groovy:1434)
	at com.kms.katalon.core.webui.keyword.WebUiBuiltInKeywords$verifyElementPresent$6.call(Unknown Source)
	at poa documents.run(poa documents:50)
	at com.kms.katalon.core.main.ScriptEngine.run(ScriptEngine.java:194)
	at com.kms.katalon.core.main.ScriptEngine.runScriptAsRawText(ScriptEngine.java:119)
	at com.kms.katalon.core.main.TestCaseExecutor.runScript(TestCaseExecutor.java:328)
	at com.kms.katalon.core.main.TestCaseExecutor.doExecute(TestCaseExecutor.java:319)
	at com.kms.katalon.core.main.TestCaseExecutor.processExecutionPhase(TestCaseExecutor.java:298)
	at com.kms.katalon.core.main.TestCaseExecutor.accessMainPhase(TestCaseExecutor.java:290)
	at com.kms.katalon.core.main.TestCaseExecutor.execute(TestCaseExecutor.java:224)
	at com.kms.katalon.core.main.TestSuiteExecutor.accessTestCaseMainPhase(TestSuiteExecutor.java:129)
	at com.kms.katalon.core.main.TestSuiteExecutor.accessTestSuiteMainPhase(TestSuiteExecutor.java:112)
	at com.kms.katalon.core.main.TestSuiteExecutor.execute(TestSuiteExecutor.java:81)
	at com.kms.katalon.core.main.TestCaseMain.startTestSuite(TestCaseMain.java:149)
	at com.kms.katalon.core.main.TestCaseMain$startTestSuite$0.call(Unknown Source)
	at TempTestSuite1555498970422.run(TempTestSuite1555498970422.groovy:36)


2019-04-17 16:06:37 - [TEST_STEP][PASSED] - openBrowser(""): Browser is opened with url: ''

2019-04-17 16:06:37 - [MESSAGE][WARNING] - A browser is already opened. Closing browser and opening a new one

2019-04-17 16:06:38 - [MESSAGE][INFO] - Starting 'Chrome' driver

2019-04-17 16:06:42 - [MESSAGE][PASSED] - Browser is opened with url: ''

2019-04-17 16:06:42 - [TEST_STEP][PASSED] - navigateToUrl(url): Navigate to 'http://admin-chiragh.surge.sh' successfully

2019-04-17 16:06:50 - [MESSAGE][PASSED] - Navigate to 'http://admin-chiragh.surge.sh' successfully

2019-04-17 16:06:50 - [TEST_STEP][PASSED] - maximizeWindow(): Current window maximized

2019-04-17 16:06:52 - [MESSAGE][PASSED] - Current window maximized

2019-04-17 16:06:52 - [TEST_STEP][PASSED] - waitForPageLoad(8): Wait for page load successfully

2019-04-17 16:06:52 - [MESSAGE][PASSED] - Wait for page load successfully

2019-04-17 16:06:52 - [TEST_STEP][PASSED] - click(findTestObject("Object Repository/verification hod/property details present/Page_Chiragh.com Admin/form_Admin PanelUsernamePasswo")): Object: 'Object Repository/verification hod/property details present/Page_Chiragh.com Admin/form_Admin PanelUsernamePasswo' is clicked on

2019-04-17 16:06:52 - [MESSAGE][PASSED] - Object: 'Object Repository/verification hod/property details present/Page_Chiragh.com Admin/form_Admin PanelUsernamePasswo' is clicked on

2019-04-17 16:06:52 - [TEST_STEP][PASSED] - click(findTestObject("Object Repository/verification hod/property details present/Page_Chiragh.com Admin/div_Username")): Object: 'Object Repository/verification hod/property details present/Page_Chiragh.com Admin/div_Username' is clicked on

2019-04-17 16:06:52 - [MESSAGE][PASSED] - Object: 'Object Repository/verification hod/property details present/Page_Chiragh.com Admin/div_Username' is clicked on

2019-04-17 16:06:52 - [TEST_STEP][PASSED] - setText(findTestObject("Object Repository/verification hod/property details present/Page_Chiragh.com Admin/input_Admin Panel_userName"), "arsalankhalid"): Text 'arsalankhalid' is set on object 'Object Repository/verification hod/property details present/Page_Chiragh.com Admin/input_Admin Panel_userName'

2019-04-17 16:06:52 - [MESSAGE][PASSED] - Text 'arsalankhalid' is set on object 'Object Repository/verification hod/property details present/Page_Chiragh.com Admin/input_Admin Panel_userName'

2019-04-17 16:06:52 - [TEST_STEP][PASSED] - setEncryptedText(findTestObject("Object Repository/verification hod/property details present/Page_Chiragh.com Admin/input_Username_password"), "RigbBhfdqODKcAsiUrg+1Q=="): Text ****** has been set on object 'Object Repository/verification hod/property details present/Page_Chiragh.com Admin/input_Username_password'

2019-04-17 16:06:52 - [MESSAGE][PASSED] - Text ****** has been set on object 'Object Repository/verification hod/property details present/Page_Chiragh.com Admin/input_Username_password'

2019-04-17 16:06:52 - [TEST_STEP][PASSED] - click(findTestObject("Object Repository/verification hod/property details present/Page_Chiragh.com Admin/button_Login")): Object: 'Object Repository/verification hod/property details present/Page_Chiragh.com Admin/button_Login' is clicked on

2019-04-17 16:06:52 - [MESSAGE][PASSED] - Object: 'Object Repository/verification hod/property details present/Page_Chiragh.com Admin/button_Login' is clicked on

2019-04-17 16:06:52 - [TEST_STEP][PASSED] - click(findTestObject("Object Repository/verification hod/buyer/Page_Chiragh.com Admin/a_Buyer")): Object: 'Object Repository/verification hod/buyer/Page_Chiragh.com Admin/a_Buyer' is clicked on

2019-04-17 16:06:56 - [MESSAGE][PASSED] - Object: 'Object Repository/verification hod/buyer/Page_Chiragh.com Admin/a_Buyer' is clicked on

2019-04-17 16:06:56 - [TEST_STEP][PASSED] - delay(5): Delayed 5 second(s)

2019-04-17 16:07:01 - [MESSAGE][PASSED] - Delayed 5 second(s)

2019-04-17 16:07:01 - [TEST_STEP][PASSED] - click(findTestObject("Object Repository/verification hod/in process tab/Page_Chiragh.com Admin/a_In Process")): Object: 'Object Repository/verification hod/in process tab/Page_Chiragh.com Admin/a_In Process' is clicked on

2019-04-17 16:07:01 - [MESSAGE][PASSED] - Object: 'Object Repository/verification hod/in process tab/Page_Chiragh.com Admin/a_In Process' is clicked on

2019-04-17 16:07:01 - [TEST_STEP][PASSED] - delay(8): Delayed 8 second(s)

2019-04-17 16:07:09 - [MESSAGE][PASSED] - Delayed 8 second(s)

2019-04-17 16:07:09 - [TEST_STEP][PASSED] - click(findTestObject("Object Repository/verification hod/buyer/Page_Chiragh.com Admin/a_Project 51463 Most Desired 0")): Object: 'Object Repository/verification hod/buyer/Page_Chiragh.com Admin/a_Project 51463 Most Desired 0' is clicked on

2019-04-17 16:07:09 - [MESSAGE][PASSED] - Object: 'Object Repository/verification hod/buyer/Page_Chiragh.com Admin/a_Project 51463 Most Desired 0' is clicked on

2019-04-17 16:07:09 - [TEST_STEP][PASSED] - delay(5): Delayed 5 second(s)

2019-04-17 16:07:14 - [MESSAGE][PASSED] - Delayed 5 second(s)

2019-04-17 16:07:14 - [TEST_STEP][PASSED] - doubleClick(findTestObject("Object Repository/verification hod/buyer/Page_Chiragh.com Admin/div_POAs")): Object: 'Object Repository/verification hod/buyer/Page_Chiragh.com Admin/div_POAs' is double clicked on

2019-04-17 16:07:14 - [MESSAGE][PASSED] - Object: 'Object Repository/verification hod/buyer/Page_Chiragh.com Admin/div_POAs' is double clicked on

2019-04-17 16:07:14 - [TEST_STEP][FAILED] - if (verifyElementPresent(findTestObject("Object Repository/verification hod/property details present/Page_Chiragh.com Admin/span_POA Status"), 4)): if (verifyElementPresent(findTestObject("Object Repository/verification hod/property details present/Page_Chiragh.com Admin/span_POA Status"), 4)) FAILED.
Reason:
com.kms.katalon.core.exception.StepFailedException: Unable to verify object 'Object Repository/verification hod/property details present/Page_Chiragh.com Admin/span_POA Status' is present (Root cause: com.kms.katalon.core.exception.StepFailedException: com.kms.katalon.core.webui.exception.WebElementNotFoundException: Web element with id: 'Object Repository/verification hod/property details present/Page_Chiragh.com Admin/span_POA Status' located by 'By.xpath: //*[@id="mat-tab-content-0-1"]/div/app-poas/div/div[2]/div/div[1]/span[2]' not found)
	at com.kms.katalon.core.keyword.internal.KeywordMain.stepFailed(KeywordMain.groovy:36)
	at com.kms.katalon.core.webui.keyword.internal.WebUIKeywordMain.stepFailed(WebUIKeywordMain.groovy:65)
	at com.kms.katalon.core.webui.keyword.internal.WebUIKeywordMain.runKeyword(WebUIKeywordMain.groovy:27)
	at com.kms.katalon.core.webui.keyword.builtin.VerifyElementPresentKeyword.verifyElementPresent(VerifyElementPresentKeyword.groovy:92)
	at com.kms.katalon.core.webui.keyword.builtin.VerifyElementPresentKeyword.execute(VerifyElementPresentKeyword.groovy:68)
	at com.kms.katalon.core.keyword.internal.KeywordExecutor.executeKeywordForPlatform(KeywordExecutor.groovy:53)
	at com.kms.katalon.core.webui.keyword.WebUiBuiltInKeywords.verifyElementPresent(WebUiBuiltInKeywords.groovy:1434)
	at com.kms.katalon.core.webui.keyword.WebUiBuiltInKeywords$verifyElementPresent$6.call(Unknown Source)
	at poa documents.run(poa documents:50)
	at com.kms.katalon.core.main.ScriptEngine.run(ScriptEngine.java:194)
	at com.kms.katalon.core.main.ScriptEngine.runScriptAsRawText(ScriptEngine.java:119)
	at com.kms.katalon.core.main.TestCaseExecutor.runScript(TestCaseExecutor.java:328)
	at com.kms.katalon.core.main.TestCaseExecutor.doExecute(TestCaseExecutor.java:319)
	at com.kms.katalon.core.main.TestCaseExecutor.processExecutionPhase(TestCaseExecutor.java:298)
	at com.kms.katalon.core.main.TestCaseExecutor.accessMainPhase(TestCaseExecutor.java:290)
	at com.kms.katalon.core.main.TestCaseExecutor.execute(TestCaseExecutor.java:224)
	at com.kms.katalon.core.main.TestSuiteExecutor.accessTestCaseMainPhase(TestSuiteExecutor.java:129)
	at com.kms.katalon.core.main.TestSuiteExecutor.accessTestSuiteMainPhase(TestSuiteExecutor.java:112)
	at com.kms.katalon.core.main.TestSuiteExecutor.execute(TestSuiteExecutor.java:81)
	at com.kms.katalon.core.main.TestCaseMain.startTestSuite(TestCaseMain.java:149)
	at com.kms.katalon.core.main.TestCaseMain$startTestSuite$0.call(Unknown Source)
	at TempTestSuite1555498970422.run(TempTestSuite1555498970422.groovy:36)


2019-04-17 16:07:19 - [MESSAGE][INFO] - Unable to find the element located by 'By.xpath: //*[@id="mat-tab-content-0-1"]/div/app-poas/div/div[2]/div/div[1]/span[2]'. Please recheck the objects properties to make sure the desired element is located. 

2019-04-17 16:07:19 - [MESSAGE][FAILED] - com.kms.katalon.core.webui.exception.WebElementNotFoundException: Web element with id: 'Object Repository/verification hod/property details present/Page_Chiragh.com Admin/span_POA Status' located by 'By.xpath: //*[@id="mat-tab-content-0-1"]/div/app-poas/div/div[2]/div/div[1]/span[2]' not found
[[ATTACHMENT|C:\\Users\\HP\\git\\chiraghAdminPanel\\Reports\\verificationHod\\20190417_160250\\1555499239135.png]]

2019-04-17 16:07:19 - [MESSAGE][FAILED] - Unable to verify object 'Object Repository/verification hod/property details present/Page_Chiragh.com Admin/span_POA Status' is present (Root cause: com.kms.katalon.core.exception.StepFailedException: com.kms.katalon.core.webui.exception.WebElementNotFoundException: Web element with id: 'Object Repository/verification hod/property details present/Page_Chiragh.com Admin/span_POA Status' located by 'By.xpath: //*[@id="mat-tab-content-0-1"]/div/app-poas/div/div[2]/div/div[1]/span[2]' not found)
[[ATTACHMENT|C:\\Users\\HP\\git\\chiraghAdminPanel\\Reports\\verificationHod\\20190417_160250\\1555499239566.png]]

2019-04-17 16:07:19 - [MESSAGE][FAILED] - if (verifyElementPresent(findTestObject("Object Repository/verification hod/property details present/Page_Chiragh.com Admin/span_POA Status"), 4)) FAILED.
Reason:
com.kms.katalon.core.exception.StepFailedException: Unable to verify object 'Object Repository/verification hod/property details present/Page_Chiragh.com Admin/span_POA Status' is present (Root cause: com.kms.katalon.core.exception.StepFailedException: com.kms.katalon.core.webui.exception.WebElementNotFoundException: Web element with id: 'Object Repository/verification hod/property details present/Page_Chiragh.com Admin/span_POA Status' located by 'By.xpath: //*[@id="mat-tab-content-0-1"]/div/app-poas/div/div[2]/div/div[1]/span[2]' not found)
	at com.kms.katalon.core.keyword.internal.KeywordMain.stepFailed(KeywordMain.groovy:36)
	at com.kms.katalon.core.webui.keyword.internal.WebUIKeywordMain.stepFailed(WebUIKeywordMain.groovy:65)
	at com.kms.katalon.core.webui.keyword.internal.WebUIKeywordMain.runKeyword(WebUIKeywordMain.groovy:27)
	at com.kms.katalon.core.webui.keyword.builtin.VerifyElementPresentKeyword.verifyElementPresent(VerifyElementPresentKeyword.groovy:92)
	at com.kms.katalon.core.webui.keyword.builtin.VerifyElementPresentKeyword.execute(VerifyElementPresentKeyword.groovy:68)
	at com.kms.katalon.core.keyword.internal.KeywordExecutor.executeKeywordForPlatform(KeywordExecutor.groovy:53)
	at com.kms.katalon.core.webui.keyword.WebUiBuiltInKeywords.verifyElementPresent(WebUiBuiltInKeywords.groovy:1434)
	at com.kms.katalon.core.webui.keyword.WebUiBuiltInKeywords$verifyElementPresent$6.call(Unknown Source)
	at poa documents.run(poa documents:50)
	at com.kms.katalon.core.main.ScriptEngine.run(ScriptEngine.java:194)
	at com.kms.katalon.core.main.ScriptEngine.runScriptAsRawText(ScriptEngine.java:119)
	at com.kms.katalon.core.main.TestCaseExecutor.runScript(TestCaseExecutor.java:328)
	at com.kms.katalon.core.main.TestCaseExecutor.doExecute(TestCaseExecutor.java:319)
	at com.kms.katalon.core.main.TestCaseExecutor.processExecutionPhase(TestCaseExecutor.java:298)
	at com.kms.katalon.core.main.TestCaseExecutor.accessMainPhase(TestCaseExecutor.java:290)
	at com.kms.katalon.core.main.TestCaseExecutor.execute(TestCaseExecutor.java:224)
	at com.kms.katalon.core.main.TestSuiteExecutor.accessTestCaseMainPhase(TestSuiteExecutor.java:129)
	at com.kms.katalon.core.main.TestSuiteExecutor.accessTestSuiteMainPhase(TestSuiteExecutor.java:112)
	at com.kms.katalon.core.main.TestSuiteExecutor.execute(TestSuiteExecutor.java:81)
	at com.kms.katalon.core.main.TestCaseMain.startTestSuite(TestCaseMain.java:149)
	at com.kms.katalon.core.main.TestCaseMain$startTestSuite$0.call(Unknown Source)
	at TempTestSuite1555498970422.run(TempTestSuite1555498970422.groovy:36)]]></system-out>
         <system-err><![CDATA[2019-04-17 16:06:37 - [TEST_CASE][FAILED] - Test Cases/verification hod/buyer/poa documents: Test Cases/verification hod/buyer/poa documents FAILED.
Reason:
com.kms.katalon.core.exception.StepFailedException: Unable to verify object 'Object Repository/verification hod/property details present/Page_Chiragh.com Admin/span_POA Status' is present (Root cause: com.kms.katalon.core.exception.StepFailedException: com.kms.katalon.core.webui.exception.WebElementNotFoundException: Web element with id: 'Object Repository/verification hod/property details present/Page_Chiragh.com Admin/span_POA Status' located by 'By.xpath: //*[@id="mat-tab-content-0-1"]/div/app-poas/div/div[2]/div/div[1]/span[2]' not found)
	at com.kms.katalon.core.keyword.internal.KeywordMain.stepFailed(KeywordMain.groovy:36)
	at com.kms.katalon.core.webui.keyword.internal.WebUIKeywordMain.stepFailed(WebUIKeywordMain.groovy:65)
	at com.kms.katalon.core.webui.keyword.internal.WebUIKeywordMain.runKeyword(WebUIKeywordMain.groovy:27)
	at com.kms.katalon.core.webui.keyword.builtin.VerifyElementPresentKeyword.verifyElementPresent(VerifyElementPresentKeyword.groovy:92)
	at com.kms.katalon.core.webui.keyword.builtin.VerifyElementPresentKeyword.execute(VerifyElementPresentKeyword.groovy:68)
	at com.kms.katalon.core.keyword.internal.KeywordExecutor.executeKeywordForPlatform(KeywordExecutor.groovy:53)
	at com.kms.katalon.core.webui.keyword.WebUiBuiltInKeywords.verifyElementPresent(WebUiBuiltInKeywords.groovy:1434)
	at com.kms.katalon.core.webui.keyword.WebUiBuiltInKeywords$verifyElementPresent$6.call(Unknown Source)
	at poa documents.run(poa documents:50)
	at com.kms.katalon.core.main.ScriptEngine.run(ScriptEngine.java:194)
	at com.kms.katalon.core.main.ScriptEngine.runScriptAsRawText(ScriptEngine.java:119)
	at com.kms.katalon.core.main.TestCaseExecutor.runScript(TestCaseExecutor.java:328)
	at com.kms.katalon.core.main.TestCaseExecutor.doExecute(TestCaseExecutor.java:319)
	at com.kms.katalon.core.main.TestCaseExecutor.processExecutionPhase(TestCaseExecutor.java:298)
	at com.kms.katalon.core.main.TestCaseExecutor.accessMainPhase(TestCaseExecutor.java:290)
	at com.kms.katalon.core.main.TestCaseExecutor.execute(TestCaseExecutor.java:224)
	at com.kms.katalon.core.main.TestSuiteExecutor.accessTestCaseMainPhase(TestSuiteExecutor.java:129)
	at com.kms.katalon.core.main.TestSuiteExecutor.accessTestSuiteMainPhase(TestSuiteExecutor.java:112)
	at com.kms.katalon.core.main.TestSuiteExecutor.execute(TestSuiteExecutor.java:81)
	at com.kms.katalon.core.main.TestCaseMain.startTestSuite(TestCaseMain.java:149)
	at com.kms.katalon.core.main.TestCaseMain$startTestSuite$0.call(Unknown Source)
	at TempTestSuite1555498970422.run(TempTestSuite1555498970422.groovy:36)]]></system-err>
      </testcase>
      <testcase name="Test Cases/verification hod/buyer/request for change" classname="Test Cases/verification hod/buyer/request for change" status="PASSED">
         <system-out><![CDATA[2019-04-17 16:07:19 - [TEST_CASE][PASSED] - Test Cases/verification hod/buyer/request for change: Test Cases/verification hod/buyer/request for change

2019-04-17 16:07:20 - [TEST_STEP][PASSED] - openBrowser(""): Browser is opened with url: ''

2019-04-17 16:07:20 - [MESSAGE][WARNING] - A browser is already opened. Closing browser and opening a new one

2019-04-17 16:07:21 - [MESSAGE][INFO] - Starting 'Chrome' driver

2019-04-17 16:07:23 - [MESSAGE][PASSED] - Browser is opened with url: ''

2019-04-17 16:07:23 - [TEST_STEP][PASSED] - navigateToUrl(url): Navigate to 'http://admin-chiragh.surge.sh' successfully

2019-04-17 16:07:32 - [MESSAGE][PASSED] - Navigate to 'http://admin-chiragh.surge.sh' successfully

2019-04-17 16:07:32 - [TEST_STEP][PASSED] - maximizeWindow(): Current window maximized

2019-04-17 16:07:33 - [MESSAGE][PASSED] - Current window maximized

2019-04-17 16:07:33 - [TEST_STEP][PASSED] - waitForPageLoad(8): Wait for page load successfully

2019-04-17 16:07:33 - [MESSAGE][PASSED] - Wait for page load successfully

2019-04-17 16:07:33 - [TEST_STEP][PASSED] - click(findTestObject("Object Repository/verification hod/request for change/Page_Chiragh.com Admin/div_Username")): Object: 'Object Repository/verification hod/request for change/Page_Chiragh.com Admin/div_Username' is clicked on

2019-04-17 16:07:33 - [MESSAGE][PASSED] - Object: 'Object Repository/verification hod/request for change/Page_Chiragh.com Admin/div_Username' is clicked on

2019-04-17 16:07:33 - [TEST_STEP][PASSED] - setText(findTestObject("Object Repository/verification hod/request for change/Page_Chiragh.com Admin/input_Admin Panel_userName"), "arsalankhalid"): Text 'arsalankhalid' is set on object 'Object Repository/verification hod/request for change/Page_Chiragh.com Admin/input_Admin Panel_userName'

2019-04-17 16:07:34 - [MESSAGE][PASSED] - Text 'arsalankhalid' is set on object 'Object Repository/verification hod/request for change/Page_Chiragh.com Admin/input_Admin Panel_userName'

2019-04-17 16:07:34 - [TEST_STEP][PASSED] - click(findTestObject("Object Repository/verification hod/request for change/Page_Chiragh.com Admin/div_Password")): Object: 'Object Repository/verification hod/request for change/Page_Chiragh.com Admin/div_Password' is clicked on

2019-04-17 16:07:34 - [MESSAGE][PASSED] - Object: 'Object Repository/verification hod/request for change/Page_Chiragh.com Admin/div_Password' is clicked on

2019-04-17 16:07:34 - [TEST_STEP][PASSED] - setEncryptedText(findTestObject("Object Repository/verification hod/request for change/Page_Chiragh.com Admin/input_Username_password"), "RigbBhfdqODKcAsiUrg+1Q=="): Text ****** has been set on object 'Object Repository/verification hod/request for change/Page_Chiragh.com Admin/input_Username_password'

2019-04-17 16:07:34 - [MESSAGE][PASSED] - Text ****** has been set on object 'Object Repository/verification hod/request for change/Page_Chiragh.com Admin/input_Username_password'

2019-04-17 16:07:34 - [TEST_STEP][PASSED] - click(findTestObject("Object Repository/verification hod/request for change/Page_Chiragh.com Admin/button_Login")): Object: 'Object Repository/verification hod/request for change/Page_Chiragh.com Admin/button_Login' is clicked on

2019-04-17 16:07:34 - [MESSAGE][PASSED] - Object: 'Object Repository/verification hod/request for change/Page_Chiragh.com Admin/button_Login' is clicked on

2019-04-17 16:07:34 - [TEST_STEP][PASSED] - click(findTestObject("Object Repository/verification hod/buyer/Page_Chiragh.com Admin/a_Buyer")): Object: 'Object Repository/verification hod/buyer/Page_Chiragh.com Admin/a_Buyer' is clicked on

2019-04-17 16:07:38 - [MESSAGE][PASSED] - Object: 'Object Repository/verification hod/buyer/Page_Chiragh.com Admin/a_Buyer' is clicked on

2019-04-17 16:07:38 - [TEST_STEP][PASSED] - delay(5): Delayed 5 second(s)

2019-04-17 16:07:43 - [MESSAGE][PASSED] - Delayed 5 second(s)

2019-04-17 16:07:43 - [TEST_STEP][PASSED] - click(findTestObject("Object Repository/verification hod/request for change/Page_Chiragh.com Admin/a_Request for Change")): Object: 'Object Repository/verification hod/request for change/Page_Chiragh.com Admin/a_Request for Change' is clicked on

2019-04-17 16:07:43 - [MESSAGE][PASSED] - Object: 'Object Repository/verification hod/request for change/Page_Chiragh.com Admin/a_Request for Change' is clicked on

2019-04-17 16:07:43 - [TEST_STEP][PASSED] - delay(8): Delayed 8 second(s)

2019-04-17 16:07:51 - [MESSAGE][PASSED] - Delayed 8 second(s)

2019-04-17 16:07:51 - [TEST_STEP][PASSED] - click(findTestObject("Object Repository/verification hod/buyer/Page_Chiragh.com Admin/a_Project 51463 Most Desired 0")): Object: 'Object Repository/verification hod/buyer/Page_Chiragh.com Admin/a_Project 51463 Most Desired 0' is clicked on

2019-04-17 16:07:51 - [MESSAGE][PASSED] - Object: 'Object Repository/verification hod/buyer/Page_Chiragh.com Admin/a_Project 51463 Most Desired 0' is clicked on

2019-04-17 16:07:51 - [TEST_STEP][PASSED] - verifyElementPresent(findTestObject("Object Repository/verification hod/request for change/Page_Chiragh.com Admin/span_Your are in request for c"), 4): Object 'Object Repository/verification hod/request for change/Page_Chiragh.com Admin/span_Your are in request for c' is present

2019-04-17 16:07:52 - [MESSAGE][PASSED] - Object 'Object Repository/verification hod/request for change/Page_Chiragh.com Admin/span_Your are in request for c' is present

2019-04-17 16:07:52 - [TEST_STEP][PASSED] - verifyElementPresent(findTestObject("Object Repository/verification hod/request for change/Page_Chiragh.com Admin/span_Total Requests"), 4): Object 'Object Repository/verification hod/request for change/Page_Chiragh.com Admin/span_Total Requests' is present

2019-04-17 16:07:52 - [MESSAGE][PASSED] - Object 'Object Repository/verification hod/request for change/Page_Chiragh.com Admin/span_Total Requests' is present

2019-04-17 16:07:52 - [TEST_STEP][PASSED] - click(findTestObject("Object Repository/verification hod/request for change/Page_Chiragh.com Admin/img")): Object: 'Object Repository/verification hod/request for change/Page_Chiragh.com Admin/img' is clicked on

2019-04-17 16:07:52 - [MESSAGE][PASSED] - Object: 'Object Repository/verification hod/request for change/Page_Chiragh.com Admin/img' is clicked on

2019-04-17 16:07:52 - [TEST_STEP][PASSED] - closeBrowser(): Browser is closed

2019-04-17 16:07:53 - [MESSAGE][PASSED] - Browser is closed]]></system-out>
         <system-err><![CDATA[]]></system-err>
      </testcase>
      <testcase name="Test Cases/verification hod/seller/approved leads" classname="Test Cases/verification hod/seller/approved leads" status="PASSED">
         <system-out><![CDATA[2019-04-17 16:07:53 - [TEST_CASE][PASSED] - Test Cases/verification hod/seller/approved leads: Test Cases/verification hod/seller/approved leads

2019-04-17 16:07:53 - [TEST_STEP][PASSED] - openBrowser(""): Browser is opened with url: ''

2019-04-17 16:07:53 - [MESSAGE][INFO] - Starting 'Chrome' driver

2019-04-17 16:07:56 - [MESSAGE][PASSED] - Browser is opened with url: ''

2019-04-17 16:07:56 - [TEST_STEP][PASSED] - navigateToUrl("http://admin-chiragh.surge.sh/"): Navigate to 'http://admin-chiragh.surge.sh/' successfully

2019-04-17 16:08:05 - [MESSAGE][PASSED] - Navigate to 'http://admin-chiragh.surge.sh/' successfully

2019-04-17 16:08:05 - [TEST_STEP][PASSED] - maximizeWindow(): Current window maximized

2019-04-17 16:08:06 - [MESSAGE][PASSED] - Current window maximized

2019-04-17 16:08:06 - [TEST_STEP][PASSED] - waitForPageLoad(8): Wait for page load successfully

2019-04-17 16:08:06 - [MESSAGE][PASSED] - Wait for page load successfully

2019-04-17 16:08:06 - [TEST_STEP][PASSED] - click(findTestObject("Object Repository/verification hod/approved leads tab/Page_Chiragh.com Admin/div_Username")): Object: 'Object Repository/verification hod/approved leads tab/Page_Chiragh.com Admin/div_Username' is clicked on

2019-04-17 16:08:06 - [MESSAGE][PASSED] - Object: 'Object Repository/verification hod/approved leads tab/Page_Chiragh.com Admin/div_Username' is clicked on

2019-04-17 16:08:06 - [TEST_STEP][PASSED] - setText(findTestObject("Object Repository/verification hod/approved leads tab/Page_Chiragh.com Admin/input_Admin Panel_userName"), "arsalankhalid"): Text 'arsalankhalid' is set on object 'Object Repository/verification hod/approved leads tab/Page_Chiragh.com Admin/input_Admin Panel_userName'

2019-04-17 16:08:07 - [MESSAGE][PASSED] - Text 'arsalankhalid' is set on object 'Object Repository/verification hod/approved leads tab/Page_Chiragh.com Admin/input_Admin Panel_userName'

2019-04-17 16:08:07 - [TEST_STEP][PASSED] - setEncryptedText(findTestObject("Object Repository/verification hod/approved leads tab/Page_Chiragh.com Admin/input_Username_password"), "RigbBhfdqODKcAsiUrg+1Q=="): Text ****** has been set on object 'Object Repository/verification hod/approved leads tab/Page_Chiragh.com Admin/input_Username_password'

2019-04-17 16:08:07 - [MESSAGE][PASSED] - Text ****** has been set on object 'Object Repository/verification hod/approved leads tab/Page_Chiragh.com Admin/input_Username_password'

2019-04-17 16:08:07 - [TEST_STEP][PASSED] - click(findTestObject("Object Repository/verification hod/approved leads tab/Page_Chiragh.com Admin/button_Login")): Object: 'Object Repository/verification hod/approved leads tab/Page_Chiragh.com Admin/button_Login' is clicked on

2019-04-17 16:08:07 - [MESSAGE][PASSED] - Object: 'Object Repository/verification hod/approved leads tab/Page_Chiragh.com Admin/button_Login' is clicked on

2019-04-17 16:08:07 - [TEST_STEP][PASSED] - click(findTestObject("Object Repository/verification hod/approved leads tab/Page_Chiragh.com Admin/a_Approved Leads")): Object: 'Object Repository/verification hod/approved leads tab/Page_Chiragh.com Admin/a_Approved Leads' is clicked on

2019-04-17 16:08:11 - [MESSAGE][PASSED] - Object: 'Object Repository/verification hod/approved leads tab/Page_Chiragh.com Admin/a_Approved Leads' is clicked on

2019-04-17 16:08:11 - [TEST_STEP][PASSED] - delay(15): Delayed 15 second(s)

2019-04-17 16:08:26 - [MESSAGE][PASSED] - Delayed 15 second(s)

2019-04-17 16:08:26 - [TEST_STEP][PASSED] - if (verifyElementPresent(findTestObject("Object Repository/verification hod/approved leads tab/Page_Chiragh.com Admin/th_Assignee"), 4) && verifyElementPresent(findTestObject("Object Repository/verification hod/approved leads tab/Page_Chiragh.com Admin/span_Approved"), 4)): Browser is closed

2019-04-17 16:08:26 - [MESSAGE][PASSED] - Object 'Object Repository/verification hod/approved leads tab/Page_Chiragh.com Admin/th_Assignee' is present

2019-04-17 16:08:26 - [MESSAGE][PASSED] - Object 'Object Repository/verification hod/approved leads tab/Page_Chiragh.com Admin/span_Approved' is present

2019-04-17 16:08:26 - [TEST_STEP][PASSED] - closeBrowser(): Browser is closed

2019-04-17 16:08:27 - [MESSAGE][PASSED] - Browser is closed]]></system-out>
         <system-err><![CDATA[]]></system-err>
      </testcase>
      <testcase name="Test Cases/verification hod/seller/archived leads tab" classname="Test Cases/verification hod/seller/archived leads tab" status="PASSED">
         <system-out><![CDATA[2019-04-17 16:08:27 - [TEST_CASE][PASSED] - Test Cases/verification hod/seller/archived leads tab: Test Cases/verification hod/seller/archived leads tab

2019-04-17 16:08:27 - [TEST_STEP][PASSED] - openBrowser(""): Browser is opened with url: ''

2019-04-17 16:08:27 - [MESSAGE][INFO] - Starting 'Chrome' driver

2019-04-17 16:08:29 - [MESSAGE][PASSED] - Browser is opened with url: ''

2019-04-17 16:08:29 - [TEST_STEP][PASSED] - navigateToUrl("http://admin-chiragh.surge.sh/"): Navigate to 'http://admin-chiragh.surge.sh/' successfully

2019-04-17 16:08:38 - [MESSAGE][PASSED] - Navigate to 'http://admin-chiragh.surge.sh/' successfully

2019-04-17 16:08:38 - [TEST_STEP][PASSED] - maximizeWindow(): Current window maximized

2019-04-17 16:08:39 - [MESSAGE][PASSED] - Current window maximized

2019-04-17 16:08:39 - [TEST_STEP][PASSED] - waitForPageLoad(8): Wait for page load successfully

2019-04-17 16:08:39 - [MESSAGE][PASSED] - Wait for page load successfully

2019-04-17 16:08:39 - [TEST_STEP][PASSED] - click(findTestObject("Object Repository/verification hod/archived leads tab/Page_Chiragh.com Admin/div_Username")): Object: 'Object Repository/verification hod/archived leads tab/Page_Chiragh.com Admin/div_Username' is clicked on

2019-04-17 16:08:40 - [MESSAGE][PASSED] - Object: 'Object Repository/verification hod/archived leads tab/Page_Chiragh.com Admin/div_Username' is clicked on

2019-04-17 16:08:40 - [TEST_STEP][PASSED] - setText(findTestObject("Object Repository/verification hod/archived leads tab/Page_Chiragh.com Admin/input_Admin Panel_userName"), "arsalankhalid"): Text 'arsalankhalid' is set on object 'Object Repository/verification hod/archived leads tab/Page_Chiragh.com Admin/input_Admin Panel_userName'

2019-04-17 16:08:40 - [MESSAGE][PASSED] - Text 'arsalankhalid' is set on object 'Object Repository/verification hod/archived leads tab/Page_Chiragh.com Admin/input_Admin Panel_userName'

2019-04-17 16:08:40 - [TEST_STEP][PASSED] - click(findTestObject("Object Repository/verification hod/archived leads tab/Page_Chiragh.com Admin/div_Password")): Object: 'Object Repository/verification hod/archived leads tab/Page_Chiragh.com Admin/div_Password' is clicked on

2019-04-17 16:08:40 - [MESSAGE][PASSED] - Object: 'Object Repository/verification hod/archived leads tab/Page_Chiragh.com Admin/div_Password' is clicked on

2019-04-17 16:08:40 - [TEST_STEP][PASSED] - setEncryptedText(findTestObject("Object Repository/verification hod/archived leads tab/Page_Chiragh.com Admin/input_Username_password"), "RigbBhfdqODKcAsiUrg+1Q=="): Text ****** has been set on object 'Object Repository/verification hod/archived leads tab/Page_Chiragh.com Admin/input_Username_password'

2019-04-17 16:08:40 - [MESSAGE][PASSED] - Text ****** has been set on object 'Object Repository/verification hod/archived leads tab/Page_Chiragh.com Admin/input_Username_password'

2019-04-17 16:08:40 - [TEST_STEP][PASSED] - doubleClick(findTestObject("Object Repository/verification hod/archived leads tab/Page_Chiragh.com Admin/span_Login")): Object: 'Object Repository/verification hod/archived leads tab/Page_Chiragh.com Admin/span_Login' is double clicked on

2019-04-17 16:08:40 - [MESSAGE][PASSED] - Object: 'Object Repository/verification hod/archived leads tab/Page_Chiragh.com Admin/span_Login' is double clicked on

2019-04-17 16:08:40 - [TEST_STEP][PASSED] - click(findTestObject("Object Repository/verification hod/archived leads tab/Page_Chiragh.com Admin/a_Archived Leads")): Object: 'Object Repository/verification hod/archived leads tab/Page_Chiragh.com Admin/a_Archived Leads' is clicked on

2019-04-17 16:08:44 - [MESSAGE][PASSED] - Object: 'Object Repository/verification hod/archived leads tab/Page_Chiragh.com Admin/a_Archived Leads' is clicked on

2019-04-17 16:08:44 - [TEST_STEP][PASSED] - delay(10): Delayed 10 second(s)

2019-04-17 16:08:54 - [MESSAGE][PASSED] - Delayed 10 second(s)

2019-04-17 16:08:54 - [TEST_STEP][PASSED] - if (verifyElementPresent(findTestObject("Object Repository/verification hod/archived leads tab/Page_Chiragh.com Admin/th_Assignee"), 4) && verifyElementPresent(findTestObject("Object Repository/verification hod/archived leads tab/Page_Chiragh.com Admin/span_archived"), 4)): Browser is closed

2019-04-17 16:08:54 - [MESSAGE][PASSED] - Object 'Object Repository/verification hod/archived leads tab/Page_Chiragh.com Admin/th_Assignee' is present

2019-04-17 16:08:54 - [MESSAGE][PASSED] - Object 'Object Repository/verification hod/archived leads tab/Page_Chiragh.com Admin/span_archived' is present

2019-04-17 16:08:54 - [TEST_STEP][PASSED] - closeBrowser(): Browser is closed

2019-04-17 16:08:55 - [MESSAGE][PASSED] - Browser is closed]]></system-out>
         <system-err><![CDATA[]]></system-err>
      </testcase>
      <testcase name="Test Cases/verification hod/seller/In process tab" classname="Test Cases/verification hod/seller/In process tab" status="PASSED">
         <system-out><![CDATA[2019-04-17 16:08:55 - [TEST_CASE][PASSED] - Test Cases/verification hod/seller/In process tab: Test Cases/verification hod/seller/In process tab

2019-04-17 16:08:55 - [TEST_STEP][PASSED] - openBrowser(""): Browser is opened with url: ''

2019-04-17 16:08:55 - [MESSAGE][INFO] - Starting 'Chrome' driver

2019-04-17 16:08:58 - [MESSAGE][PASSED] - Browser is opened with url: ''

2019-04-17 16:08:58 - [TEST_STEP][PASSED] - navigateToUrl("http://admin-chiragh.surge.sh/"): Navigate to 'http://admin-chiragh.surge.sh/' successfully

2019-04-17 16:09:07 - [MESSAGE][PASSED] - Navigate to 'http://admin-chiragh.surge.sh/' successfully

2019-04-17 16:09:07 - [TEST_STEP][PASSED] - maximizeWindow(): Current window maximized

2019-04-17 16:09:08 - [MESSAGE][PASSED] - Current window maximized

2019-04-17 16:09:08 - [TEST_STEP][PASSED] - waitForPageLoad(8): Wait for page load successfully

2019-04-17 16:09:08 - [MESSAGE][PASSED] - Wait for page load successfully

2019-04-17 16:09:08 - [TEST_STEP][PASSED] - setText(findTestObject("Object Repository/verification hod/in process tab/Page_Chiragh.com Admin/input_Admin Panel_userName"), "arsalankhalid"): Text 'arsalankhalid' is set on object 'Object Repository/verification hod/in process tab/Page_Chiragh.com Admin/input_Admin Panel_userName'

2019-04-17 16:09:08 - [MESSAGE][PASSED] - Text 'arsalankhalid' is set on object 'Object Repository/verification hod/in process tab/Page_Chiragh.com Admin/input_Admin Panel_userName'

2019-04-17 16:09:08 - [TEST_STEP][PASSED] - click(findTestObject("Object Repository/verification hod/in process tab/Page_Chiragh.com Admin/div_Password")): Object: 'Object Repository/verification hod/in process tab/Page_Chiragh.com Admin/div_Password' is clicked on

2019-04-17 16:09:08 - [MESSAGE][PASSED] - Object: 'Object Repository/verification hod/in process tab/Page_Chiragh.com Admin/div_Password' is clicked on

2019-04-17 16:09:08 - [TEST_STEP][PASSED] - setEncryptedText(findTestObject("Object Repository/verification hod/in process tab/Page_Chiragh.com Admin/input_Username_password"), "RigbBhfdqODKcAsiUrg+1Q=="): Text ****** has been set on object 'Object Repository/verification hod/in process tab/Page_Chiragh.com Admin/input_Username_password'

2019-04-17 16:09:08 - [MESSAGE][PASSED] - Text ****** has been set on object 'Object Repository/verification hod/in process tab/Page_Chiragh.com Admin/input_Username_password'

2019-04-17 16:09:08 - [TEST_STEP][PASSED] - click(findTestObject("Object Repository/verification hod/in process tab/Page_Chiragh.com Admin/button_Login")): Object: 'Object Repository/verification hod/in process tab/Page_Chiragh.com Admin/button_Login' is clicked on

2019-04-17 16:09:08 - [MESSAGE][PASSED] - Object: 'Object Repository/verification hod/in process tab/Page_Chiragh.com Admin/button_Login' is clicked on

2019-04-17 16:09:08 - [TEST_STEP][PASSED] - click(findTestObject("Object Repository/verification hod/in process tab/Page_Chiragh.com Admin/a_In Process")): Object: 'Object Repository/verification hod/in process tab/Page_Chiragh.com Admin/a_In Process' is clicked on

2019-04-17 16:09:12 - [MESSAGE][PASSED] - Object: 'Object Repository/verification hod/in process tab/Page_Chiragh.com Admin/a_In Process' is clicked on

2019-04-17 16:09:12 - [TEST_STEP][PASSED] - delay(10): Delayed 10 second(s)

2019-04-17 16:09:22 - [MESSAGE][PASSED] - Delayed 10 second(s)

2019-04-17 16:09:22 - [TEST_STEP][PASSED] - if (verifyElementPresent(findTestObject("Object Repository/verification hod/in process tab/Page_Chiragh.com Admin/th_Assignee"), 4) && verifyElementPresent(findTestObject("Object Repository/verification hod/in process tab/Page_Chiragh.com Admin/span_in process"), 4)): Browser is closed

2019-04-17 16:09:22 - [MESSAGE][PASSED] - Object 'Object Repository/verification hod/in process tab/Page_Chiragh.com Admin/th_Assignee' is present

2019-04-17 16:09:22 - [MESSAGE][PASSED] - Object 'Object Repository/verification hod/in process tab/Page_Chiragh.com Admin/span_in process' is present

2019-04-17 16:09:22 - [TEST_STEP][PASSED] - closeBrowser(): Browser is closed

2019-04-17 16:09:23 - [MESSAGE][PASSED] - Browser is closed]]></system-out>
         <system-err><![CDATA[]]></system-err>
      </testcase>
      <testcase name="Test Cases/verification hod/seller/mortgage document" classname="Test Cases/verification hod/seller/mortgage document" status="FAILED">
         <failure type="FAILED" message="Test Cases/verification hod/seller/mortgage document FAILED.
Reason:
com.kms.katalon.core.exception.StepFailedException: Unable to click on object 'Object Repository/verification hod/property details present/Page_Chiragh.com Admin/a_Murazik Manors 6 Beds Villa' (Root cause: org.openqa.selenium.WebDriverException: unknown error: Element ...&lt;a _ngcontent-c48=&quot;&quot; class=&quot;property-details-link&quot; data-target=&quot;#propertyDetailsModal&quot; data-toggle=&quot;modal&quot;>&lt;/a> is not clickable at point (159, 210). Other element would receive the click: &lt;div _ngcontent-c48=&quot;&quot; class=&quot;new-leads&quot;>...&lt;/div>
  (Session info: chrome=73.0.3683.103)
  (Driver info: chromedriver=2.43.600210 (68dcf5eebde37173d4027fa8635e332711d2874a),platform=Windows NT 10.0.17134 x86_64) (WARNING: The server did not provide any stacktrace information)
Command duration or timeout: 0 milliseconds
Build info: version: '3.7.1', revision: '8a0099a', time: '2017-11-06T21:07:36.161Z'
System info: host: 'DESKTOP-2D7LI1O', ip: '192.168.0.163', os.name: 'Windows 10', os.arch: 'amd64', os.version: '10.0', java.version: '1.8.0_181'
Driver info: com.kms.katalon.selenium.driver.CChromeDriver
Capabilities {acceptInsecureCerts: false, acceptSslCerts: false, applicationCacheEnabled: false, browserConnectionEnabled: false, browserName: chrome, chrome: {chromedriverVersion: 2.43.600210 (68dcf5eebde371..., userDataDir: C:\Users\HP\AppData\Local\T...}, cssSelectorsEnabled: true, databaseEnabled: false, goog:chromeOptions: {debuggerAddress: localhost:60570}, handlesAlerts: true, hasTouchScreen: false, javascriptEnabled: true, locationContextEnabled: true, mobileEmulationEnabled: false, nativeEvents: true, networkConnectionEnabled: false, pageLoadStrategy: normal, platform: XP, platformName: XP, rotatable: false, setWindowRect: true, takesHeapSnapshot: true, takesScreenshot: true, unexpectedAlertBehaviour: , unhandledPromptBehavior: , version: 73.0.3683.103, webStorageEnabled: true}
Session ID: 0244e41f134947013bc7316c9156df8d)
	at com.kms.katalon.core.keyword.internal.KeywordMain.stepFailed(KeywordMain.groovy:36)
	at com.kms.katalon.core.webui.keyword.internal.WebUIKeywordMain.stepFailed(WebUIKeywordMain.groovy:65)
	at com.kms.katalon.core.webui.keyword.internal.WebUIKeywordMain.runKeyword(WebUIKeywordMain.groovy:27)
	at com.kms.katalon.core.webui.keyword.builtin.ClickKeyword.click(ClickKeyword.groovy:86)
	at com.kms.katalon.core.webui.keyword.builtin.ClickKeyword.execute(ClickKeyword.groovy:67)
	at com.kms.katalon.core.keyword.internal.KeywordExecutor.executeKeywordForPlatform(KeywordExecutor.groovy:53)
	at com.kms.katalon.core.webui.keyword.WebUiBuiltInKeywords.click(WebUiBuiltInKeywords.groovy:616)
	at com.kms.katalon.core.webui.keyword.WebUiBuiltInKeywords$click$3.call(Unknown Source)
	at mortgage document.run(mortgage document:38)
	at com.kms.katalon.core.main.ScriptEngine.run(ScriptEngine.java:194)
	at com.kms.katalon.core.main.ScriptEngine.runScriptAsRawText(ScriptEngine.java:119)
	at com.kms.katalon.core.main.TestCaseExecutor.runScript(TestCaseExecutor.java:328)
	at com.kms.katalon.core.main.TestCaseExecutor.doExecute(TestCaseExecutor.java:319)
	at com.kms.katalon.core.main.TestCaseExecutor.processExecutionPhase(TestCaseExecutor.java:298)
	at com.kms.katalon.core.main.TestCaseExecutor.accessMainPhase(TestCaseExecutor.java:290)
	at com.kms.katalon.core.main.TestCaseExecutor.execute(TestCaseExecutor.java:224)
	at com.kms.katalon.core.main.TestSuiteExecutor.accessTestCaseMainPhase(TestSuiteExecutor.java:129)
	at com.kms.katalon.core.main.TestSuiteExecutor.accessTestSuiteMainPhase(TestSuiteExecutor.java:112)
	at com.kms.katalon.core.main.TestSuiteExecutor.execute(TestSuiteExecutor.java:81)
	at com.kms.katalon.core.main.TestCaseMain.startTestSuite(TestCaseMain.java:149)
	at com.kms.katalon.core.main.TestCaseMain$startTestSuite$0.call(Unknown Source)
	at TempTestSuite1555498970422.run(TempTestSuite1555498970422.groovy:36)
"/>
         <system-out><![CDATA[2019-04-17 16:09:23 - [TEST_CASE][FAILED] - Test Cases/verification hod/seller/mortgage document: Test Cases/verification hod/seller/mortgage document FAILED.
Reason:
com.kms.katalon.core.exception.StepFailedException: Unable to click on object 'Object Repository/verification hod/property details present/Page_Chiragh.com Admin/a_Murazik Manors 6 Beds Villa' (Root cause: org.openqa.selenium.WebDriverException: unknown error: Element ...<a _ngcontent-c48="" class="property-details-link" data-target="#propertyDetailsModal" data-toggle="modal"></a> is not clickable at point (159, 210). Other element would receive the click: <div _ngcontent-c48="" class="new-leads">...</div>
  (Session info: chrome=73.0.3683.103)
  (Driver info: chromedriver=2.43.600210 (68dcf5eebde37173d4027fa8635e332711d2874a),platform=Windows NT 10.0.17134 x86_64) (WARNING: The server did not provide any stacktrace information)
Command duration or timeout: 0 milliseconds
Build info: version: '3.7.1', revision: '8a0099a', time: '2017-11-06T21:07:36.161Z'
System info: host: 'DESKTOP-2D7LI1O', ip: '192.168.0.163', os.name: 'Windows 10', os.arch: 'amd64', os.version: '10.0', java.version: '1.8.0_181'
Driver info: com.kms.katalon.selenium.driver.CChromeDriver
Capabilities {acceptInsecureCerts: false, acceptSslCerts: false, applicationCacheEnabled: false, browserConnectionEnabled: false, browserName: chrome, chrome: {chromedriverVersion: 2.43.600210 (68dcf5eebde371..., userDataDir: C:\Users\HP\AppData\Local\T...}, cssSelectorsEnabled: true, databaseEnabled: false, goog:chromeOptions: {debuggerAddress: localhost:60570}, handlesAlerts: true, hasTouchScreen: false, javascriptEnabled: true, locationContextEnabled: true, mobileEmulationEnabled: false, nativeEvents: true, networkConnectionEnabled: false, pageLoadStrategy: normal, platform: XP, platformName: XP, rotatable: false, setWindowRect: true, takesHeapSnapshot: true, takesScreenshot: true, unexpectedAlertBehaviour: , unhandledPromptBehavior: , version: 73.0.3683.103, webStorageEnabled: true}
Session ID: 0244e41f134947013bc7316c9156df8d)
	at com.kms.katalon.core.keyword.internal.KeywordMain.stepFailed(KeywordMain.groovy:36)
	at com.kms.katalon.core.webui.keyword.internal.WebUIKeywordMain.stepFailed(WebUIKeywordMain.groovy:65)
	at com.kms.katalon.core.webui.keyword.internal.WebUIKeywordMain.runKeyword(WebUIKeywordMain.groovy:27)
	at com.kms.katalon.core.webui.keyword.builtin.ClickKeyword.click(ClickKeyword.groovy:86)
	at com.kms.katalon.core.webui.keyword.builtin.ClickKeyword.execute(ClickKeyword.groovy:67)
	at com.kms.katalon.core.keyword.internal.KeywordExecutor.executeKeywordForPlatform(KeywordExecutor.groovy:53)
	at com.kms.katalon.core.webui.keyword.WebUiBuiltInKeywords.click(WebUiBuiltInKeywords.groovy:616)
	at com.kms.katalon.core.webui.keyword.WebUiBuiltInKeywords$click$3.call(Unknown Source)
	at mortgage document.run(mortgage document:38)
	at com.kms.katalon.core.main.ScriptEngine.run(ScriptEngine.java:194)
	at com.kms.katalon.core.main.ScriptEngine.runScriptAsRawText(ScriptEngine.java:119)
	at com.kms.katalon.core.main.TestCaseExecutor.runScript(TestCaseExecutor.java:328)
	at com.kms.katalon.core.main.TestCaseExecutor.doExecute(TestCaseExecutor.java:319)
	at com.kms.katalon.core.main.TestCaseExecutor.processExecutionPhase(TestCaseExecutor.java:298)
	at com.kms.katalon.core.main.TestCaseExecutor.accessMainPhase(TestCaseExecutor.java:290)
	at com.kms.katalon.core.main.TestCaseExecutor.execute(TestCaseExecutor.java:224)
	at com.kms.katalon.core.main.TestSuiteExecutor.accessTestCaseMainPhase(TestSuiteExecutor.java:129)
	at com.kms.katalon.core.main.TestSuiteExecutor.accessTestSuiteMainPhase(TestSuiteExecutor.java:112)
	at com.kms.katalon.core.main.TestSuiteExecutor.execute(TestSuiteExecutor.java:81)
	at com.kms.katalon.core.main.TestCaseMain.startTestSuite(TestCaseMain.java:149)
	at com.kms.katalon.core.main.TestCaseMain$startTestSuite$0.call(Unknown Source)
	at TempTestSuite1555498970422.run(TempTestSuite1555498970422.groovy:36)


2019-04-17 16:09:24 - [TEST_STEP][PASSED] - openBrowser(""): Browser is opened with url: ''

2019-04-17 16:09:24 - [MESSAGE][INFO] - Starting 'Chrome' driver

2019-04-17 16:09:26 - [MESSAGE][PASSED] - Browser is opened with url: ''

2019-04-17 16:09:26 - [TEST_STEP][PASSED] - navigateToUrl(url): Navigate to 'http://admin-chiragh.surge.sh' successfully

2019-04-17 16:09:35 - [MESSAGE][PASSED] - Navigate to 'http://admin-chiragh.surge.sh' successfully

2019-04-17 16:09:35 - [TEST_STEP][PASSED] - maximizeWindow(): Current window maximized

2019-04-17 16:09:36 - [MESSAGE][PASSED] - Current window maximized

2019-04-17 16:09:36 - [TEST_STEP][PASSED] - waitForPageLoad(8): Wait for page load successfully

2019-04-17 16:09:36 - [MESSAGE][PASSED] - Wait for page load successfully

2019-04-17 16:09:36 - [TEST_STEP][PASSED] - click(findTestObject("Object Repository/verification hod/property details present/Page_Chiragh.com Admin/form_Admin PanelUsernamePasswo")): Object: 'Object Repository/verification hod/property details present/Page_Chiragh.com Admin/form_Admin PanelUsernamePasswo' is clicked on

2019-04-17 16:09:37 - [MESSAGE][PASSED] - Object: 'Object Repository/verification hod/property details present/Page_Chiragh.com Admin/form_Admin PanelUsernamePasswo' is clicked on

2019-04-17 16:09:37 - [TEST_STEP][PASSED] - click(findTestObject("Object Repository/verification hod/property details present/Page_Chiragh.com Admin/div_Username")): Object: 'Object Repository/verification hod/property details present/Page_Chiragh.com Admin/div_Username' is clicked on

2019-04-17 16:09:37 - [MESSAGE][PASSED] - Object: 'Object Repository/verification hod/property details present/Page_Chiragh.com Admin/div_Username' is clicked on

2019-04-17 16:09:37 - [TEST_STEP][PASSED] - setText(findTestObject("Object Repository/verification hod/property details present/Page_Chiragh.com Admin/input_Admin Panel_userName"), "arsalankhalid"): Text 'arsalankhalid' is set on object 'Object Repository/verification hod/property details present/Page_Chiragh.com Admin/input_Admin Panel_userName'

2019-04-17 16:09:37 - [MESSAGE][PASSED] - Text 'arsalankhalid' is set on object 'Object Repository/verification hod/property details present/Page_Chiragh.com Admin/input_Admin Panel_userName'

2019-04-17 16:09:37 - [TEST_STEP][PASSED] - setEncryptedText(findTestObject("Object Repository/verification hod/property details present/Page_Chiragh.com Admin/input_Username_password"), "RigbBhfdqODKcAsiUrg+1Q=="): Text ****** has been set on object 'Object Repository/verification hod/property details present/Page_Chiragh.com Admin/input_Username_password'

2019-04-17 16:09:37 - [MESSAGE][PASSED] - Text ****** has been set on object 'Object Repository/verification hod/property details present/Page_Chiragh.com Admin/input_Username_password'

2019-04-17 16:09:37 - [TEST_STEP][PASSED] - click(findTestObject("Object Repository/verification hod/property details present/Page_Chiragh.com Admin/button_Login")): Object: 'Object Repository/verification hod/property details present/Page_Chiragh.com Admin/button_Login' is clicked on

2019-04-17 16:09:37 - [MESSAGE][PASSED] - Object: 'Object Repository/verification hod/property details present/Page_Chiragh.com Admin/button_Login' is clicked on

2019-04-17 16:09:37 - [TEST_STEP][PASSED] - click(findTestObject("Object Repository/verification hod/property details present/Page_Chiragh.com Admin/a_In Process")): Object: 'Object Repository/verification hod/property details present/Page_Chiragh.com Admin/a_In Process' is clicked on

2019-04-17 16:09:41 - [MESSAGE][PASSED] - Object: 'Object Repository/verification hod/property details present/Page_Chiragh.com Admin/a_In Process' is clicked on

2019-04-17 16:09:41 - [TEST_STEP][FAILED] - click(findTestObject("Object Repository/verification hod/property details present/Page_Chiragh.com Admin/a_Murazik Manors 6 Beds Villa")): click(findTestObject("Object Repository/verification hod/property details present/Page_Chiragh.com Admin/a_Murazik Manors 6 Beds Villa")) FAILED.
Reason:
com.kms.katalon.core.exception.StepFailedException: Unable to click on object 'Object Repository/verification hod/property details present/Page_Chiragh.com Admin/a_Murazik Manors 6 Beds Villa' (Root cause: org.openqa.selenium.WebDriverException: unknown error: Element ...<a _ngcontent-c48="" class="property-details-link" data-target="#propertyDetailsModal" data-toggle="modal"></a> is not clickable at point (159, 210). Other element would receive the click: <div _ngcontent-c48="" class="new-leads">...</div>
  (Session info: chrome=73.0.3683.103)
  (Driver info: chromedriver=2.43.600210 (68dcf5eebde37173d4027fa8635e332711d2874a),platform=Windows NT 10.0.17134 x86_64) (WARNING: The server did not provide any stacktrace information)
Command duration or timeout: 0 milliseconds
Build info: version: '3.7.1', revision: '8a0099a', time: '2017-11-06T21:07:36.161Z'
System info: host: 'DESKTOP-2D7LI1O', ip: '192.168.0.163', os.name: 'Windows 10', os.arch: 'amd64', os.version: '10.0', java.version: '1.8.0_181'
Driver info: com.kms.katalon.selenium.driver.CChromeDriver
Capabilities {acceptInsecureCerts: false, acceptSslCerts: false, applicationCacheEnabled: false, browserConnectionEnabled: false, browserName: chrome, chrome: {chromedriverVersion: 2.43.600210 (68dcf5eebde371..., userDataDir: C:\Users\HP\AppData\Local\T...}, cssSelectorsEnabled: true, databaseEnabled: false, goog:chromeOptions: {debuggerAddress: localhost:60570}, handlesAlerts: true, hasTouchScreen: false, javascriptEnabled: true, locationContextEnabled: true, mobileEmulationEnabled: false, nativeEvents: true, networkConnectionEnabled: false, pageLoadStrategy: normal, platform: XP, platformName: XP, rotatable: false, setWindowRect: true, takesHeapSnapshot: true, takesScreenshot: true, unexpectedAlertBehaviour: , unhandledPromptBehavior: , version: 73.0.3683.103, webStorageEnabled: true}
Session ID: 0244e41f134947013bc7316c9156df8d)
	at com.kms.katalon.core.keyword.internal.KeywordMain.stepFailed(KeywordMain.groovy:36)
	at com.kms.katalon.core.webui.keyword.internal.WebUIKeywordMain.stepFailed(WebUIKeywordMain.groovy:65)
	at com.kms.katalon.core.webui.keyword.internal.WebUIKeywordMain.runKeyword(WebUIKeywordMain.groovy:27)
	at com.kms.katalon.core.webui.keyword.builtin.ClickKeyword.click(ClickKeyword.groovy:86)
	at com.kms.katalon.core.webui.keyword.builtin.ClickKeyword.execute(ClickKeyword.groovy:67)
	at com.kms.katalon.core.keyword.internal.KeywordExecutor.executeKeywordForPlatform(KeywordExecutor.groovy:53)
	at com.kms.katalon.core.webui.keyword.WebUiBuiltInKeywords.click(WebUiBuiltInKeywords.groovy:616)
	at com.kms.katalon.core.webui.keyword.WebUiBuiltInKeywords$click$3.call(Unknown Source)
	at mortgage document.run(mortgage document:38)
	at com.kms.katalon.core.main.ScriptEngine.run(ScriptEngine.java:194)
	at com.kms.katalon.core.main.ScriptEngine.runScriptAsRawText(ScriptEngine.java:119)
	at com.kms.katalon.core.main.TestCaseExecutor.runScript(TestCaseExecutor.java:328)
	at com.kms.katalon.core.main.TestCaseExecutor.doExecute(TestCaseExecutor.java:319)
	at com.kms.katalon.core.main.TestCaseExecutor.processExecutionPhase(TestCaseExecutor.java:298)
	at com.kms.katalon.core.main.TestCaseExecutor.accessMainPhase(TestCaseExecutor.java:290)
	at com.kms.katalon.core.main.TestCaseExecutor.execute(TestCaseExecutor.java:224)
	at com.kms.katalon.core.main.TestSuiteExecutor.accessTestCaseMainPhase(TestSuiteExecutor.java:129)
	at com.kms.katalon.core.main.TestSuiteExecutor.accessTestSuiteMainPhase(TestSuiteExecutor.java:112)
	at com.kms.katalon.core.main.TestSuiteExecutor.execute(TestSuiteExecutor.java:81)
	at com.kms.katalon.core.main.TestCaseMain.startTestSuite(TestCaseMain.java:149)
	at com.kms.katalon.core.main.TestCaseMain$startTestSuite$0.call(Unknown Source)
	at TempTestSuite1555498970422.run(TempTestSuite1555498970422.groovy:36)


2019-04-17 16:09:48 - [MESSAGE][FAILED] - Unable to click on object 'Object Repository/verification hod/property details present/Page_Chiragh.com Admin/a_Murazik Manors 6 Beds Villa' (Root cause: org.openqa.selenium.WebDriverException: unknown error: Element ...<a _ngcontent-c48="" class="property-details-link" data-target="#propertyDetailsModal" data-toggle="modal"></a> is not clickable at point (159, 210). Other element would receive the click: <div _ngcontent-c48="" class="new-leads">...</div>
  (Session info: chrome=73.0.3683.103)
  (Driver info: chromedriver=2.43.600210 (68dcf5eebde37173d4027fa8635e332711d2874a),platform=Windows NT 10.0.17134 x86_64) (WARNING: The server did not provide any stacktrace information)
Command duration or timeout: 0 milliseconds
Build info: version: '3.7.1', revision: '8a0099a', time: '2017-11-06T21:07:36.161Z'
System info: host: 'DESKTOP-2D7LI1O', ip: '192.168.0.163', os.name: 'Windows 10', os.arch: 'amd64', os.version: '10.0', java.version: '1.8.0_181'
Driver info: com.kms.katalon.selenium.driver.CChromeDriver
Capabilities {acceptInsecureCerts: false, acceptSslCerts: false, applicationCacheEnabled: false, browserConnectionEnabled: false, browserName: chrome, chrome: {chromedriverVersion: 2.43.600210 (68dcf5eebde371..., userDataDir: C:\Users\HP\AppData\Local\T...}, cssSelectorsEnabled: true, databaseEnabled: false, goog:chromeOptions: {debuggerAddress: localhost:60570}, handlesAlerts: true, hasTouchScreen: false, javascriptEnabled: true, locationContextEnabled: true, mobileEmulationEnabled: false, nativeEvents: true, networkConnectionEnabled: false, pageLoadStrategy: normal, platform: XP, platformName: XP, rotatable: false, setWindowRect: true, takesHeapSnapshot: true, takesScreenshot: true, unexpectedAlertBehaviour: , unhandledPromptBehavior: , version: 73.0.3683.103, webStorageEnabled: true}
Session ID: 0244e41f134947013bc7316c9156df8d)
[[ATTACHMENT|C:\\Users\\HP\\git\\chiraghAdminPanel\\Reports\\verificationHod\\20190417_160250\\1555499388120.png]]

2019-04-17 16:09:48 - [MESSAGE][FAILED] - click(findTestObject("Object Repository/verification hod/property details present/Page_Chiragh.com Admin/a_Murazik Manors 6 Beds Villa")) FAILED.
Reason:
com.kms.katalon.core.exception.StepFailedException: Unable to click on object 'Object Repository/verification hod/property details present/Page_Chiragh.com Admin/a_Murazik Manors 6 Beds Villa' (Root cause: org.openqa.selenium.WebDriverException: unknown error: Element ...<a _ngcontent-c48="" class="property-details-link" data-target="#propertyDetailsModal" data-toggle="modal"></a> is not clickable at point (159, 210). Other element would receive the click: <div _ngcontent-c48="" class="new-leads">...</div>
  (Session info: chrome=73.0.3683.103)
  (Driver info: chromedriver=2.43.600210 (68dcf5eebde37173d4027fa8635e332711d2874a),platform=Windows NT 10.0.17134 x86_64) (WARNING: The server did not provide any stacktrace information)
Command duration or timeout: 0 milliseconds
Build info: version: '3.7.1', revision: '8a0099a', time: '2017-11-06T21:07:36.161Z'
System info: host: 'DESKTOP-2D7LI1O', ip: '192.168.0.163', os.name: 'Windows 10', os.arch: 'amd64', os.version: '10.0', java.version: '1.8.0_181'
Driver info: com.kms.katalon.selenium.driver.CChromeDriver
Capabilities {acceptInsecureCerts: false, acceptSslCerts: false, applicationCacheEnabled: false, browserConnectionEnabled: false, browserName: chrome, chrome: {chromedriverVersion: 2.43.600210 (68dcf5eebde371..., userDataDir: C:\Users\HP\AppData\Local\T...}, cssSelectorsEnabled: true, databaseEnabled: false, goog:chromeOptions: {debuggerAddress: localhost:60570}, handlesAlerts: true, hasTouchScreen: false, javascriptEnabled: true, locationContextEnabled: true, mobileEmulationEnabled: false, nativeEvents: true, networkConnectionEnabled: false, pageLoadStrategy: normal, platform: XP, platformName: XP, rotatable: false, setWindowRect: true, takesHeapSnapshot: true, takesScreenshot: true, unexpectedAlertBehaviour: , unhandledPromptBehavior: , version: 73.0.3683.103, webStorageEnabled: true}
Session ID: 0244e41f134947013bc7316c9156df8d)
	at com.kms.katalon.core.keyword.internal.KeywordMain.stepFailed(KeywordMain.groovy:36)
	at com.kms.katalon.core.webui.keyword.internal.WebUIKeywordMain.stepFailed(WebUIKeywordMain.groovy:65)
	at com.kms.katalon.core.webui.keyword.internal.WebUIKeywordMain.runKeyword(WebUIKeywordMain.groovy:27)
	at com.kms.katalon.core.webui.keyword.builtin.ClickKeyword.click(ClickKeyword.groovy:86)
	at com.kms.katalon.core.webui.keyword.builtin.ClickKeyword.execute(ClickKeyword.groovy:67)
	at com.kms.katalon.core.keyword.internal.KeywordExecutor.executeKeywordForPlatform(KeywordExecutor.groovy:53)
	at com.kms.katalon.core.webui.keyword.WebUiBuiltInKeywords.click(WebUiBuiltInKeywords.groovy:616)
	at com.kms.katalon.core.webui.keyword.WebUiBuiltInKeywords$click$3.call(Unknown Source)
	at mortgage document.run(mortgage document:38)
	at com.kms.katalon.core.main.ScriptEngine.run(ScriptEngine.java:194)
	at com.kms.katalon.core.main.ScriptEngine.runScriptAsRawText(ScriptEngine.java:119)
	at com.kms.katalon.core.main.TestCaseExecutor.runScript(TestCaseExecutor.java:328)
	at com.kms.katalon.core.main.TestCaseExecutor.doExecute(TestCaseExecutor.java:319)
	at com.kms.katalon.core.main.TestCaseExecutor.processExecutionPhase(TestCaseExecutor.java:298)
	at com.kms.katalon.core.main.TestCaseExecutor.accessMainPhase(TestCaseExecutor.java:290)
	at com.kms.katalon.core.main.TestCaseExecutor.execute(TestCaseExecutor.java:224)
	at com.kms.katalon.core.main.TestSuiteExecutor.accessTestCaseMainPhase(TestSuiteExecutor.java:129)
	at com.kms.katalon.core.main.TestSuiteExecutor.accessTestSuiteMainPhase(TestSuiteExecutor.java:112)
	at com.kms.katalon.core.main.TestSuiteExecutor.execute(TestSuiteExecutor.java:81)
	at com.kms.katalon.core.main.TestCaseMain.startTestSuite(TestCaseMain.java:149)
	at com.kms.katalon.core.main.TestCaseMain$startTestSuite$0.call(Unknown Source)
	at TempTestSuite1555498970422.run(TempTestSuite1555498970422.groovy:36)]]></system-out>
         <system-err><![CDATA[2019-04-17 16:09:23 - [TEST_CASE][FAILED] - Test Cases/verification hod/seller/mortgage document: Test Cases/verification hod/seller/mortgage document FAILED.
Reason:
com.kms.katalon.core.exception.StepFailedException: Unable to click on object 'Object Repository/verification hod/property details present/Page_Chiragh.com Admin/a_Murazik Manors 6 Beds Villa' (Root cause: org.openqa.selenium.WebDriverException: unknown error: Element ...<a _ngcontent-c48="" class="property-details-link" data-target="#propertyDetailsModal" data-toggle="modal"></a> is not clickable at point (159, 210). Other element would receive the click: <div _ngcontent-c48="" class="new-leads">...</div>
  (Session info: chrome=73.0.3683.103)
  (Driver info: chromedriver=2.43.600210 (68dcf5eebde37173d4027fa8635e332711d2874a),platform=Windows NT 10.0.17134 x86_64) (WARNING: The server did not provide any stacktrace information)
Command duration or timeout: 0 milliseconds
Build info: version: '3.7.1', revision: '8a0099a', time: '2017-11-06T21:07:36.161Z'
System info: host: 'DESKTOP-2D7LI1O', ip: '192.168.0.163', os.name: 'Windows 10', os.arch: 'amd64', os.version: '10.0', java.version: '1.8.0_181'
Driver info: com.kms.katalon.selenium.driver.CChromeDriver
Capabilities {acceptInsecureCerts: false, acceptSslCerts: false, applicationCacheEnabled: false, browserConnectionEnabled: false, browserName: chrome, chrome: {chromedriverVersion: 2.43.600210 (68dcf5eebde371..., userDataDir: C:\Users\HP\AppData\Local\T...}, cssSelectorsEnabled: true, databaseEnabled: false, goog:chromeOptions: {debuggerAddress: localhost:60570}, handlesAlerts: true, hasTouchScreen: false, javascriptEnabled: true, locationContextEnabled: true, mobileEmulationEnabled: false, nativeEvents: true, networkConnectionEnabled: false, pageLoadStrategy: normal, platform: XP, platformName: XP, rotatable: false, setWindowRect: true, takesHeapSnapshot: true, takesScreenshot: true, unexpectedAlertBehaviour: , unhandledPromptBehavior: , version: 73.0.3683.103, webStorageEnabled: true}
Session ID: 0244e41f134947013bc7316c9156df8d)
	at com.kms.katalon.core.keyword.internal.KeywordMain.stepFailed(KeywordMain.groovy:36)
	at com.kms.katalon.core.webui.keyword.internal.WebUIKeywordMain.stepFailed(WebUIKeywordMain.groovy:65)
	at com.kms.katalon.core.webui.keyword.internal.WebUIKeywordMain.runKeyword(WebUIKeywordMain.groovy:27)
	at com.kms.katalon.core.webui.keyword.builtin.ClickKeyword.click(ClickKeyword.groovy:86)
	at com.kms.katalon.core.webui.keyword.builtin.ClickKeyword.execute(ClickKeyword.groovy:67)
	at com.kms.katalon.core.keyword.internal.KeywordExecutor.executeKeywordForPlatform(KeywordExecutor.groovy:53)
	at com.kms.katalon.core.webui.keyword.WebUiBuiltInKeywords.click(WebUiBuiltInKeywords.groovy:616)
	at com.kms.katalon.core.webui.keyword.WebUiBuiltInKeywords$click$3.call(Unknown Source)
	at mortgage document.run(mortgage document:38)
	at com.kms.katalon.core.main.ScriptEngine.run(ScriptEngine.java:194)
	at com.kms.katalon.core.main.ScriptEngine.runScriptAsRawText(ScriptEngine.java:119)
	at com.kms.katalon.core.main.TestCaseExecutor.runScript(TestCaseExecutor.java:328)
	at com.kms.katalon.core.main.TestCaseExecutor.doExecute(TestCaseExecutor.java:319)
	at com.kms.katalon.core.main.TestCaseExecutor.processExecutionPhase(TestCaseExecutor.java:298)
	at com.kms.katalon.core.main.TestCaseExecutor.accessMainPhase(TestCaseExecutor.java:290)
	at com.kms.katalon.core.main.TestCaseExecutor.execute(TestCaseExecutor.java:224)
	at com.kms.katalon.core.main.TestSuiteExecutor.accessTestCaseMainPhase(TestSuiteExecutor.java:129)
	at com.kms.katalon.core.main.TestSuiteExecutor.accessTestSuiteMainPhase(TestSuiteExecutor.java:112)
	at com.kms.katalon.core.main.TestSuiteExecutor.execute(TestSuiteExecutor.java:81)
	at com.kms.katalon.core.main.TestCaseMain.startTestSuite(TestCaseMain.java:149)
	at com.kms.katalon.core.main.TestCaseMain$startTestSuite$0.call(Unknown Source)
	at TempTestSuite1555498970422.run(TempTestSuite1555498970422.groovy:36)]]></system-err>
      </testcase>
      <testcase name="Test Cases/verification hod/seller/new leads tab" classname="Test Cases/verification hod/seller/new leads tab" status="PASSED">
         <system-out><![CDATA[2019-04-17 16:09:48 - [TEST_CASE][PASSED] - Test Cases/verification hod/seller/new leads tab: Test Cases/verification hod/seller/new leads tab

2019-04-17 16:09:49 - [TEST_STEP][PASSED] - openBrowser(""): Browser is opened with url: ''

2019-04-17 16:09:49 - [MESSAGE][WARNING] - A browser is already opened. Closing browser and opening a new one

2019-04-17 16:09:49 - [MESSAGE][INFO] - Starting 'Chrome' driver

2019-04-17 16:09:52 - [MESSAGE][PASSED] - Browser is opened with url: ''

2019-04-17 16:09:52 - [TEST_STEP][PASSED] - navigateToUrl(url): Navigate to 'http://admin-chiragh.surge.sh' successfully

2019-04-17 16:10:01 - [MESSAGE][PASSED] - Navigate to 'http://admin-chiragh.surge.sh' successfully

2019-04-17 16:10:01 - [TEST_STEP][PASSED] - maximizeWindow(): Current window maximized

2019-04-17 16:10:02 - [MESSAGE][PASSED] - Current window maximized

2019-04-17 16:10:02 - [TEST_STEP][PASSED] - waitForPageLoad(8): Wait for page load successfully

2019-04-17 16:10:02 - [MESSAGE][PASSED] - Wait for page load successfully

2019-04-17 16:10:02 - [TEST_STEP][PASSED] - setText(findTestObject("Object Repository/verification hod/new leads tab/Page_Chiragh.com Admin/input_Admin Panel_userName"), "arsalankhalid"): Text 'arsalankhalid' is set on object 'Object Repository/verification hod/new leads tab/Page_Chiragh.com Admin/input_Admin Panel_userName'

2019-04-17 16:10:02 - [MESSAGE][PASSED] - Text 'arsalankhalid' is set on object 'Object Repository/verification hod/new leads tab/Page_Chiragh.com Admin/input_Admin Panel_userName'

2019-04-17 16:10:02 - [TEST_STEP][PASSED] - click(findTestObject("Object Repository/verification hod/new leads tab/Page_Chiragh.com Admin/div_Password")): Object: 'Object Repository/verification hod/new leads tab/Page_Chiragh.com Admin/div_Password' is clicked on

2019-04-17 16:10:02 - [MESSAGE][PASSED] - Object: 'Object Repository/verification hod/new leads tab/Page_Chiragh.com Admin/div_Password' is clicked on

2019-04-17 16:10:02 - [TEST_STEP][PASSED] - setEncryptedText(findTestObject("Object Repository/verification hod/new leads tab/Page_Chiragh.com Admin/input_Username_password"), "RigbBhfdqODKcAsiUrg+1Q=="): Text ****** has been set on object 'Object Repository/verification hod/new leads tab/Page_Chiragh.com Admin/input_Username_password'

2019-04-17 16:10:03 - [MESSAGE][PASSED] - Text ****** has been set on object 'Object Repository/verification hod/new leads tab/Page_Chiragh.com Admin/input_Username_password'

2019-04-17 16:10:03 - [TEST_STEP][PASSED] - click(findTestObject("Object Repository/verification hod/new leads tab/Page_Chiragh.com Admin/button_Login")): Object: 'Object Repository/verification hod/new leads tab/Page_Chiragh.com Admin/button_Login' is clicked on

2019-04-17 16:10:03 - [MESSAGE][PASSED] - Object: 'Object Repository/verification hod/new leads tab/Page_Chiragh.com Admin/button_Login' is clicked on

2019-04-17 16:10:03 - [TEST_STEP][PASSED] - waitForPageLoad(8): Wait for page load successfully

2019-04-17 16:10:03 - [MESSAGE][PASSED] - Wait for page load successfully

2019-04-17 16:10:03 - [TEST_STEP][PASSED] - click(findTestObject("Object Repository/verification hod/new leads tab/Page_Chiragh.com Admin/a_New Leads")): Object: 'Object Repository/verification hod/new leads tab/Page_Chiragh.com Admin/a_New Leads' is clicked on

2019-04-17 16:10:06 - [MESSAGE][PASSED] - Object: 'Object Repository/verification hod/new leads tab/Page_Chiragh.com Admin/a_New Leads' is clicked on

2019-04-17 16:10:06 - [TEST_STEP][PASSED] - if (verifyElementPresent(findTestObject("Object Repository/verification hod/new leads tab/Page_Chiragh.com Admin/th_Assign To"), 4) || verifyElementPresent("Object Repository/verification hod/new leads tab/Page_Chiragh.com Admin/h3_This collection is empty..", 4)): Browser is closed

2019-04-17 16:10:08 - [MESSAGE][PASSED] - Object 'Object Repository/verification hod/new leads tab/Page_Chiragh.com Admin/th_Assign To' is present

2019-04-17 16:10:08 - [TEST_STEP][PASSED] - closeBrowser(): Browser is closed

2019-04-17 16:10:08 - [MESSAGE][PASSED] - Browser is closed]]></system-out>
         <system-err><![CDATA[]]></system-err>
      </testcase>
      <testcase name="Test Cases/verification hod/seller/owner documents" classname="Test Cases/verification hod/seller/owner documents" status="PASSED">
         <system-out><![CDATA[2019-04-17 16:10:08 - [TEST_CASE][PASSED] - Test Cases/verification hod/seller/owner documents: Test Cases/verification hod/seller/owner documents

2019-04-17 16:10:09 - [TEST_STEP][PASSED] - openBrowser(""): Browser is opened with url: ''

2019-04-17 16:10:09 - [MESSAGE][INFO] - Starting 'Chrome' driver

2019-04-17 16:10:11 - [MESSAGE][PASSED] - Browser is opened with url: ''

2019-04-17 16:10:11 - [TEST_STEP][PASSED] - navigateToUrl(url): Navigate to 'http://admin-chiragh.surge.sh' successfully

2019-04-17 16:10:20 - [MESSAGE][PASSED] - Navigate to 'http://admin-chiragh.surge.sh' successfully

2019-04-17 16:10:20 - [TEST_STEP][PASSED] - maximizeWindow(): Current window maximized

2019-04-17 16:10:21 - [MESSAGE][PASSED] - Current window maximized

2019-04-17 16:10:21 - [TEST_STEP][PASSED] - waitForPageLoad(8): Wait for page load successfully

2019-04-17 16:10:21 - [MESSAGE][PASSED] - Wait for page load successfully

2019-04-17 16:10:21 - [TEST_STEP][PASSED] - click(findTestObject("Object Repository/verification hod/property details present/Page_Chiragh.com Admin/form_Admin PanelUsernamePasswo")): Object: 'Object Repository/verification hod/property details present/Page_Chiragh.com Admin/form_Admin PanelUsernamePasswo' is clicked on

2019-04-17 16:10:22 - [MESSAGE][PASSED] - Object: 'Object Repository/verification hod/property details present/Page_Chiragh.com Admin/form_Admin PanelUsernamePasswo' is clicked on

2019-04-17 16:10:22 - [TEST_STEP][PASSED] - click(findTestObject("Object Repository/verification hod/property details present/Page_Chiragh.com Admin/div_Username")): Object: 'Object Repository/verification hod/property details present/Page_Chiragh.com Admin/div_Username' is clicked on

2019-04-17 16:10:22 - [MESSAGE][PASSED] - Object: 'Object Repository/verification hod/property details present/Page_Chiragh.com Admin/div_Username' is clicked on

2019-04-17 16:10:22 - [TEST_STEP][PASSED] - setText(findTestObject("Object Repository/verification hod/property details present/Page_Chiragh.com Admin/input_Admin Panel_userName"), "arsalankhalid"): Text 'arsalankhalid' is set on object 'Object Repository/verification hod/property details present/Page_Chiragh.com Admin/input_Admin Panel_userName'

2019-04-17 16:10:22 - [MESSAGE][PASSED] - Text 'arsalankhalid' is set on object 'Object Repository/verification hod/property details present/Page_Chiragh.com Admin/input_Admin Panel_userName'

2019-04-17 16:10:22 - [TEST_STEP][PASSED] - setEncryptedText(findTestObject("Object Repository/verification hod/property details present/Page_Chiragh.com Admin/input_Username_password"), "RigbBhfdqODKcAsiUrg+1Q=="): Text ****** has been set on object 'Object Repository/verification hod/property details present/Page_Chiragh.com Admin/input_Username_password'

2019-04-17 16:10:22 - [MESSAGE][PASSED] - Text ****** has been set on object 'Object Repository/verification hod/property details present/Page_Chiragh.com Admin/input_Username_password'

2019-04-17 16:10:22 - [TEST_STEP][PASSED] - click(findTestObject("Object Repository/verification hod/property details present/Page_Chiragh.com Admin/button_Login")): Object: 'Object Repository/verification hod/property details present/Page_Chiragh.com Admin/button_Login' is clicked on

2019-04-17 16:10:22 - [MESSAGE][PASSED] - Object: 'Object Repository/verification hod/property details present/Page_Chiragh.com Admin/button_Login' is clicked on

2019-04-17 16:10:22 - [TEST_STEP][PASSED] - click(findTestObject("Object Repository/verification hod/property details present/Page_Chiragh.com Admin/a_In Process")): Object: 'Object Repository/verification hod/property details present/Page_Chiragh.com Admin/a_In Process' is clicked on

2019-04-17 16:10:26 - [MESSAGE][PASSED] - Object: 'Object Repository/verification hod/property details present/Page_Chiragh.com Admin/a_In Process' is clicked on

2019-04-17 16:10:26 - [TEST_STEP][PASSED] - click(findTestObject("Object Repository/verification hod/property details present/Page_Chiragh.com Admin/a_Murazik Manors 6 Beds Villa")): Object: 'Object Repository/verification hod/property details present/Page_Chiragh.com Admin/a_Murazik Manors 6 Beds Villa' is clicked on

2019-04-17 16:10:32 - [MESSAGE][PASSED] - Object: 'Object Repository/verification hod/property details present/Page_Chiragh.com Admin/a_Murazik Manors 6 Beds Villa' is clicked on

2019-04-17 16:10:32 - [TEST_STEP][PASSED] - click(findTestObject("Object Repository/verification hod/property details present/Page_Chiragh.com Admin/span_Edwin")): Object: 'Object Repository/verification hod/property details present/Page_Chiragh.com Admin/span_Edwin' is clicked on

2019-04-17 16:10:33 - [MESSAGE][PASSED] - Object: 'Object Repository/verification hod/property details present/Page_Chiragh.com Admin/span_Edwin' is clicked on

2019-04-17 16:10:33 - [TEST_STEP][PASSED] - click(findTestObject("Object Repository/verification hod/property details present/Page_Chiragh.com Admin/span_Last Name")): Object: 'Object Repository/verification hod/property details present/Page_Chiragh.com Admin/span_Last Name' is clicked on

2019-04-17 16:10:34 - [MESSAGE][PASSED] - Object: 'Object Repository/verification hod/property details present/Page_Chiragh.com Admin/span_Last Name' is clicked on

2019-04-17 16:10:34 - [TEST_STEP][PASSED] - click(findTestObject("Object Repository/verification hod/property details present/Page_Chiragh.com Admin/div_Owners")): Object: 'Object Repository/verification hod/property details present/Page_Chiragh.com Admin/div_Owners' is clicked on

2019-04-17 16:10:34 - [MESSAGE][PASSED] - Object: 'Object Repository/verification hod/property details present/Page_Chiragh.com Admin/div_Owners' is clicked on

2019-04-17 16:10:34 - [TEST_STEP][PASSED] - click(findTestObject("Object Repository/verification hod/owner document/Page_Chiragh.com Admin/a_Owner 1 Bradley Jena_attachm")): Object: 'Object Repository/verification hod/owner document/Page_Chiragh.com Admin/a_Owner 1 Bradley Jena_attachm' is clicked on

2019-04-17 16:10:34 - [MESSAGE][PASSED] - Object: 'Object Repository/verification hod/owner document/Page_Chiragh.com Admin/a_Owner 1 Bradley Jena_attachm' is clicked on

2019-04-17 16:10:34 - [TEST_STEP][PASSED] - verifyElementPresent(findTestObject("Object Repository/verification hod/owner document/Page_Chiragh.com Admin/div_Scanned Passport CopyScann"), 4): Object 'Object Repository/verification hod/owner document/Page_Chiragh.com Admin/div_Scanned Passport CopyScann' is present

2019-04-17 16:10:34 - [MESSAGE][PASSED] - Object 'Object Repository/verification hod/owner document/Page_Chiragh.com Admin/div_Scanned Passport CopyScann' is present

2019-04-17 16:10:34 - [TEST_STEP][PASSED] - verifyElementPresent(findTestObject("Object Repository/verification hod/owner document/Page_Chiragh.com Admin/div_Scanned Passport Copy"), 4): Object 'Object Repository/verification hod/owner document/Page_Chiragh.com Admin/div_Scanned Passport Copy' is present

2019-04-17 16:10:34 - [MESSAGE][PASSED] - Object 'Object Repository/verification hod/owner document/Page_Chiragh.com Admin/div_Scanned Passport Copy' is present

2019-04-17 16:10:34 - [TEST_STEP][PASSED] - verifyElementPresent(findTestObject("Object Repository/verification hod/owner document/Page_Chiragh.com Admin/img"), 4): Object 'Object Repository/verification hod/owner document/Page_Chiragh.com Admin/img' is present

2019-04-17 16:10:35 - [MESSAGE][PASSED] - Object 'Object Repository/verification hod/owner document/Page_Chiragh.com Admin/img' is present

2019-04-17 16:10:35 - [TEST_STEP][PASSED] - closeBrowser(): Browser is closed

2019-04-17 16:10:35 - [MESSAGE][PASSED] - Browser is closed]]></system-out>
         <system-err><![CDATA[]]></system-err>
      </testcase>
      <testcase name="Test Cases/verification hod/seller/poa documents" classname="Test Cases/verification hod/seller/poa documents" status="FAILED">
         <failure type="FAILED" message="Test Cases/verification hod/seller/poa documents FAILED.
Reason:
com.kms.katalon.core.exception.StepFailedException: Unable to verify object 'Object Repository/verification hod/property details present/Page_Chiragh.com Admin/span_POA Status' is present (Root cause: com.kms.katalon.core.exception.StepFailedException: com.kms.katalon.core.webui.exception.WebElementNotFoundException: Web element with id: 'Object Repository/verification hod/property details present/Page_Chiragh.com Admin/span_POA Status' located by 'By.xpath: //*[@id=&quot;mat-tab-content-0-1&quot;]/div/app-poas/div/div[2]/div/div[1]/span[2]' not found)
	at com.kms.katalon.core.keyword.internal.KeywordMain.stepFailed(KeywordMain.groovy:36)
	at com.kms.katalon.core.webui.keyword.internal.WebUIKeywordMain.stepFailed(WebUIKeywordMain.groovy:65)
	at com.kms.katalon.core.webui.keyword.internal.WebUIKeywordMain.runKeyword(WebUIKeywordMain.groovy:27)
	at com.kms.katalon.core.webui.keyword.builtin.VerifyElementPresentKeyword.verifyElementPresent(VerifyElementPresentKeyword.groovy:92)
	at com.kms.katalon.core.webui.keyword.builtin.VerifyElementPresentKeyword.execute(VerifyElementPresentKeyword.groovy:68)
	at com.kms.katalon.core.keyword.internal.KeywordExecutor.executeKeywordForPlatform(KeywordExecutor.groovy:53)
	at com.kms.katalon.core.webui.keyword.WebUiBuiltInKeywords.verifyElementPresent(WebUiBuiltInKeywords.groovy:1434)
	at com.kms.katalon.core.webui.keyword.WebUiBuiltInKeywords$verifyElementPresent$6.call(Unknown Source)
	at poa documents.run(poa documents:44)
	at com.kms.katalon.core.main.ScriptEngine.run(ScriptEngine.java:194)
	at com.kms.katalon.core.main.ScriptEngine.runScriptAsRawText(ScriptEngine.java:119)
	at com.kms.katalon.core.main.TestCaseExecutor.runScript(TestCaseExecutor.java:328)
	at com.kms.katalon.core.main.TestCaseExecutor.doExecute(TestCaseExecutor.java:319)
	at com.kms.katalon.core.main.TestCaseExecutor.processExecutionPhase(TestCaseExecutor.java:298)
	at com.kms.katalon.core.main.TestCaseExecutor.accessMainPhase(TestCaseExecutor.java:290)
	at com.kms.katalon.core.main.TestCaseExecutor.execute(TestCaseExecutor.java:224)
	at com.kms.katalon.core.main.TestSuiteExecutor.accessTestCaseMainPhase(TestSuiteExecutor.java:129)
	at com.kms.katalon.core.main.TestSuiteExecutor.accessTestSuiteMainPhase(TestSuiteExecutor.java:112)
	at com.kms.katalon.core.main.TestSuiteExecutor.execute(TestSuiteExecutor.java:81)
	at com.kms.katalon.core.main.TestCaseMain.startTestSuite(TestCaseMain.java:149)
	at com.kms.katalon.core.main.TestCaseMain$startTestSuite$0.call(Unknown Source)
	at TempTestSuite1555498970422.run(TempTestSuite1555498970422.groovy:36)
"/>
         <system-out><![CDATA[2019-04-17 16:10:35 - [TEST_CASE][FAILED] - Test Cases/verification hod/seller/poa documents: Test Cases/verification hod/seller/poa documents FAILED.
Reason:
com.kms.katalon.core.exception.StepFailedException: Unable to verify object 'Object Repository/verification hod/property details present/Page_Chiragh.com Admin/span_POA Status' is present (Root cause: com.kms.katalon.core.exception.StepFailedException: com.kms.katalon.core.webui.exception.WebElementNotFoundException: Web element with id: 'Object Repository/verification hod/property details present/Page_Chiragh.com Admin/span_POA Status' located by 'By.xpath: //*[@id="mat-tab-content-0-1"]/div/app-poas/div/div[2]/div/div[1]/span[2]' not found)
	at com.kms.katalon.core.keyword.internal.KeywordMain.stepFailed(KeywordMain.groovy:36)
	at com.kms.katalon.core.webui.keyword.internal.WebUIKeywordMain.stepFailed(WebUIKeywordMain.groovy:65)
	at com.kms.katalon.core.webui.keyword.internal.WebUIKeywordMain.runKeyword(WebUIKeywordMain.groovy:27)
	at com.kms.katalon.core.webui.keyword.builtin.VerifyElementPresentKeyword.verifyElementPresent(VerifyElementPresentKeyword.groovy:92)
	at com.kms.katalon.core.webui.keyword.builtin.VerifyElementPresentKeyword.execute(VerifyElementPresentKeyword.groovy:68)
	at com.kms.katalon.core.keyword.internal.KeywordExecutor.executeKeywordForPlatform(KeywordExecutor.groovy:53)
	at com.kms.katalon.core.webui.keyword.WebUiBuiltInKeywords.verifyElementPresent(WebUiBuiltInKeywords.groovy:1434)
	at com.kms.katalon.core.webui.keyword.WebUiBuiltInKeywords$verifyElementPresent$6.call(Unknown Source)
	at poa documents.run(poa documents:44)
	at com.kms.katalon.core.main.ScriptEngine.run(ScriptEngine.java:194)
	at com.kms.katalon.core.main.ScriptEngine.runScriptAsRawText(ScriptEngine.java:119)
	at com.kms.katalon.core.main.TestCaseExecutor.runScript(TestCaseExecutor.java:328)
	at com.kms.katalon.core.main.TestCaseExecutor.doExecute(TestCaseExecutor.java:319)
	at com.kms.katalon.core.main.TestCaseExecutor.processExecutionPhase(TestCaseExecutor.java:298)
	at com.kms.katalon.core.main.TestCaseExecutor.accessMainPhase(TestCaseExecutor.java:290)
	at com.kms.katalon.core.main.TestCaseExecutor.execute(TestCaseExecutor.java:224)
	at com.kms.katalon.core.main.TestSuiteExecutor.accessTestCaseMainPhase(TestSuiteExecutor.java:129)
	at com.kms.katalon.core.main.TestSuiteExecutor.accessTestSuiteMainPhase(TestSuiteExecutor.java:112)
	at com.kms.katalon.core.main.TestSuiteExecutor.execute(TestSuiteExecutor.java:81)
	at com.kms.katalon.core.main.TestCaseMain.startTestSuite(TestCaseMain.java:149)
	at com.kms.katalon.core.main.TestCaseMain$startTestSuite$0.call(Unknown Source)
	at TempTestSuite1555498970422.run(TempTestSuite1555498970422.groovy:36)


2019-04-17 16:10:36 - [TEST_STEP][PASSED] - openBrowser(""): Browser is opened with url: ''

2019-04-17 16:10:36 - [MESSAGE][INFO] - Starting 'Chrome' driver

2019-04-17 16:10:38 - [MESSAGE][PASSED] - Browser is opened with url: ''

2019-04-17 16:10:38 - [TEST_STEP][PASSED] - navigateToUrl(url): Navigate to 'http://admin-chiragh.surge.sh' successfully

2019-04-17 16:10:47 - [MESSAGE][PASSED] - Navigate to 'http://admin-chiragh.surge.sh' successfully

2019-04-17 16:10:47 - [TEST_STEP][PASSED] - maximizeWindow(): Current window maximized

2019-04-17 16:10:48 - [MESSAGE][PASSED] - Current window maximized

2019-04-17 16:10:48 - [TEST_STEP][PASSED] - waitForPageLoad(8): Wait for page load successfully

2019-04-17 16:10:48 - [MESSAGE][PASSED] - Wait for page load successfully

2019-04-17 16:10:48 - [TEST_STEP][PASSED] - click(findTestObject("Object Repository/verification hod/property details present/Page_Chiragh.com Admin/form_Admin PanelUsernamePasswo")): Object: 'Object Repository/verification hod/property details present/Page_Chiragh.com Admin/form_Admin PanelUsernamePasswo' is clicked on

2019-04-17 16:10:48 - [MESSAGE][PASSED] - Object: 'Object Repository/verification hod/property details present/Page_Chiragh.com Admin/form_Admin PanelUsernamePasswo' is clicked on

2019-04-17 16:10:48 - [TEST_STEP][PASSED] - click(findTestObject("Object Repository/verification hod/property details present/Page_Chiragh.com Admin/div_Username")): Object: 'Object Repository/verification hod/property details present/Page_Chiragh.com Admin/div_Username' is clicked on

2019-04-17 16:10:48 - [MESSAGE][PASSED] - Object: 'Object Repository/verification hod/property details present/Page_Chiragh.com Admin/div_Username' is clicked on

2019-04-17 16:10:48 - [TEST_STEP][PASSED] - setText(findTestObject("Object Repository/verification hod/property details present/Page_Chiragh.com Admin/input_Admin Panel_userName"), "arsalankhalid"): Text 'arsalankhalid' is set on object 'Object Repository/verification hod/property details present/Page_Chiragh.com Admin/input_Admin Panel_userName'

2019-04-17 16:10:49 - [MESSAGE][PASSED] - Text 'arsalankhalid' is set on object 'Object Repository/verification hod/property details present/Page_Chiragh.com Admin/input_Admin Panel_userName'

2019-04-17 16:10:49 - [TEST_STEP][PASSED] - setEncryptedText(findTestObject("Object Repository/verification hod/property details present/Page_Chiragh.com Admin/input_Username_password"), "RigbBhfdqODKcAsiUrg+1Q=="): Text ****** has been set on object 'Object Repository/verification hod/property details present/Page_Chiragh.com Admin/input_Username_password'

2019-04-17 16:10:49 - [MESSAGE][PASSED] - Text ****** has been set on object 'Object Repository/verification hod/property details present/Page_Chiragh.com Admin/input_Username_password'

2019-04-17 16:10:49 - [TEST_STEP][PASSED] - click(findTestObject("Object Repository/verification hod/property details present/Page_Chiragh.com Admin/button_Login")): Object: 'Object Repository/verification hod/property details present/Page_Chiragh.com Admin/button_Login' is clicked on

2019-04-17 16:10:49 - [MESSAGE][PASSED] - Object: 'Object Repository/verification hod/property details present/Page_Chiragh.com Admin/button_Login' is clicked on

2019-04-17 16:10:49 - [TEST_STEP][PASSED] - click(findTestObject("Object Repository/verification hod/property details present/Page_Chiragh.com Admin/a_In Process")): Object: 'Object Repository/verification hod/property details present/Page_Chiragh.com Admin/a_In Process' is clicked on

2019-04-17 16:10:52 - [MESSAGE][PASSED] - Object: 'Object Repository/verification hod/property details present/Page_Chiragh.com Admin/a_In Process' is clicked on

2019-04-17 16:10:52 - [TEST_STEP][PASSED] - click(findTestObject("Object Repository/verification hod/property details present/Page_Chiragh.com Admin/a_Murazik Manors 6 Beds Villa")): Object: 'Object Repository/verification hod/property details present/Page_Chiragh.com Admin/a_Murazik Manors 6 Beds Villa' is clicked on

2019-04-17 16:10:59 - [MESSAGE][PASSED] - Object: 'Object Repository/verification hod/property details present/Page_Chiragh.com Admin/a_Murazik Manors 6 Beds Villa' is clicked on

2019-04-17 16:10:59 - [TEST_STEP][PASSED] - delay(5): Delayed 5 second(s)

2019-04-17 16:11:04 - [MESSAGE][PASSED] - Delayed 5 second(s)

2019-04-17 16:11:04 - [TEST_STEP][PASSED] - doubleClick(findTestObject("Object Repository/verification hod/poa documents/Page_Chiragh.com Admin/div_POAs")): Object: 'Object Repository/verification hod/poa documents/Page_Chiragh.com Admin/div_POAs' is double clicked on

2019-04-17 16:11:05 - [MESSAGE][PASSED] - Object: 'Object Repository/verification hod/poa documents/Page_Chiragh.com Admin/div_POAs' is double clicked on

2019-04-17 16:11:05 - [TEST_STEP][FAILED] - if (verifyElementPresent(findTestObject("Object Repository/verification hod/property details present/Page_Chiragh.com Admin/span_POA Status"), 4) == true): if (verifyElementPresent(findTestObject("Object Repository/verification hod/property details present/Page_Chiragh.com Admin/span_POA Status"), 4) == true) FAILED.
Reason:
com.kms.katalon.core.exception.StepFailedException: Unable to verify object 'Object Repository/verification hod/property details present/Page_Chiragh.com Admin/span_POA Status' is present (Root cause: com.kms.katalon.core.exception.StepFailedException: com.kms.katalon.core.webui.exception.WebElementNotFoundException: Web element with id: 'Object Repository/verification hod/property details present/Page_Chiragh.com Admin/span_POA Status' located by 'By.xpath: //*[@id="mat-tab-content-0-1"]/div/app-poas/div/div[2]/div/div[1]/span[2]' not found)
	at com.kms.katalon.core.keyword.internal.KeywordMain.stepFailed(KeywordMain.groovy:36)
	at com.kms.katalon.core.webui.keyword.internal.WebUIKeywordMain.stepFailed(WebUIKeywordMain.groovy:65)
	at com.kms.katalon.core.webui.keyword.internal.WebUIKeywordMain.runKeyword(WebUIKeywordMain.groovy:27)
	at com.kms.katalon.core.webui.keyword.builtin.VerifyElementPresentKeyword.verifyElementPresent(VerifyElementPresentKeyword.groovy:92)
	at com.kms.katalon.core.webui.keyword.builtin.VerifyElementPresentKeyword.execute(VerifyElementPresentKeyword.groovy:68)
	at com.kms.katalon.core.keyword.internal.KeywordExecutor.executeKeywordForPlatform(KeywordExecutor.groovy:53)
	at com.kms.katalon.core.webui.keyword.WebUiBuiltInKeywords.verifyElementPresent(WebUiBuiltInKeywords.groovy:1434)
	at com.kms.katalon.core.webui.keyword.WebUiBuiltInKeywords$verifyElementPresent$6.call(Unknown Source)
	at poa documents.run(poa documents:44)
	at com.kms.katalon.core.main.ScriptEngine.run(ScriptEngine.java:194)
	at com.kms.katalon.core.main.ScriptEngine.runScriptAsRawText(ScriptEngine.java:119)
	at com.kms.katalon.core.main.TestCaseExecutor.runScript(TestCaseExecutor.java:328)
	at com.kms.katalon.core.main.TestCaseExecutor.doExecute(TestCaseExecutor.java:319)
	at com.kms.katalon.core.main.TestCaseExecutor.processExecutionPhase(TestCaseExecutor.java:298)
	at com.kms.katalon.core.main.TestCaseExecutor.accessMainPhase(TestCaseExecutor.java:290)
	at com.kms.katalon.core.main.TestCaseExecutor.execute(TestCaseExecutor.java:224)
	at com.kms.katalon.core.main.TestSuiteExecutor.accessTestCaseMainPhase(TestSuiteExecutor.java:129)
	at com.kms.katalon.core.main.TestSuiteExecutor.accessTestSuiteMainPhase(TestSuiteExecutor.java:112)
	at com.kms.katalon.core.main.TestSuiteExecutor.execute(TestSuiteExecutor.java:81)
	at com.kms.katalon.core.main.TestCaseMain.startTestSuite(TestCaseMain.java:149)
	at com.kms.katalon.core.main.TestCaseMain$startTestSuite$0.call(Unknown Source)
	at TempTestSuite1555498970422.run(TempTestSuite1555498970422.groovy:36)


2019-04-17 16:11:10 - [MESSAGE][INFO] - Unable to find the element located by 'By.xpath: //*[@id="mat-tab-content-0-1"]/div/app-poas/div/div[2]/div/div[1]/span[2]'. Please recheck the objects properties to make sure the desired element is located. 

2019-04-17 16:11:10 - [MESSAGE][FAILED] - com.kms.katalon.core.webui.exception.WebElementNotFoundException: Web element with id: 'Object Repository/verification hod/property details present/Page_Chiragh.com Admin/span_POA Status' located by 'By.xpath: //*[@id="mat-tab-content-0-1"]/div/app-poas/div/div[2]/div/div[1]/span[2]' not found
[[ATTACHMENT|C:\\Users\\HP\\git\\chiraghAdminPanel\\Reports\\verificationHod\\20190417_160250\\1555499470233.png]]

2019-04-17 16:11:10 - [MESSAGE][FAILED] - Unable to verify object 'Object Repository/verification hod/property details present/Page_Chiragh.com Admin/span_POA Status' is present (Root cause: com.kms.katalon.core.exception.StepFailedException: com.kms.katalon.core.webui.exception.WebElementNotFoundException: Web element with id: 'Object Repository/verification hod/property details present/Page_Chiragh.com Admin/span_POA Status' located by 'By.xpath: //*[@id="mat-tab-content-0-1"]/div/app-poas/div/div[2]/div/div[1]/span[2]' not found)
[[ATTACHMENT|C:\\Users\\HP\\git\\chiraghAdminPanel\\Reports\\verificationHod\\20190417_160250\\1555499470629.png]]

2019-04-17 16:11:10 - [MESSAGE][FAILED] - if (verifyElementPresent(findTestObject("Object Repository/verification hod/property details present/Page_Chiragh.com Admin/span_POA Status"), 4) == true) FAILED.
Reason:
com.kms.katalon.core.exception.StepFailedException: Unable to verify object 'Object Repository/verification hod/property details present/Page_Chiragh.com Admin/span_POA Status' is present (Root cause: com.kms.katalon.core.exception.StepFailedException: com.kms.katalon.core.webui.exception.WebElementNotFoundException: Web element with id: 'Object Repository/verification hod/property details present/Page_Chiragh.com Admin/span_POA Status' located by 'By.xpath: //*[@id="mat-tab-content-0-1"]/div/app-poas/div/div[2]/div/div[1]/span[2]' not found)
	at com.kms.katalon.core.keyword.internal.KeywordMain.stepFailed(KeywordMain.groovy:36)
	at com.kms.katalon.core.webui.keyword.internal.WebUIKeywordMain.stepFailed(WebUIKeywordMain.groovy:65)
	at com.kms.katalon.core.webui.keyword.internal.WebUIKeywordMain.runKeyword(WebUIKeywordMain.groovy:27)
	at com.kms.katalon.core.webui.keyword.builtin.VerifyElementPresentKeyword.verifyElementPresent(VerifyElementPresentKeyword.groovy:92)
	at com.kms.katalon.core.webui.keyword.builtin.VerifyElementPresentKeyword.execute(VerifyElementPresentKeyword.groovy:68)
	at com.kms.katalon.core.keyword.internal.KeywordExecutor.executeKeywordForPlatform(KeywordExecutor.groovy:53)
	at com.kms.katalon.core.webui.keyword.WebUiBuiltInKeywords.verifyElementPresent(WebUiBuiltInKeywords.groovy:1434)
	at com.kms.katalon.core.webui.keyword.WebUiBuiltInKeywords$verifyElementPresent$6.call(Unknown Source)
	at poa documents.run(poa documents:44)
	at com.kms.katalon.core.main.ScriptEngine.run(ScriptEngine.java:194)
	at com.kms.katalon.core.main.ScriptEngine.runScriptAsRawText(ScriptEngine.java:119)
	at com.kms.katalon.core.main.TestCaseExecutor.runScript(TestCaseExecutor.java:328)
	at com.kms.katalon.core.main.TestCaseExecutor.doExecute(TestCaseExecutor.java:319)
	at com.kms.katalon.core.main.TestCaseExecutor.processExecutionPhase(TestCaseExecutor.java:298)
	at com.kms.katalon.core.main.TestCaseExecutor.accessMainPhase(TestCaseExecutor.java:290)
	at com.kms.katalon.core.main.TestCaseExecutor.execute(TestCaseExecutor.java:224)
	at com.kms.katalon.core.main.TestSuiteExecutor.accessTestCaseMainPhase(TestSuiteExecutor.java:129)
	at com.kms.katalon.core.main.TestSuiteExecutor.accessTestSuiteMainPhase(TestSuiteExecutor.java:112)
	at com.kms.katalon.core.main.TestSuiteExecutor.execute(TestSuiteExecutor.java:81)
	at com.kms.katalon.core.main.TestCaseMain.startTestSuite(TestCaseMain.java:149)
	at com.kms.katalon.core.main.TestCaseMain$startTestSuite$0.call(Unknown Source)
	at TempTestSuite1555498970422.run(TempTestSuite1555498970422.groovy:36)]]></system-out>
         <system-err><![CDATA[2019-04-17 16:10:35 - [TEST_CASE][FAILED] - Test Cases/verification hod/seller/poa documents: Test Cases/verification hod/seller/poa documents FAILED.
Reason:
com.kms.katalon.core.exception.StepFailedException: Unable to verify object 'Object Repository/verification hod/property details present/Page_Chiragh.com Admin/span_POA Status' is present (Root cause: com.kms.katalon.core.exception.StepFailedException: com.kms.katalon.core.webui.exception.WebElementNotFoundException: Web element with id: 'Object Repository/verification hod/property details present/Page_Chiragh.com Admin/span_POA Status' located by 'By.xpath: //*[@id="mat-tab-content-0-1"]/div/app-poas/div/div[2]/div/div[1]/span[2]' not found)
	at com.kms.katalon.core.keyword.internal.KeywordMain.stepFailed(KeywordMain.groovy:36)
	at com.kms.katalon.core.webui.keyword.internal.WebUIKeywordMain.stepFailed(WebUIKeywordMain.groovy:65)
	at com.kms.katalon.core.webui.keyword.internal.WebUIKeywordMain.runKeyword(WebUIKeywordMain.groovy:27)
	at com.kms.katalon.core.webui.keyword.builtin.VerifyElementPresentKeyword.verifyElementPresent(VerifyElementPresentKeyword.groovy:92)
	at com.kms.katalon.core.webui.keyword.builtin.VerifyElementPresentKeyword.execute(VerifyElementPresentKeyword.groovy:68)
	at com.kms.katalon.core.keyword.internal.KeywordExecutor.executeKeywordForPlatform(KeywordExecutor.groovy:53)
	at com.kms.katalon.core.webui.keyword.WebUiBuiltInKeywords.verifyElementPresent(WebUiBuiltInKeywords.groovy:1434)
	at com.kms.katalon.core.webui.keyword.WebUiBuiltInKeywords$verifyElementPresent$6.call(Unknown Source)
	at poa documents.run(poa documents:44)
	at com.kms.katalon.core.main.ScriptEngine.run(ScriptEngine.java:194)
	at com.kms.katalon.core.main.ScriptEngine.runScriptAsRawText(ScriptEngine.java:119)
	at com.kms.katalon.core.main.TestCaseExecutor.runScript(TestCaseExecutor.java:328)
	at com.kms.katalon.core.main.TestCaseExecutor.doExecute(TestCaseExecutor.java:319)
	at com.kms.katalon.core.main.TestCaseExecutor.processExecutionPhase(TestCaseExecutor.java:298)
	at com.kms.katalon.core.main.TestCaseExecutor.accessMainPhase(TestCaseExecutor.java:290)
	at com.kms.katalon.core.main.TestCaseExecutor.execute(TestCaseExecutor.java:224)
	at com.kms.katalon.core.main.TestSuiteExecutor.accessTestCaseMainPhase(TestSuiteExecutor.java:129)
	at com.kms.katalon.core.main.TestSuiteExecutor.accessTestSuiteMainPhase(TestSuiteExecutor.java:112)
	at com.kms.katalon.core.main.TestSuiteExecutor.execute(TestSuiteExecutor.java:81)
	at com.kms.katalon.core.main.TestCaseMain.startTestSuite(TestCaseMain.java:149)
	at com.kms.katalon.core.main.TestCaseMain$startTestSuite$0.call(Unknown Source)
	at TempTestSuite1555498970422.run(TempTestSuite1555498970422.groovy:36)]]></system-err>
      </testcase>
      <testcase name="Test Cases/verification hod/seller/property detail present" classname="Test Cases/verification hod/seller/property detail present" status="PASSED">
         <system-out><![CDATA[2019-04-17 16:11:11 - [TEST_CASE][PASSED] - Test Cases/verification hod/seller/property detail present: Test Cases/verification hod/seller/property detail present

2019-04-17 16:11:11 - [TEST_STEP][PASSED] - openBrowser(""): Browser is opened with url: ''

2019-04-17 16:11:11 - [MESSAGE][WARNING] - A browser is already opened. Closing browser and opening a new one

2019-04-17 16:11:12 - [MESSAGE][INFO] - Starting 'Chrome' driver

2019-04-17 16:11:15 - [MESSAGE][PASSED] - Browser is opened with url: ''

2019-04-17 16:11:15 - [TEST_STEP][PASSED] - navigateToUrl(url): Navigate to 'http://admin-chiragh.surge.sh' successfully

2019-04-17 16:11:23 - [MESSAGE][PASSED] - Navigate to 'http://admin-chiragh.surge.sh' successfully

2019-04-17 16:11:23 - [TEST_STEP][PASSED] - maximizeWindow(): Current window maximized

2019-04-17 16:11:24 - [MESSAGE][PASSED] - Current window maximized

2019-04-17 16:11:24 - [TEST_STEP][PASSED] - waitForPageLoad(8): Wait for page load successfully

2019-04-17 16:11:24 - [MESSAGE][PASSED] - Wait for page load successfully

2019-04-17 16:11:24 - [TEST_STEP][PASSED] - click(findTestObject("Object Repository/verification hod/property details present/Page_Chiragh.com Admin/form_Admin PanelUsernamePasswo")): Object: 'Object Repository/verification hod/property details present/Page_Chiragh.com Admin/form_Admin PanelUsernamePasswo' is clicked on

2019-04-17 16:11:24 - [MESSAGE][PASSED] - Object: 'Object Repository/verification hod/property details present/Page_Chiragh.com Admin/form_Admin PanelUsernamePasswo' is clicked on

2019-04-17 16:11:24 - [TEST_STEP][PASSED] - click(findTestObject("Object Repository/verification hod/property details present/Page_Chiragh.com Admin/div_Username")): Object: 'Object Repository/verification hod/property details present/Page_Chiragh.com Admin/div_Username' is clicked on

2019-04-17 16:11:24 - [MESSAGE][PASSED] - Object: 'Object Repository/verification hod/property details present/Page_Chiragh.com Admin/div_Username' is clicked on

2019-04-17 16:11:24 - [TEST_STEP][PASSED] - setText(findTestObject("Object Repository/verification hod/property details present/Page_Chiragh.com Admin/input_Admin Panel_userName"), "arsalankhalid"): Text 'arsalankhalid' is set on object 'Object Repository/verification hod/property details present/Page_Chiragh.com Admin/input_Admin Panel_userName'

2019-04-17 16:11:24 - [MESSAGE][PASSED] - Text 'arsalankhalid' is set on object 'Object Repository/verification hod/property details present/Page_Chiragh.com Admin/input_Admin Panel_userName'

2019-04-17 16:11:24 - [TEST_STEP][PASSED] - setEncryptedText(findTestObject("Object Repository/verification hod/property details present/Page_Chiragh.com Admin/input_Username_password"), "RigbBhfdqODKcAsiUrg+1Q=="): Text ****** has been set on object 'Object Repository/verification hod/property details present/Page_Chiragh.com Admin/input_Username_password'

2019-04-17 16:11:25 - [MESSAGE][PASSED] - Text ****** has been set on object 'Object Repository/verification hod/property details present/Page_Chiragh.com Admin/input_Username_password'

2019-04-17 16:11:25 - [TEST_STEP][PASSED] - click(findTestObject("Object Repository/verification hod/property details present/Page_Chiragh.com Admin/button_Login")): Object: 'Object Repository/verification hod/property details present/Page_Chiragh.com Admin/button_Login' is clicked on

2019-04-17 16:11:25 - [MESSAGE][PASSED] - Object: 'Object Repository/verification hod/property details present/Page_Chiragh.com Admin/button_Login' is clicked on

2019-04-17 16:11:25 - [TEST_STEP][PASSED] - click(findTestObject("Object Repository/verification hod/property details present/Page_Chiragh.com Admin/a_In Process")): Object: 'Object Repository/verification hod/property details present/Page_Chiragh.com Admin/a_In Process' is clicked on

2019-04-17 16:11:28 - [MESSAGE][PASSED] - Object: 'Object Repository/verification hod/property details present/Page_Chiragh.com Admin/a_In Process' is clicked on

2019-04-17 16:11:28 - [TEST_STEP][PASSED] - click(findTestObject("Object Repository/verification hod/property details present/Page_Chiragh.com Admin/a_Murazik Manors 6 Beds Villa")): Object: 'Object Repository/verification hod/property details present/Page_Chiragh.com Admin/a_Murazik Manors 6 Beds Villa' is clicked on

2019-04-17 16:11:35 - [MESSAGE][PASSED] - Object: 'Object Repository/verification hod/property details present/Page_Chiragh.com Admin/a_Murazik Manors 6 Beds Villa' is clicked on

2019-04-17 16:11:35 - [TEST_STEP][PASSED] - click(findTestObject("Object Repository/verification hod/property details present/Page_Chiragh.com Admin/span_Edwin")): Object: 'Object Repository/verification hod/property details present/Page_Chiragh.com Admin/span_Edwin' is clicked on

2019-04-17 16:11:36 - [MESSAGE][PASSED] - Object: 'Object Repository/verification hod/property details present/Page_Chiragh.com Admin/span_Edwin' is clicked on

2019-04-17 16:11:36 - [TEST_STEP][PASSED] - click(findTestObject("Object Repository/verification hod/property details present/Page_Chiragh.com Admin/span_Last Name")): Object: 'Object Repository/verification hod/property details present/Page_Chiragh.com Admin/span_Last Name' is clicked on

2019-04-17 16:11:37 - [MESSAGE][PASSED] - Object: 'Object Repository/verification hod/property details present/Page_Chiragh.com Admin/span_Last Name' is clicked on

2019-04-17 16:11:37 - [TEST_STEP][PASSED] - click(findTestObject("Object Repository/verification hod/property details present/Page_Chiragh.com Admin/div_Owners")): Object: 'Object Repository/verification hod/property details present/Page_Chiragh.com Admin/div_Owners' is clicked on

2019-04-17 16:11:37 - [MESSAGE][PASSED] - Object: 'Object Repository/verification hod/property details present/Page_Chiragh.com Admin/div_Owners' is clicked on

2019-04-17 16:11:37 - [TEST_STEP][PASSED] - click(findTestObject("Object Repository/verification hod/property details present/Page_Chiragh.com Admin/div_POAs")): Object: 'Object Repository/verification hod/property details present/Page_Chiragh.com Admin/div_POAs' is clicked on

2019-04-17 16:11:38 - [MESSAGE][PASSED] - Object: 'Object Repository/verification hod/property details present/Page_Chiragh.com Admin/div_POAs' is clicked on

2019-04-17 16:11:38 - [TEST_STEP][PASSED] - click(findTestObject("Object Repository/verification hod/property details present/Page_Chiragh.com Admin/div_Property Details")): Object: 'Object Repository/verification hod/property details present/Page_Chiragh.com Admin/div_Property Details' is clicked on

2019-04-17 16:11:39 - [MESSAGE][PASSED] - Object: 'Object Repository/verification hod/property details present/Page_Chiragh.com Admin/div_Property Details' is clicked on

2019-04-17 16:11:39 - [TEST_STEP][PASSED] - click(findTestObject("Object Repository/verification hod/property details present/Page_Chiragh.com Admin/span_Project Name")): Object: 'Object Repository/verification hod/property details present/Page_Chiragh.com Admin/span_Project Name' is clicked on

2019-04-17 16:11:39 - [MESSAGE][PASSED] - Object: 'Object Repository/verification hod/property details present/Page_Chiragh.com Admin/span_Project Name' is clicked on

2019-04-17 16:11:39 - [TEST_STEP][PASSED] - click(findTestObject("Object Repository/verification hod/property details present/Page_Chiragh.com Admin/span_Murazik Manors")): Object: 'Object Repository/verification hod/property details present/Page_Chiragh.com Admin/span_Murazik Manors' is clicked on

2019-04-17 16:11:40 - [MESSAGE][PASSED] - Object: 'Object Repository/verification hod/property details present/Page_Chiragh.com Admin/span_Murazik Manors' is clicked on

2019-04-17 16:11:40 - [TEST_STEP][PASSED] - click(findTestObject("Object Repository/verification hod/property details present/Page_Chiragh.com Admin/div_Mortgage")): Object: 'Object Repository/verification hod/property details present/Page_Chiragh.com Admin/div_Mortgage' is clicked on

2019-04-17 16:11:40 - [MESSAGE][PASSED] - Object: 'Object Repository/verification hod/property details present/Page_Chiragh.com Admin/div_Mortgage' is clicked on

2019-04-17 16:11:40 - [TEST_STEP][PASSED] - click(findTestObject("Object Repository/verification hod/property details present/Page_Chiragh.com Admin/div_Rental")): Object: 'Object Repository/verification hod/property details present/Page_Chiragh.com Admin/div_Rental' is clicked on

2019-04-17 16:11:41 - [MESSAGE][PASSED] - Object: 'Object Repository/verification hod/property details present/Page_Chiragh.com Admin/div_Rental' is clicked on

2019-04-17 16:11:41 - [TEST_STEP][PASSED] - closeBrowser(): Browser is closed

2019-04-17 16:11:42 - [MESSAGE][PASSED] - Browser is closed]]></system-out>
         <system-err><![CDATA[]]></system-err>
      </testcase>
      <testcase name="Test Cases/verification hod/seller/property documents" classname="Test Cases/verification hod/seller/property documents" status="PASSED">
         <system-out><![CDATA[2019-04-17 16:11:42 - [TEST_CASE][PASSED] - Test Cases/verification hod/seller/property documents: Test Cases/verification hod/seller/property documents

2019-04-17 16:11:42 - [TEST_STEP][PASSED] - openBrowser(""): Browser is opened with url: ''

2019-04-17 16:11:42 - [MESSAGE][INFO] - Starting 'Chrome' driver

2019-04-17 16:11:45 - [MESSAGE][PASSED] - Browser is opened with url: ''

2019-04-17 16:11:45 - [TEST_STEP][PASSED] - navigateToUrl(url): Navigate to 'http://admin-chiragh.surge.sh' successfully

2019-04-17 16:11:53 - [MESSAGE][PASSED] - Navigate to 'http://admin-chiragh.surge.sh' successfully

2019-04-17 16:11:53 - [TEST_STEP][PASSED] - maximizeWindow(): Current window maximized

2019-04-17 16:11:55 - [MESSAGE][PASSED] - Current window maximized

2019-04-17 16:11:55 - [TEST_STEP][PASSED] - waitForPageLoad(8): Wait for page load successfully

2019-04-17 16:11:55 - [MESSAGE][PASSED] - Wait for page load successfully

2019-04-17 16:11:55 - [TEST_STEP][PASSED] - click(findTestObject("Object Repository/verification hod/property details present/Page_Chiragh.com Admin/form_Admin PanelUsernamePasswo")): Object: 'Object Repository/verification hod/property details present/Page_Chiragh.com Admin/form_Admin PanelUsernamePasswo' is clicked on

2019-04-17 16:11:55 - [MESSAGE][PASSED] - Object: 'Object Repository/verification hod/property details present/Page_Chiragh.com Admin/form_Admin PanelUsernamePasswo' is clicked on

2019-04-17 16:11:55 - [TEST_STEP][PASSED] - click(findTestObject("Object Repository/verification hod/property details present/Page_Chiragh.com Admin/div_Username")): Object: 'Object Repository/verification hod/property details present/Page_Chiragh.com Admin/div_Username' is clicked on

2019-04-17 16:11:55 - [MESSAGE][PASSED] - Object: 'Object Repository/verification hod/property details present/Page_Chiragh.com Admin/div_Username' is clicked on

2019-04-17 16:11:55 - [TEST_STEP][PASSED] - setText(findTestObject("Object Repository/verification hod/property details present/Page_Chiragh.com Admin/input_Admin Panel_userName"), "arsalankhalid"): Text 'arsalankhalid' is set on object 'Object Repository/verification hod/property details present/Page_Chiragh.com Admin/input_Admin Panel_userName'

2019-04-17 16:11:55 - [MESSAGE][PASSED] - Text 'arsalankhalid' is set on object 'Object Repository/verification hod/property details present/Page_Chiragh.com Admin/input_Admin Panel_userName'

2019-04-17 16:11:55 - [TEST_STEP][PASSED] - setEncryptedText(findTestObject("Object Repository/verification hod/property details present/Page_Chiragh.com Admin/input_Username_password"), "RigbBhfdqODKcAsiUrg+1Q=="): Text ****** has been set on object 'Object Repository/verification hod/property details present/Page_Chiragh.com Admin/input_Username_password'

2019-04-17 16:11:55 - [MESSAGE][PASSED] - Text ****** has been set on object 'Object Repository/verification hod/property details present/Page_Chiragh.com Admin/input_Username_password'

2019-04-17 16:11:55 - [TEST_STEP][PASSED] - click(findTestObject("Object Repository/verification hod/property details present/Page_Chiragh.com Admin/button_Login")): Object: 'Object Repository/verification hod/property details present/Page_Chiragh.com Admin/button_Login' is clicked on

2019-04-17 16:11:55 - [MESSAGE][PASSED] - Object: 'Object Repository/verification hod/property details present/Page_Chiragh.com Admin/button_Login' is clicked on

2019-04-17 16:11:55 - [TEST_STEP][PASSED] - click(findTestObject("Object Repository/verification hod/property details present/Page_Chiragh.com Admin/a_In Process")): Object: 'Object Repository/verification hod/property details present/Page_Chiragh.com Admin/a_In Process' is clicked on

2019-04-17 16:11:59 - [MESSAGE][PASSED] - Object: 'Object Repository/verification hod/property details present/Page_Chiragh.com Admin/a_In Process' is clicked on

2019-04-17 16:11:59 - [TEST_STEP][PASSED] - click(findTestObject("Object Repository/verification hod/property details present/Page_Chiragh.com Admin/a_Murazik Manors 6 Beds Villa")): Object: 'Object Repository/verification hod/property details present/Page_Chiragh.com Admin/a_Murazik Manors 6 Beds Villa' is clicked on

2019-04-17 16:12:06 - [MESSAGE][PASSED] - Object: 'Object Repository/verification hod/property details present/Page_Chiragh.com Admin/a_Murazik Manors 6 Beds Villa' is clicked on

2019-04-17 16:12:06 - [TEST_STEP][PASSED] - delay(5): Delayed 5 second(s)

2019-04-17 16:12:11 - [MESSAGE][PASSED] - Delayed 5 second(s)

2019-04-17 16:12:11 - [TEST_STEP][PASSED] - click(findTestObject("Object Repository/verification hod/property documents/Page_Chiragh.com Admin/div_Property Details")): Object: 'Object Repository/verification hod/property documents/Page_Chiragh.com Admin/div_Property Details' is clicked on

2019-04-17 16:12:12 - [MESSAGE][PASSED] - Object: 'Object Repository/verification hod/property documents/Page_Chiragh.com Admin/div_Property Details' is clicked on

2019-04-17 16:12:12 - [TEST_STEP][PASSED] - click(findTestObject("Object Repository/verification hod/property documents/Page_Chiragh.com Admin/a_Property Details_attachment-")): Object: 'Object Repository/verification hod/property documents/Page_Chiragh.com Admin/a_Property Details_attachment-' is clicked on

2019-04-17 16:12:12 - [MESSAGE][PASSED] - Object: 'Object Repository/verification hod/property documents/Page_Chiragh.com Admin/a_Property Details_attachment-' is clicked on

2019-04-17 16:12:12 - [TEST_STEP][PASSED] - verifyElementPresent(findTestObject("Object Repository/verification hod/property documents/Page_Chiragh.com Admin/div_Scanned Title Deed"), 4): Object 'Object Repository/verification hod/property documents/Page_Chiragh.com Admin/div_Scanned Title Deed' is present

2019-04-17 16:12:12 - [MESSAGE][PASSED] - Object 'Object Repository/verification hod/property documents/Page_Chiragh.com Admin/div_Scanned Title Deed' is present

2019-04-17 16:12:12 - [TEST_STEP][PASSED] - verifyElementPresent(findTestObject("Object Repository/verification hod/property documents/Page_Chiragh.com Admin/div_(Not Uploaded)_document-bo"), 4): Object 'Object Repository/verification hod/property documents/Page_Chiragh.com Admin/div_(Not Uploaded)_document-bo' is present

2019-04-17 16:12:13 - [MESSAGE][PASSED] - Object 'Object Repository/verification hod/property documents/Page_Chiragh.com Admin/div_(Not Uploaded)_document-bo' is present

2019-04-17 16:12:13 - [TEST_STEP][PASSED] - verifyElementPresent(findTestObject("Object Repository/verification hod/property documents/Page_Chiragh.com Admin/div_SPA Document"), 4): Object 'Object Repository/verification hod/property documents/Page_Chiragh.com Admin/div_SPA Document' is present

2019-04-17 16:12:13 - [MESSAGE][PASSED] - Object 'Object Repository/verification hod/property documents/Page_Chiragh.com Admin/div_SPA Document' is present

2019-04-17 16:12:13 - [TEST_STEP][PASSED] - closeBrowser(): Browser is closed

2019-04-17 16:12:13 - [MESSAGE][PASSED] - Browser is closed]]></system-out>
         <system-err><![CDATA[]]></system-err>
      </testcase>
      <testcase name="Test Cases/verification hod/seller/rental documents" classname="Test Cases/verification hod/seller/rental documents" status="FAILED">
         <failure type="FAILED" message="Test Cases/verification hod/seller/rental documents FAILED.
Reason:
com.kms.katalon.core.exception.StepFailedException: Unable to verify object 'Object Repository/verification hod/rental documents/Page_Chiragh.com Admin/span_Yes' is present (Root cause: com.kms.katalon.core.exception.StepFailedException: com.kms.katalon.core.webui.exception.WebElementNotFoundException: Web element with id: 'Object Repository/verification hod/rental documents/Page_Chiragh.com Admin/span_Yes' located by 'By.xpath: //mat-tab-body[@id='mat-tab-content-0-4']/div/app-rental/div/div[2]/div/div/span[2]' not found)
	at com.kms.katalon.core.keyword.internal.KeywordMain.stepFailed(KeywordMain.groovy:36)
	at com.kms.katalon.core.webui.keyword.internal.WebUIKeywordMain.stepFailed(WebUIKeywordMain.groovy:65)
	at com.kms.katalon.core.webui.keyword.internal.WebUIKeywordMain.runKeyword(WebUIKeywordMain.groovy:27)
	at com.kms.katalon.core.webui.keyword.builtin.VerifyElementPresentKeyword.verifyElementPresent(VerifyElementPresentKeyword.groovy:92)
	at com.kms.katalon.core.webui.keyword.builtin.VerifyElementPresentKeyword.execute(VerifyElementPresentKeyword.groovy:68)
	at com.kms.katalon.core.keyword.internal.KeywordExecutor.executeKeywordForPlatform(KeywordExecutor.groovy:53)
	at com.kms.katalon.core.webui.keyword.WebUiBuiltInKeywords.verifyElementPresent(WebUiBuiltInKeywords.groovy:1434)
	at com.kms.katalon.core.webui.keyword.WebUiBuiltInKeywords$verifyElementPresent$6.call(Unknown Source)
	at rental documents.run(rental documents:44)
	at com.kms.katalon.core.main.ScriptEngine.run(ScriptEngine.java:194)
	at com.kms.katalon.core.main.ScriptEngine.runScriptAsRawText(ScriptEngine.java:119)
	at com.kms.katalon.core.main.TestCaseExecutor.runScript(TestCaseExecutor.java:328)
	at com.kms.katalon.core.main.TestCaseExecutor.doExecute(TestCaseExecutor.java:319)
	at com.kms.katalon.core.main.TestCaseExecutor.processExecutionPhase(TestCaseExecutor.java:298)
	at com.kms.katalon.core.main.TestCaseExecutor.accessMainPhase(TestCaseExecutor.java:290)
	at com.kms.katalon.core.main.TestCaseExecutor.execute(TestCaseExecutor.java:224)
	at com.kms.katalon.core.main.TestSuiteExecutor.accessTestCaseMainPhase(TestSuiteExecutor.java:129)
	at com.kms.katalon.core.main.TestSuiteExecutor.accessTestSuiteMainPhase(TestSuiteExecutor.java:112)
	at com.kms.katalon.core.main.TestSuiteExecutor.execute(TestSuiteExecutor.java:81)
	at com.kms.katalon.core.main.TestCaseMain.startTestSuite(TestCaseMain.java:149)
	at com.kms.katalon.core.main.TestCaseMain$startTestSuite$0.call(Unknown Source)
	at TempTestSuite1555498970422.run(TempTestSuite1555498970422.groovy:36)
"/>
         <system-out><![CDATA[2019-04-17 16:12:13 - [TEST_CASE][FAILED] - Test Cases/verification hod/seller/rental documents: Test Cases/verification hod/seller/rental documents FAILED.
Reason:
com.kms.katalon.core.exception.StepFailedException: Unable to verify object 'Object Repository/verification hod/rental documents/Page_Chiragh.com Admin/span_Yes' is present (Root cause: com.kms.katalon.core.exception.StepFailedException: com.kms.katalon.core.webui.exception.WebElementNotFoundException: Web element with id: 'Object Repository/verification hod/rental documents/Page_Chiragh.com Admin/span_Yes' located by 'By.xpath: //mat-tab-body[@id='mat-tab-content-0-4']/div/app-rental/div/div[2]/div/div/span[2]' not found)
	at com.kms.katalon.core.keyword.internal.KeywordMain.stepFailed(KeywordMain.groovy:36)
	at com.kms.katalon.core.webui.keyword.internal.WebUIKeywordMain.stepFailed(WebUIKeywordMain.groovy:65)
	at com.kms.katalon.core.webui.keyword.internal.WebUIKeywordMain.runKeyword(WebUIKeywordMain.groovy:27)
	at com.kms.katalon.core.webui.keyword.builtin.VerifyElementPresentKeyword.verifyElementPresent(VerifyElementPresentKeyword.groovy:92)
	at com.kms.katalon.core.webui.keyword.builtin.VerifyElementPresentKeyword.execute(VerifyElementPresentKeyword.groovy:68)
	at com.kms.katalon.core.keyword.internal.KeywordExecutor.executeKeywordForPlatform(KeywordExecutor.groovy:53)
	at com.kms.katalon.core.webui.keyword.WebUiBuiltInKeywords.verifyElementPresent(WebUiBuiltInKeywords.groovy:1434)
	at com.kms.katalon.core.webui.keyword.WebUiBuiltInKeywords$verifyElementPresent$6.call(Unknown Source)
	at rental documents.run(rental documents:44)
	at com.kms.katalon.core.main.ScriptEngine.run(ScriptEngine.java:194)
	at com.kms.katalon.core.main.ScriptEngine.runScriptAsRawText(ScriptEngine.java:119)
	at com.kms.katalon.core.main.TestCaseExecutor.runScript(TestCaseExecutor.java:328)
	at com.kms.katalon.core.main.TestCaseExecutor.doExecute(TestCaseExecutor.java:319)
	at com.kms.katalon.core.main.TestCaseExecutor.processExecutionPhase(TestCaseExecutor.java:298)
	at com.kms.katalon.core.main.TestCaseExecutor.accessMainPhase(TestCaseExecutor.java:290)
	at com.kms.katalon.core.main.TestCaseExecutor.execute(TestCaseExecutor.java:224)
	at com.kms.katalon.core.main.TestSuiteExecutor.accessTestCaseMainPhase(TestSuiteExecutor.java:129)
	at com.kms.katalon.core.main.TestSuiteExecutor.accessTestSuiteMainPhase(TestSuiteExecutor.java:112)
	at com.kms.katalon.core.main.TestSuiteExecutor.execute(TestSuiteExecutor.java:81)
	at com.kms.katalon.core.main.TestCaseMain.startTestSuite(TestCaseMain.java:149)
	at com.kms.katalon.core.main.TestCaseMain$startTestSuite$0.call(Unknown Source)
	at TempTestSuite1555498970422.run(TempTestSuite1555498970422.groovy:36)


2019-04-17 16:12:14 - [TEST_STEP][PASSED] - openBrowser(""): Browser is opened with url: ''

2019-04-17 16:12:14 - [MESSAGE][INFO] - Starting 'Chrome' driver

2019-04-17 16:12:16 - [MESSAGE][PASSED] - Browser is opened with url: ''

2019-04-17 16:12:16 - [TEST_STEP][PASSED] - navigateToUrl(url): Navigate to 'http://admin-chiragh.surge.sh' successfully

2019-04-17 16:12:25 - [MESSAGE][PASSED] - Navigate to 'http://admin-chiragh.surge.sh' successfully

2019-04-17 16:12:25 - [TEST_STEP][PASSED] - maximizeWindow(): Current window maximized

2019-04-17 16:12:26 - [MESSAGE][PASSED] - Current window maximized

2019-04-17 16:12:26 - [TEST_STEP][PASSED] - waitForPageLoad(8): Wait for page load successfully

2019-04-17 16:12:26 - [MESSAGE][PASSED] - Wait for page load successfully

2019-04-17 16:12:26 - [TEST_STEP][PASSED] - click(findTestObject("Object Repository/verification hod/property details present/Page_Chiragh.com Admin/form_Admin PanelUsernamePasswo")): Object: 'Object Repository/verification hod/property details present/Page_Chiragh.com Admin/form_Admin PanelUsernamePasswo' is clicked on

2019-04-17 16:12:26 - [MESSAGE][PASSED] - Object: 'Object Repository/verification hod/property details present/Page_Chiragh.com Admin/form_Admin PanelUsernamePasswo' is clicked on

2019-04-17 16:12:26 - [TEST_STEP][PASSED] - click(findTestObject("Object Repository/verification hod/property details present/Page_Chiragh.com Admin/div_Username")): Object: 'Object Repository/verification hod/property details present/Page_Chiragh.com Admin/div_Username' is clicked on

2019-04-17 16:12:27 - [MESSAGE][PASSED] - Object: 'Object Repository/verification hod/property details present/Page_Chiragh.com Admin/div_Username' is clicked on

2019-04-17 16:12:27 - [TEST_STEP][PASSED] - setText(findTestObject("Object Repository/verification hod/property details present/Page_Chiragh.com Admin/input_Admin Panel_userName"), "arsalankhalid"): Text 'arsalankhalid' is set on object 'Object Repository/verification hod/property details present/Page_Chiragh.com Admin/input_Admin Panel_userName'

2019-04-17 16:12:27 - [MESSAGE][PASSED] - Text 'arsalankhalid' is set on object 'Object Repository/verification hod/property details present/Page_Chiragh.com Admin/input_Admin Panel_userName'

2019-04-17 16:12:27 - [TEST_STEP][PASSED] - setEncryptedText(findTestObject("Object Repository/verification hod/property details present/Page_Chiragh.com Admin/input_Username_password"), "RigbBhfdqODKcAsiUrg+1Q=="): Text ****** has been set on object 'Object Repository/verification hod/property details present/Page_Chiragh.com Admin/input_Username_password'

2019-04-17 16:12:27 - [MESSAGE][PASSED] - Text ****** has been set on object 'Object Repository/verification hod/property details present/Page_Chiragh.com Admin/input_Username_password'

2019-04-17 16:12:27 - [TEST_STEP][PASSED] - click(findTestObject("Object Repository/verification hod/property details present/Page_Chiragh.com Admin/button_Login")): Object: 'Object Repository/verification hod/property details present/Page_Chiragh.com Admin/button_Login' is clicked on

2019-04-17 16:12:27 - [MESSAGE][PASSED] - Object: 'Object Repository/verification hod/property details present/Page_Chiragh.com Admin/button_Login' is clicked on

2019-04-17 16:12:27 - [TEST_STEP][PASSED] - click(findTestObject("Object Repository/verification hod/property details present/Page_Chiragh.com Admin/a_In Process")): Object: 'Object Repository/verification hod/property details present/Page_Chiragh.com Admin/a_In Process' is clicked on

2019-04-17 16:12:31 - [MESSAGE][PASSED] - Object: 'Object Repository/verification hod/property details present/Page_Chiragh.com Admin/a_In Process' is clicked on

2019-04-17 16:12:31 - [TEST_STEP][PASSED] - click(findTestObject("Object Repository/verification hod/property details present/Page_Chiragh.com Admin/a_Murazik Manors 6 Beds Villa")): Object: 'Object Repository/verification hod/property details present/Page_Chiragh.com Admin/a_Murazik Manors 6 Beds Villa' is clicked on

2019-04-17 16:12:38 - [MESSAGE][PASSED] - Object: 'Object Repository/verification hod/property details present/Page_Chiragh.com Admin/a_Murazik Manors 6 Beds Villa' is clicked on

2019-04-17 16:12:38 - [TEST_STEP][PASSED] - delay(5): Delayed 5 second(s)

2019-04-17 16:12:43 - [MESSAGE][PASSED] - Delayed 5 second(s)

2019-04-17 16:12:43 - [TEST_STEP][PASSED] - doubleClick(findTestObject("Object Repository/verification hod/rental documents/Page_Chiragh.com Admin/div_Rental")): Object: 'Object Repository/verification hod/rental documents/Page_Chiragh.com Admin/div_Rental' is double clicked on

2019-04-17 16:12:44 - [MESSAGE][PASSED] - Object: 'Object Repository/verification hod/rental documents/Page_Chiragh.com Admin/div_Rental' is double clicked on

2019-04-17 16:12:44 - [TEST_STEP][FAILED] - if (verifyElementPresent(findTestObject("Object Repository/verification hod/rental documents/Page_Chiragh.com Admin/span_Yes"), 4)): if (verifyElementPresent(findTestObject("Object Repository/verification hod/rental documents/Page_Chiragh.com Admin/span_Yes"), 4)) FAILED.
Reason:
com.kms.katalon.core.exception.StepFailedException: Unable to verify object 'Object Repository/verification hod/rental documents/Page_Chiragh.com Admin/span_Yes' is present (Root cause: com.kms.katalon.core.exception.StepFailedException: com.kms.katalon.core.webui.exception.WebElementNotFoundException: Web element with id: 'Object Repository/verification hod/rental documents/Page_Chiragh.com Admin/span_Yes' located by 'By.xpath: //mat-tab-body[@id='mat-tab-content-0-4']/div/app-rental/div/div[2]/div/div/span[2]' not found)
	at com.kms.katalon.core.keyword.internal.KeywordMain.stepFailed(KeywordMain.groovy:36)
	at com.kms.katalon.core.webui.keyword.internal.WebUIKeywordMain.stepFailed(WebUIKeywordMain.groovy:65)
	at com.kms.katalon.core.webui.keyword.internal.WebUIKeywordMain.runKeyword(WebUIKeywordMain.groovy:27)
	at com.kms.katalon.core.webui.keyword.builtin.VerifyElementPresentKeyword.verifyElementPresent(VerifyElementPresentKeyword.groovy:92)
	at com.kms.katalon.core.webui.keyword.builtin.VerifyElementPresentKeyword.execute(VerifyElementPresentKeyword.groovy:68)
	at com.kms.katalon.core.keyword.internal.KeywordExecutor.executeKeywordForPlatform(KeywordExecutor.groovy:53)
	at com.kms.katalon.core.webui.keyword.WebUiBuiltInKeywords.verifyElementPresent(WebUiBuiltInKeywords.groovy:1434)
	at com.kms.katalon.core.webui.keyword.WebUiBuiltInKeywords$verifyElementPresent$6.call(Unknown Source)
	at rental documents.run(rental documents:44)
	at com.kms.katalon.core.main.ScriptEngine.run(ScriptEngine.java:194)
	at com.kms.katalon.core.main.ScriptEngine.runScriptAsRawText(ScriptEngine.java:119)
	at com.kms.katalon.core.main.TestCaseExecutor.runScript(TestCaseExecutor.java:328)
	at com.kms.katalon.core.main.TestCaseExecutor.doExecute(TestCaseExecutor.java:319)
	at com.kms.katalon.core.main.TestCaseExecutor.processExecutionPhase(TestCaseExecutor.java:298)
	at com.kms.katalon.core.main.TestCaseExecutor.accessMainPhase(TestCaseExecutor.java:290)
	at com.kms.katalon.core.main.TestCaseExecutor.execute(TestCaseExecutor.java:224)
	at com.kms.katalon.core.main.TestSuiteExecutor.accessTestCaseMainPhase(TestSuiteExecutor.java:129)
	at com.kms.katalon.core.main.TestSuiteExecutor.accessTestSuiteMainPhase(TestSuiteExecutor.java:112)
	at com.kms.katalon.core.main.TestSuiteExecutor.execute(TestSuiteExecutor.java:81)
	at com.kms.katalon.core.main.TestCaseMain.startTestSuite(TestCaseMain.java:149)
	at com.kms.katalon.core.main.TestCaseMain$startTestSuite$0.call(Unknown Source)
	at TempTestSuite1555498970422.run(TempTestSuite1555498970422.groovy:36)


2019-04-17 16:12:48 - [MESSAGE][INFO] - Unable to find the element located by 'By.xpath: //mat-tab-body[@id='mat-tab-content-0-4']/div/app-rental/div/div[2]/div/div/span[2]'. Please recheck the objects properties to make sure the desired element is located. 

2019-04-17 16:12:48 - [MESSAGE][FAILED] - com.kms.katalon.core.webui.exception.WebElementNotFoundException: Web element with id: 'Object Repository/verification hod/rental documents/Page_Chiragh.com Admin/span_Yes' located by 'By.xpath: //mat-tab-body[@id='mat-tab-content-0-4']/div/app-rental/div/div[2]/div/div/span[2]' not found
[[ATTACHMENT|C:\\Users\\HP\\git\\chiraghAdminPanel\\Reports\\verificationHod\\20190417_160250\\1555499568536.png]]

2019-04-17 16:12:49 - [MESSAGE][FAILED] - Unable to verify object 'Object Repository/verification hod/rental documents/Page_Chiragh.com Admin/span_Yes' is present (Root cause: com.kms.katalon.core.exception.StepFailedException: com.kms.katalon.core.webui.exception.WebElementNotFoundException: Web element with id: 'Object Repository/verification hod/rental documents/Page_Chiragh.com Admin/span_Yes' located by 'By.xpath: //mat-tab-body[@id='mat-tab-content-0-4']/div/app-rental/div/div[2]/div/div/span[2]' not found)
[[ATTACHMENT|C:\\Users\\HP\\git\\chiraghAdminPanel\\Reports\\verificationHod\\20190417_160250\\1555499568900.png]]

2019-04-17 16:12:49 - [MESSAGE][FAILED] - if (verifyElementPresent(findTestObject("Object Repository/verification hod/rental documents/Page_Chiragh.com Admin/span_Yes"), 4)) FAILED.
Reason:
com.kms.katalon.core.exception.StepFailedException: Unable to verify object 'Object Repository/verification hod/rental documents/Page_Chiragh.com Admin/span_Yes' is present (Root cause: com.kms.katalon.core.exception.StepFailedException: com.kms.katalon.core.webui.exception.WebElementNotFoundException: Web element with id: 'Object Repository/verification hod/rental documents/Page_Chiragh.com Admin/span_Yes' located by 'By.xpath: //mat-tab-body[@id='mat-tab-content-0-4']/div/app-rental/div/div[2]/div/div/span[2]' not found)
	at com.kms.katalon.core.keyword.internal.KeywordMain.stepFailed(KeywordMain.groovy:36)
	at com.kms.katalon.core.webui.keyword.internal.WebUIKeywordMain.stepFailed(WebUIKeywordMain.groovy:65)
	at com.kms.katalon.core.webui.keyword.internal.WebUIKeywordMain.runKeyword(WebUIKeywordMain.groovy:27)
	at com.kms.katalon.core.webui.keyword.builtin.VerifyElementPresentKeyword.verifyElementPresent(VerifyElementPresentKeyword.groovy:92)
	at com.kms.katalon.core.webui.keyword.builtin.VerifyElementPresentKeyword.execute(VerifyElementPresentKeyword.groovy:68)
	at com.kms.katalon.core.keyword.internal.KeywordExecutor.executeKeywordForPlatform(KeywordExecutor.groovy:53)
	at com.kms.katalon.core.webui.keyword.WebUiBuiltInKeywords.verifyElementPresent(WebUiBuiltInKeywords.groovy:1434)
	at com.kms.katalon.core.webui.keyword.WebUiBuiltInKeywords$verifyElementPresent$6.call(Unknown Source)
	at rental documents.run(rental documents:44)
	at com.kms.katalon.core.main.ScriptEngine.run(ScriptEngine.java:194)
	at com.kms.katalon.core.main.ScriptEngine.runScriptAsRawText(ScriptEngine.java:119)
	at com.kms.katalon.core.main.TestCaseExecutor.runScript(TestCaseExecutor.java:328)
	at com.kms.katalon.core.main.TestCaseExecutor.doExecute(TestCaseExecutor.java:319)
	at com.kms.katalon.core.main.TestCaseExecutor.processExecutionPhase(TestCaseExecutor.java:298)
	at com.kms.katalon.core.main.TestCaseExecutor.accessMainPhase(TestCaseExecutor.java:290)
	at com.kms.katalon.core.main.TestCaseExecutor.execute(TestCaseExecutor.java:224)
	at com.kms.katalon.core.main.TestSuiteExecutor.accessTestCaseMainPhase(TestSuiteExecutor.java:129)
	at com.kms.katalon.core.main.TestSuiteExecutor.accessTestSuiteMainPhase(TestSuiteExecutor.java:112)
	at com.kms.katalon.core.main.TestSuiteExecutor.execute(TestSuiteExecutor.java:81)
	at com.kms.katalon.core.main.TestCaseMain.startTestSuite(TestCaseMain.java:149)
	at com.kms.katalon.core.main.TestCaseMain$startTestSuite$0.call(Unknown Source)
	at TempTestSuite1555498970422.run(TempTestSuite1555498970422.groovy:36)]]></system-out>
         <system-err><![CDATA[2019-04-17 16:12:13 - [TEST_CASE][FAILED] - Test Cases/verification hod/seller/rental documents: Test Cases/verification hod/seller/rental documents FAILED.
Reason:
com.kms.katalon.core.exception.StepFailedException: Unable to verify object 'Object Repository/verification hod/rental documents/Page_Chiragh.com Admin/span_Yes' is present (Root cause: com.kms.katalon.core.exception.StepFailedException: com.kms.katalon.core.webui.exception.WebElementNotFoundException: Web element with id: 'Object Repository/verification hod/rental documents/Page_Chiragh.com Admin/span_Yes' located by 'By.xpath: //mat-tab-body[@id='mat-tab-content-0-4']/div/app-rental/div/div[2]/div/div/span[2]' not found)
	at com.kms.katalon.core.keyword.internal.KeywordMain.stepFailed(KeywordMain.groovy:36)
	at com.kms.katalon.core.webui.keyword.internal.WebUIKeywordMain.stepFailed(WebUIKeywordMain.groovy:65)
	at com.kms.katalon.core.webui.keyword.internal.WebUIKeywordMain.runKeyword(WebUIKeywordMain.groovy:27)
	at com.kms.katalon.core.webui.keyword.builtin.VerifyElementPresentKeyword.verifyElementPresent(VerifyElementPresentKeyword.groovy:92)
	at com.kms.katalon.core.webui.keyword.builtin.VerifyElementPresentKeyword.execute(VerifyElementPresentKeyword.groovy:68)
	at com.kms.katalon.core.keyword.internal.KeywordExecutor.executeKeywordForPlatform(KeywordExecutor.groovy:53)
	at com.kms.katalon.core.webui.keyword.WebUiBuiltInKeywords.verifyElementPresent(WebUiBuiltInKeywords.groovy:1434)
	at com.kms.katalon.core.webui.keyword.WebUiBuiltInKeywords$verifyElementPresent$6.call(Unknown Source)
	at rental documents.run(rental documents:44)
	at com.kms.katalon.core.main.ScriptEngine.run(ScriptEngine.java:194)
	at com.kms.katalon.core.main.ScriptEngine.runScriptAsRawText(ScriptEngine.java:119)
	at com.kms.katalon.core.main.TestCaseExecutor.runScript(TestCaseExecutor.java:328)
	at com.kms.katalon.core.main.TestCaseExecutor.doExecute(TestCaseExecutor.java:319)
	at com.kms.katalon.core.main.TestCaseExecutor.processExecutionPhase(TestCaseExecutor.java:298)
	at com.kms.katalon.core.main.TestCaseExecutor.accessMainPhase(TestCaseExecutor.java:290)
	at com.kms.katalon.core.main.TestCaseExecutor.execute(TestCaseExecutor.java:224)
	at com.kms.katalon.core.main.TestSuiteExecutor.accessTestCaseMainPhase(TestSuiteExecutor.java:129)
	at com.kms.katalon.core.main.TestSuiteExecutor.accessTestSuiteMainPhase(TestSuiteExecutor.java:112)
	at com.kms.katalon.core.main.TestSuiteExecutor.execute(TestSuiteExecutor.java:81)
	at com.kms.katalon.core.main.TestCaseMain.startTestSuite(TestCaseMain.java:149)
	at com.kms.katalon.core.main.TestCaseMain$startTestSuite$0.call(Unknown Source)
	at TempTestSuite1555498970422.run(TempTestSuite1555498970422.groovy:36)]]></system-err>
      </testcase>
      <testcase name="Test Cases/verification hod/seller/request for change tab" classname="Test Cases/verification hod/seller/request for change tab" status="PASSED">
         <system-out><![CDATA[2019-04-17 16:12:49 - [TEST_CASE][PASSED] - Test Cases/verification hod/seller/request for change tab: Test Cases/verification hod/seller/request for change tab

2019-04-17 16:12:49 - [TEST_STEP][PASSED] - openBrowser(""): Browser is opened with url: ''

2019-04-17 16:12:49 - [MESSAGE][WARNING] - A browser is already opened. Closing browser and opening a new one

2019-04-17 16:12:50 - [MESSAGE][INFO] - Starting 'Chrome' driver

2019-04-17 16:12:53 - [MESSAGE][PASSED] - Browser is opened with url: ''

2019-04-17 16:12:53 - [TEST_STEP][PASSED] - navigateToUrl(url): Navigate to 'http://admin-chiragh.surge.sh' successfully

2019-04-17 16:13:02 - [MESSAGE][PASSED] - Navigate to 'http://admin-chiragh.surge.sh' successfully

2019-04-17 16:13:02 - [TEST_STEP][PASSED] - maximizeWindow(): Current window maximized

2019-04-17 16:13:03 - [MESSAGE][PASSED] - Current window maximized

2019-04-17 16:13:03 - [TEST_STEP][PASSED] - waitForPageLoad(8): Wait for page load successfully

2019-04-17 16:13:03 - [MESSAGE][PASSED] - Wait for page load successfully

2019-04-17 16:13:03 - [TEST_STEP][PASSED] - click(findTestObject("Object Repository/verification hod/request for change/Page_Chiragh.com Admin/div_Username")): Object: 'Object Repository/verification hod/request for change/Page_Chiragh.com Admin/div_Username' is clicked on

2019-04-17 16:13:03 - [MESSAGE][PASSED] - Object: 'Object Repository/verification hod/request for change/Page_Chiragh.com Admin/div_Username' is clicked on

2019-04-17 16:13:03 - [TEST_STEP][PASSED] - setText(findTestObject("Object Repository/verification hod/request for change/Page_Chiragh.com Admin/input_Admin Panel_userName"), "arsalankhalid"): Text 'arsalankhalid' is set on object 'Object Repository/verification hod/request for change/Page_Chiragh.com Admin/input_Admin Panel_userName'

2019-04-17 16:13:03 - [MESSAGE][PASSED] - Text 'arsalankhalid' is set on object 'Object Repository/verification hod/request for change/Page_Chiragh.com Admin/input_Admin Panel_userName'

2019-04-17 16:13:03 - [TEST_STEP][PASSED] - click(findTestObject("Object Repository/verification hod/request for change/Page_Chiragh.com Admin/div_Password")): Object: 'Object Repository/verification hod/request for change/Page_Chiragh.com Admin/div_Password' is clicked on

2019-04-17 16:13:03 - [MESSAGE][PASSED] - Object: 'Object Repository/verification hod/request for change/Page_Chiragh.com Admin/div_Password' is clicked on

2019-04-17 16:13:03 - [TEST_STEP][PASSED] - setEncryptedText(findTestObject("Object Repository/verification hod/request for change/Page_Chiragh.com Admin/input_Username_password"), "RigbBhfdqODKcAsiUrg+1Q=="): Text ****** has been set on object 'Object Repository/verification hod/request for change/Page_Chiragh.com Admin/input_Username_password'

2019-04-17 16:13:03 - [MESSAGE][PASSED] - Text ****** has been set on object 'Object Repository/verification hod/request for change/Page_Chiragh.com Admin/input_Username_password'

2019-04-17 16:13:03 - [TEST_STEP][PASSED] - click(findTestObject("Object Repository/verification hod/request for change/Page_Chiragh.com Admin/button_Login")): Object: 'Object Repository/verification hod/request for change/Page_Chiragh.com Admin/button_Login' is clicked on

2019-04-17 16:13:03 - [MESSAGE][PASSED] - Object: 'Object Repository/verification hod/request for change/Page_Chiragh.com Admin/button_Login' is clicked on

2019-04-17 16:13:03 - [TEST_STEP][PASSED] - click(findTestObject("Object Repository/verification hod/request for change/Page_Chiragh.com Admin/a_Request for Change")): Object: 'Object Repository/verification hod/request for change/Page_Chiragh.com Admin/a_Request for Change' is clicked on

2019-04-17 16:13:07 - [MESSAGE][PASSED] - Object: 'Object Repository/verification hod/request for change/Page_Chiragh.com Admin/a_Request for Change' is clicked on

2019-04-17 16:13:07 - [TEST_STEP][PASSED] - delay(8): Delayed 8 second(s)

2019-04-17 16:13:15 - [MESSAGE][PASSED] - Delayed 8 second(s)

2019-04-17 16:13:15 - [TEST_STEP][PASSED] - click(findTestObject("Object Repository/verification hod/request for change/Page_Chiragh.com Admin/a_FIVE STAR HOTEL 30 Bed Hotel")): Object: 'Object Repository/verification hod/request for change/Page_Chiragh.com Admin/a_FIVE STAR HOTEL 30 Bed Hotel' is clicked on

2019-04-17 16:13:16 - [MESSAGE][PASSED] - Object: 'Object Repository/verification hod/request for change/Page_Chiragh.com Admin/a_FIVE STAR HOTEL 30 Bed Hotel' is clicked on

2019-04-17 16:13:16 - [TEST_STEP][PASSED] - verifyElementPresent(findTestObject("Object Repository/verification hod/request for change/Page_Chiragh.com Admin/span_Your are in request for c"), 4): Object 'Object Repository/verification hod/request for change/Page_Chiragh.com Admin/span_Your are in request for c' is present

2019-04-17 16:13:17 - [MESSAGE][PASSED] - Object 'Object Repository/verification hod/request for change/Page_Chiragh.com Admin/span_Your are in request for c' is present

2019-04-17 16:13:17 - [TEST_STEP][PASSED] - verifyElementPresent(findTestObject("Object Repository/verification hod/request for change/Page_Chiragh.com Admin/span_Total Requests"), 4): Object 'Object Repository/verification hod/request for change/Page_Chiragh.com Admin/span_Total Requests' is present

2019-04-17 16:13:17 - [MESSAGE][PASSED] - Object 'Object Repository/verification hod/request for change/Page_Chiragh.com Admin/span_Total Requests' is present

2019-04-17 16:13:17 - [TEST_STEP][PASSED] - click(findTestObject("Object Repository/verification hod/request for change/Page_Chiragh.com Admin/img")): Object: 'Object Repository/verification hod/request for change/Page_Chiragh.com Admin/img' is clicked on

2019-04-17 16:13:17 - [MESSAGE][PASSED] - Object: 'Object Repository/verification hod/request for change/Page_Chiragh.com Admin/img' is clicked on

2019-04-17 16:13:17 - [TEST_STEP][PASSED] - closeBrowser(): Browser is closed

2019-04-17 16:13:18 - [MESSAGE][PASSED] - Browser is closed]]></system-out>
         <system-err><![CDATA[]]></system-err>
      </testcase>
      <system-out><![CDATA[2019-04-17 16:02:59 - [TEST_SUITE][FAILED] - verificationHod: Test Cases/verification hod/buyer/owner documents FAILED.
Reason:
com.kms.katalon.core.exception.StepFailedException: Unable to click on object 'Object Repository/verification hod/owner document/Page_Chiragh.com Admin/a_Owner 1 Bradley Jena_attachm' (Root cause: com.kms.katalon.core.webui.exception.WebElementNotFoundException: Web element with id: 'Object Repository/verification hod/owner document/Page_Chiragh.com Admin/a_Owner 1 Bradley Jena_attachm' located by 'By.xpath: //mat-tab-body[@id='mat-tab-content-0-0']/div/app-owners/div/div/div/div/div/a' not found)
	at com.kms.katalon.core.keyword.internal.KeywordMain.stepFailed(KeywordMain.groovy:36)
	at com.kms.katalon.core.webui.keyword.internal.WebUIKeywordMain.stepFailed(WebUIKeywordMain.groovy:65)
	at com.kms.katalon.core.webui.keyword.internal.WebUIKeywordMain.runKeyword(WebUIKeywordMain.groovy:27)
	at com.kms.katalon.core.webui.keyword.builtin.ClickKeyword.click(ClickKeyword.groovy:86)
	at com.kms.katalon.core.webui.keyword.builtin.ClickKeyword.execute(ClickKeyword.groovy:67)
	at com.kms.katalon.core.keyword.internal.KeywordExecutor.executeKeywordForPlatform(KeywordExecutor.groovy:53)
	at com.kms.katalon.core.webui.keyword.WebUiBuiltInKeywords.click(WebUiBuiltInKeywords.groovy:616)
	at com.kms.katalon.core.webui.keyword.WebUiBuiltInKeywords$click$3.call(Unknown Source)
	at owner documents.run(owner documents:52)
	at com.kms.katalon.core.main.ScriptEngine.run(ScriptEngine.java:194)
	at com.kms.katalon.core.main.ScriptEngine.runScriptAsRawText(ScriptEngine.java:119)
	at com.kms.katalon.core.main.TestCaseExecutor.runScript(TestCaseExecutor.java:328)
	at com.kms.katalon.core.main.TestCaseExecutor.doExecute(TestCaseExecutor.java:319)
	at com.kms.katalon.core.main.TestCaseExecutor.processExecutionPhase(TestCaseExecutor.java:298)
	at com.kms.katalon.core.main.TestCaseExecutor.accessMainPhase(TestCaseExecutor.java:290)
	at com.kms.katalon.core.main.TestCaseExecutor.execute(TestCaseExecutor.java:224)
	at com.kms.katalon.core.main.TestSuiteExecutor.accessTestCaseMainPhase(TestSuiteExecutor.java:129)
	at com.kms.katalon.core.main.TestSuiteExecutor.accessTestSuiteMainPhase(TestSuiteExecutor.java:112)
	at com.kms.katalon.core.main.TestSuiteExecutor.execute(TestSuiteExecutor.java:81)
	at com.kms.katalon.core.main.TestCaseMain.startTestSuite(TestCaseMain.java:149)
	at com.kms.katalon.core.main.TestCaseMain$startTestSuite$0.call(Unknown Source)
	at TempTestSuite1555498970422.run(TempTestSuite1555498970422.groovy:36)]]></system-out>
      <system-err><![CDATA[2019-04-17 16:02:59 - [TEST_SUITE][FAILED] - verificationHod: Test Cases/verification hod/buyer/owner documents FAILED.
Reason:
com.kms.katalon.core.exception.StepFailedException: Unable to click on object 'Object Repository/verification hod/owner document/Page_Chiragh.com Admin/a_Owner 1 Bradley Jena_attachm' (Root cause: com.kms.katalon.core.webui.exception.WebElementNotFoundException: Web element with id: 'Object Repository/verification hod/owner document/Page_Chiragh.com Admin/a_Owner 1 Bradley Jena_attachm' located by 'By.xpath: //mat-tab-body[@id='mat-tab-content-0-0']/div/app-owners/div/div/div/div/div/a' not found)
	at com.kms.katalon.core.keyword.internal.KeywordMain.stepFailed(KeywordMain.groovy:36)
	at com.kms.katalon.core.webui.keyword.internal.WebUIKeywordMain.stepFailed(WebUIKeywordMain.groovy:65)
	at com.kms.katalon.core.webui.keyword.internal.WebUIKeywordMain.runKeyword(WebUIKeywordMain.groovy:27)
	at com.kms.katalon.core.webui.keyword.builtin.ClickKeyword.click(ClickKeyword.groovy:86)
	at com.kms.katalon.core.webui.keyword.builtin.ClickKeyword.execute(ClickKeyword.groovy:67)
	at com.kms.katalon.core.keyword.internal.KeywordExecutor.executeKeywordForPlatform(KeywordExecutor.groovy:53)
	at com.kms.katalon.core.webui.keyword.WebUiBuiltInKeywords.click(WebUiBuiltInKeywords.groovy:616)
	at com.kms.katalon.core.webui.keyword.WebUiBuiltInKeywords$click$3.call(Unknown Source)
	at owner documents.run(owner documents:52)
	at com.kms.katalon.core.main.ScriptEngine.run(ScriptEngine.java:194)
	at com.kms.katalon.core.main.ScriptEngine.runScriptAsRawText(ScriptEngine.java:119)
	at com.kms.katalon.core.main.TestCaseExecutor.runScript(TestCaseExecutor.java:328)
	at com.kms.katalon.core.main.TestCaseExecutor.doExecute(TestCaseExecutor.java:319)
	at com.kms.katalon.core.main.TestCaseExecutor.processExecutionPhase(TestCaseExecutor.java:298)
	at com.kms.katalon.core.main.TestCaseExecutor.accessMainPhase(TestCaseExecutor.java:290)
	at com.kms.katalon.core.main.TestCaseExecutor.execute(TestCaseExecutor.java:224)
	at com.kms.katalon.core.main.TestSuiteExecutor.accessTestCaseMainPhase(TestSuiteExecutor.java:129)
	at com.kms.katalon.core.main.TestSuiteExecutor.accessTestSuiteMainPhase(TestSuiteExecutor.java:112)
	at com.kms.katalon.core.main.TestSuiteExecutor.execute(TestSuiteExecutor.java:81)
	at com.kms.katalon.core.main.TestCaseMain.startTestSuite(TestCaseMain.java:149)
	at com.kms.katalon.core.main.TestCaseMain$startTestSuite$0.call(Unknown Source)
	at TempTestSuite1555498970422.run(TempTestSuite1555498970422.groovy:36)]]></system-err>
   </testsuite>
</testsuites>
